Starting as worker 5, using world 2022_march_pro and configuration training_params.yaml.
21/08/2023 00:11:36 passing arg to libvncserver: -rfbport
21/08/2023 00:11:36 passing arg to libvncserver: 5900
21/08/2023 00:11:36 x11vnc version: 0.9.13 lastmod: 2011-08-10  pid: 73
21/08/2023 00:11:36 
21/08/2023 00:11:36 wait_for_client: WAIT:0
21/08/2023 00:11:36 
21/08/2023 00:11:36 initialize_screen: fb_depth/fb_bpp/fb_Bpl 24/32/2560
21/08/2023 00:11:36 
21/08/2023 00:11:36 Listening for VNC connections on TCP port 5900
PORT=5900
21/08/2023 00:11:36 Listening for VNC connections on TCP6 port 5900
21/08/2023 00:11:36 listen6: bind: Address already in use
21/08/2023 00:11:36 Not listening on IPv6 interface.
21/08/2023 00:11:36 

The VNC desktop is:      558f7f6198f6:0
JWM: warning: /etc/jwm/system.jwmrc[6]: invalid include: /etc/jwm/debian-menu
IP: 10.0.0.16 172.18.0.6 10.0.1.19  (558f7f6198f6)
12:11:38 INFO:[DeepRacerNodeMonitor]: NodeMonitor started running
[s3] Successfully downloaded yaml file from s3 key first-model/training_params.yaml to local ./custom_files/training_params.yaml.
World name passed in YAML: 2022_march_pro
{'ALTERNATE_DRIVING_DIRECTION': 'False', 'AWS_REGION': 'us-east-1', 'BEST_MODEL_METRIC': 'progress', 'BODY_SHELL_TYPE': ['deepracer'], 'CAMERA_MAIN_ENABLE': 'True', 'CAMERA_SUB_ENABLE': 'False', 'CAR_COLOR': ['Black'], 'CAR_NAME': 'FastCar', 'CHANGE_START_POSITION': 'True', 'DISPLAY_NAME': 'FastCar', 'ENABLE_DOMAIN_RANDOMIZATION': 'False', 'JOB_TYPE': 'TRAINING', 'KINESIS_VIDEO_STREAM_NAME': '', 'METRICS_S3_BUCKET': ['base-bucket-1f3pfk38sjoqu'], 'METRICS_S3_OBJECT_KEY': ['first-model/metrics/TrainingMetrics.json'], 'MIN_EVAL_TRIALS': '5', 'MODEL_METADATA_FILE_S3_KEY': ['gpi_model_w00/custom_files/model_metadata.json'], 'NUM_WORKERS': '6', 'RACER_NAME': 'FastCar', 'RACE_TYPE': 'TIME_TRIAL', 'REVERSE_DIR': 'False', 'REWARD_FILE_S3_KEY': 'gpi_model_w00/custom_files/reward_function.py', 'ROBOMAKER_SIMULATION_JOB_ACCOUNT_ID': 'Dummy', 'ROUND_ROBIN_ADVANCE_DIST': '0.05', 'SAGEMAKER_SHARED_S3_BUCKET': ['base-bucket-1f3pfk38sjoqu'], 'SAGEMAKER_SHARED_S3_PREFIX': ['first-model'], 'SIMTRACE_S3_BUCKET': 'base-bucket-1f3pfk38sjoqu', 'SIMTRACE_S3_PREFIX': 'first-model', 'START_POSITION_OFFSET': '0.0', 'TRAINING_JOB_ARN': 'arn:Dummy', 'WORLD_NAME': '2022_march_pro'}
[s3] Successfully downloaded model metadata                  from s3 key gpi_model_w00/custom_files/model_metadata.json to local ./custom_files/racecar/model_metadata.json.
Sensor list ['FRONT_FACING_CAMERA'], network DEEP_CONVOLUTIONAL_NETWORK_SHALLOW, simapp_version 5.0, training_algorithm clipped_ppo, action_space_type discrete lidar_config {'num_sectors': 8, 'num_values_per_sector': 8, 'clipping_dist': 2.0}
12:11:41 INFO:[DeepRacerNodeMonitor]: Running nodes are {'/download_params_and_roslaunch_agent_node'}
xacro: in-order processing became default in ROS Melodic. You can drop the option.
... logging to /root/.ros/log/d26268d2-3fd8-11ee-a6dc-02420a000010/roslaunch-558f7f6198f6-169.log
Checking log directory for disk usage. This may take a while.
Press Ctrl-C to interrupt
Done checking log file disk usage. Usage is <1GB.
]2;/opt/install/deepracer_simulation_environment/share/deepracer_simulation_environment/launch/rollout_rl_agent.launch
[1mstarted roslaunch server http://localhost:45595/[0m

SUMMARY
========

PARAMETERS
 * /ALTERNATE_DRIVING_DIRECTION: False
 * /AWS_REGION: us-east-1
 * /BEST_MODEL_METRIC: progress
 * /BODY_SHELL_TYPE: deepracer
 * /CAMERA_MAIN_ENABLE: True
 * /CAMERA_SUB_ENABLE: False
 * /CAR_COLOR: Black
 * /CAR_NAME: FastCar
 * /CHANGE_START_POSITION: True
 * /DISPLAY_NAME: FastCar
 * /ENABLE_DOMAIN_RANDOMIZATION: False
 * /JOB_TYPE: TRAINING
 * /KINESIS_VIDEO_STREAM_NAME: 
 * /METRICS_S3_BUCKET: base-bucket-1f3pf...
 * /METRICS_S3_OBJECT_KEY: first-model/metri...
 * /MIN_EVAL_TRIALS: 5
 * /MODEL_METADATA_FILE_S3_KEY: gpi_model_w00/cus...
 * /NUM_WORKERS: 6
 * /RACER_NAME: FastCar
 * /RACE_TYPE: TIME_TRIAL
 * /REVERSE_DIR: False
 * /REWARD_FILE_S3_KEY: gpi_model_w00/cus...
 * /ROBOMAKER_SIMULATION_JOB_ACCOUNT_ID: Dummy
 * /ROUND_ROBIN_ADVANCE_DIST: 0.05
 * /SAGEMAKER_SHARED_S3_BUCKET: base-bucket-1f3pf...
 * /SAGEMAKER_SHARED_S3_PREFIX: first-model
 * /SIMTRACE_S3_BUCKET: base-bucket-1f3pf...
 * /SIMTRACE_S3_PREFIX: first-model
 * /START_POSITION_OFFSET: 0.0
 * /TRAINING_JOB_ARN: arn:Dummy
 * /WORLD_NAME: 2022_march_pro
 * /racecar/gazebo_ros_control/pid_gains/left_front_wheel_joint/d: 0.0
 * /racecar/gazebo_ros_control/pid_gains/left_front_wheel_joint/i: 0.0
 * /racecar/gazebo_ros_control/pid_gains/left_front_wheel_joint/i_clamp: 0.0
 * /racecar/gazebo_ros_control/pid_gains/left_front_wheel_joint/p: 0.5
 * /racecar/gazebo_ros_control/pid_gains/left_rear_wheel_joint/d: 0.0
 * /racecar/gazebo_ros_control/pid_gains/left_rear_wheel_joint/i: 0.0
 * /racecar/gazebo_ros_control/pid_gains/left_rear_wheel_joint/i_clamp: 0.0
 * /racecar/gazebo_ros_control/pid_gains/left_rear_wheel_joint/p: 1.0
 * /racecar/gazebo_ros_control/pid_gains/left_steering_hinge_joint/d: 0.5
 * /racecar/gazebo_ros_control/pid_gains/left_steering_hinge_joint/i: 0.0
 * /racecar/gazebo_ros_control/pid_gains/left_steering_hinge_joint/p: 1.0
 * /racecar/gazebo_ros_control/pid_gains/right_front_wheel_joint/d: 0.0
 * /racecar/gazebo_ros_control/pid_gains/right_front_wheel_joint/i: 0.0
 * /racecar/gazebo_ros_control/pid_gains/right_front_wheel_joint/i_clamp: 0.0
 * /racecar/gazebo_ros_control/pid_gains/right_front_wheel_joint/p: 0.5
 * /racecar/gazebo_ros_control/pid_gains/right_rear_wheel_joint/d: 0.0
 * /racecar/gazebo_ros_control/pid_gains/right_rear_wheel_joint/i: 0.0
 * /racecar/gazebo_ros_control/pid_gains/right_rear_wheel_joint/i_clamp: 0.0
 * /racecar/gazebo_ros_control/pid_gains/right_rear_wheel_joint/p: 1.0
 * /racecar/gazebo_ros_control/pid_gains/right_steering_hinge_joint/d: 0.5
 * /racecar/gazebo_ros_control/pid_gains/right_steering_hinge_joint/i: 0.0
 * /racecar/gazebo_ros_control/pid_gains/right_steering_hinge_joint/p: 1.0
 * /racecar/joint_state_controller/publish_rate: 60
 * /racecar/joint_state_controller/type: joint_state_contr...
 * /racecar/left_front_wheel_velocity_controller/joint: left_front_wheel_...
 * /racecar/left_front_wheel_velocity_controller/pid/d: 0.0
 * /racecar/left_front_wheel_velocity_controller/pid/i: 0.0
 * /racecar/left_front_wheel_velocity_controller/pid/i_clamp: 0.0
 * /racecar/left_front_wheel_velocity_controller/pid/p: 0.5
 * /racecar/left_front_wheel_velocity_controller/type: velocity_controll...
 * /racecar/left_rear_wheel_velocity_controller/joint: left_rear_wheel_j...
 * /racecar/left_rear_wheel_velocity_controller/pid/d: 0.0
 * /racecar/left_rear_wheel_velocity_controller/pid/i: 0.0
 * /racecar/left_rear_wheel_velocity_controller/pid/i_clamp: 0.0
 * /racecar/left_rear_wheel_velocity_controller/pid/p: 1.0
 * /racecar/left_rear_wheel_velocity_controller/type: velocity_controll...
 * /racecar/left_steering_hinge_position_controller/joint: left_steering_hin...
12:11:45 INFO:[DeepRacerNodeMonitor]: Running nodes are {'/download_params_and_roslaunch_agent_node', '/racecar/controller_manager'}
12:11:46 INFO:[DeepRacerNodeMonitor]: Running nodes are {'/racecar/robot_state_publisher', '/download_params_and_roslaunch_agent_node', '/racecar/controller_manager'}
12:11:49 INFO:[DeepRacerNodeMonitor]: Running nodes are {'/car_reset_node', '/racecar/robot_state_publisher', '/download_params_and_roslaunch_agent_node', '/racecar/controller_manager'}
+ export PYTHONUNBUFFERED=1
+ PYTHONUNBUFFERED=1
+ ROLLOUT_IDX=5
+ python3 -m markov.rollout_worker --rollout_idx 5
12:11:52 INFO:[DeepRacerNodeMonitor]: Running nodes are {'/download_params_and_roslaunch_agent_node', '/gazebo', '/racecar/controller_manager', '/racecar/robot_state_publisher', '/car_reset_node'}
Publishing to KVS stream is enabled: True
[31m[ERROR] [1692591113.762268418, 0.038000000]: GetModelStates: model [racecar] does not exist[0m
 * /racecar/left_st[INFO] [1692591107.720026, 0.000000]: Loading model XML from ros parameter /racecar/robot_description
[INFO] [1692591107.736125, 0.000000]: Waiting for service /gazebo/spawn_urdf_model
[INFO] [1692591113.550734, 0.000000]: Calling service /gazebo/spawn_urdf_model
[INFO] [1692591113.967350, 0.115000]: Spawn status: SpawnModel: Successfully spawned entity
connection to [/racecar/racecar_spawn] failed
12:11:54 INFO:[DeepRacerNodeMonitor]: Running nodes are {'/download_params_and_roslaunch_agent_node', '/gazebo', '/racecar/controller_manager', '/racecar/robot_state_publisher', '/agents_video_editor', '/car_reset_node'}
[CameraManager]: Added <markov.cameras.handlers.follow_car_camera.FollowCarCamera object at 0x7f85e2802128> to camera_namespaces racecar
[CameraManager]: Added <markov.cameras.handlers.top_camera.TopCamera object at 0x7f85e2802748> to camera_namespaces racecar
[CameraManager]: Removed <markov.cameras.handlers.follow_car_camera.FollowCarCamera object at 0x7f85e2802128> from camera_namespaces racecar
[CameraManager]: Removed <markov.cameras.handlers.top_camera.TopCamera object at 0x7f85e2802748> from camera_namespaces racecar
Pausing physics after initializing the cars
[0m[ INFO] [1692591111.211173351]: DeepRacerGazeboSystemPlugin: Load[0m
[0m[ INFO] [1692591111.223346894]: DeepRacerGazeboSystemPlugin: Finished loading.[0m
[0m[ INFO] [1692591111.396899185]: Finished loading Gazebo ROS API Plugin.[0m
[0m[ INFO] [1692591111.457420799]: waitForService: Service [/gazebo/set_physics_properties] has not been advertised, waiting...[0m
[0m[ INFO] [1692591113.474426324]: DeepRacerGazeboSystemPlugin: Init Complete[0m
[0m[ INFO] [1692591113.522770443]: waitForService: Service [/gazebo/set_physics_properties] is now available.[0m
[0m[ INFO] [1692591113.605013294]: Physics dynamic reconfigure ready.[0m
[0m[ INFO] [1692591117.239504592, 0.115000000]: Camera Plugin: Using the 'robotNamespace' param: '/racecar/'[0m
[0m[ INFO] [1692591117.242745386, 0.115000000]: Camera Plugin (ns = /racecar/)  <tf_prefix_>, set to "/racecar"[0m
[0m[ INFO] [1692591117.438760463, 0.115000000]: Loading gazebo_ros_control plugin[0m
[0m[ INFO] [1692591117.438891419, 0.115000000]: Starting gazebo_ros_control plugin in namespace: /racecar[0m
[0m[ INFO] [1692591117.439584569, 0.115000000]: gazebo_ros_control plugin is waiting for model URDF in parameter [/racecar/robot_description] on the ROS param server.[0m
[0m[ INFO] [1692591117.762280873, 0.115000000]: Loaded gazebo_ros_control.[0m
Topic [2022_march_pro//racecar/main_camera/camera_link/camera_sensor/image] is not valid.
/usr/local/lib/python3.6/dist-packages/tensorflow/python/framework/dtypes.py:523: FutureWarning: Passing (type, 1) or '1type' as a synonym of type is deprecated; in a future version of numpy, it will be understood as (type, (1,)) / '(1,)type'.
  _np_qint8 = np.dtype([("qint8", np.int8, 1)])
/usr/local/lib/python3.6/dist-packages/tensorflow/python/framework/dtypes.py:524: FutureWarning: Passing (type, 1) or '1type' as a synonym of type is deprecated; in a future version of numpy, it will be understood as (type, (1,)) / '(1,)type'.
  _np_quint8 = np.dtype([("quint8", np.uint8, 1)])
/usr/local/lib/python3.6/dist-packages/tensorflow/python/framework/dtypes.py:525: FutureWarning: Passing (type, 1) or '1type' as a synonym of type is deprecated; in a future version of numpy, it will be understood as (type, (1,)) / '(1,)type'.
  _np_qint16 = np.dtype([("qint16", np.int16, 1)])
/usr/local/lib/python3.6/dist-packages/tensorflow/python/framework/dtypes.py:526: FutureWarning: Passing (type, 1) or '1type' as a synonym of type is deprecated; in a future version of numpy, it will be understood as (type, (1,)) / '(1,)type'.
  _np_quint16 = np.dtype([("quint16", np.uint16, 1)])
/usr/local/lib/python3.6/dist-packages/tensorflow/python/framework/dtypes.py:527: FutureWarning: Passing (type, 1) or '1type' as a synonym of type is deprecated; in a future version of numpy, it will be understood as (type, (1,)) / '(1,)type'.
  _np_qint32 = np.dtype([("qint32", np.int32, 1)])
/usr/local/lib/python3.6/dist-packages/tensorflow/python/framework/dtypes.py:532: FutureWarning: Passing (type, 1) or '1type' as a synonym of type is deprecated; in a future version of numpy, it will be understood as (type, (1,)) / '(1,)type'.
  np_resource = np.dtype([("resource", np.ubyte, 1)])
S3 bucket: base-bucket-1f3pfk38sjoqu
S3 prefix: first-model
S3 endpoint URL: None
[s3] Successfully downloaded reward function from s3 key gpi_model_w00/custom_files/reward_function.py to local                  ./custom_files/agent/customer_reward_function.py.
Succeed to import user's reward function
[CameraManager]: Added <markov.cameras.handlers.follow_car_camera.FollowCarCamera object at 0x7f1c601cccc0> to camera_namespaces racecar
[CameraManager]: Added <markov.cameras.handlers.top_camera.TopCamera object at 0x7f1c868e24a8> to camera_namespaces racecar
[s3] Successfully downloaded model metadata                  from s3 key gpi_model_w00/custom_files/model_metadata.json to local ./custom_files/agent/model_metadata.json.
Sensor list ['FRONT_FACING_CAMERA'], network DEEP_CONVOLUTIONAL_NETWORK_SHALLOW, simapp_version 5.0, training_algorithm clipped_ppo, action_space_type discrete lidar_config {'num_sectors': 8, 'num_values_per_sector': 8, 'clipping_dist': 2.0}
Action space from file: [{'steering_angle': -30, 'speed': 0.6}, {'steering_angle': -15, 'speed': 0.6}, {'steering_angle': 0, 'speed': 0.6}, {'steering_angle': 15, 'speed': 0.6}, {'steering_angle': 30, 'speed': 0.6}]
Waiting for SageMaker Redis server IP: Time elapsed: 5 seconds
Waiting for SageMaker Redis server IP: Time elapsed: 10 seconds
Waiting for SageMaker Redis server IP: Time elapsed: 15 seconds
Waiting for SageMaker Redis server IP: Time elapsed: 20 seconds
Waiting for SageMaker Redis server IP: Time elapsed: 25 seconds
[s3] Successfully downloaded ip config from                  s3 key first-model/ip/ip.json to local ./custom_files/ip.json.
[s3] Successfully downloaded hyperparameters from                      s3 key first-model/ip/hyperparameters.json to local ./custom_files/agent/hyperparameters.json.
Using the following hyper-parameters
{
  "batch_size": 64,
  "beta_entropy": 0.01,
  "discount_factor": 0.95,
  "e_greedy_value": 0.05,
  "epsilon_steps": 10000,
  "exploration_type": "categorical",
  "loss_type": "huber",
  "lr": 0.0003,
  "num_episodes_between_training": 20,
  "num_epochs": 10,
  "stack_size": 1,
  "term_cond_avg_score": 35000.0,
  "term_cond_max_episodes": 100000
}
Exception when checking for DEEPRACER_JOB_TYPE_ENV 'LOCAL' is not a valid DeepRacerJobType
s3 failed, retry after 1.7666274469395509 seconds. Re-try count: 1/5: An error occurred (404) when calling the HeadObject operation: Not Found
s3 failed, retry after 4.726976243897824 seconds. Re-try count: 2/5: An error occurred (404) when calling the HeadObject operation: Not Found
s3 failed, retry after 9.271492032475717 seconds. Re-try count: 3/5: An error occurred (404) when calling the HeadObject operation: Not Found
s3 failed, retry after 16.283310058478303 seconds. Re-try count: 4/5: An error occurred (404) when calling the HeadObject operation: Not Found
s3 failed, retry after 25.171334982464828 seconds. Re-try count: 5/5: An error occurred (404) when calling the HeadObject operation: Not Found
s3 failed, retry after 1.9669970466806355 seconds. Re-try count: 1/5: An error occurred (404) when calling the HeadObject operation: Not Found
s3 failed, retry after 4.510146965588511 seconds. Re-try count: 2/5: An error occurred (404) when calling the HeadObject operation: Not Found
s3 failed, retry after 9.908466287687306 seconds. Re-try count: 3/5: An error occurred (404) when calling the HeadObject operation: Not Found
s3 failed, retry after 16.666281301156065 seconds. Re-try count: 4/5: An error occurred (404) when calling the HeadObject operation: Not Found
s3 failed, retry after 25.526310268010572 seconds. Re-try count: 5/5: An error occurred (404) when calling the HeadObject operation: Not Found
s3 failed, retry after 1.906024610078711 seconds. Re-try count: 1/5: An error occurred (404) when calling the HeadObject operation: Not Found
s3 failed, retry after 4.873969073727503 seconds. Re-try count: 2/5: An error occurred (404) when calling the HeadObject operation: Not Found
s3 failed, retry after 9.549639238522126 seconds. Re-try count: 3/5: An error occurred (404) when calling the HeadObject operation: Not Found
s3 failed, retry after 16.4253309878846 seconds. Re-try count: 4/5: An error occurred (404) when calling the HeadObject operation: Not Found
s3 failed, retry after 25.2261149922597 seconds. Re-try count: 5/5: An error occurred (404) when calling the HeadObject operation: Not Found
[s3] Successfully downloaded 0_Step-0.ckpt.data-00000-of-00001 from                  s3 key first-model/model/0_Step-0.ckpt.data-00000-of-00001 to local checkpoint_robomaker/agent/0_Step-0.ckpt.data-00000-of-00001.
[s3] Successfully downloaded 0_Step-0.ckpt.index from                  s3 key first-model/model/0_Step-0.ckpt.index to local checkpoint_robomaker/agent/0_Step-0.ckpt.index.
[s3] Successfully downloaded 0_Step-0.ckpt.meta from                  s3 key first-model/model/0_Step-0.ckpt.meta to local checkpoint_robomaker/agent/0_Step-0.ckpt.meta.
[s3] Successfully downloaded .ready from                  s3 key first-model/model/.ready to local checkpoint_robomaker/agent/.ready.
[s3] Successfully downloaded .ready from                  s3 key first-model/model/.ready to local checkpoint_robomaker/agent/.ready.
## Creating graph - name: MultiAgentGraphManager
## Start physics before creating graph
## Create graph
## Creating agent - name: agent
[RL] Created agent loggers
[RL] Dynamic import of memory:  "DeepRacerMemoryParameters" {
    "load_memory_from_file_path": null,
    "max_size": [
        "<MemoryGranularity.Transitions: 0>",
        1000000
    ],
    "n_step": -1,
    "shared_memory": false,
    "train_to_eval_ratio": 1
}

[RL] Dynamically imported of memory <markov.memories.deepracer_memory.DeepRacerMemory object at 0x7f1c52921208>
[RL] Setting devices
[RL] Setting filters
[RL] Setting filter devices: numpy
[RL] Setting Phase
[RL] After setting Phase
[RL] Setting signals
[RL] Agent init successful
[RL] ActorCriticAgent init
[RL] ActorCriticAgent  init successful
## Created agent: agent
## Stop physics after creating graph
2023-08-21 00:18:38.512314: I tensorflow/core/platform/cpu_feature_guard.cc:141] Your CPU supports instructions that this TensorFlow binary was not compiled to use: AVX512F
## Creating session
Creating regular session
Checkpoint> Restoring from path=./checkpoint_robomaker/agent/0_Step-0.ckpt
Reset agent
TrackerManager: missed an _update_sim_time call
Reset agent finished
[31m[ERROR] [1692591537.276159881, 31.527000000]: Updating ModelState: model [/sub_camera] does not exist[0m
SIM_TRACE_LOG:0,1,0.7790,-0.3986,-3.9997,0.00,0.60,2,0.0000,False,True,0.1828,0,76.76,31.527,prepare,0.00

SIM_TRACE_LOG:0,2,0.7787,-0.3986,-4.0000,30.00,0.60,4,40.0000,False,True,0.1824,0,76.76,31.545,in_progress,0.00

SIM_TRACE_LOG:0,3,0.7898,-0.3946,-2.9278,-30.00,0.60,0,40.0000,False,True,0.1964,1,76.76,31.647,in_progress,0.00

SIM_TRACE_LOG:0,4,0.8575,-0.4091,-5.8523,-30.00,0.60,0,60.0000,False,True,0.2858,1,76.76,31.805,in_progress,0.00

SIM_TRACE_LOG:0,5,0.8691,-0.4163,-7.3721,-15.00,0.60,1,60.0000,False,True,0.3015,1,76.76,31.828,in_progress,0.00

SIM_TRACE_LOG:0,6,0.9152,-0.4450,-12.6361,-15.00,0.60,1,60.0000,False,True,0.3641,1,76.76,31.913,in_progress,0.00

SIM_TRACE_LOG:0,7,0.9216,-0.4489,-13.2319,-15.00,0.60,1,60.0000,False,True,0.3727,1,76.76,31.986,in_progress,0.00

SIM_TRACE_LOG:0,8,0.9988,-0.4975,-19.4677,15.00,0.60,3,60.0000,False,True,0.4783,1,76.76,32.063,in_progress,0.00

SIM_TRACE_LOG:0,9,1.0213,-0.5109,-20.7512,0.00,0.60,2,60.0000,False,True,0.5088,1,76.76,32.111,in_progress,0.00

SIM_TRACE_LOG:0,10,1.0989,-0.5316,-18.9728,-15.00,0.60,1,60.0000,False,True,0.6117,2,76.76,32.262,in_progress,0.00

SIM_TRACE_LOG:0,11,1.1776,-0.5657,-20.0462,-30.00,0.60,0,60.0000,False,True,0.7174,2,76.76,32.349,in_progress,0.00

SIM_TRACE_LOG:0,12,1.2068,-0.5812,-21.1675,0.00,0.60,2,60.0000,False,True,0.7569,2,76.76,32.35,in_progress,0.00

SIM_TRACE_LOG:0,13,1.2308,-0.5935,-21.8654,0.00,0.60,2,60.0000,False,True,0.7904,2,76.76,32.516,in_progress,0.00

SIM_TRACE_LOG:0,14,1.3111,-0.6081,-18.5124,30.00,0.60,4,60.0000,False,True,0.8961,2,76.76,32.53,in_progress,0.00

SIM_TRACE_LOG:0,15,1.3212,-0.6094,-18.0257,0.00,0.60,2,60.0000,False,True,0.9095,2,76.76,32.641,in_progress,0.00

SIM_TRACE_LOG:0,16,1.3837,-0.6148,-14.7553,30.00,0.60,4,60.0000,False,True,0.9911,3,76.76,32.663,in_progress,0.00

SIM_TRACE_LOG:0,17,1.3990,-0.6157,-14.0963,30.00,0.60,4,60.0000,False,True,1.0111,3,76.76,32.686,in_progress,0.00

SIM_TRACE_LOG:0,18,1.4494,-0.6071,-9.3276,-15.00,0.60,1,60.0000,False,True,1.0756,3,76.76,32.759,in_progress,0.00

SIM_TRACE_LOG:0,19,1.5066,-0.6032,-6.3305,15.00,0.60,3,60.0000,False,True,1.1494,3,76.76,32.871,in_progress,0.00

SIM_TRACE_LOG:0,20,1.5511,-0.6054,-5.6667,-15.00,0.60,1,60.0000,False,True,1.2081,3,76.76,32.908,in_progress,0.00

SIM_TRACE_LOG:0,21,1.6061,-0.6050,-4.3151,-30.00,0.60,0,60.0000,False,True,1.2795,3,76.76,32.922,in_progress,0.00

SIM_TRACE_LOG:0,22,1.6340,-0.6111,-5.2528,-30.00,0.60,0,60.0000,False,True,1.3164,3,76.76,33.033,in_progress,0.00

SIM_TRACE_LOG:0,23,1.6775,-0.6297,-8.3369,0.00,0.60,2,60.0000,False,True,1.3749,4,76.76,33.158,in_progress,0.00

SIM_TRACE_LOG:0,24,1.7230,-0.6446,-10.2444,-15.00,0.60,1,60.0000,False,True,1.4356,4,76.76,33.207,in_progress,0.00

SIM_TRACE_LOG:0,25,1.8074,-0.6610,-10.4689,15.00,0.60,3,60.0000,False,True,1.5469,4,76.76,33.267,in_progress,0.00

SIM_TRACE_LOG:0,26,1.8326,-0.6652,-10.3804,-30.00,0.60,0,60.0000,False,True,1.5807,4,76.76,33.345,in_progress,0.00

SIM_TRACE_LOG:0,27,1.8491,-0.6662,-9.8752,0.00,0.60,2,60.0000,False,True,1.6023,4,76.76,33.458,in_progress,0.00

SIM_TRACE_LOG:0,28,1.9203,-0.6663,-7.0738,0.00,0.60,2,60.0000,False,True,1.6946,4,76.76,33.486,in_progress,0.00

SIM_TRACE_LOG:0,29,1.9546,-0.6624,-5.1504,15.00,0.60,3,60.0000,False,True,1.7388,4,76.76,33.554,in_progress,0.00

SIM_TRACE_LOG:0,30,2.0258,-0.6433,0.5892,0.00,0.60,2,60.0000,False,True,1.8290,5,76.76,33.637,in_progress,0.00

SIM_TRACE_LOG:0,31,2.0564,-0.6321,3.2477,-15.00,0.60,1,60.0000,False,True,1.8674,5,76.76,33.675,in_progress,0.00

SIM_TRACE_LOG:0,32,2.0934,-0.6262,4.1735,-15.00,0.60,1,60.0000,False,True,1.9147,5,76.76,33.741,in_progress,0.00

SIM_TRACE_LOG:0,33,2.1678,-0.6246,3.3434,30.00,0.60,4,60.0000,False,True,2.0116,5,76.76,33.853,in_progress,0.00

SIM_TRACE_LOG:0,34,2.1916,-0.6241,3.0101,15.00,0.60,3,60.0000,False,True,2.0425,5,76.76,33.89,in_progress,0.00

SIM_TRACE_LOG:0,35,2.2201,-0.6167,4.4477,30.00,0.60,4,60.0000,False,True,2.0786,5,76.76,33.934,in_progress,0.00

SIM_TRACE_LOG:0,36,2.2876,-0.5887,9.4848,15.00,0.60,3,60.0000,False,True,2.1628,6,76.76,34.042,in_progress,0.00

SIM_TRACE_LOG:0,37,2.3135,-0.5757,11.5286,30.00,0.60,4,60.0000,False,True,2.1948,6,76.76,34.085,in_progress,0.00

SIM_TRACE_LOG:0,38,2.3240,-0.5692,12.5881,15.00,0.60,3,60.0000,False,True,2.2076,6,76.76,34.147,in_progress,0.00

SIM_TRACE_LOG:0,39,2.3723,-0.5298,18.9035,30.00,0.60,4,40.0000,False,True,2.2656,6,76.76,34.223,in_progress,0.00

SIM_TRACE_LOG:0,40,2.4180,-0.4839,25.4850,-30.00,0.60,0,40.0000,False,True,2.3192,6,76.76,34.326,in_progress,0.00

SIM_TRACE_LOG:0,41,2.4586,-0.4502,28.4948,30.00,0.60,4,40.0000,False,True,2.3672,6,76.76,34.348,in_progress,0.00

SIM_TRACE_LOG:0,42,2.4917,-0.4316,28.6460,0.00,0.60,2,40.0000,False,True,2.4077,6,76.76,34.404,in_progress,0.00

SIM_TRACE_LOG:0,43,2.5312,-0.4081,29.0932,30.00,0.60,4,40.0000,False,True,2.4560,6,76.76,34.488,in_progress,0.00

SIM_TRACE_LOG:0,44,2.5580,-0.3879,30.1378,-15.00,0.60,1,40.0000,False,True,2.4881,6,76.76,34.554,in_progress,0.00

SIM_TRACE_LOG:0,45,2.5950,-0.3525,32.9565,15.00,0.60,3,40.0000,False,True,2.5315,6,76.76,34.589,in_progress,0.00

SIM_TRACE_LOG:0,46,2.6235,-0.3234,35.0451,-30.00,0.60,0,40.0000,False,True,2.5648,7,76.76,34.645,in_progress,0.00

SIM_TRACE_LOG:0,47,2.6710,-0.2855,35.8568,30.00,0.60,4,40.0000,False,True,2.6215,7,76.76,34.739,in_progress,0.00

SIM_TRACE_LOG:0,48,2.7102,-0.2573,35.8419,-15.00,0.60,1,40.0000,False,True,2.6687,7,76.76,34.806,in_progress,0.00

SIM_TRACE_LOG:0,49,2.7939,-0.2070,33.9735,0.00,0.60,2,40.0000,False,True,2.7685,7,76.76,34.942,in_progress,0.00

SIM_TRACE_LOG:0,50,2.8032,-0.2022,33.6678,0.00,0.60,2,40.0000,False,True,2.7798,7,76.76,35.005,in_progress,0.00

SIM_TRACE_LOG:0,51,2.8390,-0.1788,33.5525,0.00,0.60,2,40.0000,False,True,2.8231,7,76.76,35.098,in_progress,0.00

SIM_TRACE_LOG:0,52,2.8939,-0.1403,33.9647,30.00,0.60,4,40.0000,False,True,2.8890,7,76.76,35.142,in_progress,0.00

SIM_TRACE_LOG:0,53,2.9328,-0.1047,35.6597,0.00,0.60,2,40.0000,False,True,2.9347,7,76.76,35.219,in_progress,0.00

SIM_TRACE_LOG:0,54,2.9585,-0.0798,36.9161,-15.00,0.60,1,40.0000,False,True,2.9646,8,76.76,35.276,in_progress,0.00

SIM_TRACE_LOG:0,55,2.9967,-0.0520,36.6953,15.00,0.60,3,20.0000,False,False,3.0104,8,76.76,35.361,in_progress,0.00

SIM_TRACE_LOG:0,56,3.0294,-0.0333,35.5336,15.00,0.60,3,20.0000,False,False,3.0503,8,76.76,35.403,in_progress,0.00

SIM_TRACE_LOG:0,57,3.0781,0.0137,37.7082,30.00,0.60,4,20.0000,False,False,3.1070,8,76.76,35.508,in_progress,0.00

SIM_TRACE_LOG:0,58,3.0988,0.0427,40.1254,-30.00,0.60,0,20.0000,False,False,3.1300,8,76.76,35.562,in_progress,0.00

SIM_TRACE_LOG:0,59,3.1153,0.0638,41.5342,30.00,0.60,4,20.0000,False,False,3.1444,8,76.76,35.603,in_progress,0.00

SIM_TRACE_LOG:0,60,3.1393,0.0858,41.5246,0.00,0.60,2,20.0000,False,False,3.1724,8,76.76,35.691,in_progress,0.00

SIM_TRACE_LOG:0,61,3.1716,0.1191,42.3428,30.00,0.60,4,20.0000,False,False,3.2096,8,76.76,35.751,in_progress,0.00

SIM_TRACE_LOG:0,62,3.2077,0.1626,44.1024,15.00,0.60,3,20.0000,True,False,3.2502,8,76.76,35.788,off_track,0.00

[s3] Successfully uploaded metrics to                  s3 bucket base-bucket-1f3pfk38sjoqu with s3 key first-model/metrics/TrainingMetrics_5.json.
Training> Name=main_level/agent, Worker=0, Episode=1, Total reward=2980.0, Steps=62, Training iteration=0
Reset agent
Reset agent finished
SIM_TRACE_LOG:1,1,4.5996,-0.7586,-4.2056,0.00,0.60,2,0.0000,False,True,0.1826,13,76.76,36.049,prepare,0.00

SIM_TRACE_LOG:1,2,4.5994,-0.7586,-4.1841,15.00,0.60,3,60.0000,False,True,0.1823,13,76.76,36.108,in_progress,0.00

SIM_TRACE_LOG:1,3,4.6011,-0.7589,-4.2439,-30.00,0.60,0,60.0000,False,True,0.1847,13,76.76,36.178,in_progress,0.00

SIM_TRACE_LOG:1,4,4.6109,-0.7630,-4.9315,-15.00,0.60,1,60.0000,False,True,0.1976,13,76.76,36.21,in_progress,0.00

SIM_TRACE_LOG:1,5,4.6195,-0.7671,-5.7727,30.00,0.60,4,60.0000,False,True,0.2090,13,76.76,36.245,in_progress,0.00

SIM_TRACE_LOG:1,6,4.6550,-0.7761,-7.1513,0.00,0.60,2,60.0000,False,True,0.2556,13,76.76,36.388,in_progress,0.00

SIM_TRACE_LOG:1,7,4.7058,-0.7698,-4.2876,15.00,0.60,3,60.0000,False,True,0.3214,14,76.76,36.442,in_progress,0.00

SIM_TRACE_LOG:1,8,4.7505,-0.7689,-3.3014,30.00,0.60,4,60.0000,False,True,0.3796,14,76.76,36.519,in_progress,0.00

SIM_TRACE_LOG:1,9,4.7983,-0.7622,-1.1043,-15.00,0.60,1,40.0000,False,True,0.4415,14,76.76,36.551,in_progress,0.00

SIM_TRACE_LOG:1,10,4.8310,-0.7579,0.0781,0.00,0.60,2,40.0000,False,True,0.4838,14,76.76,36.623,in_progress,0.00

SIM_TRACE_LOG:1,11,4.8734,-0.7603,-0.5062,-30.00,0.60,0,40.0000,False,True,0.5394,14,76.76,36.711,in_progress,0.00

SIM_TRACE_LOG:1,12,4.9703,-0.7829,-5.4111,-30.00,0.60,0,60.0000,False,True,0.6659,14,76.76,36.763,in_progress,0.00

SIM_TRACE_LOG:1,13,4.9780,-0.7870,-6.2710,30.00,0.60,4,60.0000,False,True,0.6759,14,76.76,36.823,in_progress,0.00

SIM_TRACE_LOG:1,14,5.0018,-0.8000,-8.8459,15.00,0.60,3,60.0000,False,True,0.7071,15,76.76,36.866,in_progress,0.00

SIM_TRACE_LOG:1,15,5.0798,-0.8118,-8.7650,30.00,0.60,4,60.0000,False,True,0.8088,15,76.76,36.964,in_progress,0.00

SIM_TRACE_LOG:1,16,5.1149,-0.8085,-6.6835,0.00,0.60,2,60.0000,False,True,0.8546,15,76.76,37.044,in_progress,0.00

SIM_TRACE_LOG:1,17,5.1630,-0.8050,-4.4820,-30.00,0.60,0,60.0000,False,True,0.9153,15,76.76,37.093,in_progress,0.00

SIM_TRACE_LOG:1,18,5.2087,-0.8172,-6.2619,15.00,0.60,3,60.0000,False,True,0.9743,15,76.76,37.162,in_progress,0.00

SIM_TRACE_LOG:1,19,5.2681,-0.8354,-8.8706,30.00,0.60,4,60.0000,False,True,1.0510,15,76.76,37.25,in_progress,0.00

SIM_TRACE_LOG:1,20,5.3288,-0.8308,-5.8182,30.00,0.60,4,60.0000,False,True,1.1301,16,76.76,37.336,in_progress,0.00

SIM_TRACE_LOG:1,21,5.3462,-0.8269,-4.4090,-15.00,0.60,1,60.0000,False,True,1.1530,16,76.76,37.363,in_progress,0.00

SIM_TRACE_LOG:1,22,5.4066,-0.8171,-1.1530,15.00,0.60,3,60.0000,False,True,1.2320,16,76.76,37.397,in_progress,0.00

SIM_TRACE_LOG:1,23,5.4394,-0.8127,-0.0217,0.00,0.60,2,60.0000,False,True,1.2749,16,76.76,37.491,in_progress,0.00

SIM_TRACE_LOG:1,24,5.4562,-0.8109,0.5110,-30.00,0.60,0,60.0000,False,True,1.2912,16,76.76,37.582,in_progress,0.00

SIM_TRACE_LOG:1,25,5.5097,-0.8135,-0.1639,15.00,0.60,3,60.0000,False,True,1.3600,16,76.76,37.595,in_progress,0.00

SIM_TRACE_LOG:1,26,5.5489,-0.8153,-0.5581,15.00,0.60,3,60.0000,False,True,1.4106,16,76.76,37.679,in_progress,0.00

SIM_TRACE_LOG:1,27,5.6094,-0.8004,2.9663,-30.00,0.60,0,60.0000,False,True,1.4911,17,76.76,37.782,in_progress,0.00

SIM_TRACE_LOG:1,28,5.6614,-0.7867,5.4825,15.00,0.60,3,60.0000,False,True,1.5604,17,76.76,37.822,in_progress,0.00

SIM_TRACE_LOG:1,29,5.6847,-0.7825,5.9452,-30.00,0.60,0,60.0000,False,True,1.5911,17,76.76,37.876,in_progress,0.00

SIM_TRACE_LOG:1,30,5.7173,-0.7764,6.7510,-30.00,0.60,0,60.0000,False,True,1.6343,17,76.76,37.935,in_progress,0.00

SIM_TRACE_LOG:1,31,5.7773,-0.7764,5.1178,30.00,0.60,4,60.0000,False,True,1.7004,17,76.76,38.043,in_progress,0.00

SIM_TRACE_LOG:1,32,5.8306,-0.7765,4.0202,30.00,0.60,4,60.0000,False,True,1.7673,17,76.76,38.063,in_progress,0.00

SIM_TRACE_LOG:1,33,5.8892,-0.7632,6.1116,30.00,0.60,4,60.0000,False,True,1.8455,17,76.76,38.182,in_progress,0.00

SIM_TRACE_LOG:1,34,5.9600,-0.7354,10.6154,-30.00,0.60,0,60.0000,False,True,1.9441,18,76.76,38.283,in_progress,0.00

SIM_TRACE_LOG:1,35,5.9959,-0.7163,13.7850,-15.00,0.60,1,60.0000,False,True,1.9957,18,76.76,38.32,in_progress,0.00

SIM_TRACE_LOG:1,36,6.0043,-0.7134,13.9903,-30.00,0.60,0,60.0000,False,True,2.0072,18,76.76,38.334,in_progress,0.00

SIM_TRACE_LOG:1,37,6.0617,-0.7064,12.3143,-15.00,0.60,1,60.0000,False,True,2.0665,18,76.76,38.417,in_progress,0.00

SIM_TRACE_LOG:1,38,6.0873,-0.7090,10.3623,15.00,0.60,3,60.0000,False,True,2.0952,18,76.76,38.501,in_progress,0.00

SIM_TRACE_LOG:1,39,6.1456,-0.7088,7.9536,15.00,0.60,3,60.0000,False,True,2.1640,18,76.76,38.541,in_progress,0.00

SIM_TRACE_LOG:1,40,6.1825,-0.6975,9.3985,0.00,0.60,2,60.0000,False,True,2.2137,18,76.76,38.623,in_progress,0.00

SIM_TRACE_LOG:1,41,6.2346,-0.6815,11.0995,30.00,0.60,4,60.0000,False,True,2.2839,19,76.76,38.683,in_progress,0.00

SIM_TRACE_LOG:1,42,6.2754,-0.6661,12.7604,15.00,0.60,3,60.0000,False,True,2.3407,19,76.76,38.75,in_progress,0.00

SIM_TRACE_LOG:1,43,6.3141,-0.6403,16.6494,-30.00,0.60,0,60.0000,False,True,2.4006,19,76.76,38.852,in_progress,0.00

SIM_TRACE_LOG:1,44,6.3930,-0.6008,19.8377,30.00,0.60,4,60.0000,False,True,2.4925,19,76.76,38.931,in_progress,0.00

SIM_TRACE_LOG:1,45,6.4080,-0.5966,19.5932,0.00,0.60,2,60.0000,False,True,2.5117,19,76.76,38.974,in_progress,0.00

SIM_TRACE_LOG:1,46,6.4189,-0.5928,19.5554,15.00,0.60,3,60.0000,False,True,2.5264,19,76.76,39.037,in_progress,0.00

SIM_TRACE_LOG:1,47,6.4818,-0.5555,22.7947,-15.00,0.60,1,60.0000,False,True,2.6215,19,76.76,39.087,in_progress,0.00

SIM_TRACE_LOG:1,48,6.4961,-0.5440,24.1163,15.00,0.60,3,60.0000,False,True,2.6453,19,76.76,39.187,in_progress,0.00

SIM_TRACE_LOG:1,49,6.5510,-0.4995,28.3371,-15.00,0.60,1,60.0000,False,True,2.7369,20,76.76,39.196,in_progress,0.00

SIM_TRACE_LOG:1,50,6.5940,-0.4605,31.5744,30.00,0.60,4,60.0000,False,True,2.8117,20,76.76,39.277,in_progress,0.00

SIM_TRACE_LOG:1,51,6.6348,-0.4237,33.8620,-30.00,0.60,0,60.0000,False,True,2.8660,20,76.76,39.355,in_progress,0.00

SIM_TRACE_LOG:1,52,6.6457,-0.4099,35.2673,30.00,0.60,4,60.0000,False,True,2.8885,20,76.76,39.396,in_progress,0.00

SIM_TRACE_LOG:1,53,6.6840,-0.3710,37.5752,-30.00,0.60,0,60.0000,False,True,2.9594,20,76.76,39.494,in_progress,0.00

SIM_TRACE_LOG:1,54,6.7258,-0.3326,38.7819,-30.00,0.60,0,60.0000,False,True,3.0333,20,76.76,39.547,in_progress,0.00

SIM_TRACE_LOG:1,55,6.7489,-0.3184,37.9819,-15.00,0.60,1,60.0000,False,True,3.0682,21,76.76,39.62,in_progress,0.00

SIM_TRACE_LOG:1,56,6.8335,-0.2763,34.2652,30.00,0.60,4,60.0000,False,True,3.1876,21,76.76,39.689,in_progress,0.00

SIM_TRACE_LOG:1,57,6.8570,-0.2685,32.5492,-15.00,0.60,1,60.0000,False,True,3.2174,21,76.76,39.756,in_progress,0.00

SIM_TRACE_LOG:1,58,6.8610,-0.2662,32.5624,-15.00,0.60,1,60.0000,False,True,3.2232,21,76.76,39.831,in_progress,0.00

SIM_TRACE_LOG:1,59,6.9529,-0.2398,26.9593,30.00,0.60,4,60.0000,False,True,3.3126,21,76.76,39.903,in_progress,0.00

SIM_TRACE_LOG:1,60,6.9802,-0.2339,25.2284,-15.00,0.60,1,60.0000,False,True,3.3428,21,76.76,39.953,in_progress,0.00

SIM_TRACE_LOG:1,61,7.0416,-0.2192,22.3720,-15.00,0.60,1,60.0000,False,True,3.4118,21,76.76,40.039,in_progress,0.00

SIM_TRACE_LOG:1,62,7.0680,-0.2164,20.8476,15.00,0.60,3,60.0000,False,True,3.4382,22,76.76,40.086,in_progress,0.00

SIM_TRACE_LOG:1,63,7.0901,-0.2145,19.2726,-30.00,0.60,0,60.0000,False,True,3.4599,22,76.76,40.147,in_progress,0.00

SIM_TRACE_LOG:1,64,7.1359,-0.2107,16.6061,15.00,0.60,3,60.0000,False,True,3.5046,22,76.76,40.191,in_progress,0.00

SIM_TRACE_LOG:1,65,7.1588,-0.2116,14.7120,30.00,0.60,4,60.0000,False,True,3.5243,22,76.76,40.287,in_progress,0.00

SIM_TRACE_LOG:1,66,7.2265,-0.1948,14.4868,-15.00,0.60,1,60.0000,False,True,3.6010,22,76.76,40.383,in_progress,0.00

SIM_TRACE_LOG:1,67,7.2797,-0.1818,14.3339,-15.00,0.60,1,60.0000,False,True,3.6335,22,76.76,40.41,in_progress,0.00

SIM_TRACE_LOG:1,68,7.3286,-0.1823,11.4260,15.00,0.60,3,60.0000,False,True,3.6451,22,76.76,40.528,in_progress,0.00

SIM_TRACE_LOG:1,69,7.4927,-0.1089,19.7819,15.00,0.60,3,40.0000,False,False,3.8509,23,76.76,40.75,in_progress,0.00

SIM_TRACE_LOG:1,70,7.5086,-0.0978,21.0308,15.00,0.60,3,40.0000,False,False,3.8750,23,76.76,40.793,in_progress,0.00

SIM_TRACE_LOG:1,71,7.5416,-0.0725,23.8264,-15.00,0.60,1,40.0000,False,False,3.9272,23,76.76,40.828,in_progress,0.00

SIM_TRACE_LOG:1,72,7.5660,-0.0542,25.6243,0.00,0.60,2,40.0000,False,False,3.9655,23,76.76,40.888,in_progress,0.00

SIM_TRACE_LOG:1,73,7.6068,-0.0370,25.1204,-15.00,0.60,1,40.0000,False,False,4.0155,23,76.76,40.973,in_progress,0.00

SIM_TRACE_LOG:1,74,7.6538,-0.0243,23.1307,0.00,0.60,2,40.0000,False,False,4.0258,23,76.76,41.029,in_progress,0.00

SIM_TRACE_LOG:1,75,7.7374,0.0003,20.9593,30.00,0.60,4,40.0000,False,False,4.0697,23,76.76,41.164,in_progress,0.00

SIM_TRACE_LOG:1,76,7.7714,0.0116,20.5804,-15.00,0.60,1,40.0000,False,False,4.1052,23,76.76,41.214,in_progress,0.00

SIM_TRACE_LOG:1,77,7.7714,0.0116,20.5804,-15.00,0.60,1,40.0000,False,False,4.1052,23,76.76,41.216,in_progress,0.00

SIM_TRACE_LOG:1,78,7.8276,0.0259,19.1332,15.00,0.60,3,40.0000,False,False,4.1592,23,76.76,41.303,in_progress,0.00

SIM_TRACE_LOG:1,79,7.8516,0.0302,18.1347,15.00,0.60,3,40.0000,False,False,4.1802,23,76.76,41.341,in_progress,0.00

SIM_TRACE_LOG:1,80,7.9215,0.0621,19.9954,0.00,0.60,2,40.0000,True,False,4.2630,24,76.76,41.457,off_track,0.00

[s3] Successfully uploaded metrics to                  s3 bucket base-bucket-1f3pfk38sjoqu with s3 key first-model/metrics/TrainingMetrics_5.json.
Training> Name=main_level/agent, Worker=0, Episode=2, Total reward=4440.0, Steps=142, Training iteration=0
Reset agent
Reset agent finished
SIM_TRACE_LOG:2,1,7.5632,1.0983,70.1239,-30.00,0.60,0,0.0000,False,True,0.1822,26,76.76,41.688,prepare,0.00

SIM_TRACE_LOG:2,2,7.5632,1.0982,70.1134,15.00,0.60,3,60.0000,False,True,0.1820,26,76.76,41.689,in_progress,0.00

SIM_TRACE_LOG:2,3,7.5634,1.0984,70.1236,-30.00,0.60,0,60.0000,False,True,0.1824,26,76.76,41.767,in_progress,0.00

SIM_TRACE_LOG:2,4,7.5642,1.1037,70.5132,-15.00,0.60,1,40.0000,False,True,0.1893,26,76.76,41.786,in_progress,0.00

SIM_TRACE_LOG:2,5,7.5700,1.1101,69.7590,0.00,0.60,2,60.0000,False,True,0.1996,26,76.76,41.832,in_progress,0.00

SIM_TRACE_LOG:2,6,7.5901,1.1412,67.7339,0.00,0.60,2,60.0000,False,True,0.2435,26,76.76,41.929,in_progress,0.00

SIM_TRACE_LOG:2,7,7.5947,1.1500,67.4853,-15.00,0.60,1,60.0000,False,True,0.2558,26,76.76,41.977,in_progress,0.00

SIM_TRACE_LOG:2,8,7.6500,1.2186,62.1472,30.00,0.60,4,60.0000,False,True,0.3560,26,76.76,42.097,in_progress,0.00

SIM_TRACE_LOG:2,9,7.6743,1.2577,61.4370,15.00,0.60,3,60.0000,False,True,0.4117,27,76.76,42.162,in_progress,0.00

SIM_TRACE_LOG:2,10,7.6833,1.2924,63.4392,-30.00,0.60,0,60.0000,False,True,0.4581,27,76.76,42.22,in_progress,0.00

SIM_TRACE_LOG:2,11,7.6992,1.3380,64.8775,-15.00,0.60,1,60.0000,False,True,0.5202,27,76.76,42.311,in_progress,0.00

SIM_TRACE_LOG:2,12,7.7181,1.3762,64.6524,-30.00,0.60,0,60.0000,False,True,0.5734,27,76.76,42.383,in_progress,0.00

SIM_TRACE_LOG:2,13,7.7472,1.4091,62.1228,15.00,0.60,3,60.0000,False,True,0.5947,27,76.76,42.42,in_progress,0.00

SIM_TRACE_LOG:2,14,7.7913,1.4691,59.8708,-15.00,0.60,1,60.0000,False,True,0.6678,27,76.76,42.52,in_progress,0.00

SIM_TRACE_LOG:2,15,7.8098,1.5048,60.3976,-15.00,0.60,1,60.0000,False,True,0.7139,27,76.76,42.592,in_progress,0.00

SIM_TRACE_LOG:2,16,7.8196,1.5173,59.8463,-15.00,0.60,1,60.0000,False,True,0.7299,27,76.76,42.668,in_progress,0.00

SIM_TRACE_LOG:2,17,7.8626,1.5669,57.0400,-30.00,0.60,0,60.0000,False,True,0.7935,28,76.76,42.722,in_progress,0.00

SIM_TRACE_LOG:2,18,7.8731,1.5762,56.1222,30.00,0.60,4,60.0000,False,True,0.8054,28,76.76,42.743,in_progress,0.00

SIM_TRACE_LOG:2,19,7.9192,1.6490,56.6066,15.00,0.60,3,60.0000,False,True,0.8990,28,76.76,42.778,in_progress,0.00

SIM_TRACE_LOG:2,20,7.9262,1.6731,58.3935,15.00,0.60,3,60.0000,False,True,0.9302,28,76.76,42.903,in_progress,0.00

SIM_TRACE_LOG:2,21,7.9288,1.6867,59.6179,0.00,0.60,2,60.0000,False,True,0.9479,28,76.76,42.981,in_progress,0.00

SIM_TRACE_LOG:2,22,7.9454,1.7623,64.9940,0.00,0.60,2,60.0000,False,True,0.9867,28,76.76,43.028,in_progress,0.00

SIM_TRACE_LOG:2,23,7.9499,1.7808,65.9147,0.00,0.60,2,60.0000,False,True,0.9925,28,76.76,43.098,in_progress,0.00

SIM_TRACE_LOG:2,24,7.9705,1.8578,68.6778,-15.00,0.60,1,60.0000,False,True,1.0857,28,76.76,43.186,in_progress,0.00

SIM_TRACE_LOG:2,25,7.9778,1.8849,69.4700,0.00,0.60,2,60.0000,False,True,1.1186,28,76.76,43.23,in_progress,0.00

SIM_TRACE_LOG:2,26,7.9927,1.9399,70.7143,15.00,0.60,3,60.0000,False,True,1.1853,29,76.76,43.316,in_progress,0.00

SIM_TRACE_LOG:2,27,7.9948,1.9504,71.0453,15.00,0.60,3,60.0000,False,True,1.1981,29,76.76,43.337,in_progress,0.00

SIM_TRACE_LOG:2,28,7.9999,2.0072,74.1838,-15.00,0.60,1,60.0000,False,True,1.2695,29,76.76,43.417,in_progress,0.00

SIM_TRACE_LOG:2,29,8.0173,2.0689,74.1109,-15.00,0.60,1,60.0000,False,True,1.3440,29,76.76,43.512,in_progress,0.00

SIM_TRACE_LOG:2,30,8.0215,2.0780,73.7226,0.00,0.60,2,60.0000,False,True,1.3546,29,76.76,43.554,in_progress,0.00

SIM_TRACE_LOG:2,31,8.0426,2.1260,72.1459,-30.00,0.60,0,40.0000,False,False,1.3788,29,76.76,43.61,in_progress,0.00

SIM_TRACE_LOG:2,32,8.0835,2.1858,67.5922,15.00,0.60,3,40.0000,False,False,1.4008,29,76.76,43.719,in_progress,0.00

SIM_TRACE_LOG:2,33,8.0967,2.2057,66.3983,0.00,0.60,2,40.0000,False,False,1.4206,29,76.76,43.782,in_progress,0.00

SIM_TRACE_LOG:2,34,8.1203,2.2539,65.8773,0.00,0.60,2,40.0000,False,False,1.4715,29,76.76,43.838,in_progress,0.00

SIM_TRACE_LOG:2,35,8.1371,2.2873,65.4775,30.00,0.60,4,40.0000,False,False,1.5068,29,76.76,43.957,in_progress,0.00

SIM_TRACE_LOG:2,36,8.1605,2.3727,68.4622,-30.00,0.60,0,40.0000,False,False,1.6041,30,76.76,44.005,in_progress,0.00

SIM_TRACE_LOG:2,37,8.1679,2.4084,69.9329,0.00,0.60,2,40.0000,False,False,1.6457,30,76.76,44.154,in_progress,0.00

SIM_TRACE_LOG:2,38,8.2076,2.5463,71.8821,30.00,0.60,4,40.0000,True,False,1.7713,30,76.76,44.209,off_track,0.00

[s3] Successfully uploaded metrics to                  s3 bucket base-bucket-1f3pfk38sjoqu with s3 key first-model/metrics/TrainingMetrics_5.json.
Training> Name=main_level/agent, Worker=0, Episode=3, Total reward=2040.0, Steps=180, Training iteration=0
Reset agent
Reset agent finished
[s3] Successfully uploaded simtrace_training to              s3 bucket base-bucket-1f3pfk38sjoqu with s3 key first-model/5/training-simtrace/0-iteration.csv.
[s3] Successfully downloaded 1_Step-1368.ckpt.data-00000-of-00001 from                  s3 key first-model/model/1_Step-1368.ckpt.data-00000-of-00001 to local checkpoint_robomaker/agent/1_Step-1368.ckpt.data-00000-of-00001.
[s3] Successfully downloaded 1_Step-1368.ckpt.index from                  s3 key first-model/model/1_Step-1368.ckpt.index to local checkpoint_robomaker/agent/1_Step-1368.ckpt.index.
[s3] Successfully downloaded 1_Step-1368.ckpt.meta from                  s3 key first-model/model/1_Step-1368.ckpt.meta to local checkpoint_robomaker/agent/1_Step-1368.ckpt.meta.
[s3] Successfully downloaded .ready from                  s3 key first-model/model/.ready to local checkpoint_robomaker/agent/.ready.
Checkpoint> Restoring from path=./checkpoint_robomaker/agent/1_Step-1368.ckpt
Reset agent
Reset agent finished
SIM_TRACE_LOG:3,1,7.0585,4.8249,109.0841,-30.00,0.60,0,0.0000,False,True,0.1826,39,76.76,119.08,prepare,0.00

SIM_TRACE_LOG:3,2,7.0586,4.8249,109.0765,15.00,0.60,3,40.0000,False,True,0.1825,39,76.76,119.093,in_progress,0.00

SIM_TRACE_LOG:3,3,7.0568,4.8298,109.0721,0.00,0.60,2,40.0000,False,True,0.1893,39,76.76,119.171,in_progress,0.00

SIM_TRACE_LOG:3,4,7.0502,4.8420,109.6192,-30.00,0.60,0,40.0000,False,True,0.2071,39,76.76,119.2,in_progress,0.00

SIM_TRACE_LOG:3,5,7.0519,4.8730,106.8737,-15.00,0.60,1,60.0000,False,True,0.2446,39,76.76,119.278,in_progress,0.00

SIM_TRACE_LOG:3,6,7.0578,4.8922,104.0585,-15.00,0.60,1,60.0000,False,True,0.2656,39,76.76,119.36,in_progress,0.00

SIM_TRACE_LOG:3,7,7.0691,4.9652,97.9691,0.00,0.60,2,50.0000,False,True,0.3459,39,76.76,119.438,in_progress,0.00

SIM_TRACE_LOG:3,8,7.0707,4.9742,97.2842,30.00,0.60,4,50.0000,False,True,0.3559,39,76.76,119.495,in_progress,0.00

SIM_TRACE_LOG:3,9,7.0706,5.0218,95.8655,15.00,0.60,3,50.0000,False,True,0.4131,39,76.76,119.568,in_progress,0.00

SIM_TRACE_LOG:3,10,7.0579,5.0680,97.7408,15.00,0.60,3,50.0000,False,True,0.4750,39,76.76,119.623,in_progress,0.00

SIM_TRACE_LOG:3,11,7.0301,5.1277,102.0933,-30.00,0.60,0,50.0000,False,True,0.5608,40,76.76,119.722,in_progress,0.00

SIM_TRACE_LOG:3,12,7.0136,5.1802,103.1782,-15.00,0.60,1,50.0000,False,True,0.6321,40,76.76,119.833,in_progress,0.00

SIM_TRACE_LOG:3,13,7.0148,5.2352,100.1139,-15.00,0.60,1,50.0000,False,True,0.6924,40,76.76,119.844,in_progress,0.00

SIM_TRACE_LOG:3,14,7.0157,5.2529,99.1014,-30.00,0.60,0,50.0000,False,True,0.7026,40,76.76,119.912,in_progress,0.00

SIM_TRACE_LOG:3,15,7.0229,5.3094,95.3865,15.00,0.60,3,50.0000,False,True,0.7627,40,76.76,119.969,in_progress,0.00

SIM_TRACE_LOG:3,16,7.0278,5.3405,93.4725,-30.00,0.60,0,50.0000,False,True,0.7954,40,76.76,119.979,in_progress,0.00

SIM_TRACE_LOG:3,17,7.0270,5.3689,93.2893,0.00,0.60,2,50.0000,False,True,0.8283,40,76.76,120.115,in_progress,0.00

SIM_TRACE_LOG:3,18,7.0321,5.4196,91.4041,-15.00,0.60,1,50.0000,False,True,0.8832,40,76.76,120.187,in_progress,0.00

SIM_TRACE_LOG:3,19,7.0345,5.4742,90.6239,-30.00,0.60,0,50.0000,False,True,0.9442,41,76.76,120.258,in_progress,0.00

SIM_TRACE_LOG:3,20,7.0391,5.5146,89.4580,-15.00,0.60,1,50.0000,False,True,0.9876,41,76.76,120.295,in_progress,0.00

SIM_TRACE_LOG:3,21,7.0461,5.5472,87.8650,15.00,0.60,3,50.0000,False,True,1.0205,41,76.76,120.374,in_progress,0.00

SIM_TRACE_LOG:3,22,7.0539,5.6078,86.6566,0.00,0.60,2,50.0000,False,True,1.0845,41,76.76,120.438,in_progress,0.00

SIM_TRACE_LOG:3,23,7.0513,5.6480,87.7841,15.00,0.60,3,50.0000,False,True,1.0845,41,76.76,120.511,in_progress,0.00

SIM_TRACE_LOG:3,24,7.0409,5.6984,90.6592,-30.00,0.60,0,50.0000,False,True,1.1097,41,76.76,120.57,in_progress,0.00

SIM_TRACE_LOG:3,25,7.0335,5.7293,92.4410,0.00,0.60,2,50.0000,False,True,1.1470,41,76.76,120.618,in_progress,0.00

SIM_TRACE_LOG:3,26,7.0253,5.7768,93.8734,0.00,0.60,2,50.0000,False,True,1.2018,41,76.76,120.705,in_progress,0.00

SIM_TRACE_LOG:3,27,7.0050,5.8905,96.4589,30.00,0.60,4,50.0000,False,True,1.3333,42,76.76,120.806,in_progress,0.00

SIM_TRACE_LOG:3,28,6.9949,5.9242,97.9184,-30.00,0.60,0,50.0000,False,True,1.3757,42,76.76,120.913,in_progress,0.00

SIM_TRACE_LOG:3,29,6.9847,5.9576,99.2706,-15.00,0.60,1,50.0000,False,True,1.4178,42,76.76,120.997,in_progress,0.00

SIM_TRACE_LOG:3,30,6.9758,6.0368,98.3747,15.00,0.60,3,30.0000,False,False,1.4764,42,76.76,121.076,in_progress,0.00

SIM_TRACE_LOG:3,31,6.9775,6.0613,97.0237,30.00,0.60,4,30.0000,False,False,1.4764,42,76.76,121.115,in_progress,0.00

SIM_TRACE_LOG:3,32,6.9697,6.1063,97.5526,0.00,0.60,2,30.0000,False,False,1.4764,42,76.76,121.182,in_progress,0.00

SIM_TRACE_LOG:3,33,6.9646,6.1289,98.2509,15.00,0.60,3,30.0000,False,False,1.4764,42,76.76,121.271,in_progress,0.00

SIM_TRACE_LOG:3,34,6.9484,6.1876,100.0137,30.00,0.60,4,30.0000,False,False,1.5217,42,76.76,121.317,in_progress,0.00

SIM_TRACE_LOG:3,35,6.9281,6.2348,102.7409,30.00,0.60,4,30.0000,False,False,1.5812,42,76.76,121.386,in_progress,0.00

SIM_TRACE_LOG:3,36,6.8674,6.3159,111.4127,15.00,0.60,3,30.0000,False,False,1.7095,43,76.76,121.533,in_progress,0.00

SIM_TRACE_LOG:3,37,6.8343,6.3556,115.1842,0.00,0.60,2,30.0000,False,False,1.7757,43,76.76,121.587,in_progress,0.00

SIM_TRACE_LOG:3,38,6.8343,6.3556,115.1842,0.00,0.60,2,30.0000,False,False,1.7757,43,76.76,121.709,in_progress,0.00

SIM_TRACE_LOG:3,39,6.7737,6.4494,118.1618,15.00,0.60,3,30.0000,True,False,1.8684,43,76.76,121.754,off_track,0.00

[s3] Successfully uploaded metrics to                  s3 bucket base-bucket-1f3pfk38sjoqu with s3 key first-model/metrics/TrainingMetrics_5.json.
Training> Name=main_level/agent, Worker=0, Episode=4, Total reward=1690.0, Steps=219, Training iteration=0
Reset agent
Reset agent finished
SIM_TRACE_LOG:4,1,3.8906,6.4619,174.8369,0.00,0.60,2,0.0000,False,True,0.1824,51,76.76,121.852,prepare,0.00

SIM_TRACE_LOG:4,2,3.8902,6.4621,174.8058,30.00,0.60,4,60.0000,False,True,0.1830,51,76.76,121.899,in_progress,0.00

SIM_TRACE_LOG:4,3,3.8897,6.4625,174.6029,-15.00,0.60,1,60.0000,False,True,0.1836,51,76.76,122.005,in_progress,0.00

SIM_TRACE_LOG:4,4,3.8752,6.4633,174.8537,15.00,0.60,3,60.0000,False,True,0.2025,51,76.76,122.049,in_progress,0.00

SIM_TRACE_LOG:4,5,3.8446,6.4604,176.1528,15.00,0.60,3,60.0000,False,True,0.2423,52,76.76,122.126,in_progress,0.00

SIM_TRACE_LOG:4,6,3.8085,6.4485,179.5661,-15.00,0.60,1,40.0000,False,True,0.2889,52,76.76,122.195,in_progress,0.00

SIM_TRACE_LOG:4,7,3.7872,6.4407,-178.4822,30.00,0.60,4,40.0000,False,True,0.3164,52,76.76,122.251,in_progress,0.00

SIM_TRACE_LOG:4,8,3.7285,6.4162,-173.2535,30.00,0.60,4,40.0000,False,True,0.3921,52,76.76,122.319,in_progress,0.00

SIM_TRACE_LOG:4,9,3.7157,6.4077,-171.5408,-30.00,0.60,0,40.0000,False,True,0.4084,52,76.76,122.387,in_progress,0.00

SIM_TRACE_LOG:4,10,3.6598,6.3754,-166.2368,-30.00,0.60,0,40.0000,False,True,0.4801,52,76.76,122.439,in_progress,0.00

SIM_TRACE_LOG:4,11,3.6237,6.3704,-167.1120,15.00,0.60,3,40.0000,False,True,0.5269,52,76.76,122.492,in_progress,0.00

SIM_TRACE_LOG:4,12,3.5402,6.3472,-166.1015,30.00,0.60,4,40.0000,False,True,0.6350,53,76.76,122.625,in_progress,0.00

SIM_TRACE_LOG:4,13,3.5102,6.3292,-163.6506,0.00,0.60,2,40.0000,False,True,0.6734,53,76.76,122.676,in_progress,0.00

SIM_TRACE_LOG:4,14,3.4668,6.3041,-160.7798,15.00,0.60,3,40.0000,False,True,0.7291,53,76.76,122.746,in_progress,0.00

SIM_TRACE_LOG:4,15,3.4317,6.2885,-159.9945,30.00,0.60,4,40.0000,False,True,0.7742,53,76.76,122.806,in_progress,0.00

SIM_TRACE_LOG:4,16,3.3961,6.2663,-157.9462,0.00,0.60,2,40.0000,False,True,0.8193,53,76.76,122.862,in_progress,0.00

SIM_TRACE_LOG:4,17,3.3739,6.2509,-156.4636,-15.00,0.60,1,40.0000,False,True,0.8477,53,76.76,122.982,in_progress,0.00

SIM_TRACE_LOG:4,18,3.2867,6.2142,-156.8569,0.00,0.60,2,40.0000,False,True,0.9599,53,76.76,123.035,in_progress,0.00

SIM_TRACE_LOG:4,19,3.2519,6.2067,-158.5120,30.00,0.60,4,40.0000,False,True,1.0049,54,76.76,123.127,in_progress,0.00

SIM_TRACE_LOG:4,20,3.2066,6.1942,-159.8025,0.00,0.60,2,40.0000,False,True,1.0635,54,76.76,123.157,in_progress,0.00

SIM_TRACE_LOG:4,21,3.1876,6.1866,-159.6011,30.00,0.60,4,40.0000,False,True,1.0880,54,76.76,123.208,in_progress,0.00

SIM_TRACE_LOG:4,22,3.1494,6.1731,-159.6729,-15.00,0.60,1,40.0000,False,True,1.1371,54,76.76,123.294,in_progress,0.00

SIM_TRACE_LOG:4,23,3.0904,6.1498,-159.3732,15.00,0.60,3,40.0000,False,True,1.2168,54,76.76,123.337,in_progress,0.00

SIM_TRACE_LOG:4,24,3.0699,6.1436,-159.7814,15.00,0.60,3,40.0000,False,True,1.2434,54,76.76,123.374,in_progress,0.00

SIM_TRACE_LOG:4,25,3.0293,6.1185,-157.5232,15.00,0.60,3,40.0000,False,True,1.2955,54,76.76,123.445,in_progress,0.00

SIM_TRACE_LOG:4,26,2.9906,6.0859,-153.9771,30.00,0.60,4,40.0000,False,True,1.3452,54,76.76,123.511,in_progress,0.00

SIM_TRACE_LOG:4,27,2.9603,6.0539,-150.3370,0.00,0.60,2,40.0000,False,True,1.3838,55,76.76,123.61,in_progress,0.00

SIM_TRACE_LOG:4,28,2.9219,6.0109,-146.0515,-30.00,0.60,0,40.0000,False,True,1.4327,55,76.76,123.649,in_progress,0.00

SIM_TRACE_LOG:4,29,2.8573,5.9569,-144.2788,30.00,0.60,4,20.0000,False,False,1.5155,55,76.76,123.757,in_progress,0.00

SIM_TRACE_LOG:4,30,2.8298,5.9391,-144.7457,30.00,0.60,4,20.0000,False,False,1.6464,55,76.76,123.802,in_progress,0.00

SIM_TRACE_LOG:4,31,2.8039,5.9153,-143.6660,-30.00,0.60,0,20.0000,False,False,1.6834,55,76.76,123.85,in_progress,0.00

SIM_TRACE_LOG:4,32,2.7214,5.8639,-145.3575,-30.00,0.60,0,20.0000,False,False,1.7979,56,76.76,123.991,in_progress,0.00

SIM_TRACE_LOG:4,33,2.6969,5.8515,-146.2876,-30.00,0.60,0,20.0000,False,False,1.8316,56,76.76,124.075,in_progress,0.00

SIM_TRACE_LOG:4,34,2.5960,5.8202,-152.6503,0.00,0.60,2,20.0000,False,False,2.2314,57,76.76,124.188,in_progress,0.00

SIM_TRACE_LOG:4,35,2.5772,5.8181,-154.3801,0.00,0.60,2,20.0000,False,False,2.2547,57,76.76,124.189,in_progress,0.00

SIM_TRACE_LOG:4,36,2.5567,5.8112,-155.0391,-15.00,0.60,1,20.0000,False,False,2.4793,57,76.76,124.309,in_progress,0.00

SIM_TRACE_LOG:4,37,2.5100,5.7970,-156.4901,-15.00,0.60,1,20.0000,False,False,2.5377,57,76.76,124.32,in_progress,0.00

SIM_TRACE_LOG:4,38,2.4364,5.7830,-160.1731,-30.00,0.60,0,20.0000,False,False,2.6226,58,76.76,124.439,in_progress,0.00

SIM_TRACE_LOG:4,39,2.4005,5.7797,-162.2833,15.00,0.60,3,20.0000,False,False,2.8419,58,76.76,124.493,in_progress,0.00

SIM_TRACE_LOG:4,40,2.3873,5.7795,-163.3860,-30.00,0.60,0,20.0000,False,False,2.8517,58,76.76,124.555,in_progress,0.00

SIM_TRACE_LOG:4,41,2.3337,5.7752,-165.9244,30.00,0.60,4,20.0000,False,False,2.8957,58,76.76,124.596,in_progress,0.00

SIM_TRACE_LOG:4,42,2.3011,5.7731,-167.4290,-15.00,0.60,1,20.0000,False,False,2.9216,58,76.76,124.662,in_progress,0.00

SIM_TRACE_LOG:4,43,2.2608,5.7640,-167.3289,-15.00,0.60,1,20.0000,False,False,2.9609,59,76.76,124.752,in_progress,0.00

SIM_TRACE_LOG:4,44,2.2107,5.7581,-168.5481,0.00,0.60,2,20.0000,False,False,3.0040,59,76.76,124.785,in_progress,0.00

SIM_TRACE_LOG:4,45,2.1590,5.7500,-169.1022,-30.00,0.60,0,20.0000,False,False,3.0505,59,76.76,124.856,in_progress,0.00

SIM_TRACE_LOG:4,46,2.1256,5.7450,-169.3323,-30.00,0.60,0,40.0000,False,True,3.0802,59,76.76,124.907,in_progress,0.00

SIM_TRACE_LOG:4,47,2.0653,5.7513,-173.3582,0.00,0.60,2,40.0000,False,True,3.2047,59,76.76,124.996,in_progress,0.00

SIM_TRACE_LOG:4,48,2.0451,5.7567,-175.3223,0.00,0.60,2,40.0000,False,True,3.2064,59,76.76,125.024,in_progress,0.00

SIM_TRACE_LOG:4,49,1.9841,5.7562,-176.3187,15.00,0.60,3,40.0000,False,True,3.2320,59,76.76,125.136,in_progress,0.00

SIM_TRACE_LOG:4,50,1.9279,5.7450,-174.6347,-30.00,0.60,0,40.0000,False,True,3.2690,59,76.76,125.172,in_progress,0.00

SIM_TRACE_LOG:4,51,1.8996,5.7371,-173.3146,30.00,0.60,4,40.0000,False,True,3.2904,59,76.76,125.218,in_progress,0.00

SIM_TRACE_LOG:4,52,1.8519,5.7294,-172.9605,-15.00,0.60,1,40.0000,False,True,3.3194,59,76.76,125.364,in_progress,0.00

SIM_TRACE_LOG:4,53,1.7684,5.7324,-175.9381,-15.00,0.60,1,60.0000,False,True,3.3498,60,76.76,125.439,in_progress,0.00

SIM_TRACE_LOG:4,54,1.7497,5.7339,-176.6122,15.00,0.60,3,60.0000,False,True,3.3558,60,76.76,125.467,in_progress,0.00

SIM_TRACE_LOG:4,55,1.6928,5.7269,-175.8632,15.00,0.60,3,60.0000,False,True,3.3877,60,76.76,125.571,in_progress,0.00

SIM_TRACE_LOG:4,56,1.6620,5.7161,-173.8244,0.00,0.60,2,60.0000,False,True,3.4136,60,76.76,125.604,in_progress,0.00

SIM_TRACE_LOG:4,57,1.6435,5.7086,-172.4513,30.00,0.60,4,60.0000,False,True,3.4305,60,76.76,125.632,in_progress,0.00

SIM_TRACE_LOG:4,58,1.5918,5.6826,-168.1409,15.00,0.60,3,60.0000,False,True,3.4839,60,76.76,125.745,in_progress,0.00

SIM_TRACE_LOG:4,59,1.5552,5.6563,-163.8844,-15.00,0.60,1,60.0000,False,True,3.5314,60,76.76,125.776,in_progress,0.00

SIM_TRACE_LOG:4,60,1.5194,5.6334,-160.9982,30.00,0.60,4,60.0000,False,True,3.5333,60,76.76,125.886,in_progress,0.00

SIM_TRACE_LOG:4,61,1.4501,5.5787,-154.6834,30.00,0.60,4,60.0000,False,True,3.5730,60,76.76,125.958,in_progress,0.00

SIM_TRACE_LOG:4,62,1.4420,5.5689,-153.3323,-15.00,0.60,1,60.0000,False,True,3.5865,60,76.76,125.977,in_progress,0.00

SIM_TRACE_LOG:4,63,1.3991,5.5222,-148.2721,-15.00,0.60,1,60.0000,False,True,3.6512,60,76.76,126.059,in_progress,0.00

SIM_TRACE_LOG:4,64,1.3609,5.5021,-148.9211,-15.00,0.60,1,60.0000,False,True,3.6808,60,76.76,126.171,in_progress,0.00

SIM_TRACE_LOG:4,65,1.3212,5.4855,-150.3930,-30.00,0.60,0,60.0000,False,True,3.7062,60,76.76,126.194,in_progress,0.00

SIM_TRACE_LOG:4,66,1.2937,5.4733,-151.0830,30.00,0.60,4,60.0000,False,True,3.7246,60,76.76,126.254,in_progress,0.00

SIM_TRACE_LOG:4,67,1.2471,5.4493,-151.4403,0.00,0.60,2,60.0000,False,True,3.7601,61,76.76,126.318,in_progress,0.00

SIM_TRACE_LOG:4,68,1.2259,5.4310,-150.0297,-15.00,0.60,1,60.0000,False,True,3.7857,61,76.76,126.375,in_progress,0.00

SIM_TRACE_LOG:4,69,1.1649,5.3969,-150.2822,-30.00,0.60,0,40.0000,False,False,3.8357,61,76.76,126.412,in_progress,0.00

SIM_TRACE_LOG:4,70,1.1388,5.3881,-151.5355,-15.00,0.60,1,40.0000,False,False,3.8496,61,76.76,126.546,in_progress,0.00

SIM_TRACE_LOG:4,71,1.0863,5.3724,-154.1062,-30.00,0.60,0,40.0000,False,False,3.8749,61,76.76,126.573,in_progress,0.00

SIM_TRACE_LOG:4,72,1.0505,5.3635,-155.8743,0.00,0.60,2,40.0000,False,False,3.8897,61,76.76,126.651,in_progress,0.00

SIM_TRACE_LOG:4,73,1.0311,5.3598,-157.0221,-15.00,0.60,1,40.0000,False,False,3.8964,61,76.76,126.75,in_progress,0.00

SIM_TRACE_LOG:4,74,0.9644,5.3368,-158.0971,-15.00,0.60,1,40.0000,True,False,3.9251,61,76.76,126.809,off_track,0.00

[s3] Successfully uploaded metrics to                  s3 bucket base-bucket-1f3pfk38sjoqu with s3 key first-model/metrics/TrainingMetrics_5.json.
Training> Name=main_level/agent, Worker=0, Episode=5, Total reward=2980.0, Steps=293, Training iteration=0
Reset agent
Reset agent finished
SIM_TRACE_LOG:5,1,2.0577,4.3940,-57.7925,30.00,0.60,4,0.0000,False,True,0.1780,64,76.76,126.956,prepare,0.00

SIM_TRACE_LOG:5,2,2.0578,4.3940,-57.7842,-15.00,0.60,1,60.0000,False,True,0.1781,64,76.76,126.99,in_progress,0.00

SIM_TRACE_LOG:5,3,2.0596,4.3924,-57.5471,-30.00,0.60,0,60.0000,False,True,0.1812,64,76.76,127.094,in_progress,0.00

SIM_TRACE_LOG:5,4,2.0693,4.3448,-61.5581,15.00,0.60,3,60.0000,False,True,0.2294,64,76.76,127.168,in_progress,0.00

SIM_TRACE_LOG:5,5,2.0721,4.3191,-64.0910,15.00,0.60,3,60.0000,False,True,0.2530,64,76.76,127.221,in_progress,0.00

SIM_TRACE_LOG:5,6,2.0721,4.3191,-64.0910,0.00,0.60,2,60.0000,False,True,0.2530,64,76.76,127.3,in_progress,0.00

SIM_TRACE_LOG:5,7,2.1102,4.2608,-62.0765,15.00,0.60,3,60.0000,False,True,0.3389,65,76.76,127.338,in_progress,0.00

SIM_TRACE_LOG:5,8,2.1269,4.2427,-60.5455,15.00,0.60,3,60.0000,False,True,0.3706,65,76.76,127.416,in_progress,0.00

SIM_TRACE_LOG:5,9,2.1544,4.2175,-57.7881,-15.00,0.60,1,60.0000,False,True,0.4190,65,76.76,127.456,in_progress,0.00

SIM_TRACE_LOG:5,10,2.1861,4.1756,-56.8170,15.00,0.60,3,60.0000,False,True,0.4852,65,76.76,127.518,in_progress,0.00

SIM_TRACE_LOG:5,11,2.2276,4.1215,-55.7067,15.00,0.60,3,60.0000,False,True,0.5273,65,76.76,127.616,in_progress,0.00

SIM_TRACE_LOG:5,12,2.2479,4.1045,-54.0056,30.00,0.60,4,60.0000,False,True,0.5604,65,76.76,127.62,in_progress,0.00

SIM_TRACE_LOG:5,13,2.2600,4.0952,-52.9279,0.00,0.60,2,60.0000,False,True,0.5798,65,76.76,127.743,in_progress,0.00

SIM_TRACE_LOG:5,14,2.3331,4.0320,-48.8142,30.00,0.60,4,60.0000,False,True,0.7002,66,76.76,127.771,in_progress,0.00

SIM_TRACE_LOG:5,15,2.3368,4.0266,-49.0481,0.00,0.60,2,60.0000,False,True,0.7076,66,76.76,127.819,in_progress,0.00

SIM_TRACE_LOG:5,16,2.3743,3.9958,-47.1407,30.00,0.60,4,60.0000,False,True,0.7686,66,76.76,127.899,in_progress,0.00

SIM_TRACE_LOG:5,17,2.4122,3.9694,-44.8332,-15.00,0.60,1,60.0000,False,True,0.8276,66,76.76,128.002,in_progress,0.00

SIM_TRACE_LOG:5,18,2.4441,3.9450,-43.5626,15.00,0.60,3,60.0000,False,True,0.8785,66,76.76,128.05,in_progress,0.00

SIM_TRACE_LOG:5,19,2.4837,3.9005,-44.6872,0.00,0.60,2,60.0000,False,True,0.9324,66,76.76,128.112,in_progress,0.00

SIM_TRACE_LOG:5,20,2.4980,3.8893,-44.1616,-15.00,0.60,1,60.0000,False,True,0.9551,66,76.76,128.199,in_progress,0.00

SIM_TRACE_LOG:5,21,2.5436,3.8448,-44.2961,15.00,0.60,3,60.0000,False,True,1.0312,66,76.76,128.238,in_progress,0.00

SIM_TRACE_LOG:5,22,2.5802,3.8096,-44.2330,-30.00,0.60,0,60.0000,False,True,1.0922,67,76.76,128.315,in_progress,0.00

SIM_TRACE_LOG:5,23,2.6147,3.7722,-44.7375,30.00,0.60,4,60.0000,False,True,1.1515,67,76.76,128.391,in_progress,0.00

SIM_TRACE_LOG:5,24,2.6478,3.7277,-46.6382,-30.00,0.60,0,60.0000,False,True,1.2125,67,76.76,128.474,in_progress,0.00

SIM_TRACE_LOG:5,25,2.6652,3.7095,-46.5933,-30.00,0.60,0,60.0000,False,True,1.2421,67,76.76,128.542,in_progress,0.00

SIM_TRACE_LOG:5,26,2.7132,3.6053,-54.3096,15.00,0.60,3,40.0000,False,True,1.3343,67,76.76,128.667,in_progress,0.00

SIM_TRACE_LOG:5,27,2.7199,3.5849,-55.9515,-15.00,0.60,1,40.0000,False,True,1.3513,67,76.76,128.711,in_progress,0.00

SIM_TRACE_LOG:5,28,2.7433,3.5295,-58.5305,15.00,0.60,3,40.0000,False,True,1.4041,67,76.76,128.804,in_progress,0.00

SIM_TRACE_LOG:5,29,2.7553,3.4998,-59.8110,0.00,0.60,2,20.0000,False,False,1.4318,67,76.76,128.887,in_progress,0.00

SIM_TRACE_LOG:5,30,2.7892,3.4525,-58.5439,30.00,0.60,4,20.0000,False,False,1.4939,68,76.76,128.941,in_progress,0.00

SIM_TRACE_LOG:5,31,2.8295,3.4114,-55.6934,15.00,0.60,3,20.0000,False,False,1.5612,68,76.76,129.026,in_progress,0.00

SIM_TRACE_LOG:5,32,2.8771,3.3803,-50.6387,15.00,0.60,3,20.0000,False,False,1.6332,68,76.76,129.118,in_progress,0.00

SIM_TRACE_LOG:5,33,2.9055,3.3658,-47.5541,-30.00,0.60,0,20.0000,False,False,1.7075,68,76.76,129.17,in_progress,0.00

SIM_TRACE_LOG:5,34,2.9327,3.3498,-45.2761,30.00,0.60,4,20.0000,False,False,1.7481,68,76.76,129.245,in_progress,0.00

SIM_TRACE_LOG:5,35,3.0042,3.3084,-40.5444,15.00,0.60,3,20.0000,False,False,1.8546,68,76.76,129.311,in_progress,0.00

SIM_TRACE_LOG:5,36,3.0562,3.2931,-35.3240,-15.00,0.60,1,20.0000,False,False,1.9249,69,76.76,129.388,in_progress,0.00

SIM_TRACE_LOG:5,37,3.0672,3.2905,-34.2378,-15.00,0.60,1,20.0000,False,False,1.9394,69,76.76,129.405,in_progress,0.00

SIM_TRACE_LOG:5,38,3.1021,3.2735,-32.9727,0.00,0.60,2,20.0000,False,False,2.1941,69,76.76,129.462,in_progress,0.00

SIM_TRACE_LOG:5,39,3.1825,3.2278,-31.7811,30.00,0.60,4,20.0000,False,False,2.3136,70,76.76,129.598,in_progress,0.00

SIM_TRACE_LOG:5,40,3.1896,3.2237,-31.7767,-30.00,0.60,0,20.0000,False,False,2.3243,70,76.76,129.61,in_progress,0.00

SIM_TRACE_LOG:5,41,3.2197,3.2075,-31.3233,30.00,0.60,4,20.0000,False,False,2.5615,70,76.76,129.659,in_progress,0.00

SIM_TRACE_LOG:5,42,3.2926,3.1758,-28.8251,-30.00,0.60,0,20.0000,False,False,2.6533,71,76.76,129.769,in_progress,0.00

SIM_TRACE_LOG:5,43,3.3101,3.1707,-27.7518,-15.00,0.60,1,20.0000,False,False,2.6728,71,76.76,129.798,in_progress,0.00

SIM_TRACE_LOG:5,44,3.3399,3.1510,-28.6008,-30.00,0.60,0,20.0000,False,False,2.7172,71,76.76,129.874,in_progress,0.00

SIM_TRACE_LOG:5,45,3.3846,3.1133,-31.2390,15.00,0.60,3,20.0000,False,False,2.9984,71,76.76,129.978,in_progress,0.00

SIM_TRACE_LOG:5,46,3.4242,3.0784,-33.4524,0.00,0.60,2,20.0000,False,False,3.0595,72,76.76,130.023,in_progress,0.00

SIM_TRACE_LOG:5,47,3.4766,3.0522,-31.8082,-15.00,0.60,1,20.0000,False,False,3.1160,72,76.76,130.11,in_progress,0.00

SIM_TRACE_LOG:5,48,3.5372,3.0121,-32.2891,0.00,0.60,2,20.0000,False,False,3.3419,72,76.76,130.221,in_progress,0.00

SIM_TRACE_LOG:5,49,3.5542,3.0002,-32.5506,-30.00,0.60,0,20.0000,False,False,3.3592,72,76.76,130.32,in_progress,0.00

SIM_TRACE_LOG:5,50,3.6413,2.9381,-33.9740,0.00,0.60,2,40.0000,False,True,3.4494,73,76.76,130.41,in_progress,0.00

SIM_TRACE_LOG:5,51,3.6825,2.8975,-36.3620,30.00,0.60,4,40.0000,False,True,3.5067,73,76.76,130.467,in_progress,0.00

SIM_TRACE_LOG:5,52,3.7286,2.8737,-34.5252,-30.00,0.60,0,40.0000,False,True,3.5425,73,76.76,130.564,in_progress,0.00

SIM_TRACE_LOG:5,53,3.7506,2.8636,-33.4970,15.00,0.60,3,40.0000,False,True,3.5581,73,76.76,130.6,in_progress,0.00

SIM_TRACE_LOG:5,54,3.7823,2.8450,-33.0450,-30.00,0.60,0,40.0000,False,True,3.5857,73,76.76,130.665,in_progress,0.00

SIM_TRACE_LOG:5,55,3.8568,2.7964,-33.2732,-15.00,0.60,1,40.0000,False,True,3.6888,73,76.76,130.743,in_progress,0.00

SIM_TRACE_LOG:5,56,3.8648,2.7871,-34.1385,0.00,0.60,2,40.0000,False,True,3.6985,73,76.76,130.857,in_progress,0.00

SIM_TRACE_LOG:5,57,3.9064,2.7440,-36.9218,-30.00,0.60,0,40.0000,False,True,3.7426,73,76.76,130.88,in_progress,0.00

SIM_TRACE_LOG:5,58,3.9369,2.7060,-39.5293,-30.00,0.60,0,60.0000,False,True,3.7831,73,76.76,130.975,in_progress,0.00

SIM_TRACE_LOG:5,59,3.9557,2.6749,-42.3830,-30.00,0.60,0,60.0000,False,True,3.8178,73,76.76,131.007,in_progress,0.00

SIM_TRACE_LOG:5,60,3.9745,2.6430,-45.0146,-30.00,0.60,0,60.0000,False,True,3.8536,74,76.76,131.124,in_progress,0.00

SIM_TRACE_LOG:5,61,4.0039,2.5345,-56.8443,-30.00,0.60,0,60.0000,False,True,3.9844,74,76.76,131.231,in_progress,0.00

SIM_TRACE_LOG:5,62,4.0039,2.5345,-56.8443,30.00,0.60,4,60.0000,False,True,3.9844,74,76.76,131.33,in_progress,0.00

SIM_TRACE_LOG:5,63,4.0456,2.4500,-58.8947,15.00,0.60,3,60.0000,False,True,4.0158,74,76.76,131.357,in_progress,0.00

SIM_TRACE_LOG:5,64,4.0648,2.4252,-58.0210,-15.00,0.60,1,60.0000,False,True,4.0325,74,76.76,131.428,in_progress,0.00

SIM_TRACE_LOG:5,65,4.0864,2.3939,-57.6169,30.00,0.60,4,60.0000,False,True,4.0555,74,76.76,131.496,in_progress,0.00

SIM_TRACE_LOG:5,66,4.1659,2.3139,-52.3034,0.00,0.60,2,60.0000,False,True,4.0997,74,76.76,131.631,in_progress,0.00

SIM_TRACE_LOG:5,67,4.1874,2.2990,-50.3550,-30.00,0.60,0,60.0000,False,True,4.1040,74,76.76,131.663,in_progress,0.00

SIM_TRACE_LOG:5,68,4.1951,2.2919,-49.9139,-15.00,0.60,1,60.0000,False,True,4.1076,74,76.76,131.694,in_progress,0.00

SIM_TRACE_LOG:5,69,4.2171,2.2667,-49.7013,-30.00,0.60,0,60.0000,False,True,4.1232,74,76.76,131.79,in_progress,0.00

SIM_TRACE_LOG:5,70,4.2546,2.2129,-51.1272,15.00,0.60,3,60.0000,False,True,4.1627,74,76.76,131.852,in_progress,0.00

SIM_TRACE_LOG:5,71,4.2698,2.1880,-52.0783,15.00,0.60,3,60.0000,False,True,4.1823,74,76.76,131.927,in_progress,0.00

SIM_TRACE_LOG:5,72,4.2984,2.1596,-50.8495,-15.00,0.60,1,60.0000,False,True,4.1977,74,76.76,131.939,in_progress,0.00

SIM_TRACE_LOG:5,73,4.3339,2.1021,-52.9618,-30.00,0.60,0,40.0000,False,False,4.2426,75,76.76,132.039,in_progress,0.00

SIM_TRACE_LOG:5,74,4.3446,2.0717,-55.3097,30.00,0.60,4,40.0000,False,False,4.2713,75,76.76,132.086,in_progress,0.00

SIM_TRACE_LOG:5,75,4.3711,2.0184,-57.2090,-15.00,0.60,1,40.0000,False,False,4.3167,75,76.76,132.169,in_progress,0.00

SIM_TRACE_LOG:5,76,4.3735,2.0158,-57.0001,-30.00,0.60,0,40.0000,False,False,4.3183,75,76.76,132.242,in_progress,0.00

SIM_TRACE_LOG:5,77,4.3985,1.9624,-58.9628,15.00,0.60,3,40.0000,False,False,4.3648,75,76.76,132.291,in_progress,0.00

SIM_TRACE_LOG:5,78,4.4284,1.9020,-60.1629,-15.00,0.60,1,40.0000,True,False,4.4073,75,76.76,132.358,off_track,0.00

[s3] Successfully uploaded metrics to                  s3 bucket base-bucket-1f3pfk38sjoqu with s3 key first-model/metrics/TrainingMetrics_5.json.
Training> Name=main_level/agent, Worker=0, Episode=6, Total reward=3440.0, Steps=371, Training iteration=0
Reset agent
Reset agent finished
[s3] Successfully uploaded simtrace_training to              s3 bucket base-bucket-1f3pfk38sjoqu with s3 key first-model/5/training-simtrace/1-iteration.csv.
[s3] Successfully downloaded 2_Step-2411.ckpt.data-00000-of-00001 from                  s3 key first-model/model/2_Step-2411.ckpt.data-00000-of-00001 to local checkpoint_robomaker/agent/2_Step-2411.ckpt.data-00000-of-00001.
[s3] Successfully downloaded 2_Step-2411.ckpt.index from                  s3 key first-model/model/2_Step-2411.ckpt.index to local checkpoint_robomaker/agent/2_Step-2411.ckpt.index.
[s3] Successfully downloaded 2_Step-2411.ckpt.meta from                  s3 key first-model/model/2_Step-2411.ckpt.meta to local checkpoint_robomaker/agent/2_Step-2411.ckpt.meta.
[s3] Successfully downloaded .ready from                  s3 key first-model/model/.ready to local checkpoint_robomaker/agent/.ready.
Checkpoint> Restoring from path=./checkpoint_robomaker/agent/2_Step-2411.ckpt
Reset agent
Reset agent finished
SIM_TRACE_LOG:6,1,3.3258,1.8484,-140.0487,0.00,0.60,2,0.0000,False,True,0.1826,77,76.76,147.058,prepare,0.00

SIM_TRACE_LOG:6,2,3.3264,1.8487,-140.0121,-15.00,0.60,1,60.0000,False,True,0.1817,77,76.76,147.185,in_progress,0.00

SIM_TRACE_LOG:6,3,3.3123,1.8413,-140.8901,-30.00,0.60,0,40.0000,False,True,0.2025,77,76.76,147.205,in_progress,0.00

SIM_TRACE_LOG:6,4,3.3014,1.8361,-141.6515,0.00,0.60,2,40.0000,False,True,0.2182,77,76.76,147.247,in_progress,0.00

SIM_TRACE_LOG:6,5,3.2853,1.8260,-142.1908,15.00,0.60,3,40.0000,False,True,0.2429,77,76.76,147.285,in_progress,0.00

SIM_TRACE_LOG:6,6,3.2690,1.8051,-140.6440,0.00,0.60,2,60.0000,False,True,0.2750,77,76.76,147.404,in_progress,0.00

SIM_TRACE_LOG:6,7,3.2364,1.7635,-138.0541,-30.00,0.60,0,60.0000,False,True,0.3389,77,76.76,147.525,in_progress,0.00

SIM_TRACE_LOG:6,8,3.1477,1.6972,-140.5963,0.00,0.60,2,60.0000,False,True,0.4822,78,76.76,147.592,in_progress,0.00

SIM_TRACE_LOG:6,9,3.1258,1.6887,-142.4355,0.00,0.60,2,60.0000,False,True,0.5124,78,76.76,147.64,in_progress,0.00

SIM_TRACE_LOG:6,10,3.0851,1.6562,-142.1416,30.00,0.60,4,60.0000,False,True,0.5796,78,76.76,147.689,in_progress,0.00

SIM_TRACE_LOG:6,11,3.0739,1.6447,-141.6462,30.00,0.60,4,60.0000,False,True,0.5898,78,76.76,147.723,in_progress,0.00

SIM_TRACE_LOG:6,12,3.0375,1.6038,-139.4991,15.00,0.60,3,60.0000,False,True,0.6533,78,76.76,147.809,in_progress,0.00

SIM_TRACE_LOG:6,13,3.0170,1.5795,-138.2843,-15.00,0.60,1,60.0000,False,True,0.6897,78,76.76,147.886,in_progress,0.00

SIM_TRACE_LOG:6,14,2.9688,1.5361,-138.0549,15.00,0.60,3,60.0000,False,True,0.7687,78,76.76,147.951,in_progress,0.00

SIM_TRACE_LOG:6,15,2.9504,1.5233,-138.8278,-30.00,0.60,0,60.0000,False,True,0.7970,79,76.76,148.026,in_progress,0.00

SIM_TRACE_LOG:6,16,2.9126,1.4989,-140.2604,0.00,0.60,2,60.0000,False,True,0.8545,79,76.76,148.115,in_progress,0.00

SIM_TRACE_LOG:6,17,2.8592,1.4553,-140.2865,-30.00,0.60,0,60.0000,False,True,0.9400,79,76.76,148.166,in_progress,0.00

SIM_TRACE_LOG:6,18,2.8443,1.4410,-139.8964,15.00,0.60,3,60.0000,False,True,0.9649,79,76.76,148.167,in_progress,0.00

SIM_TRACE_LOG:6,19,2.8220,1.4193,-139.3102,15.00,0.60,3,60.0000,False,True,0.9757,79,76.76,148.251,in_progress,0.00

SIM_TRACE_LOG:6,20,2.7977,1.3784,-135.7714,30.00,0.60,4,60.0000,False,True,1.0060,79,76.76,148.313,in_progress,0.00

SIM_TRACE_LOG:6,21,2.7771,1.3357,-131.9329,0.00,0.60,2,60.0000,False,True,1.0434,79,76.76,148.377,in_progress,0.00

SIM_TRACE_LOG:6,22,2.7560,1.3013,-130.1963,30.00,0.60,4,60.0000,False,True,1.0792,79,76.76,148.452,in_progress,0.00

SIM_TRACE_LOG:6,23,2.7257,1.2605,-129.4223,-30.00,0.60,0,60.0000,False,True,1.1284,79,76.76,148.515,in_progress,0.00

SIM_TRACE_LOG:6,24,2.6888,1.2165,-129.5856,30.00,0.60,4,60.0000,False,True,1.1869,80,76.76,148.598,in_progress,0.00

SIM_TRACE_LOG:6,25,2.6808,1.2105,-130.2795,15.00,0.60,3,60.0000,False,True,1.1986,80,76.76,148.692,in_progress,0.00

SIM_TRACE_LOG:6,26,2.6473,1.1551,-127.8293,15.00,0.60,3,60.0000,False,True,1.2559,80,76.76,148.704,in_progress,0.00

SIM_TRACE_LOG:6,27,2.6331,1.1189,-125.2241,-15.00,0.60,1,60.0000,False,True,1.2834,80,76.76,148.759,in_progress,0.00

SIM_TRACE_LOG:6,28,2.5810,1.0313,-123.6508,15.00,0.60,3,60.0000,False,True,1.3677,80,76.76,148.907,in_progress,0.00

SIM_TRACE_LOG:6,29,2.5713,1.0170,-123.7692,0.00,0.60,2,60.0000,False,True,1.3677,80,76.76,148.936,in_progress,0.00

SIM_TRACE_LOG:6,30,2.5450,0.9669,-122.4457,30.00,0.60,4,40.0000,False,False,1.3677,80,76.76,149.022,in_progress,0.00

SIM_TRACE_LOG:6,31,2.5201,0.8808,-117.0455,30.00,0.60,4,40.0000,False,False,1.3677,80,76.76,149.149,in_progress,0.00

SIM_TRACE_LOG:6,32,2.5187,0.8650,-115.5800,-15.00,0.60,1,40.0000,False,False,1.3699,80,76.76,149.173,in_progress,0.00

SIM_TRACE_LOG:6,33,2.5152,0.8394,-113.5873,0.00,0.60,2,40.0000,False,False,1.3763,80,76.76,149.21,in_progress,0.00

SIM_TRACE_LOG:6,34,2.5052,0.7978,-111.8342,-15.00,0.60,1,40.0000,False,False,1.3922,80,76.76,149.259,in_progress,0.00

SIM_TRACE_LOG:6,35,2.4955,0.7699,-111.4221,-15.00,0.60,1,40.0000,False,False,1.4067,80,76.76,149.425,in_progress,0.00

SIM_TRACE_LOG:6,36,2.4232,0.6542,-116.3507,-30.00,0.60,0,40.0000,True,False,1.5089,80,76.76,149.439,off_track,0.00

[s3] Successfully uploaded metrics to                  s3 bucket base-bucket-1f3pfk38sjoqu with s3 key first-model/metrics/TrainingMetrics_5.json.
Training> Name=main_level/agent, Worker=0, Episode=7, Total reward=1900.0, Steps=407, Training iteration=0
Reset agent
Reset agent finished
SIM_TRACE_LOG:7,1,-0.4076,1.8781,165.1570,0.00,0.60,2,0.0000,False,True,0.1825,90,76.76,149.68,prepare,0.00

SIM_TRACE_LOG:7,2,-0.4075,1.8781,165.1559,30.00,0.60,4,40.0000,False,True,0.1824,90,76.76,149.745,in_progress,0.00

SIM_TRACE_LOG:7,3,-0.4207,1.8748,166.3822,-30.00,0.60,0,60.0000,False,True,0.1978,90,76.76,149.84,in_progress,0.00

SIM_TRACE_LOG:7,4,-0.4266,1.8719,167.4821,-15.00,0.60,1,60.0000,False,True,0.2044,90,76.76,149.901,in_progress,0.00

SIM_TRACE_LOG:7,5,-0.4575,1.8728,168.8293,30.00,0.60,4,60.0000,False,True,0.2435,90,76.76,149.953,in_progress,0.00

SIM_TRACE_LOG:7,6,-0.4766,1.8758,168.9389,-30.00,0.60,0,60.0000,False,True,0.2686,90,76.76,149.991,in_progress,0.00

SIM_TRACE_LOG:7,7,-0.5331,1.8842,169.4415,-30.00,0.60,0,60.0000,False,True,0.3426,90,76.76,150.095,in_progress,0.00

SIM_TRACE_LOG:7,8,-0.5546,1.8918,168.6049,30.00,0.60,4,60.0000,False,True,0.3721,90,76.76,150.149,in_progress,0.00

SIM_TRACE_LOG:7,9,-0.5810,1.9049,166.6126,0.00,0.60,2,60.0000,False,True,0.4098,90,76.76,150.211,in_progress,0.00

SIM_TRACE_LOG:7,10,-0.6454,1.9258,165.3407,-30.00,0.60,0,60.0000,False,True,0.4978,91,76.76,150.248,in_progress,0.00

SIM_TRACE_LOG:7,11,-0.7222,1.9552,163.4198,-30.00,0.60,0,60.0000,False,True,0.6044,91,76.76,150.398,in_progress,0.00

SIM_TRACE_LOG:7,12,-0.7504,1.9695,162.0249,-30.00,0.60,0,40.0000,False,True,0.6446,91,76.76,150.45,in_progress,0.00

SIM_TRACE_LOG:7,13,-0.7587,1.9742,161.5407,30.00,0.60,4,40.0000,False,True,0.6567,91,76.76,150.465,in_progress,0.00

SIM_TRACE_LOG:7,14,-0.7958,1.9875,161.3060,15.00,0.60,3,40.0000,False,True,0.7080,91,76.76,150.509,in_progress,0.00

SIM_TRACE_LOG:7,15,-0.8339,1.9888,163.9411,-30.00,0.60,0,60.0000,False,True,0.7563,91,76.76,150.58,in_progress,0.00

SIM_TRACE_LOG:7,16,-0.8702,1.9893,166.3141,0.00,0.60,2,60.0000,False,True,0.8019,91,76.76,150.679,in_progress,0.00

SIM_TRACE_LOG:7,17,-0.9061,1.9951,166.9673,-30.00,0.60,0,60.0000,False,True,0.8490,91,76.76,150.757,in_progress,0.00

SIM_TRACE_LOG:7,18,-0.9903,2.0111,167.6267,-30.00,0.60,0,60.0000,False,True,0.9603,92,76.76,150.813,in_progress,0.00

SIM_TRACE_LOG:7,19,-1.0074,2.0164,167.2304,-30.00,0.60,0,60.0000,False,True,0.9836,92,76.76,150.864,in_progress,0.00

SIM_TRACE_LOG:7,20,-1.0548,2.0417,164.0089,-15.00,0.60,1,60.0000,False,True,1.0519,92,76.76,150.962,in_progress,0.00

SIM_TRACE_LOG:7,21,-1.1099,2.0816,158.8499,-30.00,0.60,0,40.0000,False,True,1.1364,92,76.76,151.016,in_progress,0.00

SIM_TRACE_LOG:7,22,-1.1317,2.1019,156.1840,30.00,0.60,4,40.0000,False,True,1.1728,92,76.76,151.098,in_progress,0.00

SIM_TRACE_LOG:7,23,-1.1743,2.1471,150.6879,-30.00,0.60,0,40.0000,False,True,1.2465,92,76.76,151.146,in_progress,0.00

SIM_TRACE_LOG:7,24,-1.1964,2.1659,149.3739,0.00,0.60,2,40.0000,False,True,1.2825,93,76.76,151.205,in_progress,0.00

SIM_TRACE_LOG:7,25,-1.2637,2.2099,148.6853,-15.00,0.60,1,40.0000,False,True,1.3853,93,76.76,151.302,in_progress,0.00

SIM_TRACE_LOG:7,26,-1.2926,2.2262,148.9875,30.00,0.60,4,40.0000,False,True,1.4283,93,76.76,151.36,in_progress,0.00

SIM_TRACE_LOG:7,27,-1.3055,2.2355,148.5253,-30.00,0.60,0,40.0000,False,True,1.4920,93,76.76,151.407,in_progress,0.00

SIM_TRACE_LOG:7,28,-1.3780,2.2758,149.1916,30.00,0.60,4,40.0000,False,True,1.5942,93,76.76,151.504,in_progress,0.00

SIM_TRACE_LOG:7,29,-1.3887,2.2826,149.0637,-30.00,0.60,0,40.0000,False,True,1.6102,93,76.76,151.551,in_progress,0.00

SIM_TRACE_LOG:7,30,-1.4283,2.3066,149.1920,0.00,0.60,2,40.0000,False,True,1.6680,94,76.76,151.619,in_progress,0.00

SIM_TRACE_LOG:7,31,-1.4783,2.3378,148.9311,15.00,0.60,3,40.0000,False,True,1.7418,94,76.76,151.678,in_progress,0.00

SIM_TRACE_LOG:7,32,-1.5304,2.3557,151.6452,-30.00,0.60,0,60.0000,False,True,1.8046,94,76.76,151.752,in_progress,0.00

SIM_TRACE_LOG:7,33,-1.5304,2.3557,151.6452,-15.00,0.60,1,60.0000,False,True,1.8046,94,76.76,151.77,in_progress,0.00

SIM_TRACE_LOG:7,34,-1.5881,2.3869,151.5374,15.00,0.60,3,60.0000,False,True,1.8617,94,76.76,151.822,in_progress,0.00

SIM_TRACE_LOG:7,35,-1.6248,2.4071,151.4691,30.00,0.60,4,60.0000,False,True,1.8995,94,76.76,151.924,in_progress,0.00

SIM_TRACE_LOG:7,36,-1.6547,2.4147,153.2027,15.00,0.60,3,60.0000,False,True,1.9193,94,76.76,152.031,in_progress,0.00

SIM_TRACE_LOG:7,37,-1.7418,2.4252,159.5379,-30.00,0.60,0,60.0000,False,True,1.9622,94,76.76,152.098,in_progress,0.00

SIM_TRACE_LOG:7,38,-1.7597,2.4270,160.7808,30.00,0.60,4,60.0000,False,True,1.9705,94,76.76,152.127,in_progress,0.00

SIM_TRACE_LOG:7,39,-1.8050,2.4370,162.0363,15.00,0.60,3,60.0000,False,True,1.9985,94,76.76,152.192,in_progress,0.00

SIM_TRACE_LOG:7,40,-1.8845,2.4444,165.9063,30.00,0.60,4,60.0000,False,True,2.0348,94,76.76,152.309,in_progress,0.00

SIM_TRACE_LOG:7,41,-1.9062,2.4420,167.7679,-15.00,0.60,1,60.0000,False,True,2.0392,94,76.76,152.342,in_progress,0.00

SIM_TRACE_LOG:7,42,-1.9785,2.4493,169.3803,0.00,0.60,2,60.0000,False,True,2.0730,95,76.76,152.455,in_progress,0.00

SIM_TRACE_LOG:7,43,-1.9955,2.4542,169.0134,-15.00,0.60,1,60.0000,False,True,2.0849,95,76.76,152.489,in_progress,0.00

SIM_TRACE_LOG:7,44,-2.0530,2.4768,166.5225,-30.00,0.60,0,60.0000,False,True,2.1330,95,76.76,152.576,in_progress,0.00

SIM_TRACE_LOG:7,45,-2.0696,2.4852,165.4608,0.00,0.60,2,60.0000,False,True,2.1491,95,76.76,152.593,in_progress,0.00

SIM_TRACE_LOG:7,46,-2.1149,2.5018,164.3306,-15.00,0.60,1,60.0000,False,True,2.1855,95,76.76,152.68,in_progress,0.00

SIM_TRACE_LOG:7,47,-2.1519,2.5109,164.6872,30.00,0.60,4,40.0000,False,False,2.2094,95,76.76,152.74,in_progress,0.00

SIM_TRACE_LOG:7,48,-2.1865,2.5195,164.7483,0.00,0.60,2,40.0000,False,False,2.2321,95,76.76,152.796,in_progress,0.00

SIM_TRACE_LOG:7,49,-2.2460,2.5290,166.2104,0.00,0.60,2,40.0000,False,False,2.2466,95,76.76,152.89,in_progress,0.00

SIM_TRACE_LOG:7,50,-2.2692,2.5322,166.8118,-30.00,0.60,0,40.0000,False,False,2.2466,95,76.76,152.936,in_progress,0.00

SIM_TRACE_LOG:7,51,-2.3130,2.5404,167.3013,0.00,0.60,2,40.0000,False,False,2.2466,95,76.76,152.994,in_progress,0.00

SIM_TRACE_LOG:7,52,-2.3545,2.5475,167.7693,30.00,0.60,4,40.0000,False,False,2.2466,95,76.76,153.059,in_progress,0.00

SIM_TRACE_LOG:7,53,-2.4085,2.5462,170.7259,30.00,0.60,4,40.0000,True,False,2.2466,95,76.76,153.2,off_track,0.00

[s3] Successfully uploaded metrics to                  s3 bucket base-bucket-1f3pfk38sjoqu with s3 key first-model/metrics/TrainingMetrics_5.json.
Training> Name=main_level/agent, Worker=0, Episode=8, Total reward=2680.0, Steps=460, Training iteration=0
Reset agent
Reset agent finished
SIM_TRACE_LOG:8,1,-0.6964,4.6407,67.0528,30.00,0.60,4,0.0000,False,True,0.1827,102,76.76,153.455,prepare,0.00

SIM_TRACE_LOG:8,2,-0.6964,4.6403,67.0129,30.00,0.60,4,60.0000,False,True,0.1822,102,76.76,153.503,in_progress,0.00

SIM_TRACE_LOG:8,3,-0.6958,4.6422,66.9833,15.00,0.60,3,60.0000,False,True,0.1848,102,76.76,153.537,in_progress,0.00

SIM_TRACE_LOG:8,4,-0.6955,4.6612,68.6876,-30.00,0.60,0,60.0000,False,True,0.2078,103,76.76,153.718,in_progress,0.00

SIM_TRACE_LOG:8,5,-0.6562,4.7218,65.3211,30.00,0.60,4,60.0000,False,True,0.3005,103,76.76,153.767,in_progress,0.00

SIM_TRACE_LOG:8,6,-0.6519,4.7254,64.5879,-30.00,0.60,0,60.0000,False,True,0.3070,103,76.76,153.776,in_progress,0.00

SIM_TRACE_LOG:8,7,-0.6373,4.7433,63.3614,15.00,0.60,3,60.0000,False,True,0.3358,103,76.76,153.814,in_progress,0.00

SIM_TRACE_LOG:8,8,-0.6164,4.7833,63.2005,-15.00,0.60,1,60.0000,False,True,0.3853,103,76.76,153.886,in_progress,0.00

SIM_TRACE_LOG:8,9,-0.5836,4.8626,64.5490,0.00,0.60,2,60.0000,False,True,0.4903,103,76.76,154.013,in_progress,0.00

SIM_TRACE_LOG:8,10,-0.5765,4.8786,64.6208,0.00,0.60,2,60.0000,False,True,0.5115,103,76.76,154.041,in_progress,0.00

SIM_TRACE_LOG:8,11,-0.5631,4.9200,65.8962,-15.00,0.60,1,60.0000,False,True,0.5661,103,76.76,154.108,in_progress,0.00

SIM_TRACE_LOG:8,12,-0.5473,4.9675,67.0305,30.00,0.60,4,60.0000,False,True,0.6288,104,76.76,154.177,in_progress,0.00

SIM_TRACE_LOG:8,13,-0.5435,4.9776,67.0798,30.00,0.60,4,60.0000,False,True,0.6421,104,76.76,154.198,in_progress,0.00

SIM_TRACE_LOG:8,14,-0.5346,5.0440,70.9686,15.00,0.60,3,60.0000,False,True,0.7289,104,76.76,154.289,in_progress,0.00

SIM_TRACE_LOG:8,15,-0.5362,5.0649,73.0677,30.00,0.60,4,60.0000,False,True,0.7561,104,76.76,154.293,in_progress,0.00

SIM_TRACE_LOG:8,16,-0.5492,5.1337,80.4179,-30.00,0.60,0,60.0000,False,True,0.8113,104,76.76,154.414,in_progress,0.00

SIM_TRACE_LOG:8,17,-0.5548,5.1564,82.8690,-15.00,0.60,1,60.0000,False,True,0.8418,104,76.76,154.502,in_progress,0.00

SIM_TRACE_LOG:8,18,-0.5508,5.2392,84.2150,15.00,0.60,3,60.0000,False,True,0.9441,104,76.76,154.563,in_progress,0.00

SIM_TRACE_LOG:8,19,-0.5612,5.3239,88.2573,0.00,0.60,2,60.0000,False,True,1.0539,105,76.76,154.689,in_progress,0.00

SIM_TRACE_LOG:8,20,-0.5655,5.3438,89.4932,0.00,0.60,2,60.0000,False,True,1.0805,105,76.76,154.727,in_progress,0.00

SIM_TRACE_LOG:8,21,-0.5773,5.4200,92.1780,-15.00,0.60,1,60.0000,False,True,1.1625,105,76.76,154.829,in_progress,0.00

SIM_TRACE_LOG:8,22,-0.5805,5.4651,92.5568,0.00,0.60,2,60.0000,False,True,1.1955,105,76.76,154.907,in_progress,0.00

SIM_TRACE_LOG:8,23,-0.5830,5.4944,92.8435,-15.00,0.60,1,60.0000,False,True,1.2308,105,76.76,154.938,in_progress,0.00

SIM_TRACE_LOG:8,24,-0.5853,5.5275,92.9967,30.00,0.60,4,60.0000,False,True,1.2702,105,76.76,155.023,in_progress,0.00

SIM_TRACE_LOG:8,25,-0.5927,5.5804,94.0715,30.00,0.60,4,60.0000,False,True,1.3356,105,76.76,155.119,in_progress,0.00

SIM_TRACE_LOG:8,26,-0.6389,5.6778,102.5148,-15.00,0.60,1,60.0000,False,True,1.4759,106,76.76,155.185,in_progress,0.00

SIM_TRACE_LOG:8,27,-0.6689,5.7291,106.7132,30.00,0.60,4,60.0000,False,True,1.5533,106,76.76,155.294,in_progress,0.00

SIM_TRACE_LOG:8,28,-0.6842,5.7564,108.2575,30.00,0.60,4,60.0000,False,True,1.5548,106,76.76,155.336,in_progress,0.00

SIM_TRACE_LOG:8,29,-0.7015,5.7796,110.4224,15.00,0.60,3,60.0000,False,True,1.5925,106,76.76,155.383,in_progress,0.00

SIM_TRACE_LOG:8,30,-0.7398,5.8191,115.6512,15.00,0.60,3,60.0000,False,True,1.6636,106,76.76,155.452,in_progress,0.00

SIM_TRACE_LOG:8,31,-0.7555,5.8337,117.5812,30.00,0.60,4,60.0000,False,True,1.6910,106,76.76,155.482,in_progress,0.00

SIM_TRACE_LOG:8,32,-0.7795,5.8524,120.6606,-30.00,0.60,0,60.0000,False,True,1.7292,106,76.76,155.571,in_progress,0.00

SIM_TRACE_LOG:8,33,-0.8505,5.9115,127.1360,30.00,0.60,4,60.0000,False,True,1.8461,107,76.76,155.646,in_progress,0.00

SIM_TRACE_LOG:8,34,-0.8559,5.9185,127.0493,30.00,0.60,4,60.0000,False,True,1.8576,107,76.76,155.703,in_progress,0.00

SIM_TRACE_LOG:8,35,-0.8972,5.9562,129.3354,30.00,0.60,4,60.0000,False,True,1.9291,107,76.76,155.757,in_progress,0.00

SIM_TRACE_LOG:8,36,-0.9323,5.9772,132.6129,-15.00,0.60,1,60.0000,False,True,1.9466,107,76.76,155.82,in_progress,0.00

SIM_TRACE_LOG:8,37,-0.9597,5.9909,135.3261,15.00,0.60,3,60.0000,False,True,1.9789,107,76.76,155.872,in_progress,0.00

SIM_TRACE_LOG:8,38,-1.0358,6.0273,141.4297,30.00,0.60,4,60.0000,False,True,2.0846,107,76.76,155.95,in_progress,0.00

SIM_TRACE_LOG:8,39,-1.0757,6.0390,145.2382,0.00,0.60,2,60.0000,False,True,2.1337,107,76.76,156.035,in_progress,0.00

SIM_TRACE_LOG:8,40,-1.1199,6.0564,147.7221,0.00,0.60,2,60.0000,False,True,2.1919,108,76.76,156.105,in_progress,0.00

SIM_TRACE_LOG:8,41,-1.1731,6.0917,147.4367,-15.00,0.60,1,60.0000,False,True,2.2743,108,76.76,156.151,in_progress,0.00

SIM_TRACE_LOG:8,42,-1.1887,6.1008,147.6517,-15.00,0.60,1,60.0000,False,True,2.2973,108,76.76,156.221,in_progress,0.00

SIM_TRACE_LOG:8,43,-1.2233,6.1311,146.0456,15.00,0.60,3,60.0000,False,True,2.3391,108,76.76,156.279,in_progress,0.00

SIM_TRACE_LOG:8,44,-1.2552,6.1585,144.8128,15.00,0.60,3,60.0000,False,True,2.3927,108,76.76,156.357,in_progress,0.00

SIM_TRACE_LOG:8,45,-1.2977,6.1816,146.1046,15.00,0.60,3,60.0000,False,True,2.4558,108,76.76,156.418,in_progress,0.00

SIM_TRACE_LOG:8,46,-1.3381,6.1963,148.4763,-30.00,0.60,0,60.0000,False,True,2.5111,108,76.76,156.484,in_progress,0.00

SIM_TRACE_LOG:8,47,-1.3654,6.2063,149.9145,-15.00,0.60,1,60.0000,False,True,2.5485,109,76.76,156.527,in_progress,0.00

SIM_TRACE_LOG:8,48,-1.4424,6.2709,146.0606,-30.00,0.60,0,60.0000,False,True,2.6769,109,76.76,156.681,in_progress,0.00

SIM_TRACE_LOG:8,49,-1.4726,6.3064,143.0917,15.00,0.60,3,60.0000,False,True,2.7300,109,76.76,156.682,in_progress,0.00

SIM_TRACE_LOG:8,50,-1.4853,6.3200,142.2341,15.00,0.60,3,60.0000,False,True,2.7300,109,76.76,156.781,in_progress,0.00

SIM_TRACE_LOG:8,51,-1.5106,6.3372,142.6940,0.00,0.60,2,60.0000,False,True,2.7633,109,76.76,156.828,in_progress,0.00

SIM_TRACE_LOG:8,52,-1.5333,6.3509,143.3408,-30.00,0.60,0,60.0000,False,True,2.7966,109,76.76,156.87,in_progress,0.00

SIM_TRACE_LOG:8,53,-1.5963,6.4090,141.2843,-30.00,0.60,0,60.0000,False,True,2.8960,109,76.76,156.89,in_progress,0.00

SIM_TRACE_LOG:8,54,-1.6166,6.4468,137.3524,30.00,0.60,4,60.0000,False,True,2.9347,110,76.76,157.071,in_progress,0.00

SIM_TRACE_LOG:8,55,-1.6332,6.4747,135.0434,0.00,0.60,2,60.0000,False,True,2.9652,110,76.76,157.118,in_progress,0.00

SIM_TRACE_LOG:8,56,-1.6524,6.4942,134.9500,30.00,0.60,4,60.0000,False,True,2.9962,110,76.76,157.136,in_progress,0.00

SIM_TRACE_LOG:8,57,-1.6775,6.5147,135.7231,30.00,0.60,4,60.0000,False,True,3.0348,110,76.76,157.235,in_progress,0.00

SIM_TRACE_LOG:8,58,-1.7334,6.5422,140.1253,-30.00,0.60,0,60.0000,False,True,3.1147,110,76.76,157.3,in_progress,0.00

SIM_TRACE_LOG:8,59,-1.7524,6.5493,141.9419,0.00,0.60,2,60.0000,False,True,3.1218,110,76.76,157.301,in_progress,0.00

SIM_TRACE_LOG:8,60,-1.7850,6.5731,142.2292,30.00,0.60,4,60.0000,False,True,3.1218,110,76.76,157.397,in_progress,0.00

SIM_TRACE_LOG:8,61,-1.8411,6.6091,143.5790,-30.00,0.60,0,60.0000,False,True,3.1921,110,76.76,157.481,in_progress,0.00

SIM_TRACE_LOG:8,62,-1.8768,6.6323,144.1876,15.00,0.60,3,60.0000,False,True,3.2404,110,76.76,157.553,in_progress,0.00

SIM_TRACE_LOG:8,63,-1.9287,6.6618,145.7372,-30.00,0.60,0,60.0000,False,True,3.3103,110,76.76,157.629,in_progress,0.00

SIM_TRACE_LOG:8,64,-1.9452,6.6677,146.9392,30.00,0.60,4,60.0000,False,True,3.3323,111,76.76,157.666,in_progress,0.00

SIM_TRACE_LOG:8,65,-1.9987,6.6861,150.1017,-15.00,0.60,1,60.0000,False,True,3.4033,111,76.76,157.773,in_progress,0.00

