Starting as worker 4, using world 2022_march_pro and configuration training_params.yaml.
21/08/2023 00:11:37 passing arg to libvncserver: -rfbport
21/08/2023 00:11:37 passing arg to libvncserver: 5900
21/08/2023 00:11:37 x11vnc version: 0.9.13 lastmod: 2011-08-10  pid: 75
21/08/2023 00:11:37 
21/08/2023 00:11:37 wait_for_client: WAIT:0
21/08/2023 00:11:37 
21/08/2023 00:11:37 initialize_screen: fb_depth/fb_bpp/fb_Bpl 24/32/2560
21/08/2023 00:11:37 
21/08/2023 00:11:37 Listening for VNC connections on TCP port 5900
21/08/2023 00:11:37 Listening for VNC connections on TCP6 port 5900
PORT=5900
21/08/2023 00:11:37 listen6: bind: Address already in use
21/08/2023 00:11:37 Not listening on IPv6 interface.
21/08/2023 00:11:37 

The VNC desktop is:      0b6051d96300:0
JWM: warning: /etc/jwm/system.jwmrc[6]: invalid include: /etc/jwm/debian-menu
IP: 10.0.1.18 172.18.0.8 10.0.0.15  (0b6051d96300)
12:11:39 INFO:[DeepRacerNodeMonitor]: NodeMonitor started running
12:11:39 ERROR:[NodeMonitor]: Rosnode threw exception. Master node could be dead
[s3] Successfully downloaded yaml file from s3 key first-model/training_params.yaml to local ./custom_files/training_params.yaml.
World name passed in YAML: 2022_march_pro
{'ALTERNATE_DRIVING_DIRECTION': 'False', 'AWS_REGION': 'us-east-1', 'BEST_MODEL_METRIC': 'progress', 'BODY_SHELL_TYPE': ['deepracer'], 'CAMERA_MAIN_ENABLE': 'True', 'CAMERA_SUB_ENABLE': 'False', 'CAR_COLOR': ['Black'], 'CAR_NAME': 'FastCar', 'CHANGE_START_POSITION': 'True', 'DISPLAY_NAME': 'FastCar', 'ENABLE_DOMAIN_RANDOMIZATION': 'False', 'JOB_TYPE': 'TRAINING', 'KINESIS_VIDEO_STREAM_NAME': '', 'METRICS_S3_BUCKET': ['base-bucket-1f3pfk38sjoqu'], 'METRICS_S3_OBJECT_KEY': ['first-model/metrics/TrainingMetrics.json'], 'MIN_EVAL_TRIALS': '5', 'MODEL_METADATA_FILE_S3_KEY': ['gpi_model_w00/custom_files/model_metadata.json'], 'NUM_WORKERS': '6', 'RACER_NAME': 'FastCar', 'RACE_TYPE': 'TIME_TRIAL', 'REVERSE_DIR': 'False', 'REWARD_FILE_S3_KEY': 'gpi_model_w00/custom_files/reward_function.py', 'ROBOMAKER_SIMULATION_JOB_ACCOUNT_ID': 'Dummy', 'ROUND_ROBIN_ADVANCE_DIST': '0.05', 'SAGEMAKER_SHARED_S3_BUCKET': ['base-bucket-1f3pfk38sjoqu'], 'SAGEMAKER_SHARED_S3_PREFIX': ['first-model'], 'SIMTRACE_S3_BUCKET': 'base-bucket-1f3pfk38sjoqu', 'SIMTRACE_S3_PREFIX': 'first-model', 'START_POSITION_OFFSET': '0.0', 'TRAINING_JOB_ARN': 'arn:Dummy', 'WORLD_NAME': '2022_march_pro'}
[s3] Successfully downloaded model metadata                  from s3 key gpi_model_w00/custom_files/model_metadata.json to local ./custom_files/racecar/model_metadata.json.
Sensor list ['FRONT_FACING_CAMERA'], network DEEP_CONVOLUTIONAL_NETWORK_SHALLOW, simapp_version 5.0, training_algorithm clipped_ppo, action_space_type discrete lidar_config {'num_sectors': 8, 'num_values_per_sector': 8, 'clipping_dist': 2.0}
12:11:43 INFO:[DeepRacerNodeMonitor]: Running nodes are {'/download_params_and_roslaunch_agent_node'}
xacro: in-order processing became default in ROS Melodic. You can drop the option.
... logging to /root/.ros/log/d34fc60e-3fd8-11ee-bfcb-02420a00000f/roslaunch-0b6051d96300-170.log
Checking log directory for disk usage. This may take a while.
Press Ctrl-C to interrupt
Done checking log file disk usage. Usage is <1GB.
]2;/opt/install/deepracer_simulation_environment/share/deepracer_simulation_environment/launch/rollout_rl_agent.launch
[1mstarted roslaunch server http://localhost:43489/[0m

SUMMARY
========

PARAMETERS
 * /ALTERNATE_DRIVING_DIRECTION: False
 * /AWS_REGION: us-east-1
 * /BEST_MODEL_METRIC: progress
 * /BODY_SHELL_TYPE: deepracer
 * /CAMERA_MAIN_ENABLE: True
 * /CAMERA_SUB_ENABLE: False
 * /CAR_COLOR: Black
 * /CAR_NAME: FastCar
 * /CHANGE_START_POSITION: True
 * /DISPLAY_NAME: FastCar
 * /ENABLE_DOMAIN_RANDOMIZATION: False
 * /JOB_TYPE: TRAINING
 * /KINESIS_VIDEO_STREAM_NAME: 
 * /METRICS_S3_BUCKET: base-bucket-1f3pf...
 * /METRICS_S3_OBJECT_KEY: first-model/metri...
 * /MIN_EVAL_TRIALS: 5
 * /MODEL_METADATA_FILE_S3_KEY: gpi_model_w00/cus...
 * /NUM_WORKERS: 6
 * /RACER_NAME: FastCar
 * /RACE_TYPE: TIME_TRIAL
 * /REVERSE_DIR: False
 * /REWARD_FILE_S3_KEY: gpi_model_w00/cus...
 * /ROBOMAKER_SIMULATION_JOB_ACCOUNT_ID: Dummy
 * /ROUND_ROBIN_ADVANCE_DIST: 0.05
 * /SAGEMAKER_SHARED_S3_BUCKET: base-bucket-1f3pf...
 * /SAGEMAKER_SHARED_S3_PREFIX: first-model
 * /SIMTRACE_S3_BUCKET: base-bucket-1f3pf...
 * /SIMTRACE_S3_PREFIX: first-model
 * /START_POSITION_OFFSET: 0.0
 * /TRAINING_JOB_ARN: arn:Dummy
 * /WORLD_NAME: 2022_march_pro
 * /racecar/gazebo_ros_control/pid_gains/left_front_wheel_joint/d: 0.0
 * /racecar/gazebo_ros_control/pid_gains/left_front_wheel_joint/i: 0.0
 * /racecar/gazebo_ros_control/pid_gains/left_front_wheel_joint/i_clamp: 0.0
 * /racecar/gazebo_ros_control/pid_gains/left_front_wheel_joint/p: 0.5
 * /racecar/gazebo_ros_control/pid_gains/left_rear_wheel_joint/d: 0.0
 * /racecar/gazebo_ros_control/pid_gains/left_rear_wheel_joint/i: 0.0
 * /racecar/gazebo_ros_control/pid_gains/left_rear_wheel_joint/i_clamp: 0.0
 * /racecar/gazebo_ros_control/pid_gains/left_rear_wheel_joint/p: 1.0
 * /racecar/gazebo_ros_control/pid_gains/left_steering_hinge_joint/d: 0.5
 * /racecar/gazebo_ros_control/pid_gains/left_steering_hinge_joint/i: 0.0
 * /racecar/gazebo_ros_control/pid_gains/left_steering_hinge_joint/p: 1.0
 * /racecar/gazebo_ros_control/pid_gains/right_front_wheel_joint/d: 0.0
 * /racecar/gazebo_ros_control/pid_gains/right_front_wheel_joint/i: 0.0
 * /racecar/gazebo_ros_control/pid_gains/right_front_wheel_joint/i_clamp: 0.0
 * /racecar/gazebo_ros_control/pid_gains/right_front_wheel_joint/p: 0.5
 * /racecar/gazebo_ros_control/pid_gains/right_rear_wheel_joint/d: 0.0
 * /racecar/gazebo_ros_control/pid_gains/right_rear_wheel_joint/i: 0.0
 * /racecar/gazebo_ros_control/pid_gains/right_rear_wheel_joint/i_clamp: 0.0
 * /racecar/gazebo_ros_control/pid_gains/right_rear_wheel_joint/p: 1.0
 * /racecar/gazebo_ros_control/pid_gains/right_steering_hinge_joint/d: 0.5
 * /racecar/gazebo_ros_control/pid_gains/right_steering_hinge_joint/i: 0.0
 * /racecar/gazebo_ros_control/pid_gains/right_steering_hinge_joint/p: 1.0
 * /racecar/joint_state_controller/publish_rate: 60
 * /racecar/joint_state_controller/type: joint_state_contr...
 * /racecar/left_front_wheel_velocity_controller/joint: left_front_wheel_...
 * /racecar/left_front_wheel_velocity_controller/pid/d: 0.0
 * /racecar/left_front_wheel_velocity_controller/pid/i: 0.0
 * /racecar/left_front_wheel_velocity_controller/pid/i_clamp: 0.0
 * /racecar/left_front_wheel_velocity_controller/pid/p: 0.5
 * /racecar/left_front_wheel_velocity_controller/type: velocity_controll...
 * /racecar/left_rear_wheel_velocity_controller/joint: left_rear_wheel_j...
 * /racecar/left_rear_wheel_velocity_controller/pid/d: 0.0
 * /racecar/left_rear_wheel_velocity_controller/pid/i: 0.0
 * /racecar/left_rear_wheel_velocity_controller/pid/i_clamp: 0.0
 * /racecar/left_rear_wheel_velocity_controller/pid/p: 1.0
 * /racecar/left_rear_wheel_velocity_controller/type: velocity_controll...
 * /racecar/left_steering_hinge_position_controller/joint: left_steering_hin...
12:11:47 INFO:[DeepRacerNodeMonitor]: Running nodes are {'/racecar/controller_manager', '/download_params_and_roslaunch_agent_node', '/racecar/robot_state_publisher'}
12:11:52 INFO:[DeepRacerNodeMonitor]: Running nodes are {'/racecar/robot_state_publisher', '/car_reset_node', '/gazebo', '/racecar/controller_manager', '/download_params_and_roslaunch_agent_node'}
+ export PYTHONUNBUFFERED=1
+ PYTHONUNBUFFERED=1
+ ROLLOUT_IDX=4
+ python3 -m markov.rollout_worker --rollout_idx 4
Publishing to KVS stream is enabled: True
12:11:53 INFO:[DeepRacerNodeMonitor]: Running nodes are {'/racecar/robot_state_publisher', '/car_reset_node', '/gazebo', '/racecar/controller_manager', '/download_params_and_roslaunch_agent_node', '/agents_video_editor'}
[31m[ERROR] [1692591113.998264088, 0.143000000]: GetModelStates: model [racecar] does not exist[0m
 * /racecar/left_st[INFO] [1692591107.692501, 0.000000]: Loading model XML from ros parameter /racecar/robot_description
[INFO] [1692591107.706776, 0.000000]: Waiting for service /gazebo/spawn_urdf_model
[INFO] [1692591113.763795, 0.002000]: Calling service /gazebo/spawn_urdf_model
[INFO] [1692591114.229179, 0.143000]: Spawn status: SpawnModel: Successfully spawned entity
[CameraManager]: Added <markov.cameras.handlers.follow_car_camera.FollowCarCamera object at 0x7f3bcf44ce48> to camera_namespaces racecar
[CameraManager]: Added <markov.cameras.handlers.top_camera.TopCamera object at 0x7f3bcf44c4a8> to camera_namespaces racecar
[CameraManager]: Removed <markov.cameras.handlers.follow_car_camera.FollowCarCamera object at 0x7f3bcf44ce48> from camera_namespaces racecar
[CameraManager]: Removed <markov.cameras.handlers.top_camera.TopCamera object at 0x7f3bcf44c4a8> from camera_namespaces racecar
Pausing physics after initializing the cars
[0m[ INFO] [1692591111.212114615]: DeepRacerGazeboSystemPlugin: Load[0m
[0m[ INFO] [1692591111.215970721]: DeepRacerGazeboSystemPlugin: Finished loading.[0m
[0m[ INFO] [1692591111.374279988]: Finished loading Gazebo ROS API Plugin.[0m
[0m[ INFO] [1692591111.382512847]: waitForService: Service [/gazebo/set_physics_properties] has not been advertised, waiting...[0m
[0m[ INFO] [1692591113.525662483]: DeepRacerGazeboSystemPlugin: Init Complete[0m
[0m[ INFO] [1692591113.657193223]: waitForService: Service [/gazebo/set_physics_properties] is now available.[0m
[0m[ INFO] [1692591113.814470331, 0.009000000]: Physics dynamic reconfigure ready.[0m
[0m[ INFO] [1692591117.238657865, 0.143000000]: Camera Plugin: Using the 'robotNamespace' param: '/racecar/'[0m
[0m[ INFO] [1692591117.241808925, 0.143000000]: Camera Plugin (ns = /racecar/)  <tf_prefix_>, set to "/racecar"[0m
[0m[ INFO] [1692591117.444384343, 0.143000000]: Loading gazebo_ros_control plugin[0m
[0m[ INFO] [1692591117.444470809, 0.143000000]: Starting gazebo_ros_control plugin in namespace: /racecar[0m
[0m[ INFO] [1692591117.445003294, 0.143000000]: gazebo_ros_control plugin is waiting for model URDF in parameter [/racecar/robot_description] on the ROS param server.[0m
[0m[ INFO] [1692591117.762303709, 0.143000000]: Loaded gazebo_ros_control.[0m
Topic [2022_march_pro//racecar/main_camera/camera_link/camera_sensor/image] is not valid.
/usr/local/lib/python3.6/dist-packages/tensorflow/python/framework/dtypes.py:523: FutureWarning: Passing (type, 1) or '1type' as a synonym of type is deprecated; in a future version of numpy, it will be understood as (type, (1,)) / '(1,)type'.
  _np_qint8 = np.dtype([("qint8", np.int8, 1)])
/usr/local/lib/python3.6/dist-packages/tensorflow/python/framework/dtypes.py:524: FutureWarning: Passing (type, 1) or '1type' as a synonym of type is deprecated; in a future version of numpy, it will be understood as (type, (1,)) / '(1,)type'.
  _np_quint8 = np.dtype([("quint8", np.uint8, 1)])
/usr/local/lib/python3.6/dist-packages/tensorflow/python/framework/dtypes.py:525: FutureWarning: Passing (type, 1) or '1type' as a synonym of type is deprecated; in a future version of numpy, it will be understood as (type, (1,)) / '(1,)type'.
  _np_qint16 = np.dtype([("qint16", np.int16, 1)])
/usr/local/lib/python3.6/dist-packages/tensorflow/python/framework/dtypes.py:526: FutureWarning: Passing (type, 1) or '1type' as a synonym of type is deprecated; in a future version of numpy, it will be understood as (type, (1,)) / '(1,)type'.
  _np_quint16 = np.dtype([("quint16", np.uint16, 1)])
/usr/local/lib/python3.6/dist-packages/tensorflow/python/framework/dtypes.py:527: FutureWarning: Passing (type, 1) or '1type' as a synonym of type is deprecated; in a future version of numpy, it will be understood as (type, (1,)) / '(1,)type'.
  _np_qint32 = np.dtype([("qint32", np.int32, 1)])
/usr/local/lib/python3.6/dist-packages/tensorflow/python/framework/dtypes.py:532: FutureWarning: Passing (type, 1) or '1type' as a synonym of type is deprecated; in a future version of numpy, it will be understood as (type, (1,)) / '(1,)type'.
  np_resource = np.dtype([("resource", np.ubyte, 1)])
S3 bucket: base-bucket-1f3pfk38sjoqu
S3 prefix: first-model
S3 endpoint URL: None
[s3] Successfully downloaded reward function from s3 key gpi_model_w00/custom_files/reward_function.py to local                  ./custom_files/agent/customer_reward_function.py.
Succeed to import user's reward function
[CameraManager]: Added <markov.cameras.handlers.follow_car_camera.FollowCarCamera object at 0x7fe17013fe10> to camera_namespaces racecar
[CameraManager]: Added <markov.cameras.handlers.top_camera.TopCamera object at 0x7fe1967f3c18> to camera_namespaces racecar
[s3] Successfully downloaded model metadata                  from s3 key gpi_model_w00/custom_files/model_metadata.json to local ./custom_files/agent/model_metadata.json.
Sensor list ['FRONT_FACING_CAMERA'], network DEEP_CONVOLUTIONAL_NETWORK_SHALLOW, simapp_version 5.0, training_algorithm clipped_ppo, action_space_type discrete lidar_config {'num_sectors': 8, 'num_values_per_sector': 8, 'clipping_dist': 2.0}
Action space from file: [{'steering_angle': -30, 'speed': 0.6}, {'steering_angle': -15, 'speed': 0.6}, {'steering_angle': 0, 'speed': 0.6}, {'steering_angle': 15, 'speed': 0.6}, {'steering_angle': 30, 'speed': 0.6}]
Waiting for SageMaker Redis server IP: Time elapsed: 5 seconds
Waiting for SageMaker Redis server IP: Time elapsed: 10 seconds
Waiting for SageMaker Redis server IP: Time elapsed: 15 seconds
Waiting for SageMaker Redis server IP: Time elapsed: 20 seconds
Waiting for SageMaker Redis server IP: Time elapsed: 25 seconds
[s3] Successfully downloaded ip config from                  s3 key first-model/ip/ip.json to local ./custom_files/ip.json.
[s3] Successfully downloaded hyperparameters from                      s3 key first-model/ip/hyperparameters.json to local ./custom_files/agent/hyperparameters.json.
Using the following hyper-parameters
{
  "batch_size": 64,
  "beta_entropy": 0.01,
  "discount_factor": 0.95,
  "e_greedy_value": 0.05,
  "epsilon_steps": 10000,
  "exploration_type": "categorical",
  "loss_type": "huber",
  "lr": 0.0003,
  "num_episodes_between_training": 20,
  "num_epochs": 10,
  "stack_size": 1,
  "term_cond_avg_score": 35000.0,
  "term_cond_max_episodes": 100000
}
Exception when checking for DEEPRACER_JOB_TYPE_ENV 'LOCAL' is not a valid DeepRacerJobType
s3 failed, retry after 1.0632612285751097 seconds. Re-try count: 1/5: An error occurred (404) when calling the HeadObject operation: Not Found
s3 failed, retry after 4.566011123369581 seconds. Re-try count: 2/5: An error occurred (404) when calling the HeadObject operation: Not Found
s3 failed, retry after 9.08158740483843 seconds. Re-try count: 3/5: An error occurred (404) when calling the HeadObject operation: Not Found
s3 failed, retry after 16.36797082437261 seconds. Re-try count: 4/5: An error occurred (404) when calling the HeadObject operation: Not Found
s3 failed, retry after 25.871450634424985 seconds. Re-try count: 5/5: An error occurred (404) when calling the HeadObject operation: Not Found
s3 failed, retry after 1.9342917413346483 seconds. Re-try count: 1/5: An error occurred (404) when calling the HeadObject operation: Not Found
s3 failed, retry after 4.642776308881553 seconds. Re-try count: 2/5: An error occurred (404) when calling the HeadObject operation: Not Found
s3 failed, retry after 9.250233547413789 seconds. Re-try count: 3/5: An error occurred (404) when calling the HeadObject operation: Not Found
s3 failed, retry after 16.982432692763396 seconds. Re-try count: 4/5: An error occurred (404) when calling the HeadObject operation: Not Found
s3 failed, retry after 25.044942533050545 seconds. Re-try count: 5/5: An error occurred (404) when calling the HeadObject operation: Not Found
s3 failed, retry after 1.489379915572496 seconds. Re-try count: 1/5: An error occurred (404) when calling the HeadObject operation: Not Found
s3 failed, retry after 4.281436523191457 seconds. Re-try count: 2/5: An error occurred (404) when calling the HeadObject operation: Not Found
s3 failed, retry after 9.690283753274022 seconds. Re-try count: 3/5: An error occurred (404) when calling the HeadObject operation: Not Found
s3 failed, retry after 16.551792813578437 seconds. Re-try count: 4/5: An error occurred (404) when calling the HeadObject operation: Not Found
s3 failed, retry after 25.86011198054377 seconds. Re-try count: 5/5: An error occurred (404) when calling the HeadObject operation: Not Found
[s3] Successfully downloaded 0_Step-0.ckpt.data-00000-of-00001 from                  s3 key first-model/model/0_Step-0.ckpt.data-00000-of-00001 to local checkpoint_robomaker/agent/0_Step-0.ckpt.data-00000-of-00001.
[s3] Successfully downloaded 0_Step-0.ckpt.index from                  s3 key first-model/model/0_Step-0.ckpt.index to local checkpoint_robomaker/agent/0_Step-0.ckpt.index.
[s3] Successfully downloaded 0_Step-0.ckpt.meta from                  s3 key first-model/model/0_Step-0.ckpt.meta to local checkpoint_robomaker/agent/0_Step-0.ckpt.meta.
[s3] Successfully downloaded .ready from                  s3 key first-model/model/.ready to local checkpoint_robomaker/agent/.ready.
[s3] Successfully downloaded .ready from                  s3 key first-model/model/.ready to local checkpoint_robomaker/agent/.ready.
## Creating graph - name: MultiAgentGraphManager
## Start physics before creating graph
## Create graph
## Creating agent - name: agent
[RL] Created agent loggers
[RL] Dynamic import of memory:  "DeepRacerMemoryParameters" {
    "load_memory_from_file_path": null,
    "max_size": [
        "<MemoryGranularity.Transitions: 0>",
        1000000
    ],
    "n_step": -1,
    "shared_memory": false,
    "train_to_eval_ratio": 1
}

[RL] Dynamically imported of memory <markov.memories.deepracer_memory.DeepRacerMemory object at 0x7fe196705da0>
[RL] Setting devices
[RL] Setting filters
[RL] Setting filter devices: numpy
[RL] Setting Phase
[RL] After setting Phase
[RL] Setting signals
[RL] Agent init successful
[RL] ActorCriticAgent init
[RL] ActorCriticAgent  init successful
## Created agent: agent
## Stop physics after creating graph
## Creating session
Creating regular session
2023-08-21 00:18:38.954095: I tensorflow/core/platform/cpu_feature_guard.cc:141] Your CPU supports instructions that this TensorFlow binary was not compiled to use: AVX512F
Checkpoint> Restoring from path=./checkpoint_robomaker/agent/0_Step-0.ckpt
Reset agent
Reset agent finished
[31m[ERROR] [1692591537.763917069, 31.631000000]: Updating ModelState: model [/sub_camera] does not exist[0m
SIM_TRACE_LOG:0,1,0.7785,-0.3986,-3.9995,30.00,0.60,4,0.0000,False,True,0.1822,0,76.76,31.631,prepare,0.00

SIM_TRACE_LOG:0,2,0.7785,-0.3986,-3.9993,15.00,0.60,3,40.0000,False,True,0.1822,0,76.76,31.638,in_progress,0.00

SIM_TRACE_LOG:0,3,0.7961,-0.3965,-3.2418,30.00,0.60,4,40.0000,False,True,0.2048,1,76.76,31.69,in_progress,0.00

SIM_TRACE_LOG:0,4,0.8158,-0.3924,-2.0043,15.00,0.60,3,40.0000,False,True,0.2300,1,76.76,31.762,in_progress,0.00

SIM_TRACE_LOG:0,5,0.8158,-0.3924,-2.0043,-30.00,0.60,0,40.0000,False,True,0.2300,1,76.76,31.88,in_progress,0.00

SIM_TRACE_LOG:0,6,0.8820,-0.4013,-3.7275,30.00,0.60,4,40.0000,False,True,0.3169,1,76.76,31.914,in_progress,0.00

SIM_TRACE_LOG:0,7,0.8996,-0.4089,-5.3852,-15.00,0.60,1,60.0000,False,True,0.3405,1,76.76,31.995,in_progress,0.00

SIM_TRACE_LOG:0,8,0.9441,-0.4257,-8.2479,-30.00,0.60,0,60.0000,False,True,0.3999,1,76.76,32.05,in_progress,0.00

SIM_TRACE_LOG:0,9,0.9806,-0.4442,-11.3158,30.00,0.60,4,60.0000,False,True,0.4492,1,76.76,32.122,in_progress,0.00

SIM_TRACE_LOG:0,10,1.0286,-0.4686,-14.7574,15.00,0.60,3,60.0000,False,True,0.5141,1,76.76,32.158,in_progress,0.00

SIM_TRACE_LOG:0,11,1.0716,-0.4756,-13.8140,-30.00,0.60,0,60.0000,False,True,0.5706,1,76.76,32.244,in_progress,0.00

SIM_TRACE_LOG:0,12,1.1310,-0.4865,-12.9867,-15.00,0.60,1,60.0000,False,True,0.6489,2,76.76,32.314,in_progress,0.00

SIM_TRACE_LOG:0,13,1.1656,-0.4973,-13.4554,0.00,0.60,2,60.0000,False,True,0.6949,2,76.76,32.367,in_progress,0.00

SIM_TRACE_LOG:0,14,1.2014,-0.5093,-14.1821,0.00,0.60,2,60.0000,False,True,0.7426,2,76.76,32.426,in_progress,0.00

SIM_TRACE_LOG:0,15,1.2575,-0.5236,-14.1727,30.00,0.60,4,60.0000,False,True,0.8175,2,76.76,32.521,in_progress,0.00

SIM_TRACE_LOG:0,16,1.2874,-0.5293,-13.8491,-30.00,0.60,0,60.0000,False,True,0.8569,2,76.76,32.578,in_progress,0.00

SIM_TRACE_LOG:0,17,1.3295,-0.5390,-13.6444,-15.00,0.60,1,60.0000,False,True,0.9126,2,76.76,32.679,in_progress,0.00

SIM_TRACE_LOG:0,18,1.3954,-0.5630,-15.3665,0.00,0.60,2,60.0000,False,True,1.0008,3,76.76,32.723,in_progress,0.00

SIM_TRACE_LOG:0,19,1.4030,-0.5668,-15.7713,0.00,0.60,2,60.0000,False,True,1.0111,3,76.76,32.782,in_progress,0.00

SIM_TRACE_LOG:0,20,1.4396,-0.5833,-17.0782,30.00,0.60,4,60.0000,False,True,1.0604,3,76.76,32.842,in_progress,0.00

SIM_TRACE_LOG:0,21,1.5018,-0.6002,-16.5811,0.00,0.60,2,60.0000,False,True,1.1430,3,76.76,32.92,in_progress,0.00

SIM_TRACE_LOG:0,22,1.5508,-0.6082,-14.9090,-15.00,0.60,1,60.0000,False,True,1.2081,3,76.76,32.971000000000004,in_progress,0.00

SIM_TRACE_LOG:0,23,1.5897,-0.6233,-15.9663,-30.00,0.60,0,60.0000,False,True,1.2601,3,76.76,33.036,in_progress,0.00

SIM_TRACE_LOG:0,24,1.6432,-0.6505,-18.5282,15.00,0.60,3,60.0000,False,True,1.3327,3,76.76,33.138,in_progress,0.00

SIM_TRACE_LOG:0,25,1.6736,-0.6670,-20.0012,0.00,0.60,2,60.0000,False,True,1.3739,4,76.76,33.179,in_progress,0.00

SIM_TRACE_LOG:0,26,1.7394,-0.6844,-18.6032,-30.00,0.60,0,60.0000,False,True,1.4613,4,76.76,33.282,in_progress,0.00

SIM_TRACE_LOG:0,27,1.7700,-0.6951,-18.6379,-30.00,0.60,0,60.0000,False,True,1.5022,4,76.76,33.33,in_progress,0.00

SIM_TRACE_LOG:0,28,1.7918,-0.7062,-19.3198,-30.00,0.60,0,60.0000,False,True,1.5317,4,76.76,33.368,in_progress,0.00

SIM_TRACE_LOG:0,29,1.8273,-0.7256,-20.9059,0.00,0.60,2,60.0000,False,True,1.5808,4,76.76,33.43,in_progress,0.00

SIM_TRACE_LOG:0,30,1.8846,-0.7472,-20.7500,15.00,0.60,3,60.0000,False,True,1.6577,4,76.76,33.529,in_progress,0.00

SIM_TRACE_LOG:0,31,1.9330,-0.7586,-19.3032,30.00,0.60,4,60.0000,False,True,1.7218,4,76.76,33.6,in_progress,0.00

SIM_TRACE_LOG:0,32,1.9499,-0.7607,-18.4098,30.00,0.60,4,60.0000,False,True,1.7440,4,76.76,33.644,in_progress,0.00

SIM_TRACE_LOG:0,33,2.0007,-0.7575,-14.0309,-15.00,0.60,1,60.0000,False,True,1.8095,5,76.76,33.739,in_progress,0.00

SIM_TRACE_LOG:0,34,2.0756,-0.7576,-9.9777,-15.00,0.60,1,60.0000,False,True,1.9067,5,76.76,33.76,in_progress,0.00

SIM_TRACE_LOG:0,35,2.0756,-0.7576,-9.9777,0.00,0.60,2,60.0000,False,True,1.9067,5,76.76,33.941,in_progress,0.00

SIM_TRACE_LOG:0,36,2.1801,-0.7918,-13.1574,-15.00,0.60,1,60.0000,False,True,2.0478,5,76.76,33.969,in_progress,0.00

SIM_TRACE_LOG:0,37,2.1925,-0.7963,-13.5110,30.00,0.60,4,60.0000,False,True,2.0645,5,76.76,33.989,in_progress,0.00

SIM_TRACE_LOG:0,38,2.2216,-0.8057,-14.1474,-30.00,0.60,0,60.0000,False,True,2.1034,5,76.76,34.035,in_progress,0.00

SIM_TRACE_LOG:0,39,2.2946,-0.8235,-14.0698,30.00,0.60,4,60.0000,False,True,2.2002,6,76.76,34.138,in_progress,0.00

SIM_TRACE_LOG:0,40,2.3189,-0.8301,-14.2770,15.00,0.60,3,60.0000,False,True,2.2324,6,76.76,34.186,in_progress,0.00

SIM_TRACE_LOG:0,41,2.3600,-0.8307,-12.0903,0.00,0.60,2,60.0000,False,True,2.2859,6,76.76,34.234,in_progress,0.00

SIM_TRACE_LOG:0,42,2.4413,-0.8278,-7.7295,-15.00,0.60,1,60.0000,False,True,2.3931,6,76.76,34.348,in_progress,0.00

SIM_TRACE_LOG:0,43,2.4705,-0.8313,-7.5319,0.00,0.60,2,60.0000,False,True,2.4314,6,76.76,34.392,in_progress,0.00

SIM_TRACE_LOG:0,44,2.4883,-0.8334,-7.5010,-15.00,0.60,1,60.0000,False,True,2.4547,6,76.76,34.474,in_progress,0.00

SIM_TRACE_LOG:0,45,2.5756,-0.8417,-6.7740,-15.00,0.60,1,60.0000,False,True,2.5690,7,76.76,34.542,in_progress,0.00

SIM_TRACE_LOG:0,46,2.5873,-0.8448,-7.0687,0.00,0.60,2,60.0000,False,True,2.5846,7,76.76,34.565,in_progress,0.00

SIM_TRACE_LOG:0,47,2.6169,-0.8494,-7.3217,-30.00,0.60,0,60.0000,False,True,2.6235,7,76.76,34.613,in_progress,0.00

SIM_TRACE_LOG:0,48,2.6655,-0.8574,-7.7844,-15.00,0.60,1,60.0000,False,True,2.6876,7,76.76,34.688,in_progress,0.00

SIM_TRACE_LOG:0,49,2.7136,-0.8777,-10.6259,-15.00,0.60,1,60.0000,False,True,2.7545,7,76.76,34.815,in_progress,0.00

SIM_TRACE_LOG:0,50,2.7791,-0.9130,-15.5434,0.00,0.60,2,60.0000,False,True,2.8442,7,76.76,34.879,in_progress,0.00

SIM_TRACE_LOG:0,51,2.7976,-0.9223,-16.5578,-15.00,0.60,1,60.0000,False,True,2.8694,7,76.76,34.908,in_progress,0.00

SIM_TRACE_LOG:0,52,2.8253,-0.9376,-17.9451,-30.00,0.60,0,60.0000,False,True,2.9074,7,76.76,35.002,in_progress,0.00

SIM_TRACE_LOG:0,53,2.8810,-0.9877,-24.7454,-15.00,0.60,1,60.0000,False,True,2.9862,8,76.76,35.063,in_progress,0.00

SIM_TRACE_LOG:0,54,2.9033,-1.0104,-27.4786,30.00,0.60,4,60.0000,False,True,3.0182,8,76.76,35.106,in_progress,0.00

SIM_TRACE_LOG:0,55,2.9432,-1.0370,-28.8518,-15.00,0.60,1,60.0000,False,True,3.0735,8,76.76,35.178,in_progress,0.00

SIM_TRACE_LOG:0,56,2.9634,-1.0459,-28.4280,0.00,0.60,2,60.0000,False,True,3.1008,8,76.76,35.211,in_progress,0.00

SIM_TRACE_LOG:0,57,3.0131,-1.0775,-29.3885,-15.00,0.60,1,60.0000,False,True,3.1724,8,76.76,35.298,in_progress,0.00

SIM_TRACE_LOG:0,58,3.0647,-1.1254,-32.9780,-30.00,0.60,0,40.0000,False,False,3.2460,8,76.76,35.426,in_progress,0.00

SIM_TRACE_LOG:0,59,3.0959,-1.1631,-36.3745,30.00,0.60,4,40.0000,False,False,3.2917,8,76.76,35.474,in_progress,0.00

SIM_TRACE_LOG:0,60,3.1234,-1.1898,-37.7509,0.00,0.60,2,40.0000,False,False,3.3310,8,76.76,35.531,in_progress,0.00

SIM_TRACE_LOG:0,61,3.1515,-1.2090,-37.3354,-15.00,0.60,1,40.0000,False,False,3.3701,9,76.76,35.616,in_progress,0.00

SIM_TRACE_LOG:0,62,3.2123,-1.2674,-39.4942,-15.00,0.60,1,40.0000,False,False,3.4570,9,76.76,35.707,in_progress,0.00

SIM_TRACE_LOG:0,63,3.2275,-1.2866,-40.7422,0.00,0.60,2,40.0000,False,False,3.4795,9,76.76,35.757,in_progress,0.00

SIM_TRACE_LOG:0,64,3.2456,-1.3093,-42.0588,0.00,0.60,2,40.0000,False,False,3.5061,9,76.76,35.788,in_progress,0.00

SIM_TRACE_LOG:0,65,3.2661,-1.3290,-42.2801,-15.00,0.60,1,40.0000,False,False,3.5397,9,76.76,35.84,in_progress,0.00

SIM_TRACE_LOG:0,66,3.2934,-1.3586,-43.1098,-30.00,0.60,0,40.0000,False,False,3.5794,9,76.76,35.942,in_progress,0.00

SIM_TRACE_LOG:0,67,3.3247,-1.3959,-44.4003,0.00,0.60,2,40.0000,True,False,3.6254,9,76.76,35.978,off_track,0.00

[s3] Successfully uploaded metrics to                  s3 bucket base-bucket-1f3pfk38sjoqu with s3 key first-model/metrics/TrainingMetrics_4.json.
Training> Name=main_level/agent, Worker=0, Episode=1, Total reward=3660.0, Steps=67, Training iteration=0
Reset agent
Reset agent finished
SIM_TRACE_LOG:1,1,4.5996,-0.7585,-4.1554,-15.00,0.60,1,0.0000,False,True,0.1827,13,76.76,36.125,prepare,0.00

SIM_TRACE_LOG:1,2,4.5994,-0.7586,-4.1841,15.00,0.60,3,60.0000,False,True,0.1823,13,76.76,36.166,in_progress,0.00

SIM_TRACE_LOG:1,3,4.6032,-0.7594,-4.3555,30.00,0.60,4,60.0000,False,True,0.1874,13,76.76,36.261,in_progress,0.00

SIM_TRACE_LOG:1,4,4.6248,-0.7506,-1.7317,-30.00,0.60,0,40.0000,False,True,0.2151,13,76.76,36.309,in_progress,0.00

SIM_TRACE_LOG:1,5,4.6521,-0.7378,1.7755,-30.00,0.60,0,40.0000,False,True,0.2499,13,76.76,36.399,in_progress,0.00

SIM_TRACE_LOG:1,6,4.6875,-0.7430,0.3659,30.00,0.60,4,40.0000,False,True,0.2962,13,76.76,36.432,in_progress,0.00

SIM_TRACE_LOG:1,7,4.7247,-0.7527,-2.0135,30.00,0.60,4,40.0000,False,True,0.3452,14,76.76,36.497,in_progress,0.00

SIM_TRACE_LOG:1,8,4.7839,-0.7465,-0.1620,30.00,0.60,4,40.0000,False,True,0.4219,14,76.76,36.586,in_progress,0.00

SIM_TRACE_LOG:1,9,4.7924,-0.7440,0.4313,0.00,0.60,2,40.0000,False,True,0.4329,14,76.76,36.634,in_progress,0.00

SIM_TRACE_LOG:1,10,4.8480,-0.7270,4.1074,-30.00,0.60,0,40.0000,False,True,0.5060,14,76.76,36.687,in_progress,0.00

SIM_TRACE_LOG:1,11,4.9012,-0.7213,4.6622,30.00,0.60,4,40.0000,False,True,0.5753,14,76.76,36.768,in_progress,0.00

SIM_TRACE_LOG:1,12,4.9792,-0.7072,6.5084,15.00,0.60,3,40.0000,False,True,0.6768,14,76.76,36.875,in_progress,0.00

SIM_TRACE_LOG:1,13,4.9972,-0.6992,7.9996,30.00,0.60,4,40.0000,False,True,0.7001,15,76.76,36.933,in_progress,0.00

SIM_TRACE_LOG:1,14,5.0281,-0.6805,11.4799,-30.00,0.60,0,40.0000,False,True,0.7402,15,76.76,36.979,in_progress,0.00

SIM_TRACE_LOG:1,15,5.0701,-0.6506,16.3405,0.00,0.60,2,40.0000,False,True,0.7947,15,76.76,37.022,in_progress,0.00

SIM_TRACE_LOG:1,16,5.1287,-0.6286,17.3555,0.00,0.60,2,40.0000,False,True,0.8708,15,76.76,37.111,in_progress,0.00

SIM_TRACE_LOG:1,17,5.1736,-0.6133,17.6661,-30.00,0.60,0,40.0000,False,True,0.9369,15,76.76,37.185,in_progress,0.00

SIM_TRACE_LOG:1,18,5.1996,-0.6057,17.5573,-15.00,0.60,1,40.0000,False,True,0.9710,15,76.76,37.224,in_progress,0.00

SIM_TRACE_LOG:1,19,5.2787,-0.6025,13.0952,30.00,0.60,4,40.0000,False,True,1.0742,15,76.76,37.341,in_progress,0.00

SIM_TRACE_LOG:1,20,5.3130,-0.5987,12.1840,0.00,0.60,2,40.0000,False,True,1.1189,16,76.76,37.394,in_progress,0.00

SIM_TRACE_LOG:1,21,5.3418,-0.5911,12.4909,30.00,0.60,4,40.0000,False,True,1.1567,16,76.76,37.485,in_progress,0.00

SIM_TRACE_LOG:1,22,5.3946,-0.5752,13.4386,-15.00,0.60,1,40.0000,False,True,1.2262,16,76.76,37.519,in_progress,0.00

SIM_TRACE_LOG:1,23,5.4410,-0.5599,14.4246,-15.00,0.60,1,40.0000,False,True,1.3085,16,76.76,37.559,in_progress,0.00

SIM_TRACE_LOG:1,24,5.4520,-0.5586,14.0605,15.00,0.60,3,40.0000,False,True,1.3229,16,76.76,37.612,in_progress,0.00

SIM_TRACE_LOG:1,25,5.5062,-0.5424,14.7248,0.00,0.60,2,40.0000,False,True,1.3955,16,76.76,37.707,in_progress,0.00

SIM_TRACE_LOG:1,26,5.5369,-0.5281,16.2239,-15.00,0.60,1,40.0000,False,True,1.4373,16,76.76,37.75,in_progress,0.00

SIM_TRACE_LOG:1,27,5.5867,-0.5109,16.8071,-15.00,0.60,1,40.0000,False,True,1.5043,17,76.76,37.831,in_progress,0.00

SIM_TRACE_LOG:1,28,5.6352,-0.5028,15.3874,15.00,0.60,3,40.0000,False,True,1.5682,17,76.76,37.907,in_progress,0.00

SIM_TRACE_LOG:1,29,5.7035,-0.4824,15.7233,-15.00,0.60,1,40.0000,False,True,1.7092,17,76.76,38.013,in_progress,0.00

SIM_TRACE_LOG:1,30,5.7107,-0.4781,16.3506,0.00,0.60,2,40.0000,False,True,1.7198,17,76.76,38.045,in_progress,0.00

SIM_TRACE_LOG:1,31,5.7842,-0.4523,17.1858,30.00,0.60,4,40.0000,False,True,1.8210,17,76.76,38.105,in_progress,0.00

SIM_TRACE_LOG:1,32,5.8144,-0.4412,17.5568,15.00,0.60,3,40.0000,False,True,1.8629,17,76.76,38.184,in_progress,0.00

SIM_TRACE_LOG:1,33,5.8247,-0.4366,17.8941,0.00,0.60,2,40.0000,False,True,1.8774,18,76.76,38.23,in_progress,0.00

SIM_TRACE_LOG:1,34,5.8845,-0.3987,21.8688,-15.00,0.60,1,40.0000,False,True,1.9655,18,76.76,38.303,in_progress,0.00

SIM_TRACE_LOG:1,35,5.9312,-0.3725,23.5600,-30.00,0.60,0,40.0000,False,True,2.0987,18,76.76,38.382,in_progress,0.00

SIM_TRACE_LOG:1,36,5.9645,-0.3615,22.8177,30.00,0.60,4,40.0000,False,True,2.1440,18,76.76,38.434,in_progress,0.00

SIM_TRACE_LOG:1,37,6.0213,-0.3313,24.1132,15.00,0.60,3,40.0000,False,True,2.2278,18,76.76,38.513,in_progress,0.00

SIM_TRACE_LOG:1,38,6.0441,-0.3140,25.6627,-15.00,0.60,1,40.0000,False,True,2.2642,19,76.76,38.571,in_progress,0.00

SIM_TRACE_LOG:1,39,6.0743,-0.2937,26.9357,0.00,0.60,2,40.0000,False,True,2.3112,19,76.76,38.643,in_progress,0.00

SIM_TRACE_LOG:1,40,6.1268,-0.2589,28.6261,30.00,0.60,4,40.0000,False,True,2.3923,19,76.76,38.712,in_progress,0.00

SIM_TRACE_LOG:1,41,6.1504,-0.2382,30.2445,15.00,0.60,3,40.0000,False,True,2.4938,19,76.76,38.825,in_progress,0.00

SIM_TRACE_LOG:1,42,6.2077,-0.1537,39.6099,-15.00,0.60,1,40.0000,False,True,2.6172,19,76.76,38.889,in_progress,0.00

SIM_TRACE_LOG:1,43,6.2134,-0.1436,40.7728,0.00,0.60,2,40.0000,False,True,2.6307,19,76.76,38.904,in_progress,0.00

SIM_TRACE_LOG:1,44,6.2424,-0.1138,41.6198,0.00,0.60,2,40.0000,False,True,2.6837,20,76.76,38.961,in_progress,0.00

SIM_TRACE_LOG:1,45,6.2685,-0.0870,42.2676,-15.00,0.60,1,40.0000,False,True,2.7313,20,76.76,39.042,in_progress,0.00

SIM_TRACE_LOG:1,46,6.2885,-0.0668,42.6515,0.00,0.60,2,40.0000,False,True,2.7678,20,76.76,39.114,in_progress,0.00

SIM_TRACE_LOG:1,47,6.3213,-0.0338,43.2458,-15.00,0.60,1,40.0000,False,True,2.8866,20,76.76,39.153,in_progress,0.00

SIM_TRACE_LOG:1,48,6.3595,0.0000,42.8697,0.00,0.60,2,40.0000,False,True,2.9530,20,76.76,39.248,in_progress,0.00

SIM_TRACE_LOG:1,49,6.4024,0.0384,42.7343,-15.00,0.60,1,40.0000,False,True,3.0280,20,76.76,39.324,in_progress,0.00

SIM_TRACE_LOG:1,50,6.4231,0.0553,42.4756,15.00,0.60,3,40.0000,False,True,3.0628,21,76.76,39.397,in_progress,0.00

SIM_TRACE_LOG:1,51,6.4704,0.1000,42.7942,-30.00,0.60,0,40.0000,False,True,3.1474,21,76.76,39.453,in_progress,0.00

SIM_TRACE_LOG:1,52,6.4942,0.1293,44.2209,-15.00,0.60,1,40.0000,False,True,3.1959,21,76.76,39.508,in_progress,0.00

SIM_TRACE_LOG:1,53,6.5287,0.1558,43.1505,0.00,0.60,2,40.0000,False,True,3.3049,21,76.76,39.598,in_progress,0.00

SIM_TRACE_LOG:1,54,6.5599,0.1801,42.3124,-30.00,0.60,0,40.0000,False,True,3.3558,21,76.76,39.645,in_progress,0.00

SIM_TRACE_LOG:1,55,6.6023,0.2084,40.7177,-15.00,0.60,1,40.0000,False,True,3.4206,21,76.76,39.728,in_progress,0.00

SIM_TRACE_LOG:1,56,6.6426,0.2224,36.9552,30.00,0.60,4,40.0000,False,True,3.4699,22,76.76,39.797,in_progress,0.00

SIM_TRACE_LOG:1,57,6.7022,0.2547,34.8405,30.00,0.60,4,40.0000,False,True,3.5540,22,76.76,39.863,in_progress,0.00

SIM_TRACE_LOG:1,58,6.7602,0.3341,41.6776,30.00,0.60,4,40.0000,False,True,3.7304,22,76.76,39.88,in_progress,0.00

SIM_TRACE_LOG:1,59,6.7721,0.3566,43.8282,30.00,0.60,4,40.0000,False,True,3.7631,22,76.76,40.054,in_progress,0.00

SIM_TRACE_LOG:1,60,6.7780,0.3723,45.6149,-30.00,0.60,0,40.0000,False,True,3.7841,22,76.76,40.113,in_progress,0.00

SIM_TRACE_LOG:1,61,6.8176,0.4319,48.5114,30.00,0.60,4,40.0000,False,True,3.8772,23,76.76,40.138,in_progress,0.00

SIM_TRACE_LOG:1,62,6.8593,0.4711,47.3258,15.00,0.60,3,40.0000,False,True,3.9507,23,76.76,40.261,in_progress,0.00

SIM_TRACE_LOG:1,63,6.8808,0.5037,48.7815,0.00,0.60,2,40.0000,False,True,4.0014,23,76.76,40.319,in_progress,0.00

SIM_TRACE_LOG:1,64,6.8964,0.5283,49.8943,-15.00,0.60,1,40.0000,False,True,4.0879,23,76.76,40.369,in_progress,0.00

SIM_TRACE_LOG:1,65,6.9152,0.5526,50.2239,0.00,0.60,2,40.0000,False,True,4.1276,23,76.76,40.472,in_progress,0.00

SIM_TRACE_LOG:1,66,6.9554,0.6088,51.4184,30.00,0.60,4,40.0000,False,True,4.2174,23,76.76,40.519,in_progress,0.00

SIM_TRACE_LOG:1,67,6.9772,0.6484,53.1188,-30.00,0.60,0,40.0000,False,True,4.2762,24,76.76,40.575,in_progress,0.00

SIM_TRACE_LOG:1,68,7.0387,0.7449,54.8232,30.00,0.60,4,40.0000,False,True,4.4572,24,76.76,40.691,in_progress,0.00

SIM_TRACE_LOG:1,69,7.0529,0.7624,54.4438,-30.00,0.60,0,40.0000,False,True,4.4860,24,76.76,40.792,in_progress,0.00

SIM_TRACE_LOG:1,70,7.1049,0.8165,51.8824,0.00,0.60,2,40.0000,False,True,4.5797,24,76.76,40.861,in_progress,0.00

SIM_TRACE_LOG:1,71,7.1216,0.8281,50.3404,-30.00,0.60,0,40.0000,False,True,4.6031,24,76.76,40.904,in_progress,0.00

SIM_TRACE_LOG:1,72,7.1449,0.8472,49.0171,0.00,0.60,2,40.0000,False,True,4.6390,25,76.76,40.994,in_progress,0.00

SIM_TRACE_LOG:1,73,7.2061,0.8933,45.6033,30.00,0.60,4,40.0000,False,True,4.7289,25,76.76,41.078,in_progress,0.00

SIM_TRACE_LOG:1,74,7.2271,0.9190,46.2255,-15.00,0.60,1,40.0000,False,True,4.7712,25,76.76,41.117,in_progress,0.00

SIM_TRACE_LOG:1,75,7.2646,0.9596,46.4268,15.00,0.60,3,40.0000,False,True,4.8799,25,76.76,41.199,in_progress,0.00

SIM_TRACE_LOG:1,76,7.2858,0.9799,46.1498,-30.00,0.60,0,40.0000,False,True,4.9142,25,76.76,41.268,in_progress,0.00

SIM_TRACE_LOG:1,77,7.3129,1.0096,46.4987,15.00,0.60,3,40.0000,False,True,4.9625,25,76.76,41.311,in_progress,0.00

SIM_TRACE_LOG:1,78,7.3732,1.0834,48.1485,30.00,0.60,4,40.0000,False,True,5.0797,26,76.76,41.446,in_progress,0.00

SIM_TRACE_LOG:1,79,7.3740,1.0845,48.1750,15.00,0.60,3,40.0000,False,True,5.0814,26,76.76,41.447,in_progress,0.00

SIM_TRACE_LOG:1,80,7.3831,1.1010,49.2560,-30.00,0.60,0,40.0000,False,True,5.1057,26,76.76,41.541,in_progress,0.00

SIM_TRACE_LOG:1,81,7.4685,1.1760,45.5534,30.00,0.60,4,40.0000,False,True,5.2614,26,76.76,41.642,in_progress,0.00

SIM_TRACE_LOG:1,82,7.4817,1.1824,44.2150,15.00,0.60,3,40.0000,False,True,5.2726,26,76.76,41.663,in_progress,0.00

SIM_TRACE_LOG:1,83,7.5197,1.2160,43.6598,30.00,0.60,4,40.0000,False,True,5.3241,26,76.76,41.739,in_progress,0.00

SIM_TRACE_LOG:1,84,7.5446,1.2470,44.8874,0.00,0.60,2,40.0000,False,True,5.3693,26,76.76,41.785,in_progress,0.00

SIM_TRACE_LOG:1,85,7.5449,1.2475,44.9202,-15.00,0.60,1,40.0000,False,True,5.3701,26,76.76,41.799,in_progress,0.00

SIM_TRACE_LOG:1,86,7.5678,1.2741,45.5875,-30.00,0.60,0,40.0000,False,True,5.4092,27,76.76,41.918,in_progress,0.00

SIM_TRACE_LOG:1,87,7.6261,1.3179,43.1554,-15.00,0.60,1,60.0000,False,True,5.4784,27,76.76,41.981,in_progress,0.00

SIM_TRACE_LOG:1,88,7.6749,1.3424,39.6546,15.00,0.60,3,60.0000,False,True,5.5204,27,76.76,42.084,in_progress,0.00

SIM_TRACE_LOG:1,89,7.7113,1.3691,38.9480,-15.00,0.60,1,60.0000,False,True,5.5628,27,76.76,42.107,in_progress,0.00

SIM_TRACE_LOG:1,90,7.7664,1.4106,38.3136,-15.00,0.60,1,60.0000,False,True,5.5947,27,76.76,42.211,in_progress,0.00

SIM_TRACE_LOG:1,91,7.7847,1.4209,37.5329,-30.00,0.60,0,60.0000,False,True,5.6053,27,76.76,42.245,in_progress,0.00

SIM_TRACE_LOG:1,92,7.8278,1.4383,34.6905,-15.00,0.60,1,60.0000,False,True,5.6269,27,76.76,42.355,in_progress,0.00

SIM_TRACE_LOG:1,93,7.8848,1.4547,30.3513,-15.00,0.60,1,60.0000,False,True,5.6468,27,76.76,42.396,in_progress,0.00

SIM_TRACE_LOG:1,94,7.9042,1.4603,29.1384,30.00,0.60,4,60.0000,False,True,5.6537,27,76.76,42.428,in_progress,0.00

SIM_TRACE_LOG:1,95,7.9666,1.4961,29.4589,-30.00,0.60,0,60.0000,False,True,5.6987,27,76.76,42.523,in_progress,0.00

SIM_TRACE_LOG:1,96,7.9861,1.5093,29.9968,30.00,0.60,4,60.0000,False,True,5.7154,27,76.76,42.595,in_progress,0.00

SIM_TRACE_LOG:1,97,8.0202,1.5319,30.6108,30.00,0.60,4,60.0000,False,True,5.7440,27,76.76,42.651,in_progress,0.00

SIM_TRACE_LOG:1,98,8.0622,1.5754,34.2373,-30.00,0.60,0,60.0000,False,True,5.7996,28,76.76,42.712,in_progress,0.00

SIM_TRACE_LOG:1,99,8.0880,1.6025,36.1910,30.00,0.60,4,60.0000,False,True,5.8343,28,76.76,42.799,in_progress,0.00

SIM_TRACE_LOG:1,100,8.1331,1.6443,37.8107,0.00,0.60,2,60.0000,False,True,5.8876,28,76.76,42.813,in_progress,0.00

SIM_TRACE_LOG:1,101,8.1499,1.6617,38.7379,15.00,0.60,3,40.0000,False,False,5.9099,28,76.76,42.923,in_progress,0.00

SIM_TRACE_LOG:1,102,8.1741,1.6860,39.6245,30.00,0.60,4,40.0000,False,False,5.9410,28,76.76,42.986,in_progress,0.00

SIM_TRACE_LOG:1,103,8.1984,1.7236,42.8062,15.00,0.60,3,40.0000,False,False,5.9867,28,76.76,43.048,in_progress,0.00

SIM_TRACE_LOG:1,104,8.2507,1.8222,50.3714,0.00,0.60,2,40.0000,False,False,5.9867,28,76.76,43.16,in_progress,0.00

SIM_TRACE_LOG:1,105,8.2619,1.8441,51.7036,30.00,0.60,4,40.0000,False,False,5.9954,28,76.76,43.192,in_progress,0.00

SIM_TRACE_LOG:1,106,8.2759,1.8720,53.0926,-30.00,0.60,0,40.0000,False,False,6.0276,28,76.76,43.239,in_progress,0.00

SIM_TRACE_LOG:1,107,8.2849,1.8907,54.2041,30.00,0.60,4,40.0000,False,False,6.0493,28,76.76,43.32,in_progress,0.00

SIM_TRACE_LOG:1,108,8.3077,1.9422,56.8583,-15.00,0.60,1,40.0000,False,False,6.1094,28,76.76,43.355,in_progress,0.00

SIM_TRACE_LOG:1,109,8.3159,1.9768,59.7589,0.00,0.60,2,40.0000,True,False,6.1515,28,76.76,43.436,off_track,0.00

[s3] Successfully uploaded metrics to                  s3 bucket base-bucket-1f3pfk38sjoqu with s3 key first-model/metrics/TrainingMetrics_4.json.
Training> Name=main_level/agent, Worker=0, Episode=2, Total reward=4640.0, Steps=176, Training iteration=0
Reset agent
Reset agent finished
SIM_TRACE_LOG:2,1,7.5635,1.0987,70.1202,15.00,0.60,3,0.0000,False,True,0.1827,26,76.76,43.586,prepare,0.00

SIM_TRACE_LOG:2,2,7.5635,1.0989,70.1101,15.00,0.60,3,60.0000,False,True,0.1831,26,76.76,43.672,in_progress,0.00

SIM_TRACE_LOG:2,3,7.5646,1.1126,71.0390,15.00,0.60,3,40.0000,False,True,0.2003,26,76.76,43.761,in_progress,0.00

SIM_TRACE_LOG:2,4,7.5709,1.1728,73.9918,15.00,0.60,3,40.0000,False,True,0.2798,26,76.76,43.855,in_progress,0.00

SIM_TRACE_LOG:2,5,7.5732,1.1981,75.1447,0.00,0.60,2,40.0000,False,True,0.3128,26,76.76,43.941,in_progress,0.00

SIM_TRACE_LOG:2,6,7.5810,1.2379,75.7918,-30.00,0.60,0,40.0000,False,True,0.3657,26,76.76,44.018,in_progress,0.00

SIM_TRACE_LOG:2,7,7.5979,1.2905,74.9710,0.00,0.60,2,40.0000,False,True,0.4369,27,76.76,44.068,in_progress,0.00

SIM_TRACE_LOG:2,8,7.6109,1.3372,74.8991,0.00,0.60,2,60.0000,False,True,0.4997,27,76.76,44.1,in_progress,0.00

SIM_TRACE_LOG:2,9,7.6188,1.3681,75.0774,15.00,0.60,3,60.0000,False,True,0.5411,27,76.76,44.152,in_progress,0.00

SIM_TRACE_LOG:2,10,7.6261,1.4177,76.4193,-30.00,0.60,0,60.0000,False,True,0.6050,27,76.76,44.226,in_progress,0.00

SIM_TRACE_LOG:2,11,7.6294,1.4594,78.0534,-30.00,0.60,0,60.0000,False,True,0.6592,27,76.76,44.32,in_progress,0.00

SIM_TRACE_LOG:2,12,7.6445,1.5135,77.2899,30.00,0.60,4,60.0000,False,True,0.7293,27,76.76,44.393,in_progress,0.00

SIM_TRACE_LOG:2,13,7.6553,1.5608,77.2061,-15.00,0.60,1,60.0000,False,True,0.7907,28,76.76,44.464,in_progress,0.00

SIM_TRACE_LOG:2,14,7.6548,1.6005,79.5125,-15.00,0.60,1,60.0000,False,True,0.8424,28,76.76,44.493,in_progress,0.00

SIM_TRACE_LOG:2,15,7.6637,1.6532,79.6201,0.00,0.60,2,60.0000,False,True,0.9108,28,76.76,44.573,in_progress,0.00

SIM_TRACE_LOG:2,16,7.6805,1.7102,78.2356,30.00,0.60,4,60.0000,False,True,0.9847,28,76.76,44.66,in_progress,0.00

SIM_TRACE_LOG:2,17,7.6853,1.7385,78.4565,15.00,0.60,3,60.0000,False,True,1.0046,28,76.76,44.703,in_progress,0.00

SIM_TRACE_LOG:2,18,7.6866,1.8129,81.4811,-30.00,0.60,0,60.0000,False,True,1.0994,28,76.76,44.785,in_progress,0.00

SIM_TRACE_LOG:2,19,7.6852,1.8213,82.2571,-30.00,0.60,0,60.0000,False,True,1.1105,28,76.76,44.856,in_progress,0.00

SIM_TRACE_LOG:2,20,7.6901,1.8714,82.7095,-15.00,0.60,1,60.0000,False,True,1.1733,28,76.76,44.929,in_progress,0.00

SIM_TRACE_LOG:2,21,7.7077,1.9160,79.9832,-15.00,0.60,1,60.0000,False,True,1.2259,29,76.76,44.973,in_progress,0.00

SIM_TRACE_LOG:2,22,7.7273,1.9567,77.1085,15.00,0.60,3,60.0000,False,True,1.2730,29,76.76,45.062,in_progress,0.00

SIM_TRACE_LOG:2,23,7.7430,2.0142,76.5238,-15.00,0.60,1,60.0000,False,True,1.3427,29,76.76,45.133,in_progress,0.00

SIM_TRACE_LOG:2,24,7.7453,2.0284,76.8540,-30.00,0.60,0,60.0000,False,True,1.3602,29,76.76,45.193,in_progress,0.00

SIM_TRACE_LOG:2,25,7.7711,2.0927,74.5107,30.00,0.60,4,60.0000,False,True,1.4046,29,76.76,45.258,in_progress,0.00

SIM_TRACE_LOG:2,26,7.7859,2.1203,72.7155,15.00,0.60,3,60.0000,False,True,1.4333,29,76.76,45.316,in_progress,0.00

SIM_TRACE_LOG:2,27,7.7941,2.1533,73.1625,-30.00,0.60,0,60.0000,False,True,1.4712,29,76.76,45.372,in_progress,0.00

SIM_TRACE_LOG:2,28,7.8053,2.1964,73.6195,30.00,0.60,4,60.0000,False,True,1.5206,29,76.76,45.462,in_progress,0.00

SIM_TRACE_LOG:2,29,7.8158,2.2674,75.9244,15.00,0.60,3,60.0000,False,True,1.6050,30,76.76,45.524,in_progress,0.00

SIM_TRACE_LOG:2,30,7.8133,2.3046,78.6500,30.00,0.60,4,60.0000,False,True,1.6522,30,76.76,45.578,in_progress,0.00

SIM_TRACE_LOG:2,31,7.8068,2.3307,81.4901,-15.00,0.60,1,60.0000,False,True,1.6873,30,76.76,45.664,in_progress,0.00

SIM_TRACE_LOG:2,32,7.7789,2.4218,90.2416,-15.00,0.60,1,60.0000,False,True,1.7922,30,76.76,45.74,in_progress,0.00

SIM_TRACE_LOG:2,33,7.7780,2.4716,90.3977,-30.00,0.60,0,60.0000,False,True,1.8538,30,76.76,45.741,in_progress,0.00

SIM_TRACE_LOG:2,34,7.7778,2.5015,90.4161,-30.00,0.60,0,60.0000,False,True,1.8905,30,76.76,45.856,in_progress,0.00

SIM_TRACE_LOG:2,35,7.7784,2.5125,90.2568,15.00,0.60,3,60.0000,False,True,1.9037,30,76.76,45.93,in_progress,0.00

SIM_TRACE_LOG:2,36,7.7744,2.5659,91.0774,30.00,0.60,4,60.0000,False,True,1.9710,31,76.76,45.99,in_progress,0.00

SIM_TRACE_LOG:2,37,7.7619,2.5977,93.9485,0.00,0.60,2,60.0000,False,True,2.0156,31,76.76,46.05,in_progress,0.00

SIM_TRACE_LOG:2,38,7.7437,2.6456,97.4559,0.00,0.60,2,60.0000,False,True,2.0822,31,76.76,46.093,in_progress,0.00

SIM_TRACE_LOG:2,39,7.7278,2.7318,98.4457,-15.00,0.60,1,60.0000,False,True,2.1638,31,76.76,46.199,in_progress,0.00

SIM_TRACE_LOG:2,40,7.7263,2.7452,98.3721,-15.00,0.60,1,60.0000,False,True,2.1726,31,76.76,46.276,in_progress,0.00

SIM_TRACE_LOG:2,41,7.7256,2.7934,96.9953,15.00,0.60,3,60.0000,False,True,2.2303,31,76.76,46.338,in_progress,0.00

SIM_TRACE_LOG:2,42,7.7162,2.8617,97.2614,0.00,0.60,2,40.0000,False,True,2.3166,31,76.76,46.396,in_progress,0.00

SIM_TRACE_LOG:2,43,7.7086,2.8866,98.3721,-30.00,0.60,0,40.0000,False,True,2.3503,31,76.76,46.434,in_progress,0.00

SIM_TRACE_LOG:2,44,7.7021,2.9202,98.8610,0.00,0.60,2,40.0000,False,True,2.3936,32,76.76,46.504,in_progress,0.00

SIM_TRACE_LOG:2,45,7.6909,2.9771,99.4139,-15.00,0.60,1,40.0000,False,True,2.4674,32,76.76,46.59,in_progress,0.00

SIM_TRACE_LOG:2,46,7.6835,3.0192,99.5483,-15.00,0.60,1,40.0000,False,True,2.5213,32,76.76,46.637,in_progress,0.00

SIM_TRACE_LOG:2,47,7.6800,3.0549,99.0361,0.00,0.60,2,20.0000,False,False,2.6208,32,76.76,46.693,in_progress,0.00

SIM_TRACE_LOG:2,48,7.6686,3.1224,99.2075,-30.00,0.60,0,20.0000,False,False,2.7088,32,76.76,46.798,in_progress,0.00

SIM_TRACE_LOG:2,49,7.6648,3.1416,99.4545,0.00,0.60,2,20.0000,False,False,2.7341,32,76.76,46.828,in_progress,0.00

SIM_TRACE_LOG:2,50,7.6492,3.2132,100.2788,-30.00,0.60,0,20.0000,False,False,2.8289,33,76.76,46.932,in_progress,0.00

SIM_TRACE_LOG:2,51,7.6437,3.2579,99.6554,-15.00,0.60,1,20.0000,False,False,3.0824,33,76.76,46.997,in_progress,0.00

SIM_TRACE_LOG:2,52,7.6436,3.2639,99.4488,-30.00,0.60,0,20.0000,False,False,3.0903,33,76.76,47.04,in_progress,0.00

SIM_TRACE_LOG:2,53,7.6483,3.3190,96.3472,0.00,0.60,2,20.0000,False,False,3.1617,34,76.76,47.093,in_progress,0.00

SIM_TRACE_LOG:2,54,7.6508,3.3686,94.4860,0.00,0.60,2,20.0000,False,False,3.2261,34,76.76,47.207,in_progress,0.00

SIM_TRACE_LOG:2,55,7.6385,3.4374,96.0533,-30.00,0.60,0,20.0000,False,False,3.4794,34,76.76,47.255,in_progress,0.00

SIM_TRACE_LOG:2,56,7.6341,3.4794,96.0703,30.00,0.60,4,20.0000,False,False,3.5316,34,76.76,47.33,in_progress,0.00

SIM_TRACE_LOG:2,57,7.6299,3.5222,96.0370,-30.00,0.60,0,20.0000,False,False,3.5848,35,76.76,47.331,in_progress,0.00

SIM_TRACE_LOG:2,58,7.6171,3.5613,98.1571,30.00,0.60,4,20.0000,False,False,3.6310,35,76.76,47.445,in_progress,0.00

SIM_TRACE_LOG:2,59,7.6145,3.5812,98.0049,-15.00,0.60,1,20.0000,False,False,3.6557,35,76.76,47.483,in_progress,0.00

SIM_TRACE_LOG:2,60,7.6070,3.6318,98.1307,0.00,0.60,2,40.0000,False,False,3.7179,35,76.76,47.562,in_progress,0.00

SIM_TRACE_LOG:2,61,7.6015,3.6857,97.6605,-15.00,0.60,1,40.0000,False,False,3.7309,35,76.76,47.662,in_progress,0.00

SIM_TRACE_LOG:2,62,7.6013,3.7298,96.3612,0.00,0.60,2,40.0000,False,False,3.7614,35,76.76,47.703,in_progress,0.00

SIM_TRACE_LOG:2,63,7.6037,3.7700,94.7494,-30.00,0.60,0,60.0000,False,True,3.8138,35,76.76,47.767,in_progress,0.00

SIM_TRACE_LOG:2,64,7.6104,3.8252,92.2233,0.00,0.60,2,60.0000,False,True,3.8862,35,76.76,47.848,in_progress,0.00

SIM_TRACE_LOG:2,65,7.6206,3.9168,89.4381,-15.00,0.60,1,60.0000,False,True,4.0061,36,76.76,47.986,in_progress,0.00

SIM_TRACE_LOG:2,66,7.6216,3.9491,89.2919,15.00,0.60,3,60.0000,False,True,4.0482,36,76.76,48.071,in_progress,0.00

SIM_TRACE_LOG:2,67,7.6204,3.9995,89.7287,0.00,0.60,2,60.0000,False,True,4.1136,36,76.76,48.113,in_progress,0.00

SIM_TRACE_LOG:2,68,7.6101,4.0455,92.1464,0.00,0.60,2,60.0000,False,True,4.1230,36,76.76,48.219,in_progress,0.00

SIM_TRACE_LOG:2,69,7.6028,4.0899,93.5047,30.00,0.60,4,60.0000,False,True,4.1553,36,76.76,48.246,in_progress,0.00

SIM_TRACE_LOG:2,70,7.5961,4.1236,94.5985,-15.00,0.60,1,60.0000,False,True,4.1997,36,76.76,48.351,in_progress,0.00

SIM_TRACE_LOG:2,71,7.5821,4.1935,96.3729,-15.00,0.60,1,60.0000,False,True,4.2920,36,76.76,48.395,in_progress,0.00

SIM_TRACE_LOG:2,72,7.5819,4.2074,96.0649,-15.00,0.60,1,60.0000,False,True,4.3101,36,76.76,48.442,in_progress,0.00

SIM_TRACE_LOG:2,73,7.5837,4.2466,94.7063,15.00,0.60,3,60.0000,False,True,4.3607,37,76.76,48.538,in_progress,0.00

SIM_TRACE_LOG:2,74,7.5794,4.3131,94.4678,15.00,0.60,3,60.0000,False,True,4.4476,37,76.76,48.572,in_progress,0.00

SIM_TRACE_LOG:2,75,7.5582,4.3618,98.5592,15.00,0.60,3,60.0000,False,True,4.5131,37,76.76,48.644,in_progress,0.00

SIM_TRACE_LOG:2,76,7.5427,4.3877,101.3496,-15.00,0.60,1,60.0000,False,True,4.5152,37,76.76,48.698,in_progress,0.00

SIM_TRACE_LOG:2,77,7.5117,4.4810,103.6663,15.00,0.60,3,60.0000,False,True,4.6152,37,76.76,48.782,in_progress,0.00

SIM_TRACE_LOG:2,78,7.5083,4.5062,102.8981,-30.00,0.60,0,60.0000,False,True,4.6482,37,76.76,48.88,in_progress,0.00

SIM_TRACE_LOG:2,79,7.5061,4.5422,101.5520,-30.00,0.60,0,60.0000,False,True,4.6946,37,76.76,48.938,in_progress,0.00

SIM_TRACE_LOG:2,80,7.5077,4.5551,100.5339,-15.00,0.60,1,60.0000,False,True,4.7105,37,76.76,49.003,in_progress,0.00

SIM_TRACE_LOG:2,81,7.5148,4.5982,97.0596,-15.00,0.60,1,60.0000,False,True,4.7632,38,76.76,49.07,in_progress,0.00

SIM_TRACE_LOG:2,82,7.5208,4.6440,94.3786,-15.00,0.60,1,60.0000,False,True,4.8198,38,76.76,49.137,in_progress,0.00

SIM_TRACE_LOG:2,83,7.5309,4.6933,91.2471,30.00,0.60,4,60.0000,False,True,4.8797,38,76.76,49.177,in_progress,0.00

SIM_TRACE_LOG:2,84,7.5315,4.7856,90.8098,30.00,0.60,4,60.0000,False,True,4.9326,38,76.76,49.314,in_progress,0.00

SIM_TRACE_LOG:2,85,7.5238,4.8189,92.5445,15.00,0.60,3,60.0000,False,True,4.9769,38,76.76,49.357,in_progress,0.00

SIM_TRACE_LOG:2,86,7.5135,4.8512,94.7098,30.00,0.60,4,60.0000,False,True,5.0210,38,76.76,49.41,in_progress,0.00

SIM_TRACE_LOG:2,87,7.4945,4.8951,98.2265,-15.00,0.60,1,60.0000,False,True,5.0832,38,76.76,49.469,in_progress,0.00

SIM_TRACE_LOG:2,88,7.4853,4.9264,99.3211,0.00,0.60,2,60.0000,False,True,5.1257,39,76.76,49.535,in_progress,0.00

SIM_TRACE_LOG:2,89,7.4801,4.9686,98.9662,-30.00,0.60,0,60.0000,False,True,5.1799,39,76.76,49.588,in_progress,0.00

SIM_TRACE_LOG:2,90,7.4774,4.9893,98.8945,15.00,0.60,3,60.0000,False,True,5.2066,39,76.76,49.679,in_progress,0.00

SIM_TRACE_LOG:2,91,7.4631,5.0547,99.8763,0.00,0.60,2,60.0000,False,True,5.2931,39,76.76,49.747,in_progress,0.00

SIM_TRACE_LOG:2,92,7.4435,5.1018,102.4569,0.00,0.60,2,50.0000,False,True,5.3209,39,76.76,49.795,in_progress,0.00

SIM_TRACE_LOG:2,93,7.4288,5.1622,102.7430,-15.00,0.60,1,30.0000,False,False,5.4009,39,76.76,49.896,in_progress,0.00

SIM_TRACE_LOG:2,94,7.4265,5.1758,102.6141,-30.00,0.60,0,30.0000,False,False,5.4184,39,76.76,49.897,in_progress,0.00

SIM_TRACE_LOG:2,95,7.4246,5.1878,102.4472,15.00,0.60,3,30.0000,False,False,5.4337,39,76.76,49.958,in_progress,0.00

SIM_TRACE_LOG:2,96,7.4122,5.2512,102.1591,-15.00,0.60,1,30.0000,False,False,5.5162,40,76.76,50.067,in_progress,0.00

SIM_TRACE_LOG:2,97,7.3990,5.2966,102.9715,-30.00,0.60,0,30.0000,False,False,5.5774,40,76.76,50.107,in_progress,0.00

SIM_TRACE_LOG:2,98,7.3911,5.3519,101.8955,-15.00,0.60,1,30.0000,False,False,5.6478,40,76.76,50.191,in_progress,0.00

SIM_TRACE_LOG:2,99,7.3903,5.3751,101.0360,-30.00,0.60,0,30.0000,False,False,5.6761,40,76.76,50.226,in_progress,0.00

SIM_TRACE_LOG:2,100,7.3953,5.4183,97.9423,0.00,0.60,2,30.0000,False,False,5.6924,40,76.76,50.291,in_progress,0.00

SIM_TRACE_LOG:2,101,7.4000,5.4673,95.2991,-30.00,0.60,0,30.0000,False,False,5.7089,40,76.76,50.405,in_progress,0.00

SIM_TRACE_LOG:2,102,7.4030,5.5312,93.3780,15.00,0.60,3,30.0000,False,False,5.7802,40,76.76,50.443,in_progress,0.00

SIM_TRACE_LOG:2,103,7.4077,5.5645,91.7452,15.00,0.60,3,30.0000,False,False,5.8153,40,76.76,50.525,in_progress,0.00

SIM_TRACE_LOG:2,104,7.4019,5.6213,92.6652,30.00,0.60,4,30.0000,False,False,5.8839,40,76.76,50.597,in_progress,0.00

SIM_TRACE_LOG:2,105,7.3893,5.6534,95.3468,30.00,0.60,4,30.0000,False,False,5.9286,41,76.76,50.697,in_progress,0.00

SIM_TRACE_LOG:2,106,7.3456,5.7214,103.6209,30.00,0.60,4,30.0000,False,False,6.0336,41,76.76,50.758,in_progress,0.00

SIM_TRACE_LOG:2,107,7.3191,5.7514,108.1052,-15.00,0.60,1,30.0000,False,False,6.0844,41,76.76,50.802,in_progress,0.00

SIM_TRACE_LOG:2,108,7.2960,5.7808,111.3193,0.00,0.60,2,30.0000,False,False,6.0845,41,76.76,50.806,in_progress,0.00

SIM_TRACE_LOG:2,109,7.2839,5.7990,112.4883,30.00,0.60,4,30.0000,False,False,6.0845,41,76.76,50.976,in_progress,0.00

SIM_TRACE_LOG:2,110,7.2199,5.8704,119.4485,-15.00,0.60,1,30.0000,False,False,6.1365,41,76.76,51.02,in_progress,0.00

SIM_TRACE_LOG:2,111,7.1973,5.8887,122.1498,30.00,0.60,4,30.0000,False,False,6.1735,41,76.76,51.07,in_progress,0.00

SIM_TRACE_LOG:2,112,7.1767,5.9118,123.3380,-30.00,0.60,0,30.0000,False,False,6.2138,41,76.76,51.088,in_progress,0.00

SIM_TRACE_LOG:2,113,7.1318,5.9502,127.1884,-30.00,0.60,0,30.0000,False,False,6.2895,42,76.76,51.187,in_progress,0.00

SIM_TRACE_LOG:2,114,7.1161,5.9679,127.6599,15.00,0.60,3,30.0000,False,False,6.3203,42,76.76,51.24,in_progress,0.00

SIM_TRACE_LOG:2,115,7.0563,6.0262,130.2862,30.00,0.60,4,30.0000,False,False,6.4284,42,76.76,51.342,in_progress,0.00

SIM_TRACE_LOG:2,116,7.0347,6.0401,132.1112,-15.00,0.60,1,30.0000,False,False,6.4602,42,76.76,51.41,in_progress,0.00

SIM_TRACE_LOG:2,117,6.9895,6.0683,135.4573,-30.00,0.60,0,30.0000,False,False,6.4764,42,76.76,51.451,in_progress,0.00

SIM_TRACE_LOG:2,118,6.9440,6.1368,131.6542,0.00,0.60,2,30.0000,False,False,6.4839,42,76.76,51.578,in_progress,0.00

SIM_TRACE_LOG:2,119,6.9241,6.1659,130.5312,15.00,0.60,3,30.0000,False,False,6.5280,42,76.76,51.579,in_progress,0.00

SIM_TRACE_LOG:2,120,6.8999,6.1905,131.0538,-30.00,0.60,0,30.0000,False,False,6.5728,42,76.76,51.685,in_progress,0.00

SIM_TRACE_LOG:2,121,6.8733,6.2193,131.3063,30.00,0.60,4,30.0000,False,False,6.6234,42,76.76,51.743,in_progress,0.00

SIM_TRACE_LOG:2,122,6.8604,6.2362,130.8939,30.00,0.60,4,30.0000,False,False,6.6504,42,76.76,51.788,in_progress,0.00

SIM_TRACE_LOG:2,123,6.8167,6.2754,132.5138,30.00,0.60,4,30.0000,False,False,6.7268,43,76.76,51.855,in_progress,0.00

SIM_TRACE_LOG:2,124,6.7866,6.2943,134.7641,-15.00,0.60,1,30.0000,False,False,6.7727,43,76.76,51.905,in_progress,0.00

SIM_TRACE_LOG:2,125,6.7443,6.3221,137.1794,0.00,0.60,2,30.0000,False,False,6.8383,43,76.76,52.028,in_progress,0.00

SIM_TRACE_LOG:2,126,6.6979,6.3626,137.5838,-15.00,0.60,1,30.0000,False,False,6.8684,43,76.76,52.061,in_progress,0.00

SIM_TRACE_LOG:2,127,6.6859,6.3770,136.9862,-15.00,0.60,1,30.0000,False,False,6.8684,43,76.76,52.09,in_progress,0.00

SIM_TRACE_LOG:2,128,6.6680,6.4014,135.6114,30.00,0.60,4,30.0000,False,False,6.8684,43,76.76,52.164,in_progress,0.00

SIM_TRACE_LOG:2,129,6.6307,6.4431,134.8055,15.00,0.60,3,30.0000,False,False,6.9012,43,76.76,52.249,in_progress,0.00

SIM_TRACE_LOG:2,130,6.5737,6.4763,138.7059,15.00,0.60,3,30.0000,False,False,6.9871,43,76.76,52.36,in_progress,0.00

SIM_TRACE_LOG:2,131,6.4812,6.5084,146.5893,0.00,0.60,2,30.0000,False,False,7.1128,44,76.76,52.445,in_progress,0.00

SIM_TRACE_LOG:2,132,6.4674,6.5131,147.6062,-30.00,0.60,0,30.0000,False,False,7.1315,44,76.76,52.466,in_progress,0.00

SIM_TRACE_LOG:2,133,6.4424,6.5241,148.6779,30.00,0.60,4,30.0000,False,False,7.1670,44,76.76,52.507,in_progress,0.00

SIM_TRACE_LOG:2,134,6.3831,6.5499,150.7104,0.00,0.60,2,30.0000,False,False,7.2508,44,76.76,52.596000000000004,in_progress,0.00

SIM_TRACE_LOG:2,135,6.3407,6.5627,153.1059,-15.00,0.60,1,40.0000,False,False,7.2604,44,76.76,52.657,in_progress,0.00

SIM_TRACE_LOG:2,136,6.3296,6.5675,153.3253,-30.00,0.60,0,40.0000,False,False,7.2604,44,76.76,52.729,in_progress,0.00

SIM_TRACE_LOG:2,137,6.2384,6.6225,151.4802,-15.00,0.60,1,40.0000,False,False,7.3472,44,76.76,52.785,in_progress,0.00

SIM_TRACE_LOG:2,138,6.2125,6.6456,149.5564,30.00,0.60,4,40.0000,False,False,7.3894,44,76.76,52.877,in_progress,0.00

SIM_TRACE_LOG:2,139,6.2037,6.6540,148.7916,15.00,0.60,3,40.0000,False,False,7.4040,44,76.76,52.906,in_progress,0.00

SIM_TRACE_LOG:2,140,6.1605,6.6773,149.3645,30.00,0.60,4,40.0000,False,False,7.4673,45,76.76,53.007,in_progress,0.00

SIM_TRACE_LOG:2,141,6.0885,6.6951,154.0725,15.00,0.60,3,40.0000,False,False,7.5633,45,76.76,53.072,in_progress,0.00

SIM_TRACE_LOG:2,142,6.0711,6.6987,155.1421,-30.00,0.60,0,40.0000,False,False,7.5861,45,76.76,53.099,in_progress,0.00

SIM_TRACE_LOG:2,143,6.0237,6.7150,156.2975,-30.00,0.60,0,40.0000,True,False,7.6514,45,76.76,53.173,off_track,0.00

[s3] Successfully uploaded metrics to                  s3 bucket base-bucket-1f3pfk38sjoqu with s3 key first-model/metrics/TrainingMetrics_4.json.
Training> Name=main_level/agent, Worker=0, Episode=3, Total reward=6290.0, Steps=319, Training iteration=0
Reset agent
Reset agent finished
[s3] Successfully uploaded simtrace_training to              s3 bucket base-bucket-1f3pfk38sjoqu with s3 key first-model/4/training-simtrace/0-iteration.csv.
[s3] Successfully downloaded 1_Step-1368.ckpt.data-00000-of-00001 from                  s3 key first-model/model/1_Step-1368.ckpt.data-00000-of-00001 to local checkpoint_robomaker/agent/1_Step-1368.ckpt.data-00000-of-00001.
[s3] Successfully downloaded 1_Step-1368.ckpt.index from                  s3 key first-model/model/1_Step-1368.ckpt.index to local checkpoint_robomaker/agent/1_Step-1368.ckpt.index.
[s3] Successfully downloaded 1_Step-1368.ckpt.meta from                  s3 key first-model/model/1_Step-1368.ckpt.meta to local checkpoint_robomaker/agent/1_Step-1368.ckpt.meta.
[s3] Successfully downloaded .ready from                  s3 key first-model/model/.ready to local checkpoint_robomaker/agent/.ready.
Checkpoint> Restoring from path=./checkpoint_robomaker/agent/1_Step-1368.ckpt
Reset agent
Reset agent finished
SIM_TRACE_LOG:3,1,7.0584,4.8252,109.1490,-15.00,0.60,1,0.0000,False,True,0.1830,39,76.76,118.323,prepare,0.00

SIM_TRACE_LOG:3,2,7.0586,4.8248,109.0873,0.00,0.60,2,60.0000,False,True,0.1824,39,76.76,118.387,in_progress,0.00

SIM_TRACE_LOG:3,3,7.0564,4.8299,109.1700,-30.00,0.60,0,40.0000,False,True,0.1896,39,76.76,118.463,in_progress,0.00

SIM_TRACE_LOG:3,4,7.0566,4.8410,108.2662,-15.00,0.60,1,60.0000,False,True,0.2032,39,76.76,118.473,in_progress,0.00

SIM_TRACE_LOG:3,5,7.0586,4.8662,105.8284,15.00,0.60,3,60.0000,False,True,0.2333,39,76.76,118.55,in_progress,0.00

SIM_TRACE_LOG:3,6,7.0551,4.8954,104.6678,15.00,0.60,3,60.0000,False,True,0.2709,39,76.76,118.684,in_progress,0.00

SIM_TRACE_LOG:3,7,7.0267,4.9495,107.7800,-30.00,0.60,0,50.0000,False,True,0.3485,39,76.76,118.714,in_progress,0.00

SIM_TRACE_LOG:3,8,7.0145,4.9796,108.3851,0.00,0.60,2,50.0000,False,True,0.3908,39,76.76,118.796,in_progress,0.00

SIM_TRACE_LOG:3,9,6.9994,5.0226,108.5599,0.00,0.60,2,50.0000,False,True,0.4500,39,76.76,118.832,in_progress,0.00

SIM_TRACE_LOG:3,10,6.9861,5.0583,108.8503,30.00,0.60,4,50.0000,False,True,0.4996,40,76.76,118.972,in_progress,0.00

SIM_TRACE_LOG:3,11,6.9501,5.1166,112.3084,15.00,0.60,3,50.0000,False,True,0.5879,40,76.76,118.99,in_progress,0.00

SIM_TRACE_LOG:3,12,6.9278,5.1383,115.3341,-30.00,0.60,0,50.0000,False,True,0.6251,40,76.76,119.064,in_progress,0.00

SIM_TRACE_LOG:3,13,6.8965,5.1765,118.0319,0.00,0.60,2,50.0000,False,True,0.6868,40,76.76,119.154,in_progress,0.00

SIM_TRACE_LOG:3,14,6.8686,5.2187,119.1538,-30.00,0.60,0,50.0000,False,True,0.7549,40,76.76,119.178,in_progress,0.00

SIM_TRACE_LOG:3,15,6.8282,5.2804,120.2954,30.00,0.60,4,50.0000,False,True,0.8508,40,76.76,119.284,in_progress,0.00

SIM_TRACE_LOG:3,16,6.8138,5.3090,119.7348,15.00,0.60,3,50.0000,False,True,0.8925,41,76.76,119.347,in_progress,0.00

SIM_TRACE_LOG:3,17,6.7879,5.3376,121.7023,15.00,0.60,3,50.0000,False,True,0.9413,41,76.76,119.386,in_progress,0.00

SIM_TRACE_LOG:3,18,6.7674,5.3548,123.7459,30.00,0.60,4,50.0000,False,True,0.9737,41,76.76,119.424,in_progress,0.00

SIM_TRACE_LOG:3,19,6.7038,5.3915,131.0638,-30.00,0.60,0,50.0000,False,True,1.0553,41,76.76,119.513,in_progress,0.00

SIM_TRACE_LOG:3,20,6.6617,5.4128,135.2415,-30.00,0.60,0,50.0000,False,True,1.1324,41,76.76,119.581,in_progress,0.00

SIM_TRACE_LOG:3,21,6.6520,5.4188,135.8803,15.00,0.60,3,50.0000,False,True,1.1465,41,76.76,119.611,in_progress,0.00

SIM_TRACE_LOG:3,22,6.5838,5.4555,140.6641,-30.00,0.60,0,50.0000,False,True,1.2397,41,76.76,119.728,in_progress,0.00

SIM_TRACE_LOG:3,23,6.5381,5.4768,143.5936,15.00,0.60,3,50.0000,False,True,1.2987,42,76.76,119.773,in_progress,0.00

SIM_TRACE_LOG:3,24,6.5011,5.4971,144.9289,-15.00,0.60,1,50.0000,False,True,1.3497,42,76.76,119.836,in_progress,0.00

SIM_TRACE_LOG:3,25,6.4669,5.5153,146.1294,-15.00,0.60,1,50.0000,False,True,1.3961,42,76.76,119.885,in_progress,0.00

SIM_TRACE_LOG:3,26,6.4172,5.5522,145.4655,0.00,0.60,2,50.0000,False,True,1.5280,42,76.76,119.986,in_progress,0.00

SIM_TRACE_LOG:3,27,6.4045,5.5624,145.1817,15.00,0.60,3,50.0000,False,True,1.5493,42,76.76,120.053,in_progress,0.00

SIM_TRACE_LOG:3,28,6.3685,5.5866,145.3754,-30.00,0.60,0,50.0000,False,True,1.6055,42,76.76,120.089,in_progress,0.00

SIM_TRACE_LOG:3,29,6.3345,5.6095,145.5115,15.00,0.60,3,50.0000,False,True,1.6586,42,76.76,120.185,in_progress,0.00

SIM_TRACE_LOG:3,30,6.2906,5.6395,145.5819,15.00,0.60,3,50.0000,False,True,1.7277,43,76.76,120.215,in_progress,0.00

SIM_TRACE_LOG:3,31,6.2317,5.6649,148.4161,15.00,0.60,3,50.0000,False,True,1.8079,43,76.76,120.311,in_progress,0.00

SIM_TRACE_LOG:3,32,6.1735,5.6854,151.3857,-15.00,0.60,1,50.0000,False,True,1.9453,43,76.76,120.399,in_progress,0.00

SIM_TRACE_LOG:3,33,6.1383,5.7007,152.2385,-30.00,0.60,0,50.0000,False,True,1.9950,43,76.76,120.4,in_progress,0.00

SIM_TRACE_LOG:3,34,6.1113,5.7222,150.7072,-30.00,0.60,0,50.0000,False,True,2.0393,43,76.76,120.505,in_progress,0.00

SIM_TRACE_LOG:3,35,6.0932,5.7443,148.1699,-15.00,0.60,1,50.0000,False,True,2.0739,44,76.76,120.591,in_progress,0.00

SIM_TRACE_LOG:3,36,6.0637,5.7865,143.4830,30.00,0.60,4,50.0000,False,True,2.1341,44,76.76,120.652,in_progress,0.00

SIM_TRACE_LOG:3,37,6.0280,5.8225,141.7190,-15.00,0.60,1,50.0000,False,True,2.1975,44,76.76,120.759,in_progress,0.00

SIM_TRACE_LOG:3,38,5.9746,5.8713,140.5598,30.00,0.60,4,40.0000,False,True,2.3236,44,76.76,120.778,in_progress,0.00

SIM_TRACE_LOG:3,39,5.9559,5.8932,139.2910,-15.00,0.60,1,40.0000,False,True,2.3565,44,76.76,120.915,in_progress,0.00

SIM_TRACE_LOG:3,40,5.9165,5.9509,135.2382,-15.00,0.60,1,40.0000,False,True,2.4309,44,76.76,121.002,in_progress,0.00

SIM_TRACE_LOG:3,41,5.8900,5.9949,132.3543,-15.00,0.60,1,40.0000,False,True,2.4835,45,76.76,121.033,in_progress,0.00

SIM_TRACE_LOG:3,42,5.8770,6.0186,130.8243,30.00,0.60,4,40.0000,False,True,2.5102,45,76.76,121.034,in_progress,0.00

SIM_TRACE_LOG:3,43,5.8723,6.0287,130.0077,15.00,0.60,3,40.0000,False,True,2.5206,45,76.76,121.092,in_progress,0.00

SIM_TRACE_LOG:3,44,5.8533,6.0510,130.0677,-15.00,0.60,1,40.0000,False,True,2.5540,45,76.76,121.137,in_progress,0.00

SIM_TRACE_LOG:3,45,5.8228,6.0833,130.7460,30.00,0.60,4,40.0000,False,True,2.6060,45,76.76,121.242,in_progress,0.00

SIM_TRACE_LOG:3,46,5.7412,6.1493,134.8711,0.00,0.60,2,60.0000,False,True,2.7356,45,76.76,121.358,in_progress,0.00

SIM_TRACE_LOG:3,47,5.6983,6.1718,138.2965,15.00,0.60,3,60.0000,False,True,2.7968,45,76.76,121.426,in_progress,0.00

SIM_TRACE_LOG:3,48,5.6803,6.1837,139.0632,-30.00,0.60,0,60.0000,False,True,2.8231,45,76.76,121.457,in_progress,0.00

SIM_TRACE_LOG:3,49,5.6600,6.2001,139.3877,0.00,0.60,2,60.0000,False,True,2.8539,46,76.76,121.514,in_progress,0.00

SIM_TRACE_LOG:3,50,5.6199,6.2392,138.5259,-15.00,0.60,1,60.0000,False,True,2.9165,46,76.76,121.573,in_progress,0.00

SIM_TRACE_LOG:3,51,5.5886,6.2766,136.8011,30.00,0.60,4,60.0000,False,True,2.9675,46,76.76,121.641,in_progress,0.00

SIM_TRACE_LOG:3,52,5.5415,6.3303,135.2610,0.00,0.60,2,60.0000,False,True,3.0436,46,76.76,121.743,in_progress,0.00

SIM_TRACE_LOG:3,53,5.5164,6.3520,135.8469,15.00,0.60,3,60.0000,False,True,3.0704,46,76.76,121.779,in_progress,0.00

SIM_TRACE_LOG:3,54,5.4894,6.3739,136.6112,30.00,0.60,4,60.0000,False,True,3.1101,46,76.76,121.842,in_progress,0.00

SIM_TRACE_LOG:3,55,5.4131,6.4091,142.6197,-15.00,0.60,1,60.0000,False,True,3.2160,46,76.76,121.882,in_progress,0.00

SIM_TRACE_LOG:3,56,5.3653,6.4303,145.4542,0.00,0.60,2,60.0000,False,True,3.2822,47,76.76,122.033,in_progress,0.00

SIM_TRACE_LOG:3,57,5.3174,6.4655,145.0600,-30.00,0.60,0,60.0000,False,True,3.3517,47,76.76,122.121,in_progress,0.00

SIM_TRACE_LOG:3,58,5.2996,6.4783,145.0383,0.00,0.60,2,60.0000,False,True,3.3775,47,76.76,122.152,in_progress,0.00

SIM_TRACE_LOG:3,59,5.2796,6.4959,144.3087,-15.00,0.60,1,60.0000,False,True,3.4072,47,76.76,122.193,in_progress,0.00

SIM_TRACE_LOG:3,60,5.2467,6.5328,141.8422,0.00,0.60,2,60.0000,False,True,3.4612,47,76.76,122.241,in_progress,0.00

SIM_TRACE_LOG:3,61,5.2403,6.5410,141.1800,30.00,0.60,4,60.0000,False,True,3.4714,47,76.76,122.323,in_progress,0.00

SIM_TRACE_LOG:3,62,5.1869,6.5864,140.8719,30.00,0.60,4,60.0000,False,True,3.5508,47,76.76,122.379,in_progress,0.00

SIM_TRACE_LOG:3,63,5.1450,6.6057,143.5795,0.00,0.60,2,60.0000,False,True,3.6090,47,76.76,122.511,in_progress,0.00

SIM_TRACE_LOG:3,64,5.0857,6.6373,145.7365,30.00,0.60,4,60.0000,False,True,3.6927,48,76.76,122.53,in_progress,0.00

SIM_TRACE_LOG:3,65,5.0831,6.6396,145.5688,15.00,0.60,3,60.0000,False,True,3.6965,48,76.76,122.59,in_progress,0.00

SIM_TRACE_LOG:3,66,5.0324,6.6635,147.7387,-15.00,0.60,1,60.0000,False,True,3.7672,48,76.76,122.645,in_progress,0.00

SIM_TRACE_LOG:3,67,4.9792,6.6895,149.1210,15.00,0.60,3,60.0000,False,True,3.8454,48,76.76,122.759,in_progress,0.00

SIM_TRACE_LOG:3,68,4.8751,6.7322,152.8846,-30.00,0.60,0,60.0000,False,True,3.9892,48,76.76,122.889,in_progress,0.00

SIM_TRACE_LOG:3,69,4.8494,6.7400,154.0576,-15.00,0.60,1,60.0000,False,True,4.0240,48,76.76,122.89,in_progress,0.00

SIM_TRACE_LOG:3,70,4.8159,6.7580,153.7329,-15.00,0.60,1,60.0000,False,True,4.0714,49,76.76,123.016,in_progress,0.00

SIM_TRACE_LOG:3,71,4.7793,6.7861,151.5856,0.00,0.60,2,60.0000,False,True,4.1252,49,76.76,123.078,in_progress,0.00

SIM_TRACE_LOG:3,72,4.7348,6.8213,149.3591,30.00,0.60,4,60.0000,False,True,4.1910,49,76.76,123.137,in_progress,0.00

SIM_TRACE_LOG:3,73,4.7091,6.8361,149.4492,-15.00,0.60,1,40.0000,False,False,4.2243,49,76.76,123.183,in_progress,0.00

SIM_TRACE_LOG:3,74,4.6694,6.8570,149.9589,0.00,0.60,2,40.0000,False,False,4.2802,49,76.76,123.303,in_progress,0.00

SIM_TRACE_LOG:3,75,4.6227,6.8920,148.4084,-30.00,0.60,0,40.0000,False,False,4.3485,49,76.76,123.337,in_progress,0.00

SIM_TRACE_LOG:3,76,4.6152,6.8969,148.4132,-15.00,0.60,1,40.0000,False,False,4.3593,49,76.76,123.367,in_progress,0.00

SIM_TRACE_LOG:3,77,4.5593,6.9732,140.5639,30.00,0.60,4,40.0000,False,False,4.4496,50,76.76,123.487,in_progress,0.00

SIM_TRACE_LOG:3,78,4.5544,6.9834,139.3125,15.00,0.60,3,40.0000,False,False,4.4583,50,76.76,123.504,in_progress,0.00

SIM_TRACE_LOG:3,79,4.5302,7.0155,137.2968,0.00,0.60,2,40.0000,False,False,4.4972,50,76.76,123.563,in_progress,0.00

SIM_TRACE_LOG:3,80,4.4985,7.0457,137.0860,-15.00,0.60,1,40.0000,False,False,4.5451,50,76.76,123.674,in_progress,0.00

SIM_TRACE_LOG:3,81,4.4626,7.0849,136.0337,-30.00,0.60,0,40.0000,False,False,4.6005,50,76.76,123.728,in_progress,0.00

SIM_TRACE_LOG:3,82,4.4368,7.1191,134.4763,-15.00,0.60,1,40.0000,False,False,4.6147,50,76.76,123.78,in_progress,0.00

SIM_TRACE_LOG:3,83,4.4115,7.1648,131.2602,0.00,0.60,2,40.0000,True,False,4.6147,50,76.76,123.862,off_track,0.00

[s3] Successfully uploaded metrics to                  s3 bucket base-bucket-1f3pfk38sjoqu with s3 key first-model/metrics/TrainingMetrics_4.json.
Training> Name=main_level/agent, Worker=0, Episode=4, Total reward=4210.0, Steps=402, Training iteration=0
Reset agent
Reset agent finished
SIM_TRACE_LOG:4,1,3.8899,6.4617,174.9301,-30.00,0.60,0,0.0000,False,True,0.1833,51,76.76,124.157,prepare,0.00

SIM_TRACE_LOG:4,2,3.8898,6.4618,174.9187,0.00,0.60,2,60.0000,False,True,0.1835,51,76.76,124.234,in_progress,0.00

SIM_TRACE_LOG:4,3,3.8894,6.4622,174.7290,30.00,0.60,4,60.0000,False,True,0.1840,51,76.76,124.261,in_progress,0.00

SIM_TRACE_LOG:4,4,3.8889,6.4627,174.5854,30.00,0.60,4,60.0000,False,True,0.1847,51,76.76,124.335,in_progress,0.00

SIM_TRACE_LOG:4,5,3.8623,6.4500,178.2929,-15.00,0.60,1,40.0000,False,True,0.2190,52,76.76,124.386,in_progress,0.00

SIM_TRACE_LOG:4,6,3.7971,6.4558,177.2342,30.00,0.60,4,60.0000,False,True,0.3041,52,76.76,124.515,in_progress,0.00

SIM_TRACE_LOG:4,7,3.7734,6.4573,177.1632,-30.00,0.60,0,60.0000,False,True,0.3350,52,76.76,124.552,in_progress,0.00

SIM_TRACE_LOG:4,8,3.7388,6.4579,177.5006,-15.00,0.60,1,60.0000,False,True,0.3801,52,76.76,124.605,in_progress,0.00

SIM_TRACE_LOG:4,9,3.7126,6.4635,176.3948,30.00,0.60,4,60.0000,False,True,0.4144,52,76.76,124.697,in_progress,0.00

SIM_TRACE_LOG:4,10,3.6023,6.4598,179.0755,15.00,0.60,3,40.0000,False,True,0.5579,52,76.76,124.793,in_progress,0.00

SIM_TRACE_LOG:4,11,3.5568,6.4469,-177.6720,-30.00,0.60,0,40.0000,False,True,0.6166,53,76.76,124.865,in_progress,0.00

SIM_TRACE_LOG:4,12,3.4692,6.4356,-176.2006,-30.00,0.60,0,40.0000,False,True,0.7304,53,76.76,124.987,in_progress,0.00

SIM_TRACE_LOG:4,13,3.4450,6.4380,-177.2020,-30.00,0.60,0,40.0000,False,True,0.7619,53,76.76,125.02,in_progress,0.00

SIM_TRACE_LOG:4,14,3.4085,6.4487,179.8258,-30.00,0.60,0,40.0000,False,True,0.8098,53,76.76,125.071,in_progress,0.00

SIM_TRACE_LOG:4,15,3.3758,6.4661,175.7698,-15.00,0.60,1,40.0000,False,True,0.8531,53,76.76,125.165,in_progress,0.00

SIM_TRACE_LOG:4,16,3.3346,6.4883,171.2960,0.00,0.60,2,60.0000,False,True,0.9075,53,76.76,125.208,in_progress,0.00

SIM_TRACE_LOG:4,17,3.2988,6.5052,168.5873,30.00,0.60,4,60.0000,False,True,0.9547,53,76.76,125.248,in_progress,0.00

SIM_TRACE_LOG:4,18,3.2229,6.5080,171.4335,15.00,0.60,3,60.0000,False,True,1.0537,54,76.76,125.359,in_progress,0.00

SIM_TRACE_LOG:4,19,3.2000,6.5037,173.3530,30.00,0.60,4,60.0000,False,True,1.0833,54,76.76,125.391,in_progress,0.00

SIM_TRACE_LOG:4,20,3.1546,6.4923,177.2254,0.00,0.60,2,60.0000,False,True,1.1421,54,76.76,125.457,in_progress,0.00

SIM_TRACE_LOG:4,21,3.1135,6.4836,179.7957,30.00,0.60,4,60.0000,False,True,1.1951,54,76.76,125.529,in_progress,0.00

SIM_TRACE_LOG:4,22,3.0633,6.4773,-178.6654,30.00,0.60,4,60.0000,False,True,1.2604,54,76.76,125.63,in_progress,0.00

SIM_TRACE_LOG:4,23,3.0141,6.4641,-175.9119,30.00,0.60,4,40.0000,False,True,1.3241,54,76.76,125.644,in_progress,0.00

SIM_TRACE_LOG:4,24,2.9980,6.4569,-174.4248,15.00,0.60,3,40.0000,False,True,1.3449,54,76.76,125.746,in_progress,0.00

SIM_TRACE_LOG:4,25,2.9318,6.4228,-168.3212,-15.00,0.60,1,40.0000,False,True,1.4302,55,76.76,125.801,in_progress,0.00

SIM_TRACE_LOG:4,26,2.9245,6.4185,-167.5650,-15.00,0.60,1,40.0000,False,True,1.4397,55,76.76,125.892,in_progress,0.00

SIM_TRACE_LOG:4,27,2.8528,6.4012,-167.3186,15.00,0.60,3,40.0000,False,True,1.5326,55,76.76,125.926,in_progress,0.00

SIM_TRACE_LOG:4,28,2.8134,6.3906,-166.9056,15.00,0.60,3,40.0000,False,True,1.5993,55,76.76,125.987,in_progress,0.00

SIM_TRACE_LOG:4,29,2.7495,6.3586,-163.1749,-30.00,0.60,0,40.0000,False,True,1.6868,55,76.76,126.09,in_progress,0.00

SIM_TRACE_LOG:4,30,2.7372,6.3498,-161.9074,15.00,0.60,3,40.0000,False,True,1.7040,55,76.76,126.116,in_progress,0.00

SIM_TRACE_LOG:4,31,2.7055,6.3305,-159.8559,-15.00,0.60,1,40.0000,False,True,1.7479,55,76.76,126.213,in_progress,0.00

SIM_TRACE_LOG:4,32,2.6414,6.2921,-156.8596,-15.00,0.60,1,40.0000,False,True,1.8368,56,76.76,126.299,in_progress,0.00

SIM_TRACE_LOG:4,33,2.6152,6.2797,-156.6012,15.00,0.60,3,40.0000,False,True,1.8725,56,76.76,126.322,in_progress,0.00

SIM_TRACE_LOG:4,34,2.5471,6.2346,-153.3744,0.00,0.60,2,40.0000,False,True,2.0564,56,76.76,126.458,in_progress,0.00

SIM_TRACE_LOG:4,35,2.5190,6.2106,-151.2554,-30.00,0.60,0,40.0000,False,True,2.1030,56,76.76,126.493,in_progress,0.00

SIM_TRACE_LOG:4,36,2.4975,6.1951,-150.4066,0.00,0.60,2,40.0000,False,True,2.1369,56,76.76,126.573,in_progress,0.00

SIM_TRACE_LOG:4,37,2.4497,6.1655,-149.8777,-30.00,0.60,0,40.0000,False,True,2.2097,57,76.76,126.614,in_progress,0.00

SIM_TRACE_LOG:4,38,2.4065,6.1386,-149.4870,-15.00,0.60,1,40.0000,False,True,2.2756,57,76.76,126.689,in_progress,0.00

SIM_TRACE_LOG:4,39,2.3850,6.1270,-149.7139,0.00,0.60,2,40.0000,False,True,2.3074,57,76.76,126.731,in_progress,0.00

SIM_TRACE_LOG:4,40,2.3366,6.1083,-151.5746,-15.00,0.60,1,40.0000,False,True,2.4483,57,76.76,126.803,in_progress,0.00

SIM_TRACE_LOG:4,41,2.3137,6.1007,-152.6057,-15.00,0.60,1,40.0000,False,True,2.4775,57,76.76,126.841,in_progress,0.00

SIM_TRACE_LOG:4,42,2.2559,6.0879,-156.0519,-30.00,0.60,0,40.0000,False,True,2.5456,57,76.76,126.929,in_progress,0.00

SIM_TRACE_LOG:4,43,2.1916,6.0815,-160.6585,-30.00,0.60,0,40.0000,False,True,2.6151,58,76.76,127.026,in_progress,0.00

SIM_TRACE_LOG:4,44,2.1612,6.0799,-162.7271,0.00,0.60,2,40.0000,False,True,2.6466,58,76.76,127.07,in_progress,0.00

SIM_TRACE_LOG:4,45,2.1612,6.0799,-162.7271,-30.00,0.60,0,40.0000,False,True,2.6466,58,76.76,127.168,in_progress,0.00

SIM_TRACE_LOG:4,46,2.0864,6.0662,-164.6800,15.00,0.60,3,40.0000,False,True,2.7325,58,76.76,127.224,in_progress,0.00

SIM_TRACE_LOG:4,47,2.0357,6.0575,-165.8798,15.00,0.60,3,40.0000,False,True,2.8090,58,76.76,127.26,in_progress,0.00

SIM_TRACE_LOG:4,48,1.9946,6.0352,-163.1740,0.00,0.60,2,40.0000,False,True,2.8631,58,76.76,127.328,in_progress,0.00

SIM_TRACE_LOG:4,49,1.9344,6.0038,-160.2868,30.00,0.60,4,60.0000,False,True,2.9410,58,76.76,127.423,in_progress,0.00

SIM_TRACE_LOG:4,50,1.9038,5.9869,-159.0644,0.00,0.60,2,60.0000,False,True,2.9815,59,76.76,127.475,in_progress,0.00

SIM_TRACE_LOG:4,51,1.8855,5.9749,-157.8905,-15.00,0.60,1,60.0000,False,True,3.0079,59,76.76,127.546,in_progress,0.00

SIM_TRACE_LOG:4,52,1.8344,5.9473,-156.4387,30.00,0.60,4,60.0000,False,True,3.0749,59,76.76,127.624,in_progress,0.00

SIM_TRACE_LOG:4,53,1.7706,5.9057,-153.6033,30.00,0.60,4,60.0000,False,True,3.1419,59,76.76,127.695,in_progress,0.00

SIM_TRACE_LOG:4,54,1.7611,5.8975,-152.8076,0.00,0.60,2,60.0000,False,True,3.1487,59,76.76,127.736,in_progress,0.00

SIM_TRACE_LOG:4,55,1.7339,5.8739,-150.7291,-15.00,0.60,1,60.0000,False,True,3.1890,59,76.76,127.805,in_progress,0.00

SIM_TRACE_LOG:4,56,1.6680,5.8390,-151.2254,-15.00,0.60,1,60.0000,False,True,3.2592,59,76.76,127.842,in_progress,0.00

SIM_TRACE_LOG:4,57,1.6633,5.8373,-151.4035,30.00,0.60,4,60.0000,False,True,3.2633,59,76.76,127.917,in_progress,0.00

SIM_TRACE_LOG:4,58,1.6012,5.8012,-150.9583,15.00,0.60,3,60.0000,False,True,3.3334,59,76.76,127.985,in_progress,0.00

SIM_TRACE_LOG:4,59,1.5539,5.7481,-145.6368,-15.00,0.60,1,60.0000,False,True,3.4184,60,76.76,128.086,in_progress,0.00

SIM_TRACE_LOG:4,60,1.5300,5.7154,-142.3635,-30.00,0.60,0,60.0000,False,True,3.4686,60,76.76,128.141,in_progress,0.00

SIM_TRACE_LOG:4,61,1.5177,5.7007,-141.3139,0.00,0.60,2,60.0000,False,True,3.4918,60,76.76,128.231,in_progress,0.00

SIM_TRACE_LOG:4,62,1.4469,5.6186,-137.1056,0.00,0.60,2,60.0000,False,True,3.5333,60,76.76,128.319,in_progress,0.00

SIM_TRACE_LOG:4,63,1.4233,5.5891,-135.8028,30.00,0.60,4,60.0000,False,True,3.5620,60,76.76,128.364,in_progress,0.00

SIM_TRACE_LOG:4,64,1.4067,5.5653,-134.5308,-15.00,0.60,1,60.0000,False,True,3.5945,60,76.76,128.416,in_progress,0.00

SIM_TRACE_LOG:4,65,1.3917,5.5424,-133.1545,0.00,0.60,2,60.0000,False,True,3.6256,60,76.76,128.455,in_progress,0.00

SIM_TRACE_LOG:4,66,1.3731,5.5166,-132.1971,0.00,0.60,2,60.0000,False,True,3.6609,60,76.76,128.5,in_progress,0.00

SIM_TRACE_LOG:4,67,1.3414,5.4769,-131.4583,0.00,0.60,2,60.0000,False,True,3.7154,60,76.76,128.573,in_progress,0.00

SIM_TRACE_LOG:4,68,1.2772,5.3966,-130.3688,-30.00,0.60,0,60.0000,False,True,3.8257,61,76.76,128.683,in_progress,0.00

SIM_TRACE_LOG:4,69,1.2468,5.3633,-130.7200,-15.00,0.60,1,60.0000,False,True,3.8718,61,76.76,128.791,in_progress,0.00

SIM_TRACE_LOG:4,70,1.2388,5.3563,-131.0672,-30.00,0.60,0,40.0000,False,False,3.8816,61,76.76,128.814,in_progress,0.00

SIM_TRACE_LOG:4,71,1.2259,5.3446,-131.5552,-15.00,0.60,1,40.0000,False,False,3.8981,61,76.76,128.854,in_progress,0.00

SIM_TRACE_LOG:4,72,1.1864,5.3127,-133.4691,30.00,0.60,4,40.0000,False,False,3.9251,61,76.76,128.939,in_progress,0.00

SIM_TRACE_LOG:4,73,1.1645,5.2947,-134.3631,0.00,0.60,2,40.0000,False,False,3.9251,61,76.76,129.001,in_progress,0.00

SIM_TRACE_LOG:4,74,1.1233,5.2529,-134.4301,30.00,0.60,4,40.0000,False,False,3.9251,61,76.76,129.049,in_progress,0.00

SIM_TRACE_LOG:4,75,1.0964,5.2214,-133.7946,30.00,0.60,4,40.0000,False,False,3.9251,61,76.76,129.125,in_progress,0.00

SIM_TRACE_LOG:4,76,1.0458,5.1358,-129.0374,0.00,0.60,2,40.0000,False,False,4.0129,61,76.76,129.25,in_progress,0.00

SIM_TRACE_LOG:4,77,1.0384,5.1211,-128.1610,-30.00,0.60,0,40.0000,False,False,4.0308,61,76.76,129.251,in_progress,0.00

SIM_TRACE_LOG:4,78,1.0306,5.1091,-127.8197,-15.00,0.60,1,40.0000,False,False,4.0451,61,76.76,129.326,in_progress,0.00

SIM_TRACE_LOG:4,79,0.9762,5.0597,-130.7409,-15.00,0.60,1,40.0000,True,False,4.1005,61,76.76,129.403,off_track,0.00

[s3] Successfully uploaded metrics to                  s3 bucket base-bucket-1f3pfk38sjoqu with s3 key first-model/metrics/TrainingMetrics_4.json.
Training> Name=main_level/agent, Worker=0, Episode=5, Total reward=3820.0, Steps=481, Training iteration=0
Reset agent
Reset agent finished
SIM_TRACE_LOG:5,1,2.0578,4.3939,-57.7184,0.00,0.60,2,0.0000,False,True,0.1782,64,76.76,129.522,prepare,0.00

SIM_TRACE_LOG:5,2,2.0576,4.3943,-57.7352,0.00,0.60,2,60.0000,False,True,0.1776,64,76.76,129.598,in_progress,0.00

SIM_TRACE_LOG:5,3,2.0597,4.3872,-58.3411,-30.00,0.60,0,60.0000,False,True,0.1855,64,76.76,129.667,in_progress,0.00

SIM_TRACE_LOG:5,4,2.0607,4.3471,-63.1660,-15.00,0.60,1,60.0000,False,True,0.2188,64,76.76,129.765,in_progress,0.00

SIM_TRACE_LOG:5,5,2.0568,4.3224,-66.7591,0.00,0.60,2,60.0000,False,True,0.2346,64,76.76,129.798,in_progress,0.00

SIM_TRACE_LOG:5,6,2.0560,4.2764,-71.1867,-30.00,0.60,0,60.0000,False,True,0.2708,64,76.76,129.923,in_progress,0.00

SIM_TRACE_LOG:5,7,2.0555,4.2463,-73.5175,0.00,0.60,2,60.0000,False,True,0.2945,64,76.76,129.97,in_progress,0.00

SIM_TRACE_LOG:5,8,2.0551,4.2146,-75.7723,15.00,0.60,3,60.0000,False,True,0.3196,65,76.76,130.02,in_progress,0.00

SIM_TRACE_LOG:5,9,2.0592,4.1783,-77.0202,30.00,0.60,4,60.0000,False,True,0.3530,65,76.76,130.076,in_progress,0.00

SIM_TRACE_LOG:5,10,2.0676,4.1537,-76.4547,15.00,0.60,3,60.0000,False,True,0.3813,65,76.76,130.118,in_progress,0.00

SIM_TRACE_LOG:5,11,2.0835,4.1090,-75.2987,-30.00,0.60,0,60.0000,False,True,0.4337,65,76.76,130.192,in_progress,0.00

SIM_TRACE_LOG:5,12,2.0925,4.0796,-74.9460,15.00,0.60,3,60.0000,False,True,0.4665,65,76.76,130.296,in_progress,0.00

SIM_TRACE_LOG:5,13,2.1297,3.9883,-72.2290,-15.00,0.60,1,60.0000,False,True,0.4903,65,76.76,130.383,in_progress,0.00

SIM_TRACE_LOG:5,14,2.1448,3.9611,-70.7000,-30.00,0.60,0,60.0000,False,True,0.5138,65,76.76,130.427,in_progress,0.00

SIM_TRACE_LOG:5,15,2.1535,3.9400,-70.3825,-30.00,0.60,0,60.0000,False,True,0.5353,65,76.76,130.459,in_progress,0.00

SIM_TRACE_LOG:5,16,2.1598,3.9056,-71.6436,-15.00,0.60,1,60.0000,False,True,0.5610,65,76.76,130.547,in_progress,0.00

SIM_TRACE_LOG:5,17,2.1611,3.8702,-73.9374,30.00,0.60,4,60.0000,False,True,0.5814,65,76.76,130.595,in_progress,0.00

SIM_TRACE_LOG:5,18,2.1733,3.8033,-75.3972,0.00,0.60,2,60.0000,False,True,0.6314,65,76.76,130.683,in_progress,0.00

SIM_TRACE_LOG:5,19,2.1849,3.7597,-75.3283,-15.00,0.60,1,60.0000,False,True,0.6683,65,76.76,130.781,in_progress,0.00

SIM_TRACE_LOG:5,20,2.1928,3.6770,-78.2753,0.00,0.60,2,40.0000,False,False,0.7214,66,76.76,130.86,in_progress,0.00

SIM_TRACE_LOG:5,21,2.1928,3.6386,-80.1295,15.00,0.60,3,40.0000,False,False,0.7418,66,76.76,130.921,in_progress,0.00

SIM_TRACE_LOG:5,22,2.1959,3.6082,-80.6613,-30.00,0.60,0,40.0000,False,False,0.7617,66,76.76,130.965,in_progress,0.00

SIM_TRACE_LOG:5,23,2.1989,3.5691,-81.4518,-30.00,0.60,0,40.0000,False,False,0.7860,66,76.76,131.023,in_progress,0.00

SIM_TRACE_LOG:5,24,2.1944,3.5404,-83.5168,0.00,0.60,2,40.0000,False,False,0.7958,66,76.76,131.079,in_progress,0.00

SIM_TRACE_LOG:5,25,2.1893,3.5137,-85.5114,0.00,0.60,2,40.0000,False,False,0.8039,66,76.76,131.108,in_progress,0.00

SIM_TRACE_LOG:5,26,2.1872,3.4639,-86.8949,0.00,0.60,2,40.0000,False,False,0.8278,66,76.76,131.195,in_progress,0.00

SIM_TRACE_LOG:5,27,2.1865,3.4212,-87.6041,0.00,0.60,2,40.0000,True,False,0.8496,66,76.76,131.3,off_track,0.00

[s3] Successfully uploaded metrics to                  s3 bucket base-bucket-1f3pfk38sjoqu with s3 key first-model/metrics/TrainingMetrics_4.json.
Training> Name=main_level/agent, Worker=0, Episode=6, Total reward=1400.0, Steps=508, Training iteration=0
Reset agent
Reset agent finished
[s3] Successfully uploaded simtrace_training to              s3 bucket base-bucket-1f3pfk38sjoqu with s3 key first-model/4/training-simtrace/1-iteration.csv.
[s3] Successfully downloaded 2_Step-2411.ckpt.data-00000-of-00001 from                  s3 key first-model/model/2_Step-2411.ckpt.data-00000-of-00001 to local checkpoint_robomaker/agent/2_Step-2411.ckpt.data-00000-of-00001.
[s3] Successfully downloaded 2_Step-2411.ckpt.index from                  s3 key first-model/model/2_Step-2411.ckpt.index to local checkpoint_robomaker/agent/2_Step-2411.ckpt.index.
[s3] Successfully downloaded 2_Step-2411.ckpt.meta from                  s3 key first-model/model/2_Step-2411.ckpt.meta to local checkpoint_robomaker/agent/2_Step-2411.ckpt.meta.
[s3] Successfully downloaded .ready from                  s3 key first-model/model/.ready to local checkpoint_robomaker/agent/.ready.
Checkpoint> Restoring from path=./checkpoint_robomaker/agent/2_Step-2411.ckpt
Reset agent
Reset agent finished
SIM_TRACE_LOG:6,1,3.3259,1.8485,-140.0242,-15.00,0.60,1,0.0000,False,True,0.1823,77,76.76,149.407,prepare,0.00

SIM_TRACE_LOG:6,2,3.3259,1.8485,-140.0561,0.00,0.60,2,60.0000,False,True,0.1824,77,76.76,149.456,in_progress,0.00

SIM_TRACE_LOG:6,3,3.3229,1.8462,-140.1161,-15.00,0.60,1,60.0000,False,True,0.1873,77,76.76,149.501,in_progress,0.00

SIM_TRACE_LOG:6,4,3.3191,1.8435,-140.2495,-30.00,0.60,0,60.0000,False,True,0.1935,77,76.76,149.565,in_progress,0.00

SIM_TRACE_LOG:6,5,3.2949,1.8326,-141.9629,-15.00,0.60,1,40.0000,False,True,0.2279,77,76.76,149.625,in_progress,0.00

SIM_TRACE_LOG:6,6,3.2590,1.8175,-144.3200,-15.00,0.60,1,40.0000,False,True,0.2782,77,76.76,149.698,in_progress,0.00

SIM_TRACE_LOG:6,7,3.2506,1.8142,-144.8947,0.00,0.60,2,40.0000,False,True,0.2898,77,76.76,149.72,in_progress,0.00

SIM_TRACE_LOG:6,8,3.1682,1.7660,-146.3968,-15.00,0.60,1,40.0000,False,True,0.4142,78,76.76,149.836,in_progress,0.00

SIM_TRACE_LOG:6,9,3.1424,1.7488,-146.3794,0.00,0.60,2,40.0000,False,True,0.4545,78,76.76,149.922,in_progress,0.00

SIM_TRACE_LOG:6,10,3.1390,1.7468,-146.4537,0.00,0.60,2,40.0000,False,True,0.4596,78,76.76,149.97,in_progress,0.00

SIM_TRACE_LOG:6,11,3.0973,1.7204,-146.7271,30.00,0.60,4,40.0000,False,True,0.5238,78,76.76,150.018,in_progress,0.00

SIM_TRACE_LOG:6,12,3.0491,1.6852,-145.9517,15.00,0.60,3,60.0000,False,True,0.6007,78,76.76,150.094,in_progress,0.00

SIM_TRACE_LOG:6,13,3.0257,1.6619,-144.4235,-15.00,0.60,1,60.0000,False,True,0.6401,78,76.76,150.142,in_progress,0.00

SIM_TRACE_LOG:6,14,2.9572,1.6150,-144.9346,0.00,0.60,2,60.0000,False,True,0.7455,78,76.76,150.271,in_progress,0.00

SIM_TRACE_LOG:6,15,2.9263,1.5983,-145.9692,30.00,0.60,4,60.0000,False,True,0.7908,79,76.76,150.32,in_progress,0.00

SIM_TRACE_LOG:6,16,2.9034,1.5803,-145.5633,30.00,0.60,4,60.0000,False,True,0.8272,79,76.76,150.36,in_progress,0.00

SIM_TRACE_LOG:6,17,2.8840,1.5551,-143.2165,0.00,0.60,2,60.0000,False,True,0.8627,79,76.76,150.368,in_progress,0.00

SIM_TRACE_LOG:6,18,2.8573,1.5094,-138.3409,-30.00,0.60,0,60.0000,False,True,0.9167,79,76.76,150.484,in_progress,0.00

SIM_TRACE_LOG:6,19,2.8012,1.4626,-138.6463,-30.00,0.60,0,60.0000,False,True,0.9797,79,76.76,150.591,in_progress,0.00

SIM_TRACE_LOG:6,20,2.7672,1.4413,-140.1787,30.00,0.60,4,60.0000,False,True,1.0286,79,76.76,150.652,in_progress,0.00

SIM_TRACE_LOG:6,21,2.7332,1.4140,-140.4257,-15.00,0.60,1,60.0000,False,True,1.0791,79,76.76,150.748,in_progress,0.00

SIM_TRACE_LOG:6,22,2.6828,1.3747,-140.8473,-15.00,0.60,1,60.0000,False,True,1.1536,79,76.76,150.814,in_progress,0.00

SIM_TRACE_LOG:6,23,2.6540,1.3574,-141.9775,-15.00,0.60,1,60.0000,False,True,1.1949,80,76.76,150.865,in_progress,0.00

SIM_TRACE_LOG:6,24,2.6016,1.3370,-145.4956,-30.00,0.60,0,60.0000,False,True,1.2670,80,76.76,150.986,in_progress,0.00

SIM_TRACE_LOG:6,25,2.5542,1.3170,-147.8934,0.00,0.60,2,60.0000,False,True,1.3328,80,76.76,151.03,in_progress,0.00

SIM_TRACE_LOG:6,26,2.5433,1.3123,-148.3815,-30.00,0.60,0,60.0000,False,True,1.3479,80,76.76,151.072,in_progress,0.00

SIM_TRACE_LOG:6,27,2.5061,1.2941,-149.2666,-30.00,0.60,0,60.0000,False,True,1.3677,80,76.76,151.1,in_progress,0.00

SIM_TRACE_LOG:6,28,2.4467,1.2824,-153.7854,0.00,0.60,2,60.0000,False,True,1.4344,80,76.76,151.195,in_progress,0.00

SIM_TRACE_LOG:6,29,2.4118,1.2722,-155.2628,-30.00,0.60,0,60.0000,False,True,1.4804,80,76.76,151.248,in_progress,0.00

SIM_TRACE_LOG:6,30,2.3787,1.2603,-155.9165,0.00,0.60,2,60.0000,False,True,1.5243,80,76.76,151.344,in_progress,0.00

SIM_TRACE_LOG:6,31,2.3260,1.2399,-156.5188,-30.00,0.60,0,60.0000,False,True,1.5943,81,76.76,151.389,in_progress,0.00

SIM_TRACE_LOG:6,32,2.2680,1.2200,-157.5871,0.00,0.60,2,60.0000,False,True,1.6711,81,76.76,151.478,in_progress,0.00

SIM_TRACE_LOG:6,33,2.2507,1.2175,-158.7309,30.00,0.60,4,60.0000,False,True,1.6939,81,76.76,151.555,in_progress,0.00

SIM_TRACE_LOG:6,34,2.1754,1.1864,-158.2480,-15.00,0.60,1,60.0000,False,True,1.7603,81,76.76,151.618,in_progress,0.00

SIM_TRACE_LOG:6,35,2.1479,1.1704,-157.0980,-15.00,0.60,1,60.0000,False,True,1.7955,81,76.76,151.624,in_progress,0.00

SIM_TRACE_LOG:6,36,2.1205,1.1598,-157.2360,15.00,0.60,3,60.0000,False,True,1.8308,81,76.76,151.764,in_progress,0.00

SIM_TRACE_LOG:6,37,2.0726,1.1362,-156.5163,30.00,0.60,4,60.0000,False,True,1.8923,81,76.76,151.78,in_progress,0.00

SIM_TRACE_LOG:6,38,2.0337,1.0981,-152.0408,-30.00,0.60,0,60.0000,False,True,1.9417,81,76.76,151.873,in_progress,0.00

SIM_TRACE_LOG:6,39,2.0134,1.0714,-148.4356,15.00,0.60,3,60.0000,False,True,1.9672,82,76.76,151.926,in_progress,0.00

SIM_TRACE_LOG:6,40,1.9693,1.0217,-144.0398,-15.00,0.60,1,60.0000,False,True,2.0229,82,76.76,152.02,in_progress,0.00

SIM_TRACE_LOG:6,41,1.9456,0.9961,-142.4107,-15.00,0.60,1,40.0000,False,False,2.0529,82,76.76,152.069,in_progress,0.00

SIM_TRACE_LOG:6,42,1.9049,0.9592,-141.3342,-30.00,0.60,0,40.0000,False,False,2.1045,82,76.76,152.148,in_progress,0.00

SIM_TRACE_LOG:6,43,1.8829,0.9468,-142.3048,15.00,0.60,3,40.0000,False,False,2.1328,82,76.76,152.188,in_progress,0.00

SIM_TRACE_LOG:6,44,1.8536,0.9292,-143.2693,15.00,0.60,3,40.0000,False,False,2.1525,82,76.76,152.244,in_progress,0.00

SIM_TRACE_LOG:6,45,1.8092,0.8859,-141.3782,0.00,0.60,2,40.0000,False,False,2.1990,82,76.76,152.335,in_progress,0.00

SIM_TRACE_LOG:6,46,1.7864,0.8592,-139.7967,-30.00,0.60,0,40.0000,False,False,2.2265,82,76.76,152.384,in_progress,0.00

SIM_TRACE_LOG:6,47,1.7625,0.8353,-139.0998,15.00,0.60,3,40.0000,False,False,2.2557,82,76.76,152.471,in_progress,0.00

SIM_TRACE_LOG:6,48,1.7145,0.7849,-137.7266,-15.00,0.60,1,40.0000,False,False,2.3143,82,76.76,152.532,in_progress,0.00

SIM_TRACE_LOG:6,49,1.6928,0.7606,-136.9207,15.00,0.60,3,40.0000,True,False,2.3406,82,76.76,152.625,off_track,0.00

[s3] Successfully uploaded metrics to                  s3 bucket base-bucket-1f3pfk38sjoqu with s3 key first-model/metrics/TrainingMetrics_4.json.
Training> Name=main_level/agent, Worker=0, Episode=7, Total reward=2560.0, Steps=557, Training iteration=0
Reset agent
Reset agent finished
SIM_TRACE_LOG:7,1,-0.4077,1.8781,165.1711,0.00,0.60,2,0.0000,False,True,0.1827,90,76.76,152.772,prepare,0.00

SIM_TRACE_LOG:7,2,-0.4074,1.8781,165.1569,-15.00,0.60,1,40.0000,False,True,0.1822,90,76.76,152.845,in_progress,0.00

SIM_TRACE_LOG:7,3,-0.4207,1.8820,165.0311,-30.00,0.60,0,40.0000,False,True,0.2003,90,76.76,152.982,in_progress,0.00

SIM_TRACE_LOG:7,4,-0.4649,1.9037,162.6993,30.00,0.60,4,40.0000,False,True,0.2632,90,76.76,153.069,in_progress,0.00

SIM_TRACE_LOG:7,5,-0.5103,1.9184,162.5810,-30.00,0.60,0,40.0000,False,True,0.3253,90,76.76,153.135,in_progress,0.00

SIM_TRACE_LOG:7,6,-0.5453,1.9253,163.5866,30.00,0.60,4,40.0000,False,True,0.3716,90,76.76,153.206,in_progress,0.00

SIM_TRACE_LOG:7,7,-0.5951,1.9393,163.7627,30.00,0.60,4,40.0000,False,True,0.4391,90,76.76,153.245,in_progress,0.00

SIM_TRACE_LOG:7,8,-0.6310,1.9437,165.1657,30.00,0.60,4,40.0000,False,True,0.4857,90,76.76,153.377,in_progress,0.00

SIM_TRACE_LOG:7,9,-0.7571,1.9352,173.6842,30.00,0.60,4,60.0000,False,True,0.6417,91,76.76,153.476,in_progress,0.00

SIM_TRACE_LOG:7,10,-0.7967,1.9191,178.5094,30.00,0.60,4,60.0000,False,True,0.6851,91,76.76,153.535,in_progress,0.00

SIM_TRACE_LOG:7,11,-0.8647,1.8775,-171.7888,30.00,0.60,4,60.0000,False,True,0.7557,91,76.76,153.629,in_progress,0.00

SIM_TRACE_LOG:7,12,-0.8961,1.8556,-167.6596,15.00,0.60,3,60.0000,False,True,0.7874,91,76.76,153.686,in_progress,0.00

SIM_TRACE_LOG:7,13,-0.9278,1.8329,-163.9821,0.00,0.60,2,60.0000,False,True,0.8192,91,76.76,153.743,in_progress,0.00

SIM_TRACE_LOG:7,14,-0.9346,1.8278,-163.1765,-15.00,0.60,1,60.0000,False,True,0.8260,91,76.76,153.819,in_progress,0.00

SIM_TRACE_LOG:7,15,-1.0280,1.7881,-160.9841,0.00,0.60,2,60.0000,False,True,0.9292,92,76.76,153.91,in_progress,0.00

SIM_TRACE_LOG:7,16,-1.0280,1.7881,-160.9841,30.00,0.60,4,60.0000,False,True,0.9292,92,76.76,153.913,in_progress,0.00

SIM_TRACE_LOG:7,17,-1.0652,1.7701,-159.9778,30.00,0.60,4,60.0000,False,True,0.9695,92,76.76,154.023,in_progress,0.00

SIM_TRACE_LOG:7,18,-1.1198,1.7326,-156.2510,-15.00,0.60,1,60.0000,False,True,1.0249,92,76.76,154.069,in_progress,0.00

SIM_TRACE_LOG:7,19,-1.1512,1.7119,-154.7926,15.00,0.60,3,60.0000,False,True,1.0570,92,76.76,154.12,in_progress,0.00

SIM_TRACE_LOG:7,20,-1.2024,1.6790,-152.9644,30.00,0.60,4,60.0000,False,True,1.0775,92,76.76,154.21,in_progress,0.00

SIM_TRACE_LOG:7,21,-1.2232,1.6585,-150.8324,30.00,0.60,4,60.0000,False,True,1.0775,92,76.76,154.28,in_progress,0.00

SIM_TRACE_LOG:7,22,-1.2528,1.6181,-145.9350,-30.00,0.60,0,60.0000,False,True,1.0784,92,76.76,154.352,in_progress,0.00

SIM_TRACE_LOG:7,23,-1.2817,1.5842,-143.0863,30.00,0.60,4,60.0000,False,True,1.0965,92,76.76,154.416,in_progress,0.00

SIM_TRACE_LOG:7,24,-1.3183,1.5478,-141.4614,0.00,0.60,2,40.0000,False,False,1.1225,92,76.76,154.451,in_progress,0.00

SIM_TRACE_LOG:7,25,-1.3407,1.5255,-140.6083,-30.00,0.60,0,40.0000,False,False,1.1384,92,76.76,154.546,in_progress,0.00

SIM_TRACE_LOG:7,26,-1.3926,1.4917,-142.1892,30.00,0.60,4,40.0000,False,False,1.1842,92,76.76,154.587,in_progress,0.00

SIM_TRACE_LOG:7,27,-1.4593,1.4407,-142.1016,-15.00,0.60,1,40.0000,False,False,1.2391,92,76.76,154.706,in_progress,0.00

SIM_TRACE_LOG:7,28,-1.4637,1.4347,-141.4959,-15.00,0.60,1,40.0000,False,False,1.2414,92,76.76,154.76,in_progress,0.00

SIM_TRACE_LOG:7,29,-1.4992,1.3992,-140.0684,0.00,0.60,2,40.0000,True,False,1.2666,92,76.76,154.794,off_track,0.00

[s3] Successfully uploaded metrics to                  s3 bucket base-bucket-1f3pfk38sjoqu with s3 key first-model/metrics/TrainingMetrics_4.json.
Training> Name=main_level/agent, Worker=0, Episode=8, Total reward=1420.0, Steps=586, Training iteration=0
Reset agent
Reset agent finished
SIM_TRACE_LOG:8,1,-0.6962,4.6409,66.9669,-15.00,0.60,1,0.0000,False,True,0.1830,102,76.76,154.97,prepare,0.00

SIM_TRACE_LOG:8,2,-0.6965,4.6405,67.0450,15.00,0.60,3,60.0000,False,True,0.1824,102,76.76,155.028,in_progress,0.00

SIM_TRACE_LOG:8,3,-0.6955,4.6440,67.1452,-15.00,0.60,1,60.0000,False,True,0.1872,103,76.76,155.09,in_progress,0.00

SIM_TRACE_LOG:8,4,-0.6923,4.6492,67.0255,0.00,0.60,2,60.0000,False,True,0.1951,103,76.76,155.142,in_progress,0.00

SIM_TRACE_LOG:8,5,-0.6757,4.6693,65.2298,15.00,0.60,3,60.0000,False,True,0.2276,103,76.76,155.273,in_progress,0.00

SIM_TRACE_LOG:8,6,-0.6559,4.7036,64.3002,-15.00,0.60,1,60.0000,False,True,0.2788,103,76.76,155.286,in_progress,0.00

SIM_TRACE_LOG:8,7,-0.6435,4.7262,63.9858,30.00,0.60,4,60.0000,False,True,0.3122,103,76.76,155.332,in_progress,0.00

SIM_TRACE_LOG:8,8,-0.6198,4.7734,63.8527,15.00,0.60,3,60.0000,False,True,0.3806,103,76.76,155.414,in_progress,0.00

SIM_TRACE_LOG:8,9,-0.6099,4.8085,65.4157,15.00,0.60,3,60.0000,False,True,0.4184,103,76.76,155.472,in_progress,0.00

SIM_TRACE_LOG:8,10,-0.6000,4.8493,67.2784,15.00,0.60,3,60.0000,False,True,0.4720,103,76.76,155.559,in_progress,0.00

SIM_TRACE_LOG:8,11,-0.5943,4.8834,69.1936,15.00,0.60,3,60.0000,False,True,0.5167,103,76.76,155.631,in_progress,0.00

SIM_TRACE_LOG:8,12,-0.5865,4.9507,72.8814,-30.00,0.60,0,60.0000,False,True,0.6047,104,76.76,155.68,in_progress,0.00

SIM_TRACE_LOG:8,13,-0.5799,4.9833,73.7627,15.00,0.60,3,60.0000,False,True,0.6475,104,76.76,155.766,in_progress,0.00

SIM_TRACE_LOG:8,14,-0.5705,5.0220,74.1461,30.00,0.60,4,60.0000,False,True,0.6984,104,76.76,155.836,in_progress,0.00

SIM_TRACE_LOG:8,15,-0.5701,5.0873,78.1087,0.00,0.60,2,60.0000,False,True,0.7712,104,76.76,155.858,in_progress,0.00

SIM_TRACE_LOG:8,16,-0.5764,5.1307,81.7906,-15.00,0.60,1,60.0000,False,True,0.8173,104,76.76,155.985,in_progress,0.00

SIM_TRACE_LOG:8,17,-0.5780,5.1852,83.9211,-15.00,0.60,1,60.0000,False,True,0.8862,104,76.76,156.043,in_progress,0.00

SIM_TRACE_LOG:8,18,-0.5708,5.2252,83.3234,30.00,0.60,4,60.0000,False,True,0.9338,104,76.76,156.072,in_progress,0.00

SIM_TRACE_LOG:8,19,-0.5665,5.2845,84.0126,15.00,0.60,3,60.0000,False,True,1.0065,105,76.76,156.161,in_progress,0.00

SIM_TRACE_LOG:8,20,-0.5692,5.3042,85.1905,30.00,0.60,4,60.0000,False,True,1.0321,105,76.76,156.19,in_progress,0.00

SIM_TRACE_LOG:8,21,-0.5808,5.3483,88.7380,-15.00,0.60,1,60.0000,False,True,1.0916,105,76.76,156.252,in_progress,0.00

SIM_TRACE_LOG:8,22,-0.5945,5.4095,92.1673,-15.00,0.60,1,60.0000,False,True,1.1625,105,76.76,156.341,in_progress,0.00

SIM_TRACE_LOG:8,23,-0.5963,5.4888,91.8332,0.00,0.60,2,60.0000,False,True,1.2324,105,76.76,156.467,in_progress,0.00

SIM_TRACE_LOG:8,24,-0.5919,5.5241,90.5287,-30.00,0.60,0,60.0000,False,True,1.2704,105,76.76,156.49,in_progress,0.00

SIM_TRACE_LOG:8,25,-0.5874,5.5539,89.4279,30.00,0.60,4,60.0000,False,True,1.3019,105,76.76,156.556,in_progress,0.00

SIM_TRACE_LOG:8,26,-0.5791,5.5922,87.4807,0.00,0.60,2,60.0000,False,True,1.3409,105,76.76,156.613,in_progress,0.00

SIM_TRACE_LOG:8,27,-0.5767,5.6198,87.3001,-30.00,0.60,0,60.0000,False,True,1.3711,106,76.76,156.652,in_progress,0.00

SIM_TRACE_LOG:8,28,-0.5710,5.6505,86.3071,15.00,0.60,3,60.0000,False,True,1.4029,106,76.76,156.743,in_progress,0.00

SIM_TRACE_LOG:8,29,-0.5680,5.7016,86.4612,0.00,0.60,2,60.0000,False,True,1.4600,106,76.76,156.823,in_progress,0.00

SIM_TRACE_LOG:8,30,-0.5673,5.7557,87.0700,0.00,0.60,2,60.0000,False,True,1.5217,106,76.76,156.849,in_progress,0.00

SIM_TRACE_LOG:8,31,-0.5636,5.8033,86.7637,-15.00,0.60,1,60.0000,False,True,1.5548,106,76.76,156.85,in_progress,0.00

SIM_TRACE_LOG:8,32,-0.5596,5.8486,86.4576,0.00,0.60,2,60.0000,False,True,1.5548,106,76.76,156.989,in_progress,0.00

SIM_TRACE_LOG:8,33,-0.5558,5.9102,86.4735,-30.00,0.60,0,60.0000,False,True,1.6164,106,76.76,157.013,in_progress,0.00

SIM_TRACE_LOG:8,34,-0.5550,5.9253,86.5656,-30.00,0.60,0,60.0000,False,True,1.6316,106,76.76,157.124,in_progress,0.00

SIM_TRACE_LOG:8,35,-0.5394,5.9861,83.8354,-30.00,0.60,0,60.0000,False,True,1.6832,106,76.76,157.194,in_progress,0.00

SIM_TRACE_LOG:8,36,-0.5119,6.0402,78.8595,0.00,0.60,2,60.0000,False,True,1.7185,106,76.76,157.297,in_progress,0.00

SIM_TRACE_LOG:8,37,-0.4889,6.0985,76.4135,15.00,0.60,3,40.0000,False,False,1.7618,107,76.76,157.372,in_progress,0.00

SIM_TRACE_LOG:8,38,-0.4826,6.1360,77.0372,15.00,0.60,3,40.0000,False,False,1.7962,107,76.76,157.42,in_progress,0.00

SIM_TRACE_LOG:8,39,-0.4801,6.1657,78.0330,-15.00,0.60,1,40.0000,False,False,1.8254,107,76.76,157.464,in_progress,0.00

SIM_TRACE_LOG:8,40,-0.4647,6.2418,78.1283,0.00,0.60,2,40.0000,False,False,1.8931,107,76.76,157.58,in_progress,0.00

SIM_TRACE_LOG:8,41,-0.4442,6.2916,75.8058,0.00,0.60,2,40.0000,False,False,1.9294,107,76.76,157.581,in_progress,0.00

SIM_TRACE_LOG:8,42,-0.4263,6.3360,74.3635,30.00,0.60,4,40.0000,False,False,1.9466,107,76.76,157.733,in_progress,0.00

SIM_TRACE_LOG:8,43,-0.4179,6.3637,74.1629,15.00,0.60,3,40.0000,True,False,1.9466,107,76.76,157.765,off_track,0.00

[s3] Successfully uploaded metrics to                  s3 bucket base-bucket-1f3pfk38sjoqu with s3 key first-model/metrics/TrainingMetrics_4.json.
Training> Name=main_level/agent, Worker=0, Episode=9, Total reward=2380.0, Steps=629, Training iteration=0
Reset agent
Reset agent finished
