Starting as worker 2, using world 2022_march_pro and configuration training_params.yaml.
21/08/2023 00:11:35 passing arg to libvncserver: -rfbport
21/08/2023 00:11:35 passing arg to libvncserver: 5900
21/08/2023 00:11:35 x11vnc version: 0.9.13 lastmod: 2011-08-10  pid: 74
21/08/2023 00:11:35 
21/08/2023 00:11:35 wait_for_client: WAIT:0
21/08/2023 00:11:35 
21/08/2023 00:11:35 initialize_screen: fb_depth/fb_bpp/fb_Bpl 24/32/2560
21/08/2023 00:11:35 
21/08/2023 00:11:35 Listening for VNC connections on TCP port 5900
21/08/2023 00:11:35 Listening for VNC connections on TCP6 port 5900
21/08/2023 00:11:35 listen6: bind: Address already in use
21/08/2023 00:11:35 Not listening on IPv6 interface.
21/08/2023 00:11:35 

The VNC desktop is:      f11683ffe6b8:0
PORT=5900
JWM: warning: /etc/jwm/system.jwmrc[6]: invalid include: /etc/jwm/debian-menu
IP: 10.0.0.13 172.18.0.9 10.0.1.16  (f11683ffe6b8)
12:11:37 INFO:[DeepRacerNodeMonitor]: NodeMonitor started running
[s3] Successfully downloaded yaml file from s3 key first-model/training_params.yaml to local ./custom_files/training_params.yaml.
World name passed in YAML: 2022_march_pro
{'ALTERNATE_DRIVING_DIRECTION': 'False', 'AWS_REGION': 'us-east-1', 'BEST_MODEL_METRIC': 'progress', 'BODY_SHELL_TYPE': ['deepracer'], 'CAMERA_MAIN_ENABLE': 'True', 'CAMERA_SUB_ENABLE': 'False', 'CAR_COLOR': ['Black'], 'CAR_NAME': 'FastCar', 'CHANGE_START_POSITION': 'True', 'DISPLAY_NAME': 'FastCar', 'ENABLE_DOMAIN_RANDOMIZATION': 'False', 'JOB_TYPE': 'TRAINING', 'KINESIS_VIDEO_STREAM_NAME': '', 'METRICS_S3_BUCKET': ['base-bucket-1f3pfk38sjoqu'], 'METRICS_S3_OBJECT_KEY': ['first-model/metrics/TrainingMetrics.json'], 'MIN_EVAL_TRIALS': '5', 'MODEL_METADATA_FILE_S3_KEY': ['gpi_model_w00/custom_files/model_metadata.json'], 'NUM_WORKERS': '6', 'RACER_NAME': 'FastCar', 'RACE_TYPE': 'TIME_TRIAL', 'REVERSE_DIR': 'False', 'REWARD_FILE_S3_KEY': 'gpi_model_w00/custom_files/reward_function.py', 'ROBOMAKER_SIMULATION_JOB_ACCOUNT_ID': 'Dummy', 'ROUND_ROBIN_ADVANCE_DIST': '0.05', 'SAGEMAKER_SHARED_S3_BUCKET': ['base-bucket-1f3pfk38sjoqu'], 'SAGEMAKER_SHARED_S3_PREFIX': ['first-model'], 'SIMTRACE_S3_BUCKET': 'base-bucket-1f3pfk38sjoqu', 'SIMTRACE_S3_PREFIX': 'first-model', 'START_POSITION_OFFSET': '0.0', 'TRAINING_JOB_ARN': 'arn:Dummy', 'WORLD_NAME': '2022_march_pro'}
[s3] Successfully downloaded model metadata                  from s3 key gpi_model_w00/custom_files/model_metadata.json to local ./custom_files/racecar/model_metadata.json.
Sensor list ['FRONT_FACING_CAMERA'], network DEEP_CONVOLUTIONAL_NETWORK_SHALLOW, simapp_version 5.0, training_algorithm clipped_ppo, action_space_type discrete lidar_config {'num_sectors': 8, 'num_values_per_sector': 8, 'clipping_dist': 2.0}
12:11:40 INFO:[DeepRacerNodeMonitor]: Running nodes are {'/download_params_and_roslaunch_agent_node'}
xacro: in-order processing became default in ROS Melodic. You can drop the option.
... logging to /root/.ros/log/d1b68fb2-3fd8-11ee-a35b-02420a00000d/roslaunch-f11683ffe6b8-170.log
Checking log directory for disk usage. This may take a while.
Press Ctrl-C to interrupt
Done checking log file disk usage. Usage is <1GB.
]2;/opt/install/deepracer_simulation_environment/share/deepracer_simulation_environment/launch/rollout_rl_agent.launch
[1mstarted roslaunch server http://localhost:34473/[0m

SUMMARY
========

PARAMETERS
 * /ALTERNATE_DRIVING_DIRECTION: False
 * /AWS_REGION: us-east-1
 * /BEST_MODEL_METRIC: progress
 * /BODY_SHELL_TYPE: deepracer
 * /CAMERA_MAIN_ENABLE: True
 * /CAMERA_SUB_ENABLE: False
 * /CAR_COLOR: Black
 * /CAR_NAME: FastCar
 * /CHANGE_START_POSITION: True
 * /DISPLAY_NAME: FastCar
 * /ENABLE_DOMAIN_RANDOMIZATION: False
 * /JOB_TYPE: TRAINING
 * /KINESIS_VIDEO_STREAM_NAME: 
 * /METRICS_S3_BUCKET: base-bucket-1f3pf...
 * /METRICS_S3_OBJECT_KEY: first-model/metri...
 * /MIN_EVAL_TRIALS: 5
 * /MODEL_METADATA_FILE_S3_KEY: gpi_model_w00/cus...
 * /NUM_WORKERS: 6
 * /RACER_NAME: FastCar
 * /RACE_TYPE: TIME_TRIAL
 * /REVERSE_DIR: False
 * /REWARD_FILE_S3_KEY: gpi_model_w00/cus...
 * /ROBOMAKER_SIMULATION_JOB_ACCOUNT_ID: Dummy
 * /ROUND_ROBIN_ADVANCE_DIST: 0.05
 * /SAGEMAKER_SHARED_S3_BUCKET: base-bucket-1f3pf...
 * /SAGEMAKER_SHARED_S3_PREFIX: first-model
 * /SIMTRACE_S3_BUCKET: base-bucket-1f3pf...
 * /SIMTRACE_S3_PREFIX: first-model
 * /START_POSITION_OFFSET: 0.0
 * /TRAINING_JOB_ARN: arn:Dummy
 * /WORLD_NAME: 2022_march_pro
 * /racecar/gazebo_ros_control/pid_gains/left_front_wheel_joint/d: 0.0
 * /racecar/gazebo_ros_control/pid_gains/left_front_wheel_joint/i: 0.0
 * /racecar/gazebo_ros_control/pid_gains/left_front_wheel_joint/i_clamp: 0.0
 * /racecar/gazebo_ros_control/pid_gains/left_front_wheel_joint/p: 0.5
 * /racecar/gazebo_ros_control/pid_gains/left_rear_wheel_joint/d: 0.0
 * /racecar/gazebo_ros_control/pid_gains/left_rear_wheel_joint/i: 0.0
 * /racecar/gazebo_ros_control/pid_gains/left_rear_wheel_joint/i_clamp: 0.0
 * /racecar/gazebo_ros_control/pid_gains/left_rear_wheel_joint/p: 1.0
 * /racecar/gazebo_ros_control/pid_gains/left_steering_hinge_joint/d: 0.5
 * /racecar/gazebo_ros_control/pid_gains/left_steering_hinge_joint/i: 0.0
 * /racecar/gazebo_ros_control/pid_gains/left_steering_hinge_joint/p: 1.0
 * /racecar/gazebo_ros_control/pid_gains/right_front_wheel_joint/d: 0.0
 * /racecar/gazebo_ros_control/pid_gains/right_front_wheel_joint/i: 0.0
 * /racecar/gazebo_ros_control/pid_gains/right_front_wheel_joint/i_clamp: 0.0
 * /racecar/gazebo_ros_control/pid_gains/right_front_wheel_joint/p: 0.5
 * /racecar/gazebo_ros_control/pid_gains/right_rear_wheel_joint/d: 0.0
 * /racecar/gazebo_ros_control/pid_gains/right_rear_wheel_joint/i: 0.0
 * /racecar/gazebo_ros_control/pid_gains/right_rear_wheel_joint/i_clamp: 0.0
 * /racecar/gazebo_ros_control/pid_gains/right_rear_wheel_joint/p: 1.0
 * /racecar/gazebo_ros_control/pid_gains/right_steering_hinge_joint/d: 0.5
 * /racecar/gazebo_ros_control/pid_gains/right_steering_hinge_joint/i: 0.0
 * /racecar/gazebo_ros_control/pid_gains/right_steering_hinge_joint/p: 1.0
 * /racecar/joint_state_controller/publish_rate: 60
 * /racecar/joint_state_controller/type: joint_state_contr...
 * /racecar/left_front_wheel_velocity_controller/joint: left_front_wheel_...
 * /racecar/left_front_wheel_velocity_controller/pid/d: 0.0
 * /racecar/left_front_wheel_velocity_controller/pid/i: 0.0
 * /racecar/left_front_wheel_velocity_controller/pid/i_clamp: 0.0
 * /racecar/left_front_wheel_velocity_controller/pid/p: 0.5
 * /racecar/left_front_wheel_velocity_controller/type: velocity_controll...
 * /racecar/left_rear_wheel_velocity_controller/joint: left_rear_wheel_j...
 * /racecar/left_rear_wheel_velocity_controller/pid/d: 0.0
 * /racecar/left_rear_wheel_velocity_controller/pid/i: 0.0
 * /racecar/left_rear_wheel_velocity_controller/pid/i_clamp: 0.0
 * /racecar/left_rear_wheel_velocity_controller/pid/p: 1.0
 * /racecar/left_rear_wheel_velocity_controller/type: velocity_controll...
 * /racecar/left_steering_hinge_position_controller/joint: left_steering_hin...
12:11:44 INFO:[DeepRacerNodeMonitor]: Running nodes are {'/download_params_and_roslaunch_agent_node', '/racecar/controller_manager'}
12:11:45 INFO:[DeepRacerNodeMonitor]: Running nodes are {'/download_params_and_roslaunch_agent_node', '/racecar/robot_state_publisher', '/racecar/controller_manager'}
12:11:49 INFO:[DeepRacerNodeMonitor]: Running nodes are {'/car_reset_node', '/racecar/robot_state_publisher', '/racecar/controller_manager', '/download_params_and_roslaunch_agent_node'}
+ export PYTHONUNBUFFERED=1
+ PYTHONUNBUFFERED=1
+ ROLLOUT_IDX=2
+ python3 -m markov.rollout_worker --rollout_idx 2
12:11:52 INFO:[DeepRacerNodeMonitor]: Running nodes are {'/gazebo', '/racecar/controller_manager', '/download_params_and_roslaunch_agent_node', '/racecar/robot_state_publisher', '/car_reset_node'}
Publishing to KVS stream is enabled: True
12:11:53 INFO:[DeepRacerNodeMonitor]: Running nodes are {'/gazebo', '/agents_video_editor', '/racecar/controller_manager', '/download_params_and_roslaunch_agent_node', '/racecar/robot_state_publisher', '/car_reset_node'}
[31m[ERROR] [1692591113.923217914, 0.001000000]: GetModelStates: model [racecar] does not exist[0m
 * /racecar/left_st[INFO] [1692591107.551982, 0.000000]: Loading model XML from ros parameter /racecar/robot_description
[INFO] [1692591107.574526, 0.000000]: Waiting for service /gazebo/spawn_urdf_model
[INFO] [1692591113.765569, 0.000000]: Calling service /gazebo/spawn_urdf_model
[INFO] [1692591114.029829, 0.000000]: Spawn status: SpawnModel: Successfully spawned entity
[CameraManager]: Added <markov.cameras.handlers.follow_car_camera.FollowCarCamera object at 0x7f2ed9273860> to camera_namespaces racecar
[CameraManager]: Added <markov.cameras.handlers.top_camera.TopCamera object at 0x7f2ed9273dd8> to camera_namespaces racecar
[CameraManager]: Removed <markov.cameras.handlers.follow_car_camera.FollowCarCamera object at 0x7f2ed9273860> from camera_namespaces racecar
[CameraManager]: Removed <markov.cameras.handlers.top_camera.TopCamera object at 0x7f2ed9273dd8> from camera_namespaces racecar
Pausing physics after initializing the cars
[0m[ INFO] [1692591111.211173084]: DeepRacerGazeboSystemPlugin: Load[0m
[0m[ INFO] [1692591111.215981075]: DeepRacerGazeboSystemPlugin: Finished loading.[0m
[0m[ INFO] [1692591111.265624725]: Finished loading Gazebo ROS API Plugin.[0m
[0m[ INFO] [1692591111.268258801]: waitForService: Service [/gazebo/set_physics_properties] has not been advertised, waiting...[0m
[0m[ INFO] [1692591113.652836163]: DeepRacerGazeboSystemPlugin: Init Complete[0m
[0m[ INFO] [1692591113.847198400]: waitForService: Service [/gazebo/set_physics_properties] is now available.[0m
[0m[ INFO] [1692591114.048625600, 0.001000000]: Physics dynamic reconfigure ready.[0m
[0m[ INFO] [1692591117.212741851, 0.001000000]: Camera Plugin: Using the 'robotNamespace' param: '/racecar/'[0m
[0m[ INFO] [1692591117.216003422, 0.001000000]: Camera Plugin (ns = /racecar/)  <tf_prefix_>, set to "/racecar"[0m
[0m[ INFO] [1692591117.440239273, 0.001000000]: Loading gazebo_ros_control plugin[0m
[0m[ INFO] [1692591117.440447097, 0.001000000]: Starting gazebo_ros_control plugin in namespace: /racecar[0m
[0m[ INFO] [1692591117.441053790, 0.001000000]: gazebo_ros_control plugin is waiting for model URDF in parameter [/racecar/robot_description] on the ROS param server.[0m
[0m[ INFO] [1692591117.762006018, 0.001000000]: Loaded gazebo_ros_control.[0m
Topic [2022_march_pro//racecar/main_camera/camera_link/camera_sensor/image] is not valid.
/usr/local/lib/python3.6/dist-packages/tensorflow/python/framework/dtypes.py:523: FutureWarning: Passing (type, 1) or '1type' as a synonym of type is deprecated; in a future version of numpy, it will be understood as (type, (1,)) / '(1,)type'.
  _np_qint8 = np.dtype([("qint8", np.int8, 1)])
/usr/local/lib/python3.6/dist-packages/tensorflow/python/framework/dtypes.py:524: FutureWarning: Passing (type, 1) or '1type' as a synonym of type is deprecated; in a future version of numpy, it will be understood as (type, (1,)) / '(1,)type'.
  _np_quint8 = np.dtype([("quint8", np.uint8, 1)])
/usr/local/lib/python3.6/dist-packages/tensorflow/python/framework/dtypes.py:525: FutureWarning: Passing (type, 1) or '1type' as a synonym of type is deprecated; in a future version of numpy, it will be understood as (type, (1,)) / '(1,)type'.
  _np_qint16 = np.dtype([("qint16", np.int16, 1)])
/usr/local/lib/python3.6/dist-packages/tensorflow/python/framework/dtypes.py:526: FutureWarning: Passing (type, 1) or '1type' as a synonym of type is deprecated; in a future version of numpy, it will be understood as (type, (1,)) / '(1,)type'.
  _np_quint16 = np.dtype([("quint16", np.uint16, 1)])
/usr/local/lib/python3.6/dist-packages/tensorflow/python/framework/dtypes.py:527: FutureWarning: Passing (type, 1) or '1type' as a synonym of type is deprecated; in a future version of numpy, it will be understood as (type, (1,)) / '(1,)type'.
  _np_qint32 = np.dtype([("qint32", np.int32, 1)])
/usr/local/lib/python3.6/dist-packages/tensorflow/python/framework/dtypes.py:532: FutureWarning: Passing (type, 1) or '1type' as a synonym of type is deprecated; in a future version of numpy, it will be understood as (type, (1,)) / '(1,)type'.
  np_resource = np.dtype([("resource", np.ubyte, 1)])
S3 bucket: base-bucket-1f3pfk38sjoqu
S3 prefix: first-model
S3 endpoint URL: None
[s3] Successfully downloaded reward function from s3 key gpi_model_w00/custom_files/reward_function.py to local                  ./custom_files/agent/customer_reward_function.py.
Succeed to import user's reward function
[CameraManager]: Added <markov.cameras.handlers.follow_car_camera.FollowCarCamera object at 0x7f3aad6ddac8> to camera_namespaces racecar
[CameraManager]: Added <markov.cameras.handlers.top_camera.TopCamera object at 0x7f3aad6d0e80> to camera_namespaces racecar
[s3] Successfully downloaded model metadata                  from s3 key gpi_model_w00/custom_files/model_metadata.json to local ./custom_files/agent/model_metadata.json.
Sensor list ['FRONT_FACING_CAMERA'], network DEEP_CONVOLUTIONAL_NETWORK_SHALLOW, simapp_version 5.0, training_algorithm clipped_ppo, action_space_type discrete lidar_config {'num_sectors': 8, 'num_values_per_sector': 8, 'clipping_dist': 2.0}
Action space from file: [{'steering_angle': -30, 'speed': 0.6}, {'steering_angle': -15, 'speed': 0.6}, {'steering_angle': 0, 'speed': 0.6}, {'steering_angle': 15, 'speed': 0.6}, {'steering_angle': 30, 'speed': 0.6}]
Waiting for SageMaker Redis server IP: Time elapsed: 5 seconds
Waiting for SageMaker Redis server IP: Time elapsed: 10 seconds
Waiting for SageMaker Redis server IP: Time elapsed: 15 seconds
Waiting for SageMaker Redis server IP: Time elapsed: 20 seconds
Waiting for SageMaker Redis server IP: Time elapsed: 25 seconds
[s3] Successfully downloaded ip config from                  s3 key first-model/ip/ip.json to local ./custom_files/ip.json.
[s3] Successfully downloaded hyperparameters from                      s3 key first-model/ip/hyperparameters.json to local ./custom_files/agent/hyperparameters.json.
Using the following hyper-parameters
{
  "batch_size": 64,
  "beta_entropy": 0.01,
  "discount_factor": 0.95,
  "e_greedy_value": 0.05,
  "epsilon_steps": 10000,
  "exploration_type": "categorical",
  "loss_type": "huber",
  "lr": 0.0003,
  "num_episodes_between_training": 20,
  "num_epochs": 10,
  "stack_size": 1,
  "term_cond_avg_score": 35000.0,
  "term_cond_max_episodes": 100000
}
Exception when checking for DEEPRACER_JOB_TYPE_ENV 'LOCAL' is not a valid DeepRacerJobType
s3 failed, retry after 1.6332911470874505 seconds. Re-try count: 1/5: An error occurred (404) when calling the HeadObject operation: Not Found
s3 failed, retry after 4.948565625185175 seconds. Re-try count: 2/5: An error occurred (404) when calling the HeadObject operation: Not Found
s3 failed, retry after 9.672812568165101 seconds. Re-try count: 3/5: An error occurred (404) when calling the HeadObject operation: Not Found
s3 failed, retry after 16.702198747133966 seconds. Re-try count: 4/5: An error occurred (404) when calling the HeadObject operation: Not Found
s3 failed, retry after 25.558212515324033 seconds. Re-try count: 5/5: An error occurred (404) when calling the HeadObject operation: Not Found
s3 failed, retry after 1.4442939679533306 seconds. Re-try count: 1/5: An error occurred (404) when calling the HeadObject operation: Not Found
s3 failed, retry after 4.355866067388149 seconds. Re-try count: 2/5: An error occurred (404) when calling the HeadObject operation: Not Found
s3 failed, retry after 9.41896274468887 seconds. Re-try count: 3/5: An error occurred (404) when calling the HeadObject operation: Not Found
s3 failed, retry after 16.17917312717518 seconds. Re-try count: 4/5: An error occurred (404) when calling the HeadObject operation: Not Found
s3 failed, retry after 25.99940562069604 seconds. Re-try count: 5/5: An error occurred (404) when calling the HeadObject operation: Not Found
s3 failed, retry after 1.7113728268988502 seconds. Re-try count: 1/5: An error occurred (404) when calling the HeadObject operation: Not Found
s3 failed, retry after 4.213407558441411 seconds. Re-try count: 2/5: An error occurred (404) when calling the HeadObject operation: Not Found
s3 failed, retry after 9.909183668091766 seconds. Re-try count: 3/5: An error occurred (404) when calling the HeadObject operation: Not Found
s3 failed, retry after 16.36078397963466 seconds. Re-try count: 4/5: An error occurred (404) when calling the HeadObject operation: Not Found
s3 failed, retry after 25.48826015327826 seconds. Re-try count: 5/5: An error occurred (404) when calling the HeadObject operation: Not Found
[s3] Successfully downloaded 0_Step-0.ckpt.data-00000-of-00001 from                  s3 key first-model/model/0_Step-0.ckpt.data-00000-of-00001 to local checkpoint_robomaker/agent/0_Step-0.ckpt.data-00000-of-00001.
[s3] Successfully downloaded 0_Step-0.ckpt.index from                  s3 key first-model/model/0_Step-0.ckpt.index to local checkpoint_robomaker/agent/0_Step-0.ckpt.index.
[s3] Successfully downloaded 0_Step-0.ckpt.meta from                  s3 key first-model/model/0_Step-0.ckpt.meta to local checkpoint_robomaker/agent/0_Step-0.ckpt.meta.
[s3] Successfully downloaded .ready from                  s3 key first-model/model/.ready to local checkpoint_robomaker/agent/.ready.
[s3] Successfully downloaded .ready from                  s3 key first-model/model/.ready to local checkpoint_robomaker/agent/.ready.
## Creating graph - name: MultiAgentGraphManager
## Start physics before creating graph
## Create graph
## Creating agent - name: agent
[RL] Created agent loggers
[RL] Dynamic import of memory:  "DeepRacerMemoryParameters" {
    "load_memory_from_file_path": null,
    "max_size": [
        "<MemoryGranularity.Transitions: 0>",
        1000000
    ],
    "n_step": -1,
    "shared_memory": false,
    "train_to_eval_ratio": 1
}

[RL] Dynamically imported of memory <markov.memories.deepracer_memory.DeepRacerMemory object at 0x7f3a65f87978>
[RL] Setting devices
[RL] Setting filters
[RL] Setting filter devices: numpy
[RL] Setting Phase
[RL] After setting Phase
[RL] Setting signals
[RL] Agent init successful
[RL] ActorCriticAgent init
[RL] ActorCriticAgent  init successful
## Created agent: agent
## Stop physics after creating graph
## Creating session
Creating regular session
2023-08-21 00:18:40.056033: I tensorflow/core/platform/cpu_feature_guard.cc:141] Your CPU supports instructions that this TensorFlow binary was not compiled to use: AVX512F
Checkpoint> Restoring from path=./checkpoint_robomaker/agent/0_Step-0.ckpt
Reset agent
Reset agent finished
[31m[ERROR] [1692591538.864222372, 35.381000000]: Updating ModelState: model [/sub_camera] does not exist[0m
SIM_TRACE_LOG:0,1,0.7785,-0.3986,-4.0009,15.00,0.60,3,0.0000,False,True,0.1821,0,76.76,35.382,prepare,0.00

SIM_TRACE_LOG:0,2,0.7785,-0.3985,-3.9984,-30.00,0.60,0,40.0000,False,True,0.1822,0,76.76,35.43,in_progress,0.00

SIM_TRACE_LOG:0,3,0.7815,-0.3991,-4.0086,-15.00,0.60,1,60.0000,False,True,0.1862,0,76.76,35.487,in_progress,0.00

SIM_TRACE_LOG:0,4,0.8135,-0.4143,-7.0690,15.00,0.60,3,60.0000,False,True,0.2291,1,76.76,35.585,in_progress,0.00

SIM_TRACE_LOG:0,5,0.8412,-0.4175,-7.0859,-15.00,0.60,1,60.0000,False,True,0.2654,1,76.76,35.636,in_progress,0.00

SIM_TRACE_LOG:0,6,0.8719,-0.4182,-6.4261,-15.00,0.60,1,60.0000,False,True,0.3053,1,76.76,35.66,in_progress,0.00

SIM_TRACE_LOG:0,7,0.9030,-0.4224,-6.5905,-30.00,0.60,0,60.0000,False,True,0.3462,1,76.76,35.783,in_progress,0.00

SIM_TRACE_LOG:0,8,0.9886,-0.4600,-12.7377,30.00,0.60,4,60.0000,False,True,0.4613,1,76.76,35.85,in_progress,0.00

SIM_TRACE_LOG:0,9,1.0157,-0.4798,-16.0253,-15.00,0.60,1,60.0000,False,True,0.4985,1,76.76,35.894,in_progress,0.00

SIM_TRACE_LOG:0,10,1.0548,-0.5023,-18.4450,30.00,0.60,4,60.0000,False,True,0.5516,1,76.76,35.96,in_progress,0.00

SIM_TRACE_LOG:0,11,1.0727,-0.5109,-19.1798,-15.00,0.60,1,60.0000,False,True,0.5757,1,76.76,36.062,in_progress,0.00

SIM_TRACE_LOG:0,12,1.1336,-0.5303,-18.7938,0.00,0.60,2,60.0000,False,True,0.6567,2,76.76,36.081,in_progress,0.00

SIM_TRACE_LOG:0,13,1.1356,-0.5311,-18.8051,-30.00,0.60,0,60.0000,False,True,0.6594,2,76.76,36.131,in_progress,0.00

SIM_TRACE_LOG:0,14,1.1889,-0.5535,-19.5398,-15.00,0.60,1,60.0000,False,True,0.7308,2,76.76,36.23,in_progress,0.00

SIM_TRACE_LOG:0,15,1.2327,-0.5866,-23.3905,15.00,0.60,3,60.0000,False,True,0.7920,2,76.76,36.279,in_progress,0.00

SIM_TRACE_LOG:0,16,1.2636,-0.6108,-25.8554,-15.00,0.60,1,60.0000,False,True,0.8349,2,76.76,36.421,in_progress,0.00

SIM_TRACE_LOG:0,17,1.3497,-0.6528,-26.0435,15.00,0.60,3,60.0000,False,True,0.9511,2,76.76,36.446,in_progress,0.00

SIM_TRACE_LOG:0,18,1.3753,-0.6646,-25.8855,-30.00,0.60,0,60.0000,False,True,0.9856,3,76.76,36.488,in_progress,0.00

SIM_TRACE_LOG:0,19,1.3923,-0.6702,-25.1734,0.00,0.60,2,60.0000,False,True,1.0083,3,76.76,36.587,in_progress,0.00

SIM_TRACE_LOG:0,20,1.4395,-0.6976,-26.1461,-30.00,0.60,0,60.0000,False,True,1.0726,3,76.76,36.605,in_progress,0.00

SIM_TRACE_LOG:0,21,1.4865,-0.7239,-26.7843,-15.00,0.60,1,60.0000,False,True,1.1364,3,76.76,36.67,in_progress,0.00

SIM_TRACE_LOG:0,22,1.5289,-0.7663,-30.8719,-15.00,0.60,1,60.0000,False,True,1.1973,3,76.76,36.76,in_progress,0.00

SIM_TRACE_LOG:0,23,1.5425,-0.7799,-32.0598,-30.00,0.60,0,60.0000,False,True,1.2165,3,76.76,36.789,in_progress,0.00

SIM_TRACE_LOG:0,24,1.5754,-0.8165,-35.1887,30.00,0.60,4,60.0000,False,True,1.2632,3,76.76,36.887,in_progress,0.00

SIM_TRACE_LOG:0,25,1.6046,-0.8732,-41.8719,30.00,0.60,4,60.0000,False,True,1.3075,3,76.76,36.949,in_progress,0.00

SIM_TRACE_LOG:0,26,1.6218,-0.9031,-44.4856,0.00,0.60,2,60.0000,False,True,1.3331,3,76.76,37.066,in_progress,0.00

SIM_TRACE_LOG:0,27,1.6670,-0.9526,-45.2086,-15.00,0.60,1,60.0000,False,True,1.3973,4,76.76,37.092,in_progress,0.00

SIM_TRACE_LOG:0,28,1.6857,-0.9729,-45.4216,-30.00,0.60,0,60.0000,False,True,1.4239,4,76.76,37.157,in_progress,0.00

SIM_TRACE_LOG:0,29,1.7109,-1.0036,-46.2375,-15.00,0.60,1,40.0000,False,False,1.4600,4,76.76,37.23,in_progress,0.00

SIM_TRACE_LOG:0,30,1.7462,-1.0654,-50.0856,30.00,0.60,4,40.0000,False,False,1.5127,4,76.76,37.296,in_progress,0.00

SIM_TRACE_LOG:0,31,1.7559,-1.0836,-51.2323,15.00,0.60,3,40.0000,False,False,1.5274,4,76.76,37.337,in_progress,0.00

SIM_TRACE_LOG:0,32,1.7954,-1.1236,-49.8680,15.00,0.60,3,40.0000,False,False,1.5851,4,76.76,37.454,in_progress,0.00

SIM_TRACE_LOG:0,33,1.8297,-1.1430,-46.5970,30.00,0.60,4,40.0000,False,False,1.6319,4,76.76,37.471,in_progress,0.00

SIM_TRACE_LOG:0,34,1.8615,-1.1579,-43.4580,-30.00,0.60,0,40.0000,False,False,1.6749,4,76.76,37.568,in_progress,0.00

SIM_TRACE_LOG:0,35,1.9177,-1.2043,-42.5798,15.00,0.60,3,40.0000,False,False,1.7532,4,76.76,37.634,in_progress,0.00

SIM_TRACE_LOG:0,36,1.9331,-1.2283,-44.4476,-15.00,0.60,1,40.0000,False,False,1.7759,5,76.76,37.682,in_progress,0.00

SIM_TRACE_LOG:0,37,1.9405,-1.2378,-44.8119,15.00,0.60,3,40.0000,True,False,1.7867,5,76.76,37.739,off_track,0.00

[s3] Successfully uploaded metrics to                  s3 bucket base-bucket-1f3pfk38sjoqu with s3 key first-model/metrics/TrainingMetrics_2.json.
Training> Name=main_level/agent, Worker=0, Episode=1, Total reward=1960.0, Steps=37, Training iteration=0
Reset agent
Reset agent finished
SIM_TRACE_LOG:1,1,4.5996,-0.7585,-4.1188,-15.00,0.60,1,0.0000,False,True,0.1827,13,76.76,37.905,prepare,0.00

SIM_TRACE_LOG:1,2,4.5991,-0.7583,-4.1153,-30.00,0.60,0,60.0000,False,True,0.1820,13,76.76,37.977,in_progress,0.00

SIM_TRACE_LOG:1,3,4.6013,-0.7578,-3.9074,30.00,0.60,4,60.0000,False,True,0.1848,13,76.76,38.041,in_progress,0.00

SIM_TRACE_LOG:1,4,4.6127,-0.7536,-2.7887,30.00,0.60,4,40.0000,False,True,0.1994,13,76.76,38.084,in_progress,0.00

SIM_TRACE_LOG:1,5,4.6337,-0.7418,0.3432,-30.00,0.60,0,40.0000,False,True,0.2262,13,76.76,38.15,in_progress,0.00

SIM_TRACE_LOG:1,6,4.6627,-0.7250,4.5484,0.00,0.60,2,40.0000,False,True,0.2630,13,76.76,38.232,in_progress,0.00

SIM_TRACE_LOG:1,7,4.6849,-0.7203,5.2798,-30.00,0.60,0,40.0000,False,True,0.2916,13,76.76,38.277,in_progress,0.00

SIM_TRACE_LOG:1,8,4.7342,-0.7214,3.9813,0.00,0.60,2,40.0000,False,True,0.3559,14,76.76,38.344,in_progress,0.00

SIM_TRACE_LOG:1,9,4.8050,-0.7173,3.8461,-30.00,0.60,0,40.0000,False,True,0.4479,14,76.76,38.429,in_progress,0.00

SIM_TRACE_LOG:1,10,4.8165,-0.7161,4.0206,-30.00,0.60,0,40.0000,False,True,0.4628,14,76.76,38.469,in_progress,0.00

SIM_TRACE_LOG:1,11,4.8780,-0.7289,0.0865,15.00,0.60,3,40.0000,False,True,0.5452,14,76.76,38.581,in_progress,0.00

SIM_TRACE_LOG:1,12,4.9195,-0.7363,-1.7210,-15.00,0.60,1,40.0000,False,True,0.5993,14,76.76,38.614,in_progress,0.00

SIM_TRACE_LOG:1,13,4.9617,-0.7402,-2.3217,15.00,0.60,3,40.0000,False,True,0.6543,14,76.76,38.652,in_progress,0.00

SIM_TRACE_LOG:1,14,5.0040,-0.7460,-3.3212,-30.00,0.60,0,40.0000,False,True,0.7095,15,76.76,38.724,in_progress,0.00

SIM_TRACE_LOG:1,15,5.0335,-0.7489,-3.5495,30.00,0.60,4,40.0000,False,True,0.7479,15,76.76,38.845,in_progress,0.00

SIM_TRACE_LOG:1,16,5.1316,-0.7435,-0.6802,0.00,0.60,2,40.0000,False,True,0.8756,15,76.76,38.91,in_progress,0.00

SIM_TRACE_LOG:1,17,5.1483,-0.7385,0.6987,-30.00,0.60,0,40.0000,False,True,0.8988,15,76.76,38.95,in_progress,0.00

SIM_TRACE_LOG:1,18,5.1805,-0.7346,1.8470,-30.00,0.60,0,40.0000,False,True,0.9409,15,76.76,38.988,in_progress,0.00

SIM_TRACE_LOG:1,19,5.2652,-0.7437,-0.4396,0.00,0.60,2,40.0000,False,True,1.0508,15,76.76,39.103,in_progress,0.00

SIM_TRACE_LOG:1,20,5.2939,-0.7449,-0.6334,15.00,0.60,3,40.0000,False,True,1.0882,16,76.76,39.143,in_progress,0.00

SIM_TRACE_LOG:1,21,5.3027,-0.7449,-0.6234,30.00,0.60,4,40.0000,False,True,1.0996,16,76.76,39.221,in_progress,0.00

SIM_TRACE_LOG:1,22,5.3914,-0.7177,5.4861,-30.00,0.60,0,40.0000,False,True,1.2162,16,76.76,39.29,in_progress,0.00

SIM_TRACE_LOG:1,23,5.4179,-0.7061,7.7727,-30.00,0.60,0,40.0000,False,True,1.2512,16,76.76,39.329,in_progress,0.00

SIM_TRACE_LOG:1,24,5.4608,-0.7018,7.6315,30.00,0.60,4,40.0000,False,True,1.3132,16,76.76,39.46,in_progress,0.00

SIM_TRACE_LOG:1,25,5.5397,-0.6939,7.1610,-30.00,0.60,0,40.0000,False,True,1.4165,16,76.76,39.501,in_progress,0.00

SIM_TRACE_LOG:1,26,5.5397,-0.6939,7.1610,-30.00,0.60,0,40.0000,False,True,1.4165,16,76.76,39.584,in_progress,0.00

SIM_TRACE_LOG:1,27,5.6110,-0.6930,5.3470,15.00,0.60,3,40.0000,False,True,1.5090,17,76.76,39.634,in_progress,0.00

SIM_TRACE_LOG:1,28,5.6477,-0.6990,3.0890,0.00,0.60,2,40.0000,False,True,1.5556,17,76.76,39.669,in_progress,0.00

SIM_TRACE_LOG:1,29,5.6783,-0.6960,3.4282,30.00,0.60,4,40.0000,False,True,1.5956,17,76.76,39.778,in_progress,0.00

SIM_TRACE_LOG:1,30,5.7351,-0.6814,5.7136,0.00,0.60,2,40.0000,False,True,1.6802,17,76.76,39.816,in_progress,0.00

SIM_TRACE_LOG:1,31,5.7658,-0.6720,7.2596,-15.00,0.60,1,40.0000,False,True,1.7220,17,76.76,39.852,in_progress,0.00

SIM_TRACE_LOG:1,32,5.8094,-0.6685,6.7815,-15.00,0.60,1,40.0000,False,True,1.7780,17,76.76,39.948,in_progress,0.00

SIM_TRACE_LOG:1,33,5.8455,-0.6704,5.2888,-15.00,0.60,1,40.0000,False,True,1.8227,17,76.76,40.003,in_progress,0.00

SIM_TRACE_LOG:1,34,5.8871,-0.6738,3.6164,0.00,0.60,2,40.0000,False,True,1.8738,18,76.76,40.069,in_progress,0.00

SIM_TRACE_LOG:1,35,5.9709,-0.6721,2.9615,-15.00,0.60,1,60.0000,False,True,1.9795,18,76.76,40.168,in_progress,0.00

SIM_TRACE_LOG:1,36,5.9857,-0.6711,3.0221,15.00,0.60,3,60.0000,False,True,1.9985,18,76.76,40.306,in_progress,0.00

SIM_TRACE_LOG:1,37,6.1047,-0.6343,9.7137,15.00,0.60,3,60.0000,False,True,2.1573,18,76.76,40.355,in_progress,0.00

SIM_TRACE_LOG:1,38,6.1450,-0.6101,13.7197,0.00,0.60,2,60.0000,False,True,2.2182,18,76.76,40.444,in_progress,0.00

SIM_TRACE_LOG:1,39,6.1730,-0.5951,15.6379,30.00,0.60,4,60.0000,False,True,2.2595,18,76.76,40.543,in_progress,0.00

SIM_TRACE_LOG:1,40,6.2301,-0.5660,18.4592,30.00,0.60,4,60.0000,False,True,2.3430,19,76.76,40.557,in_progress,0.00

SIM_TRACE_LOG:1,41,6.2835,-0.5246,23.5263,0.00,0.60,2,40.0000,False,True,2.4289,19,76.76,40.653,in_progress,0.00

SIM_TRACE_LOG:1,42,6.2951,-0.5112,25.4766,-15.00,0.60,1,40.0000,False,True,2.4500,19,76.76,40.742,in_progress,0.00

SIM_TRACE_LOG:1,43,6.3384,-0.4712,29.5380,30.00,0.60,4,40.0000,False,True,2.5276,19,76.76,40.755,in_progress,0.00

SIM_TRACE_LOG:1,44,6.3644,-0.4500,30.8718,30.00,0.60,4,40.0000,False,True,2.5711,19,76.76,40.845,in_progress,0.00

SIM_TRACE_LOG:1,45,6.4154,-0.3967,35.1258,15.00,0.60,3,40.0000,False,True,2.6651,20,76.76,40.912,in_progress,0.00

SIM_TRACE_LOG:1,46,6.4418,-0.3661,37.2587,30.00,0.60,4,40.0000,False,True,2.7159,20,76.76,40.973,in_progress,0.00

SIM_TRACE_LOG:1,47,6.4583,-0.3322,41.1471,0.00,0.60,2,40.0000,False,True,2.7583,20,76.76,41.038,in_progress,0.00

SIM_TRACE_LOG:1,48,6.4720,-0.2925,46.1855,-15.00,0.60,1,40.0000,False,True,2.8020,20,76.76,41.118,in_progress,0.00

SIM_TRACE_LOG:1,49,6.4866,-0.2617,48.7792,30.00,0.60,4,40.0000,False,True,2.8402,20,76.76,41.177,in_progress,0.00

SIM_TRACE_LOG:1,50,6.5112,-0.2185,50.9975,0.00,0.60,2,40.0000,False,True,2.9178,20,76.76,41.235,in_progress,0.00

SIM_TRACE_LOG:1,51,6.5355,-0.1690,53.7709,30.00,0.60,4,40.0000,False,True,2.9838,20,76.76,41.296,in_progress,0.00

SIM_TRACE_LOG:1,52,6.5566,-0.1258,55.4907,15.00,0.60,3,40.0000,False,True,3.0413,20,76.76,41.357,in_progress,0.00

SIM_TRACE_LOG:1,53,6.5647,-0.0919,58.2019,30.00,0.60,4,40.0000,False,True,3.0780,21,76.76,41.431,in_progress,0.00

SIM_TRACE_LOG:1,54,6.5689,-0.0610,61.2973,15.00,0.60,3,40.0000,False,True,3.1084,21,76.76,41.505,in_progress,0.00

SIM_TRACE_LOG:1,55,6.5729,-0.0073,66.4903,0.00,0.60,2,40.0000,False,True,3.1579,21,76.76,41.588,in_progress,0.00

SIM_TRACE_LOG:1,56,6.5816,0.0555,70.3464,15.00,0.60,3,40.0000,False,True,3.2197,21,76.76,41.66,in_progress,0.00

SIM_TRACE_LOG:1,57,6.5881,0.1018,72.5273,-15.00,0.60,1,40.0000,False,True,3.3073,21,76.76,41.684,in_progress,0.00

SIM_TRACE_LOG:1,58,6.5988,0.1485,73.5689,15.00,0.60,3,40.0000,False,True,3.3609,21,76.76,41.813,in_progress,0.00

SIM_TRACE_LOG:1,59,6.6165,0.2160,74.1821,-30.00,0.60,0,40.0000,False,True,3.4406,22,76.76,41.861,in_progress,0.00

SIM_TRACE_LOG:1,60,6.6188,0.2383,75.1734,15.00,0.60,3,40.0000,False,True,3.4636,22,76.76,41.892,in_progress,0.00

SIM_TRACE_LOG:1,61,6.6217,0.2474,74.9852,0.00,0.60,2,40.0000,False,True,3.4748,22,76.76,42.021,in_progress,0.00

SIM_TRACE_LOG:1,62,6.6307,0.3383,78.1309,0.00,0.60,2,40.0000,False,True,3.5686,22,76.76,42.043,in_progress,0.00

SIM_TRACE_LOG:1,63,6.6307,0.3383,78.1309,0.00,0.60,2,40.0000,False,True,3.5686,22,76.76,42.093,in_progress,0.00

SIM_TRACE_LOG:1,64,6.6359,0.3864,79.2489,0.00,0.60,2,40.0000,False,True,3.6863,22,76.76,42.135,in_progress,0.00

SIM_TRACE_LOG:1,65,6.6417,0.4554,80.8574,15.00,0.60,3,20.0000,False,False,3.7623,22,76.76,42.224,in_progress,0.00

SIM_TRACE_LOG:1,66,6.6420,0.4689,81.3052,15.00,0.60,3,20.0000,False,False,3.7766,22,76.76,42.29,in_progress,0.00

SIM_TRACE_LOG:1,67,6.6303,0.5404,86.3840,0.00,0.60,2,20.0000,False,False,3.8414,23,76.76,42.349,in_progress,0.00

SIM_TRACE_LOG:1,68,6.6221,0.5922,89.0342,15.00,0.60,3,20.0000,False,False,3.8885,23,76.76,42.425,in_progress,0.00

SIM_TRACE_LOG:1,69,6.6183,0.6159,90.0177,15.00,0.60,3,20.0000,False,False,3.9101,23,76.76,42.497,in_progress,0.00

SIM_TRACE_LOG:1,70,6.5940,0.6927,95.4367,0.00,0.60,2,20.0000,False,False,3.9703,23,76.76,42.575,in_progress,0.00

SIM_TRACE_LOG:1,71,6.5836,0.7278,97.1185,-15.00,0.60,1,20.0000,False,False,4.0981,23,76.76,42.628,in_progress,0.00

SIM_TRACE_LOG:1,72,6.5794,0.7649,97.0481,30.00,0.60,4,20.0000,True,False,4.1365,23,76.76,42.737,off_track,0.00

[s3] Successfully uploaded metrics to                  s3 bucket base-bucket-1f3pfk38sjoqu with s3 key first-model/metrics/TrainingMetrics_2.json.
Training> Name=main_level/agent, Worker=0, Episode=2, Total reward=2840.0, Steps=109, Training iteration=0
Reset agent
Reset agent finished
SIM_TRACE_LOG:2,1,7.5635,1.0989,70.1165,-30.00,0.60,0,0.0000,False,True,0.1830,26,76.76,42.895,prepare,0.00

SIM_TRACE_LOG:2,2,7.5633,1.0990,70.1904,30.00,0.60,4,60.0000,False,True,0.1831,26,76.76,42.977,in_progress,0.00

SIM_TRACE_LOG:2,3,7.5634,1.1055,70.6120,0.00,0.60,2,40.0000,False,True,0.1911,26,76.76,43.046,in_progress,0.00

SIM_TRACE_LOG:2,4,7.5649,1.1127,70.8392,-15.00,0.60,1,40.0000,False,True,0.2005,26,76.76,43.133,in_progress,0.00

SIM_TRACE_LOG:2,5,7.5832,1.1472,69.3155,15.00,0.60,3,60.0000,False,True,0.2497,26,76.76,43.221,in_progress,0.00

SIM_TRACE_LOG:2,6,7.5980,1.2004,70.5106,-15.00,0.60,1,60.0000,False,True,0.3212,26,76.76,43.253,in_progress,0.00

SIM_TRACE_LOG:2,7,7.6030,1.2311,71.7893,-30.00,0.60,0,60.0000,False,True,0.3618,26,76.76,43.303,in_progress,0.00

SIM_TRACE_LOG:2,8,7.6109,1.2562,71.8749,0.00,0.60,2,60.0000,False,True,0.3958,26,76.76,43.343,in_progress,0.00

SIM_TRACE_LOG:2,9,7.6240,1.3069,72.5160,30.00,0.60,4,60.0000,False,True,0.4638,27,76.76,43.467,in_progress,0.00

SIM_TRACE_LOG:2,10,7.6274,1.3696,76.0121,30.00,0.60,4,60.0000,False,True,0.5450,27,76.76,43.515,in_progress,0.00

SIM_TRACE_LOG:2,11,7.6275,1.3818,76.7229,15.00,0.60,3,60.0000,False,True,0.5606,27,76.76,43.553,in_progress,0.00

SIM_TRACE_LOG:2,12,7.6259,1.4194,79.0413,-30.00,0.60,0,60.0000,False,True,0.6072,27,76.76,43.631,in_progress,0.00

SIM_TRACE_LOG:2,13,7.6309,1.4674,79.9398,30.00,0.60,4,60.0000,False,True,0.6696,27,76.76,43.719,in_progress,0.00

SIM_TRACE_LOG:2,14,7.6439,1.5448,80.1616,0.00,0.60,2,60.0000,False,True,0.7701,27,76.76,43.828,in_progress,0.00

SIM_TRACE_LOG:2,15,7.6405,1.6619,84.9492,15.00,0.60,3,60.0000,False,True,0.9227,28,76.76,43.944,in_progress,0.00

SIM_TRACE_LOG:2,16,7.6405,1.6626,84.9717,15.00,0.60,3,60.0000,False,True,0.9236,28,76.76,44.039,in_progress,0.00

SIM_TRACE_LOG:2,17,7.6272,1.7350,89.3102,-30.00,0.60,0,60.0000,False,True,1.0147,28,76.76,44.105,in_progress,0.00

SIM_TRACE_LOG:2,18,7.6209,1.7922,90.8202,-15.00,0.60,1,60.0000,False,True,1.0893,28,76.76,44.163,in_progress,0.00

SIM_TRACE_LOG:2,19,7.6309,1.8294,88.5728,0.00,0.60,2,60.0000,False,True,1.1345,28,76.76,44.191,in_progress,0.00

SIM_TRACE_LOG:2,20,7.6418,1.8770,86.3320,-30.00,0.60,0,60.0000,False,True,1.1926,29,76.76,44.271,in_progress,0.00

SIM_TRACE_LOG:2,21,7.6480,1.9073,85.3323,15.00,0.60,3,60.0000,False,True,1.2297,29,76.76,44.4,in_progress,0.00

SIM_TRACE_LOG:2,22,7.6599,1.9832,84.1732,0.00,0.60,2,60.0000,False,True,1.3238,29,76.76,44.437,in_progress,0.00

SIM_TRACE_LOG:2,23,7.6617,2.0355,84.9588,15.00,0.60,3,60.0000,False,True,1.3788,29,76.76,44.513,in_progress,0.00

SIM_TRACE_LOG:2,24,7.6635,2.0598,85.0680,30.00,0.60,4,60.0000,False,True,1.4047,29,76.76,44.562,in_progress,0.00

SIM_TRACE_LOG:2,25,7.6569,2.1205,87.7497,-15.00,0.60,1,60.0000,False,True,1.4829,29,76.76,44.642,in_progress,0.00

SIM_TRACE_LOG:2,26,7.6535,2.1660,88.9397,15.00,0.60,3,60.0000,False,True,1.5408,29,76.76,44.708,in_progress,0.00

SIM_TRACE_LOG:2,27,7.6534,2.2008,89.1152,15.00,0.60,3,60.0000,False,True,1.5843,30,76.76,44.78,in_progress,0.00

SIM_TRACE_LOG:2,28,7.6458,2.2400,91.0563,0.00,0.60,2,60.0000,False,True,1.6360,30,76.76,44.822,in_progress,0.00

SIM_TRACE_LOG:2,29,7.6431,2.2532,91.7097,30.00,0.60,4,60.0000,False,True,1.6534,30,76.76,44.911,in_progress,0.00

SIM_TRACE_LOG:2,30,7.6134,2.3343,97.7301,-15.00,0.60,1,60.0000,False,True,1.7658,30,76.76,44.962,in_progress,0.00

SIM_TRACE_LOG:2,31,7.5974,2.3686,100.4969,30.00,0.60,4,60.0000,False,True,1.8063,30,76.76,45.012,in_progress,0.00

SIM_TRACE_LOG:2,32,7.5787,2.4080,103.1440,15.00,0.60,3,60.0000,False,True,1.8628,30,76.76,45.073,in_progress,0.00

SIM_TRACE_LOG:2,33,7.5523,2.4466,107.1750,-15.00,0.60,1,60.0000,False,True,1.9216,30,76.76,45.188,in_progress,0.00

SIM_TRACE_LOG:2,34,7.5208,2.5002,110.4930,30.00,0.60,4,60.0000,False,True,2.0012,31,76.76,45.232,in_progress,0.00

SIM_TRACE_LOG:2,35,7.5171,2.5138,110.1415,30.00,0.60,4,60.0000,False,True,2.0195,31,76.76,45.279,in_progress,0.00

SIM_TRACE_LOG:2,36,7.4849,2.5781,111.9442,15.00,0.60,3,60.0000,False,True,2.1125,31,76.76,45.375,in_progress,0.00

SIM_TRACE_LOG:2,37,7.4684,2.6043,113.0594,15.00,0.60,3,60.0000,False,True,2.1518,31,76.76,45.43,in_progress,0.00

SIM_TRACE_LOG:2,38,7.4366,2.6444,116.1898,0.00,0.60,2,60.0000,False,True,2.2060,31,76.76,45.533,in_progress,0.00

SIM_TRACE_LOG:2,39,7.3908,2.6972,120.1545,-15.00,0.60,1,60.0000,False,True,2.2931,31,76.76,45.574,in_progress,0.00

SIM_TRACE_LOG:2,40,7.3841,2.7057,120.5609,-30.00,0.60,0,60.0000,False,True,2.3068,31,76.76,45.646,in_progress,0.00

SIM_TRACE_LOG:2,41,7.3571,2.7649,119.0304,0.00,0.60,2,60.0000,False,True,2.3915,32,76.76,45.717,in_progress,0.00

SIM_TRACE_LOG:2,42,7.3061,2.8445,120.3964,15.00,0.60,3,60.0000,False,True,2.5132,32,76.76,45.838,in_progress,0.00

SIM_TRACE_LOG:2,43,7.2616,2.8812,124.9807,-30.00,0.60,0,60.0000,False,True,2.5836,32,76.76,45.919,in_progress,0.00

SIM_TRACE_LOG:2,44,7.2361,2.9025,127.1837,30.00,0.60,4,60.0000,False,True,2.6206,32,76.76,45.968,in_progress,0.00

SIM_TRACE_LOG:2,45,7.2357,2.9030,127.1934,30.00,0.60,4,60.0000,False,True,2.6214,32,76.76,46.032,in_progress,0.00

SIM_TRACE_LOG:2,46,7.1876,2.9522,129.1633,0.00,0.60,2,60.0000,False,True,2.7024,32,76.76,46.069,in_progress,0.00

SIM_TRACE_LOG:2,47,7.1656,2.9716,130.3379,0.00,0.60,2,60.0000,False,True,2.7356,32,76.76,46.109,in_progress,0.00

SIM_TRACE_LOG:2,48,7.1420,2.9953,131.0382,15.00,0.60,3,60.0000,False,True,2.7748,33,76.76,46.191,in_progress,0.00

SIM_TRACE_LOG:2,49,7.1006,3.0281,133.2697,30.00,0.60,4,60.0000,False,True,2.8327,33,76.76,46.234,in_progress,0.00

SIM_TRACE_LOG:2,50,7.0864,3.0367,134.3806,0.00,0.60,2,60.0000,False,True,2.8492,33,76.76,46.305,in_progress,0.00

SIM_TRACE_LOG:2,51,7.0241,3.0810,137.3797,-15.00,0.60,1,60.0000,False,True,2.9303,33,76.76,46.389,in_progress,0.00

SIM_TRACE_LOG:2,52,6.9881,3.1239,135.7213,-30.00,0.60,0,60.0000,False,True,2.9474,33,76.76,46.448,in_progress,0.00

SIM_TRACE_LOG:2,53,6.9836,3.1291,135.5741,15.00,0.60,3,60.0000,False,True,2.9474,33,76.76,46.512,in_progress,0.00

SIM_TRACE_LOG:2,54,6.9501,3.1644,135.1116,-15.00,0.60,1,60.0000,False,True,2.9921,33,76.76,46.607,in_progress,0.00

SIM_TRACE_LOG:2,55,6.8997,3.2154,134.9727,0.00,0.60,2,60.0000,False,True,3.0607,33,76.76,46.633,in_progress,0.00

SIM_TRACE_LOG:2,56,6.8910,3.2259,134.6098,0.00,0.60,2,60.0000,False,True,3.0748,33,76.76,46.703,in_progress,0.00

SIM_TRACE_LOG:2,57,6.8669,3.2550,133.8275,15.00,0.60,3,60.0000,False,True,3.1138,33,76.76,46.8,in_progress,0.00

SIM_TRACE_LOG:2,58,6.8165,3.3051,134.3084,0.00,0.60,2,60.0000,False,True,3.1813,34,76.76,46.886,in_progress,0.00

SIM_TRACE_LOG:2,59,6.7824,3.3391,134.4466,0.00,0.60,2,60.0000,False,True,3.2271,34,76.76,46.902,in_progress,0.00

SIM_TRACE_LOG:2,60,6.7495,3.3765,133.8873,-30.00,0.60,0,60.0000,False,True,3.2773,34,76.76,46.981,in_progress,0.00

SIM_TRACE_LOG:2,61,6.7308,3.4006,133.1414,15.00,0.60,3,60.0000,False,True,3.3095,34,76.76,47.071,in_progress,0.00

SIM_TRACE_LOG:2,62,6.6735,3.4570,134.1349,-15.00,0.60,1,40.0000,False,True,3.3386,34,76.76,47.157,in_progress,0.00

SIM_TRACE_LOG:2,63,6.6603,3.4647,135.2331,0.00,0.60,2,40.0000,False,True,3.3386,34,76.76,47.168,in_progress,0.00

SIM_TRACE_LOG:2,64,6.6467,3.4732,136.1178,30.00,0.60,4,40.0000,False,True,3.3386,34,76.76,47.297,in_progress,0.00

SIM_TRACE_LOG:2,65,6.5646,3.5155,141.7580,30.00,0.60,4,20.0000,False,False,3.3386,34,76.76,47.326,in_progress,0.00

SIM_TRACE_LOG:2,66,6.5094,3.5347,146.1804,-15.00,0.60,1,20.0000,False,False,3.3386,34,76.76,47.408,in_progress,0.00

SIM_TRACE_LOG:2,67,6.4831,3.5437,147.9983,30.00,0.60,4,20.0000,False,False,3.3386,34,76.76,47.448,in_progress,0.00

SIM_TRACE_LOG:2,68,6.4745,3.5487,148.0935,-30.00,0.60,0,20.0000,False,False,3.3386,34,76.76,47.501,in_progress,0.00

SIM_TRACE_LOG:2,69,6.4272,3.5758,148.6076,0.00,0.60,2,20.0000,False,False,3.3386,34,76.76,47.581,in_progress,0.00

SIM_TRACE_LOG:2,70,6.3832,3.6070,147.7211,-30.00,0.60,0,20.0000,False,False,3.3446,34,76.76,47.671,in_progress,0.00

SIM_TRACE_LOG:2,71,6.3370,3.6511,144.8546,-30.00,0.60,0,20.0000,True,False,3.3879,34,76.76,47.723,off_track,0.00

[s3] Successfully uploaded metrics to                  s3 bucket base-bucket-1f3pfk38sjoqu with s3 key first-model/metrics/TrainingMetrics_2.json.
Training> Name=main_level/agent, Worker=0, Episode=3, Total reward=3820.0, Steps=180, Training iteration=0
Reset agent
Reset agent finished
[s3] Successfully uploaded simtrace_training to              s3 bucket base-bucket-1f3pfk38sjoqu with s3 key first-model/2/training-simtrace/0-iteration.csv.
[s3] Successfully downloaded 1_Step-1368.ckpt.data-00000-of-00001 from                  s3 key first-model/model/1_Step-1368.ckpt.data-00000-of-00001 to local checkpoint_robomaker/agent/1_Step-1368.ckpt.data-00000-of-00001.
[s3] Successfully downloaded 1_Step-1368.ckpt.index from                  s3 key first-model/model/1_Step-1368.ckpt.index to local checkpoint_robomaker/agent/1_Step-1368.ckpt.index.
[s3] Successfully downloaded 1_Step-1368.ckpt.meta from                  s3 key first-model/model/1_Step-1368.ckpt.meta to local checkpoint_robomaker/agent/1_Step-1368.ckpt.meta.
[s3] Successfully downloaded .ready from                  s3 key first-model/model/.ready to local checkpoint_robomaker/agent/.ready.
Checkpoint> Restoring from path=./checkpoint_robomaker/agent/1_Step-1368.ckpt
Reset agent
Reset agent finished
SIM_TRACE_LOG:3,1,7.0585,4.8252,109.0524,-15.00,0.60,1,0.0000,False,True,0.1828,39,76.76,129.654,prepare,0.00

SIM_TRACE_LOG:3,2,7.0583,4.8246,109.1246,0.00,0.60,2,40.0000,False,True,0.1823,39,76.76,129.659,in_progress,0.00

SIM_TRACE_LOG:3,3,7.0580,4.8257,109.1774,30.00,0.60,4,40.0000,False,True,0.1838,39,76.76,129.698,in_progress,0.00

SIM_TRACE_LOG:3,4,7.0512,4.8293,110.5205,-30.00,0.60,0,40.0000,False,True,0.1910,39,76.76,129.792,in_progress,0.00

SIM_TRACE_LOG:3,5,7.0467,4.8408,110.6534,-15.00,0.60,1,40.0000,False,True,0.2071,39,76.76,129.846,in_progress,0.00

SIM_TRACE_LOG:3,6,7.0481,4.8789,107.1533,15.00,0.60,3,60.0000,False,True,0.2535,39,76.76,129.932,in_progress,0.00

SIM_TRACE_LOG:3,7,7.0446,4.9029,105.9904,15.00,0.60,3,60.0000,False,True,0.2845,39,76.76,130.014,in_progress,0.00

SIM_TRACE_LOG:3,8,7.0215,4.9460,108.4126,15.00,0.60,3,50.0000,False,True,0.3469,39,76.76,130.03,in_progress,0.00

SIM_TRACE_LOG:3,9,6.9944,4.9837,111.6238,30.00,0.60,4,50.0000,False,True,0.4059,39,76.76,130.09,in_progress,0.00

SIM_TRACE_LOG:3,10,6.9806,4.9992,113.2657,30.00,0.60,4,50.0000,False,True,0.4315,39,76.76,130.177,in_progress,0.00

SIM_TRACE_LOG:3,11,6.9426,5.0332,118.2593,-30.00,0.60,0,50.0000,False,True,0.4914,39,76.76,130.194,in_progress,0.00

SIM_TRACE_LOG:3,12,6.9106,5.0614,121.7638,-15.00,0.60,1,50.0000,False,True,0.5415,40,76.76,130.301,in_progress,0.00

SIM_TRACE_LOG:3,13,6.8868,5.1100,120.5625,-30.00,0.60,0,50.0000,False,True,0.6119,40,76.76,130.394,in_progress,0.00

SIM_TRACE_LOG:3,14,6.8728,5.1658,116.8619,0.00,0.60,2,50.0000,False,True,0.6860,40,76.76,130.48,in_progress,0.00

SIM_TRACE_LOG:3,15,6.8474,5.2225,116.2504,-15.00,0.60,1,50.0000,False,True,0.7725,40,76.76,130.521,in_progress,0.00

SIM_TRACE_LOG:3,16,6.8307,5.2605,115.8167,0.00,0.60,2,50.0000,False,True,0.8263,40,76.76,130.626,in_progress,0.00

SIM_TRACE_LOG:3,17,6.8104,5.3079,115.2822,-15.00,0.60,1,50.0000,False,True,0.8933,41,76.76,130.663,in_progress,0.00

SIM_TRACE_LOG:3,18,6.7945,5.3541,114.2251,-15.00,0.60,1,50.0000,False,True,0.9560,41,76.76,130.739,in_progress,0.00

SIM_TRACE_LOG:3,19,6.7915,5.3647,113.8063,30.00,0.60,4,50.0000,False,True,0.9701,41,76.76,130.809,in_progress,0.00

SIM_TRACE_LOG:3,20,6.7728,5.4066,113.7955,30.00,0.60,4,50.0000,False,True,1.0297,41,76.76,130.838,in_progress,0.00

SIM_TRACE_LOG:3,21,6.7485,5.4403,115.7793,0.00,0.60,2,50.0000,False,True,1.0889,41,76.76,130.919,in_progress,0.00

SIM_TRACE_LOG:3,22,6.7087,5.4778,120.3337,15.00,0.60,3,50.0000,False,True,1.1596,41,76.76,130.979,in_progress,0.00

SIM_TRACE_LOG:3,23,6.6837,5.5048,122.2178,15.00,0.60,3,50.0000,False,True,1.2073,41,76.76,131.068,in_progress,0.00

SIM_TRACE_LOG:3,24,6.6453,5.5430,125.0694,15.00,0.60,3,50.0000,False,True,1.2776,41,76.76,131.068,in_progress,0.00

SIM_TRACE_LOG:3,25,6.6176,5.5660,127.3427,-30.00,0.60,0,50.0000,False,True,1.3236,42,76.76,131.181,in_progress,0.00

SIM_TRACE_LOG:3,26,6.5796,5.6041,128.9291,0.00,0.60,2,50.0000,False,True,1.3933,42,76.76,131.247,in_progress,0.00

SIM_TRACE_LOG:3,27,6.5563,5.6354,128.5281,15.00,0.60,3,50.0000,False,True,1.4441,42,76.76,131.308,in_progress,0.00

SIM_TRACE_LOG:3,28,6.5149,5.6833,129.1131,-15.00,0.60,1,50.0000,False,True,1.5387,42,76.76,131.363,in_progress,0.00

SIM_TRACE_LOG:3,29,6.4944,5.7047,129.7075,-15.00,0.60,1,50.0000,False,True,1.5770,42,76.76,131.451,in_progress,0.00

SIM_TRACE_LOG:3,30,6.4692,5.7434,128.4855,15.00,0.60,3,50.0000,False,True,1.6344,42,76.76,131.489,in_progress,0.00

SIM_TRACE_LOG:3,31,6.4551,5.7659,127.6959,30.00,0.60,4,50.0000,False,True,1.6673,42,76.76,131.609,in_progress,0.00

SIM_TRACE_LOG:3,32,6.3929,5.8189,131.5003,-15.00,0.60,1,50.0000,False,True,1.7737,43,76.76,131.639,in_progress,0.00

SIM_TRACE_LOG:3,33,6.3741,5.8294,133.3574,-15.00,0.60,1,50.0000,False,True,1.8013,43,76.76,131.681,in_progress,0.00

SIM_TRACE_LOG:3,34,6.3457,5.8548,134.0788,0.00,0.60,2,50.0000,False,True,1.8509,43,76.76,131.769,in_progress,0.00

SIM_TRACE_LOG:3,35,6.3105,5.9019,132.3691,-15.00,0.60,1,50.0000,False,True,1.9254,43,76.76,131.835,in_progress,0.00

SIM_TRACE_LOG:3,36,6.2902,5.9271,131.8889,-30.00,0.60,0,50.0000,False,True,1.9644,43,76.76,131.914,in_progress,0.00

SIM_TRACE_LOG:3,37,6.2579,5.9846,128.6703,-15.00,0.60,1,50.0000,False,True,2.0375,43,76.76,132.046,in_progress,0.00

SIM_TRACE_LOG:3,38,6.2332,6.0529,123.4476,-15.00,0.60,1,50.0000,False,True,2.1086,44,76.76,132.066,in_progress,0.00

SIM_TRACE_LOG:3,39,6.2294,6.0666,122.4187,15.00,0.60,3,50.0000,False,True,2.1217,44,76.76,132.103,in_progress,0.00

SIM_TRACE_LOG:3,40,6.2131,6.1109,120.1987,30.00,0.60,4,50.0000,False,True,2.1681,44,76.76,132.187,in_progress,0.00

SIM_TRACE_LOG:3,41,6.2010,6.1336,119.9994,30.00,0.60,4,50.0000,False,True,2.1962,44,76.76,132.257,in_progress,0.00

SIM_TRACE_LOG:3,42,6.1755,6.1757,120.2175,30.00,0.60,4,50.0000,False,True,2.2518,44,76.76,132.311,in_progress,0.00

SIM_TRACE_LOG:3,43,6.1447,6.2098,122.0258,30.00,0.60,4,60.0000,False,True,2.2717,44,76.76,132.355,in_progress,0.00

SIM_TRACE_LOG:3,44,6.0467,6.2630,133.6487,0.00,0.60,2,60.0000,False,True,2.4156,44,76.76,132.482,in_progress,0.00

SIM_TRACE_LOG:3,45,6.0301,6.2698,135.5855,30.00,0.60,4,60.0000,False,True,2.4390,44,76.76,132.507,in_progress,0.00

SIM_TRACE_LOG:3,46,6.0173,6.2765,136.7207,15.00,0.60,3,60.0000,False,True,2.4577,45,76.76,132.581,in_progress,0.00

SIM_TRACE_LOG:3,47,5.9405,6.3061,143.5806,15.00,0.60,3,60.0000,False,True,2.5649,45,76.76,132.657,in_progress,0.00

SIM_TRACE_LOG:3,48,5.8646,6.3283,149.5268,-15.00,0.60,1,60.0000,False,True,2.6527,45,76.76,132.749,in_progress,0.00

SIM_TRACE_LOG:3,49,5.8401,6.3339,151.4422,0.00,0.60,2,60.0000,False,True,2.6664,45,76.76,132.749,in_progress,0.00

SIM_TRACE_LOG:3,50,5.8128,6.3447,152.3131,-30.00,0.60,0,60.0000,False,True,2.7043,45,76.76,132.827,in_progress,0.00

SIM_TRACE_LOG:3,51,5.7894,6.3591,151.9282,30.00,0.60,4,60.0000,False,True,2.7383,45,76.76,132.93,in_progress,0.00

SIM_TRACE_LOG:3,52,5.7318,6.3940,151.1012,30.00,0.60,4,60.0000,False,True,2.8219,45,76.76,132.966,in_progress,0.00

SIM_TRACE_LOG:3,53,5.7318,6.3940,151.1012,0.00,0.60,2,60.0000,False,True,2.8219,45,76.76,132.992,in_progress,0.00

SIM_TRACE_LOG:3,54,5.6515,6.4398,150.7471,-15.00,0.60,1,60.0000,False,True,2.9375,46,76.76,133.106,in_progress,0.00

SIM_TRACE_LOG:3,55,5.6447,6.4443,150.6109,30.00,0.60,4,60.0000,False,True,2.9474,46,76.76,133.179,in_progress,0.00

SIM_TRACE_LOG:3,56,5.5829,6.4743,151.6108,-15.00,0.60,1,60.0000,False,True,3.0348,46,76.76,133.221,in_progress,0.00

SIM_TRACE_LOG:3,57,5.5829,6.4743,151.6108,30.00,0.60,4,60.0000,False,True,3.0348,46,76.76,133.319,in_progress,0.00

SIM_TRACE_LOG:3,58,5.4795,6.5005,157.1940,-15.00,0.60,1,60.0000,False,True,3.1519,46,76.76,133.378,in_progress,0.00

SIM_TRACE_LOG:3,59,5.4496,6.5074,158.4997,15.00,0.60,3,60.0000,False,True,3.1917,46,76.76,133.431,in_progress,0.00

SIM_TRACE_LOG:3,60,5.4086,6.5230,158.5462,-15.00,0.60,1,60.0000,False,True,3.2480,47,76.76,133.487,in_progress,0.00

SIM_TRACE_LOG:3,61,5.2972,6.5909,153.7827,-15.00,0.60,1,60.0000,False,True,3.4063,47,76.76,133.683,in_progress,0.00

SIM_TRACE_LOG:3,62,5.2663,6.6165,151.5698,0.00,0.60,2,60.0000,False,True,3.4564,47,76.76,133.745,in_progress,0.00

SIM_TRACE_LOG:3,63,5.2462,6.6320,150.5839,30.00,0.60,4,60.0000,False,True,3.4858,47,76.76,133.792,in_progress,0.00

SIM_TRACE_LOG:3,64,5.2007,6.6551,151.1300,30.00,0.60,4,60.0000,False,True,3.5498,47,76.76,133.866,in_progress,0.00

SIM_TRACE_LOG:3,65,5.1879,6.6599,151.6252,-15.00,0.60,1,60.0000,False,True,3.5673,47,76.76,133.882,in_progress,0.00

SIM_TRACE_LOG:3,66,5.1384,6.6759,153.8009,-30.00,0.60,0,60.0000,False,True,3.6345,48,76.76,133.956,in_progress,0.00

SIM_TRACE_LOG:3,67,5.1051,6.6943,153.3932,-15.00,0.60,1,60.0000,False,True,3.6815,48,76.76,134.027,in_progress,0.00

SIM_TRACE_LOG:3,68,5.0543,6.7239,152.5933,15.00,0.60,3,60.0000,False,True,3.7538,48,76.76,134.095,in_progress,0.00

SIM_TRACE_LOG:3,69,5.0327,6.7377,152.0220,0.00,0.60,2,60.0000,False,True,3.7847,48,76.76,134.191,in_progress,0.00

SIM_TRACE_LOG:3,70,4.9767,6.7643,152.6720,-15.00,0.60,1,60.0000,False,True,3.8674,48,76.76,134.228,in_progress,0.00

SIM_TRACE_LOG:3,71,4.9430,6.7825,152.6225,30.00,0.60,4,60.0000,False,True,3.9150,48,76.76,134.323,in_progress,0.00

SIM_TRACE_LOG:3,72,4.8866,6.8092,153.1350,-15.00,0.60,1,40.0000,False,False,3.9938,48,76.76,134.376,in_progress,0.00

SIM_TRACE_LOG:3,73,4.8638,6.8171,153.8939,30.00,0.60,4,40.0000,False,False,4.0250,48,76.76,134.456,in_progress,0.00

SIM_TRACE_LOG:3,74,4.8067,6.8352,155.6789,15.00,0.60,3,40.0000,False,False,4.1025,49,76.76,134.509,in_progress,0.00

SIM_TRACE_LOG:3,75,4.7402,6.8409,160.6820,0.00,0.60,2,40.0000,False,False,4.1890,49,76.76,134.586,in_progress,0.00

SIM_TRACE_LOG:3,76,4.7070,6.8409,163.3459,-15.00,0.60,1,40.0000,False,False,4.2281,49,76.76,134.677,in_progress,0.00

SIM_TRACE_LOG:3,77,4.6631,6.8484,165.0816,-15.00,0.60,1,40.0000,False,False,4.2862,49,76.76,134.696,in_progress,0.00

SIM_TRACE_LOG:3,78,4.6139,6.8593,165.6554,30.00,0.60,4,40.0000,False,False,4.3518,49,76.76,134.77,in_progress,0.00

SIM_TRACE_LOG:3,79,4.6026,6.8618,165.7866,-30.00,0.60,0,40.0000,False,False,4.3669,49,76.76,134.826,in_progress,0.00

SIM_TRACE_LOG:3,80,4.5279,6.8720,167.6751,-15.00,0.60,1,40.0000,False,False,4.4650,50,76.76,134.896,in_progress,0.00

SIM_TRACE_LOG:3,81,4.5147,6.8762,167.3295,-15.00,0.60,1,40.0000,False,False,4.4828,50,76.76,134.959,in_progress,0.00

SIM_TRACE_LOG:3,82,4.4586,6.8983,165.2032,-30.00,0.60,0,40.0000,False,False,4.5601,50,76.76,135.083,in_progress,0.00

SIM_TRACE_LOG:3,83,4.4087,6.9318,160.8598,0.00,0.60,2,40.0000,False,False,4.6147,50,76.76,135.1,in_progress,0.00

SIM_TRACE_LOG:3,84,4.3880,6.9463,159.0974,-15.00,0.60,1,40.0000,False,False,4.6147,50,76.76,135.171,in_progress,0.00

SIM_TRACE_LOG:3,85,4.3471,6.9658,158.2255,-15.00,0.60,1,40.0000,False,False,4.6492,50,76.76,135.231,in_progress,0.00

SIM_TRACE_LOG:3,86,4.3291,6.9748,157.8419,15.00,0.60,3,40.0000,False,False,4.6736,50,76.76,135.3,in_progress,0.00

SIM_TRACE_LOG:3,87,4.2732,7.0024,156.9222,-30.00,0.60,0,40.0000,False,False,4.7494,50,76.76,135.4,in_progress,0.00

SIM_TRACE_LOG:3,88,4.2157,7.0358,155.0447,-30.00,0.60,0,40.0000,False,False,4.8279,51,76.76,135.446,in_progress,0.00

SIM_TRACE_LOG:3,89,4.2020,7.0467,154.0376,0.00,0.60,2,40.0000,False,False,4.8469,51,76.76,135.519,in_progress,0.00

SIM_TRACE_LOG:3,90,4.1367,7.0797,153.8392,30.00,0.60,4,40.0000,False,False,4.9354,51,76.76,135.588,in_progress,0.00

SIM_TRACE_LOG:3,91,4.1035,7.0873,155.6765,-30.00,0.60,0,40.0000,False,False,4.9794,51,76.76,135.644,in_progress,0.00

SIM_TRACE_LOG:3,92,4.0717,7.0904,158.4089,15.00,0.60,3,40.0000,False,False,5.0069,51,76.76,135.73,in_progress,0.00

SIM_TRACE_LOG:3,93,3.9686,7.0931,166.0733,15.00,0.60,3,40.0000,False,False,5.1011,51,76.76,135.824,in_progress,0.00

SIM_TRACE_LOG:3,94,3.9376,7.0892,168.7523,-30.00,0.60,0,40.0000,False,False,5.1413,51,76.76,135.897,in_progress,0.00

SIM_TRACE_LOG:3,95,3.8800,7.0832,172.5759,30.00,0.60,4,40.0000,False,False,5.2161,52,76.76,135.978,in_progress,0.00

SIM_TRACE_LOG:3,96,3.8544,7.0858,172.7228,-30.00,0.60,0,40.0000,False,False,5.2496,52,76.76,135.987,in_progress,0.00

SIM_TRACE_LOG:3,97,3.8329,7.0849,173.6916,-30.00,0.60,0,40.0000,False,False,5.2775,52,76.76,136.079,in_progress,0.00

SIM_TRACE_LOG:3,98,3.7562,7.1088,170.1163,0.00,0.60,2,40.0000,True,False,5.3783,52,76.76,136.133,off_track,0.00

[s3] Successfully uploaded metrics to                  s3 bucket base-bucket-1f3pfk38sjoqu with s3 key first-model/metrics/TrainingMetrics_2.json.
Training> Name=main_level/agent, Worker=0, Episode=4, Total reward=4850.0, Steps=278, Training iteration=0
Reset agent
Reset agent finished
SIM_TRACE_LOG:4,1,3.8907,6.4618,174.9179,15.00,0.60,3,0.0000,False,True,0.1824,51,76.76,136.424,prepare,0.00

SIM_TRACE_LOG:4,2,3.8907,6.4618,174.9186,-30.00,0.60,0,60.0000,False,True,0.1823,51,76.76,136.431,in_progress,0.00

SIM_TRACE_LOG:4,3,3.8897,6.4616,175.0154,-15.00,0.60,1,60.0000,False,True,0.1837,51,76.76,136.458,in_progress,0.00

SIM_TRACE_LOG:4,4,3.8846,6.4648,174.3417,0.00,0.60,2,60.0000,False,True,0.1904,51,76.76,136.493,in_progress,0.00

SIM_TRACE_LOG:4,5,3.8661,6.4700,173.4775,30.00,0.60,4,60.0000,False,True,0.2147,52,76.76,136.583,in_progress,0.00

SIM_TRACE_LOG:4,6,3.8353,6.4688,174.5094,30.00,0.60,4,60.0000,False,True,0.2547,52,76.76,136.682,in_progress,0.00

SIM_TRACE_LOG:4,7,3.8054,6.4580,177.8285,30.00,0.60,4,60.0000,False,True,0.2933,52,76.76,136.736,in_progress,0.00

SIM_TRACE_LOG:4,8,3.7387,6.4257,-174.5948,15.00,0.60,3,40.0000,False,True,0.3791,52,76.76,136.812,in_progress,0.00

SIM_TRACE_LOG:4,9,3.7225,6.4173,-172.9101,0.00,0.60,2,40.0000,False,True,0.3999,52,76.76,136.873,in_progress,0.00

SIM_TRACE_LOG:4,10,3.6812,6.4019,-170.5213,30.00,0.60,4,40.0000,False,True,0.4531,52,76.76,136.996,in_progress,0.00

SIM_TRACE_LOG:4,11,3.6049,6.3625,-164.8746,-15.00,0.60,1,40.0000,False,True,0.5511,52,76.76,137.03,in_progress,0.00

SIM_TRACE_LOG:4,12,3.5730,6.3420,-162.1005,30.00,0.60,4,40.0000,False,True,0.5920,52,76.76,137.092,in_progress,0.00

SIM_TRACE_LOG:4,13,3.4914,6.2814,-155.1326,-30.00,0.60,0,40.0000,False,True,0.6962,53,76.76,137.217,in_progress,0.00

SIM_TRACE_LOG:4,14,3.4878,6.2764,-154.2660,-15.00,0.60,1,40.0000,False,True,0.7008,53,76.76,137.305,in_progress,0.00

SIM_TRACE_LOG:4,15,3.4295,6.2349,-151.7596,-15.00,0.60,1,40.0000,False,True,0.7752,53,76.76,137.365,in_progress,0.00

SIM_TRACE_LOG:4,16,3.3938,6.2234,-153.2581,-30.00,0.60,0,40.0000,False,True,0.8207,53,76.76,137.438,in_progress,0.00

SIM_TRACE_LOG:4,17,3.3446,6.2125,-156.1257,-15.00,0.60,1,40.0000,False,True,0.8845,53,76.76,137.53,in_progress,0.00

SIM_TRACE_LOG:4,18,3.2835,6.2042,-159.9391,-30.00,0.60,0,40.0000,False,True,0.9637,53,76.76,137.587,in_progress,0.00

SIM_TRACE_LOG:4,19,3.2260,6.2053,-164.6732,-15.00,0.60,1,40.0000,False,True,1.0387,54,76.76,137.644,in_progress,0.00

SIM_TRACE_LOG:4,20,3.2051,6.2074,-166.5519,-30.00,0.60,0,40.0000,False,True,1.0659,54,76.76,137.713,in_progress,0.00

SIM_TRACE_LOG:4,21,3.1516,6.2176,-171.7257,30.00,0.60,4,40.0000,False,True,1.1360,54,76.76,137.746,in_progress,0.00

SIM_TRACE_LOG:4,22,3.1092,6.2248,-175.0027,-15.00,0.60,1,40.0000,False,True,1.1941,54,76.76,137.859,in_progress,0.00

SIM_TRACE_LOG:4,23,3.0683,6.2207,-174.8811,-15.00,0.60,1,40.0000,False,True,1.2474,54,76.76,137.918,in_progress,0.00

SIM_TRACE_LOG:4,24,2.9806,6.2181,-176.1374,-30.00,0.60,0,40.0000,False,True,1.3615,54,76.76,138.026,in_progress,0.00

SIM_TRACE_LOG:4,25,2.9476,6.2247,-178.2340,30.00,0.60,4,40.0000,False,True,1.4047,55,76.76,138.055,in_progress,0.00

SIM_TRACE_LOG:4,26,2.9216,6.2341,179.2398,0.00,0.60,2,40.0000,False,True,1.4387,55,76.76,138.078,in_progress,0.00

SIM_TRACE_LOG:4,27,2.8732,6.2367,178.7468,30.00,0.60,4,40.0000,False,True,1.5018,55,76.76,138.197,in_progress,0.00

SIM_TRACE_LOG:4,28,2.8227,6.2298,-179.4519,-30.00,0.60,0,40.0000,False,True,1.6116,55,76.76,138.268,in_progress,0.00

SIM_TRACE_LOG:4,29,2.7665,6.2264,-178.8795,-30.00,0.60,0,40.0000,False,True,1.6848,55,76.76,138.306,in_progress,0.00

SIM_TRACE_LOG:4,30,2.7499,6.2280,-179.3480,0.00,0.60,2,40.0000,False,True,1.7060,55,76.76,138.345,in_progress,0.00

SIM_TRACE_LOG:4,31,2.6828,6.2286,-179.7104,15.00,0.60,3,40.0000,False,True,1.7928,56,76.76,138.455,in_progress,0.00

SIM_TRACE_LOG:4,32,2.6318,6.2199,-177.6735,30.00,0.60,4,40.0000,False,True,1.8601,56,76.76,138.504,in_progress,0.00

SIM_TRACE_LOG:4,33,2.5970,6.2097,-175.6971,-30.00,0.60,0,40.0000,False,True,1.9067,56,76.76,138.556,in_progress,0.00

SIM_TRACE_LOG:4,34,2.5299,6.2042,-175.7538,-15.00,0.60,1,40.0000,False,True,2.0937,56,76.76,138.657,in_progress,0.00

SIM_TRACE_LOG:4,35,2.5134,6.2066,-176.6581,-15.00,0.60,1,40.0000,False,True,2.1118,56,76.76,138.695,in_progress,0.00

SIM_TRACE_LOG:4,36,2.4645,6.2196,179.6430,30.00,0.60,4,40.0000,False,True,2.1620,56,76.76,138.767,in_progress,0.00

SIM_TRACE_LOG:4,37,2.3879,6.2270,178.2901,30.00,0.60,4,40.0000,False,True,2.2479,57,76.76,138.861,in_progress,0.00

SIM_TRACE_LOG:4,38,2.3647,6.2253,178.8604,-30.00,0.60,0,40.0000,False,True,2.2762,57,76.76,138.912,in_progress,0.00

SIM_TRACE_LOG:4,39,2.3423,6.2229,179.6265,30.00,0.60,4,40.0000,False,True,2.3038,57,76.76,138.925,in_progress,0.00

SIM_TRACE_LOG:4,40,2.2443,6.1933,-173.7626,0.00,0.60,2,40.0000,False,True,2.4685,57,76.76,139.07,in_progress,0.00

SIM_TRACE_LOG:4,41,2.2272,6.1835,-171.7336,15.00,0.60,3,40.0000,False,True,2.4938,57,76.76,139.096,in_progress,0.00

SIM_TRACE_LOG:4,42,2.2061,6.1753,-170.4358,15.00,0.60,3,40.0000,False,True,2.5217,57,76.76,139.144,in_progress,0.00

SIM_TRACE_LOG:4,43,2.1249,6.1466,-166.9495,0.00,0.60,2,40.0000,False,True,2.6266,58,76.76,139.251,in_progress,0.00

SIM_TRACE_LOG:4,44,2.0968,6.1346,-165.6624,15.00,0.60,3,40.0000,False,True,2.6646,58,76.76,139.325,in_progress,0.00

SIM_TRACE_LOG:4,45,2.0387,6.1096,-163.4450,15.00,0.60,3,40.0000,False,True,2.7435,58,76.76,139.388,in_progress,0.00

SIM_TRACE_LOG:4,46,2.0178,6.0990,-162.4164,15.00,0.60,3,40.0000,False,True,2.7774,58,76.76,139.464,in_progress,0.00

SIM_TRACE_LOG:4,47,1.9783,6.0761,-160.0889,30.00,0.60,4,60.0000,False,True,2.8310,58,76.76,139.521,in_progress,0.00

SIM_TRACE_LOG:4,48,1.9286,6.0364,-155.3995,30.00,0.60,4,60.0000,False,True,2.9101,58,76.76,139.576,in_progress,0.00

SIM_TRACE_LOG:4,49,1.9118,6.0185,-153.1015,0.00,0.60,2,60.0000,False,True,2.9417,58,76.76,139.621,in_progress,0.00

SIM_TRACE_LOG:4,50,1.8856,5.9897,-149.7780,0.00,0.60,2,60.0000,False,True,2.9918,59,76.76,139.684,in_progress,0.00

SIM_TRACE_LOG:4,51,1.8556,5.9688,-149.0435,15.00,0.60,3,60.0000,False,True,3.0363,59,76.76,139.766,in_progress,0.00

SIM_TRACE_LOG:4,52,1.8107,5.9387,-148.3522,15.00,0.60,3,60.0000,False,True,3.1016,59,76.76,139.832,in_progress,0.00

SIM_TRACE_LOG:4,53,1.7685,5.9051,-146.8636,15.00,0.60,3,60.0000,False,True,3.1419,59,76.76,139.916,in_progress,0.00

SIM_TRACE_LOG:4,54,1.7385,5.8780,-145.2883,-15.00,0.60,1,60.0000,False,True,3.1821,59,76.76,139.965,in_progress,0.00

SIM_TRACE_LOG:4,55,1.6928,5.8394,-143.9110,-30.00,0.60,0,60.0000,False,True,3.2485,59,76.76,140.024,in_progress,0.00

SIM_TRACE_LOG:4,56,1.6803,5.8316,-144.1361,-15.00,0.60,1,60.0000,False,True,3.2634,59,76.76,140.156,in_progress,0.00

SIM_TRACE_LOG:4,57,1.5786,5.7938,-150.2814,15.00,0.60,3,60.0000,False,True,3.3518,60,76.76,140.2,in_progress,0.00

SIM_TRACE_LOG:4,58,1.5331,5.7767,-152.0056,30.00,0.60,4,60.0000,False,True,3.3916,60,76.76,140.271,in_progress,0.00

SIM_TRACE_LOG:4,59,1.5003,5.7545,-151.0294,-15.00,0.60,1,60.0000,False,True,3.4325,60,76.76,140.327,in_progress,0.00

SIM_TRACE_LOG:4,60,1.4858,5.7429,-150.1937,30.00,0.60,4,60.0000,False,True,3.4528,60,76.76,140.387,in_progress,0.00

SIM_TRACE_LOG:4,61,1.4436,5.7029,-147.1344,0.00,0.60,2,60.0000,False,True,3.5195,60,76.76,140.447,in_progress,0.00

SIM_TRACE_LOG:4,62,1.4124,5.6693,-144.5241,15.00,0.60,3,60.0000,False,True,3.5333,60,76.76,140.527,in_progress,0.00

SIM_TRACE_LOG:4,63,1.3756,5.6373,-143.4141,0.00,0.60,2,60.0000,False,True,3.5333,60,76.76,140.602,in_progress,0.00

SIM_TRACE_LOG:4,64,1.3319,5.6065,-143.7245,-30.00,0.60,0,60.0000,False,True,3.5479,60,76.76,140.659,in_progress,0.00

SIM_TRACE_LOG:4,65,1.3299,5.6048,-143.6409,-15.00,0.60,1,60.0000,False,True,3.5503,60,76.76,140.715,in_progress,0.00

SIM_TRACE_LOG:4,66,1.2794,5.5751,-144.9423,-15.00,0.60,1,60.0000,False,True,3.5936,60,76.76,140.788,in_progress,0.00

SIM_TRACE_LOG:4,67,1.2160,5.5576,-149.8462,-15.00,0.60,1,40.0000,False,False,3.6222,60,76.76,140.888,in_progress,0.00

SIM_TRACE_LOG:4,68,1.1434,5.5475,-155.8359,-15.00,0.60,1,40.0000,False,False,3.6420,60,76.76,140.957,in_progress,0.00

SIM_TRACE_LOG:4,69,1.1294,5.5467,-157.0355,-30.00,0.60,0,40.0000,False,False,3.6444,60,76.76,140.978,in_progress,0.00

SIM_TRACE_LOG:4,70,1.1119,5.5470,-158.7899,15.00,0.60,3,40.0000,False,False,3.6456,60,76.76,141.067,in_progress,0.00

SIM_TRACE_LOG:4,71,1.0408,5.5389,-162.7660,0.00,0.60,2,40.0000,False,False,3.6627,60,76.76,141.11,in_progress,0.00

SIM_TRACE_LOG:4,72,1.0310,5.5351,-162.6063,-15.00,0.60,1,40.0000,False,False,3.6686,60,76.76,141.127,in_progress,0.00

SIM_TRACE_LOG:4,73,0.9818,5.5234,-163.4567,-15.00,0.60,1,40.0000,True,False,3.6884,60,76.76,141.248,off_track,0.00

[s3] Successfully uploaded metrics to                  s3 bucket base-bucket-1f3pfk38sjoqu with s3 key first-model/metrics/TrainingMetrics_2.json.
Training> Name=main_level/agent, Worker=0, Episode=5, Total reward=3400.0, Steps=351, Training iteration=0
Reset agent
Reset agent finished
SIM_TRACE_LOG:5,1,2.0577,4.3941,-57.6960,-15.00,0.60,1,0.0000,False,True,0.1779,64,76.76,141.358,prepare,0.00

SIM_TRACE_LOG:5,2,2.0576,4.3944,-57.6852,30.00,0.60,4,60.0000,False,True,0.1776,64,76.76,141.455,in_progress,0.00

SIM_TRACE_LOG:5,3,2.0659,4.3885,-56.8392,15.00,0.60,3,60.0000,False,True,0.1908,64,76.76,141.501,in_progress,0.00

SIM_TRACE_LOG:5,4,2.0705,4.3854,-56.3076,-30.00,0.60,0,60.0000,False,True,0.1980,64,76.76,141.565,in_progress,0.00

SIM_TRACE_LOG:5,5,2.0864,4.3543,-57.2103,-15.00,0.60,1,60.0000,False,True,0.2394,64,76.76,141.618,in_progress,0.00

SIM_TRACE_LOG:5,6,2.0895,4.3307,-59.6859,0.00,0.60,2,60.0000,False,True,0.2615,64,76.76,141.697,in_progress,0.00

SIM_TRACE_LOG:5,7,2.0971,4.2980,-62.1416,-15.00,0.60,1,60.0000,False,True,0.2956,65,76.76,141.827,in_progress,0.00

SIM_TRACE_LOG:5,8,2.1123,4.2297,-66.0691,-15.00,0.60,1,60.0000,False,True,0.3661,65,76.76,141.834,in_progress,0.00

SIM_TRACE_LOG:5,9,2.1164,4.2023,-67.8100,0.00,0.60,2,60.0000,False,True,0.3923,65,76.76,141.9,in_progress,0.00

SIM_TRACE_LOG:5,10,2.1250,4.1616,-69.5701,-30.00,0.60,0,60.0000,False,True,0.4339,65,76.76,142.059,in_progress,0.00

SIM_TRACE_LOG:5,11,2.1278,4.0761,-75.4359,0.00,0.60,2,60.0000,False,True,0.4903,65,76.76,142.068,in_progress,0.00

SIM_TRACE_LOG:5,12,2.1259,4.0561,-77.1808,-15.00,0.60,1,60.0000,False,True,0.4903,65,76.76,142.099,in_progress,0.00

SIM_TRACE_LOG:5,13,2.1264,4.0202,-78.9161,-30.00,0.60,0,60.0000,False,True,0.4903,65,76.76,142.217,in_progress,0.00

SIM_TRACE_LOG:5,14,2.1191,3.9395,-83.8728,30.00,0.60,4,60.0000,False,True,0.4946,65,76.76,142.277,in_progress,0.00

SIM_TRACE_LOG:5,15,2.1172,3.9311,-84.6240,-15.00,0.60,1,60.0000,False,True,0.4969,65,76.76,142.356,in_progress,0.00

SIM_TRACE_LOG:5,16,2.1221,3.8776,-84.5566,-30.00,0.60,0,60.0000,False,True,0.5311,65,76.76,142.367,in_progress,0.00

SIM_TRACE_LOG:5,17,2.1260,3.8492,-84.2519,-30.00,0.60,0,60.0000,False,True,0.5507,65,76.76,142.486,in_progress,0.00

SIM_TRACE_LOG:5,18,2.1208,3.7414,-87.7500,30.00,0.60,4,60.0000,False,True,0.6017,65,76.76,142.578,in_progress,0.00

SIM_TRACE_LOG:5,19,2.1165,3.7114,-89.2270,0.00,0.60,2,40.0000,False,False,0.6125,65,76.76,142.646,in_progress,0.00

SIM_TRACE_LOG:5,20,2.1186,3.6757,-88.9493,-15.00,0.60,1,40.0000,False,False,0.6339,65,76.76,142.682,in_progress,0.00

SIM_TRACE_LOG:5,21,2.1219,3.6297,-88.3856,0.00,0.60,2,40.0000,False,False,0.6623,65,76.76,142.75,in_progress,0.00

SIM_TRACE_LOG:5,22,2.1249,3.5903,-87.9803,-30.00,0.60,0,40.0000,False,False,0.6866,66,76.76,142.809,in_progress,0.00

SIM_TRACE_LOG:5,23,2.1258,3.5495,-88.0693,30.00,0.60,4,40.0000,False,False,0.7094,66,76.76,142.879,in_progress,0.00

SIM_TRACE_LOG:5,24,2.1250,3.5443,-88.3220,-15.00,0.60,1,40.0000,False,False,0.7112,66,76.76,142.88,in_progress,0.00

SIM_TRACE_LOG:5,25,2.1138,3.4908,-91.2654,-30.00,0.60,0,40.0000,False,False,0.7262,66,76.76,142.961,in_progress,0.00

SIM_TRACE_LOG:5,26,2.1063,3.4576,-92.7858,30.00,0.60,4,40.0000,True,False,0.7349,66,76.76,143.066,off_track,0.00

[s3] Successfully uploaded metrics to                  s3 bucket base-bucket-1f3pfk38sjoqu with s3 key first-model/metrics/TrainingMetrics_2.json.
Training> Name=main_level/agent, Worker=0, Episode=6, Total reward=1340.0, Steps=377, Training iteration=0
Reset agent
Reset agent finished
[s3] Successfully uploaded simtrace_training to              s3 bucket base-bucket-1f3pfk38sjoqu with s3 key first-model/2/training-simtrace/1-iteration.csv.
[s3] Successfully downloaded 2_Step-2411.ckpt.data-00000-of-00001 from                  s3 key first-model/model/2_Step-2411.ckpt.data-00000-of-00001 to local checkpoint_robomaker/agent/2_Step-2411.ckpt.data-00000-of-00001.
[s3] Successfully downloaded 2_Step-2411.ckpt.index from                  s3 key first-model/model/2_Step-2411.ckpt.index to local checkpoint_robomaker/agent/2_Step-2411.ckpt.index.
[s3] Successfully downloaded 2_Step-2411.ckpt.meta from                  s3 key first-model/model/2_Step-2411.ckpt.meta to local checkpoint_robomaker/agent/2_Step-2411.ckpt.meta.
[s3] Successfully downloaded .ready from                  s3 key first-model/model/.ready to local checkpoint_robomaker/agent/.ready.
Checkpoint> Restoring from path=./checkpoint_robomaker/agent/2_Step-2411.ckpt
Reset agent
Reset agent finished
SIM_TRACE_LOG:6,1,3.3257,1.8484,-140.0581,30.00,0.60,4,0.0000,False,True,0.1826,77,76.76,161.092,prepare,0.00

SIM_TRACE_LOG:6,2,3.3262,1.8489,-140.0984,15.00,0.60,3,60.0000,False,True,0.1817,77,76.76,161.116,in_progress,0.00

SIM_TRACE_LOG:6,3,3.3244,1.8479,-140.1852,30.00,0.60,4,60.0000,False,True,0.1843,77,76.76,161.211,in_progress,0.00

SIM_TRACE_LOG:6,4,3.3159,1.8282,-137.7472,30.00,0.60,4,60.0000,False,True,0.2071,77,76.76,161.315,in_progress,0.00

SIM_TRACE_LOG:6,5,3.2995,1.7828,-132.4835,15.00,0.60,3,60.0000,False,True,0.2553,77,76.76,161.327,in_progress,0.00

SIM_TRACE_LOG:6,6,3.2833,1.7494,-129.9754,0.00,0.60,2,60.0000,False,True,0.2954,77,76.76,161.389,in_progress,0.00

SIM_TRACE_LOG:6,7,3.2637,1.7106,-127.6357,-30.00,0.60,0,60.0000,False,True,0.3428,77,76.76,161.454,in_progress,0.00

SIM_TRACE_LOG:6,8,3.2481,1.6870,-127.0693,30.00,0.60,4,60.0000,False,True,0.3758,77,76.76,161.561,in_progress,0.00

SIM_TRACE_LOG:6,9,3.2172,1.6398,-126.2837,15.00,0.60,3,60.0000,False,True,0.4415,78,76.76,161.582,in_progress,0.00

SIM_TRACE_LOG:6,10,3.2091,1.6238,-125.5640,-30.00,0.60,0,60.0000,False,True,0.4611,78,76.76,161.676,in_progress,0.00

SIM_TRACE_LOG:6,11,3.1662,1.5607,-125.0816,30.00,0.60,4,60.0000,False,True,0.5507,78,76.76,161.715,in_progress,0.00

SIM_TRACE_LOG:6,12,3.1610,1.5573,-125.6820,-30.00,0.60,0,60.0000,False,True,0.5588,78,76.76,161.805,in_progress,0.00

SIM_TRACE_LOG:6,13,3.1033,1.4931,-127.6925,0.00,0.60,2,60.0000,False,True,0.6257,78,76.76,161.849,in_progress,0.00

SIM_TRACE_LOG:6,14,3.0989,1.4902,-128.2117,-30.00,0.60,0,60.0000,False,True,0.6325,78,76.76,161.976,in_progress,0.00

SIM_TRACE_LOG:6,15,3.0145,1.4044,-130.9774,-15.00,0.60,1,60.0000,False,True,0.7756,78,76.76,162.032,in_progress,0.00

SIM_TRACE_LOG:6,16,3.0090,1.4000,-131.3075,0.00,0.60,2,60.0000,False,True,0.7842,79,76.76,162.065,in_progress,0.00

SIM_TRACE_LOG:6,17,2.9809,1.3765,-132.5841,-15.00,0.60,1,60.0000,False,True,0.8294,79,76.76,162.098,in_progress,0.00

SIM_TRACE_LOG:6,18,2.9490,1.3516,-134.0142,30.00,0.60,4,60.0000,False,True,0.8800,79,76.76,162.254,in_progress,0.00

SIM_TRACE_LOG:6,19,2.8839,1.2633,-130.7289,30.00,0.60,4,60.0000,False,True,0.9757,79,76.76,162.39,in_progress,0.00

SIM_TRACE_LOG:6,20,2.8643,1.2158,-126.9750,15.00,0.60,3,60.0000,False,True,0.9757,79,76.76,162.449,in_progress,0.00

SIM_TRACE_LOG:6,21,2.8489,1.1633,-122.6069,30.00,0.60,4,60.0000,False,True,0.9963,79,76.76,162.543,in_progress,0.00

SIM_TRACE_LOG:6,22,2.8377,1.0927,-116.1910,-15.00,0.60,1,60.0000,False,True,1.0289,79,76.76,162.588,in_progress,0.00

SIM_TRACE_LOG:6,23,2.8377,1.0820,-114.9739,30.00,0.60,4,60.0000,False,True,1.0317,79,76.76,162.603,in_progress,0.00

SIM_TRACE_LOG:6,24,2.8308,1.0142,-109.9532,-15.00,0.60,1,40.0000,False,False,1.0580,79,76.76,162.698,in_progress,0.00

SIM_TRACE_LOG:6,25,2.8208,0.9570,-107.6238,0.00,0.60,2,40.0000,False,False,1.0856,79,76.76,162.785,in_progress,0.00

SIM_TRACE_LOG:6,26,2.8101,0.9307,-108.2028,-30.00,0.60,0,40.0000,False,False,1.1061,79,76.76,162.845,in_progress,0.00

SIM_TRACE_LOG:6,27,2.7789,0.8710,-110.6498,30.00,0.60,4,40.0000,False,False,1.1613,79,76.76,162.927,in_progress,0.00

SIM_TRACE_LOG:6,28,2.7582,0.8290,-111.7315,-15.00,0.60,1,40.0000,False,False,1.1987,80,76.76,162.997,in_progress,0.00

SIM_TRACE_LOG:6,29,2.7549,0.8149,-111.1806,15.00,0.60,3,40.0000,False,False,1.2066,80,76.76,163.041,in_progress,0.00

SIM_TRACE_LOG:6,30,2.7471,0.7847,-110.3150,15.00,0.60,3,40.0000,True,False,1.2244,80,76.76,163.114,off_track,0.00

[s3] Successfully uploaded metrics to                  s3 bucket base-bucket-1f3pfk38sjoqu with s3 key first-model/metrics/TrainingMetrics_2.json.
Training> Name=main_level/agent, Worker=0, Episode=7, Total reward=1600.0, Steps=407, Training iteration=0
Reset agent
Reset agent finished
SIM_TRACE_LOG:7,1,-0.4076,1.8782,165.1705,30.00,0.60,4,0.0000,False,True,0.1825,90,76.76,163.437,prepare,0.00

SIM_TRACE_LOG:7,2,-0.4085,1.8785,165.1295,0.00,0.60,2,40.0000,False,True,0.1837,90,76.76,163.452,in_progress,0.00

SIM_TRACE_LOG:7,3,-0.4082,1.8782,165.1740,30.00,0.60,4,60.0000,False,True,0.1833,90,76.76,163.471,in_progress,0.00

SIM_TRACE_LOG:7,4,-0.4110,1.8783,165.2572,-15.00,0.60,1,60.0000,False,True,0.1869,90,76.76,163.511,in_progress,0.00

SIM_TRACE_LOG:7,5,-0.4229,1.8823,164.9711,15.00,0.60,3,40.0000,False,True,0.2031,90,76.76,163.572,in_progress,0.00

SIM_TRACE_LOG:7,6,-0.4391,1.8878,164.6354,15.00,0.60,3,40.0000,False,True,0.2254,90,76.76,163.66,in_progress,0.00

SIM_TRACE_LOG:7,7,-0.4683,1.8911,165.7152,30.00,0.60,4,60.0000,False,True,0.2633,90,76.76,163.729,in_progress,0.00

SIM_TRACE_LOG:7,8,-0.5143,1.8785,171.2090,30.00,0.60,4,60.0000,False,True,0.3169,90,76.76,163.779,in_progress,0.00

SIM_TRACE_LOG:7,9,-0.5732,1.8532,179.0114,-15.00,0.60,1,60.0000,False,True,0.3826,90,76.76,163.849,in_progress,0.00

SIM_TRACE_LOG:7,10,-0.5895,1.8458,-178.8830,-15.00,0.60,1,60.0000,False,True,0.4007,90,76.76,163.938,in_progress,0.00

SIM_TRACE_LOG:7,11,-0.6442,1.8452,-179.0651,15.00,0.60,3,60.0000,False,True,0.4694,90,76.76,164.016,in_progress,0.00

SIM_TRACE_LOG:7,12,-0.7386,1.8362,-177.6117,-15.00,0.60,1,60.0000,False,True,0.5852,91,76.76,164.108,in_progress,0.00

SIM_TRACE_LOG:7,13,-0.7663,1.8298,-176.3911,-30.00,0.60,0,60.0000,False,True,0.6179,91,76.76,164.152,in_progress,0.00

SIM_TRACE_LOG:7,14,-0.8015,1.8277,-176.4038,15.00,0.60,3,60.0000,False,True,0.6615,91,76.76,164.203,in_progress,0.00

SIM_TRACE_LOG:7,15,-0.8243,1.8282,-176.8929,30.00,0.60,4,60.0000,False,True,0.6878,91,76.76,164.235,in_progress,0.00

SIM_TRACE_LOG:7,16,-0.8439,1.8246,-176.3471,-30.00,0.60,0,60.0000,False,True,0.7111,91,76.76,164.325,in_progress,0.00

SIM_TRACE_LOG:7,17,-0.9124,1.8220,-176.7936,-15.00,0.60,1,60.0000,False,True,0.7961,91,76.76,164.368,in_progress,0.00

SIM_TRACE_LOG:7,18,-0.9436,1.8237,-177.6402,15.00,0.60,3,60.0000,False,True,0.8358,91,76.76,164.47,in_progress,0.00

SIM_TRACE_LOG:7,19,-1.0029,1.8171,-176.8381,-15.00,0.60,1,60.0000,False,True,0.9080,92,76.76,164.505,in_progress,0.00

SIM_TRACE_LOG:7,20,-1.0197,1.8125,-175.8991,-30.00,0.60,0,60.0000,False,True,0.9274,92,76.76,164.646,in_progress,0.00

SIM_TRACE_LOG:7,21,-1.1590,1.8369,176.9948,30.00,0.60,4,60.0000,False,True,1.0775,92,76.76,164.748,in_progress,0.00

SIM_TRACE_LOG:7,22,-1.1798,1.8433,175.6556,15.00,0.60,3,60.0000,False,True,1.1024,92,76.76,164.844,in_progress,0.00

SIM_TRACE_LOG:7,23,-1.2577,1.8322,179.4409,0.00,0.60,2,60.0000,False,True,1.1907,92,76.76,164.903,in_progress,0.00

SIM_TRACE_LOG:7,24,-1.2777,1.8265,-179.0850,30.00,0.60,4,60.0000,False,True,1.2119,92,76.76,164.934,in_progress,0.00

SIM_TRACE_LOG:7,25,-1.3051,1.8188,-177.3150,30.00,0.60,4,60.0000,False,True,1.2411,92,76.76,165.027,in_progress,0.00

SIM_TRACE_LOG:7,26,-1.3585,1.7938,-172.1541,15.00,0.60,3,60.0000,False,True,1.2931,93,76.76,165.062,in_progress,0.00

SIM_TRACE_LOG:7,27,-1.4124,1.7615,-166.4761,-30.00,0.60,0,60.0000,False,True,1.3419,93,76.76,165.165,in_progress,0.00

SIM_TRACE_LOG:7,28,-1.4469,1.7457,-164.7786,30.00,0.60,4,60.0000,False,True,1.3756,93,76.76,165.223,in_progress,0.00

SIM_TRACE_LOG:7,29,-1.5007,1.7264,-163.7386,-30.00,0.60,0,60.0000,False,True,1.4308,93,76.76,165.306,in_progress,0.00

SIM_TRACE_LOG:7,30,-1.5695,1.7022,-163.0021,30.00,0.60,4,40.0000,False,False,1.4692,93,76.76,165.389,in_progress,0.00

SIM_TRACE_LOG:7,31,-1.5951,1.6986,-164.0301,-30.00,0.60,0,40.0000,False,False,1.4692,93,76.76,165.427,in_progress,0.00

SIM_TRACE_LOG:7,32,-1.6193,1.6925,-164.1781,30.00,0.60,4,40.0000,False,False,1.4692,93,76.76,165.49,in_progress,0.00

SIM_TRACE_LOG:7,33,-1.6578,1.6812,-164.2009,-15.00,0.60,1,40.0000,False,False,1.4692,93,76.76,165.599,in_progress,0.00

SIM_TRACE_LOG:7,34,-1.7177,1.6666,-164.7167,30.00,0.60,4,40.0000,False,False,1.4692,93,76.76,165.692,in_progress,0.00

SIM_TRACE_LOG:7,35,-1.9139,1.5717,-157.0227,-30.00,0.60,0,40.0000,True,False,1.4692,93,76.76,165.928,off_track,0.00

[s3] Successfully uploaded metrics to                  s3 bucket base-bucket-1f3pfk38sjoqu with s3 key first-model/metrics/TrainingMetrics_2.json.
Training> Name=main_level/agent, Worker=0, Episode=8, Total reward=1860.0, Steps=442, Training iteration=0
Reset agent
Reset agent finished
SIM_TRACE_LOG:8,1,-0.6966,4.6406,67.0805,30.00,0.60,4,0.0000,False,True,0.1825,102,76.76,166.094,prepare,0.00

SIM_TRACE_LOG:8,2,-0.6966,4.6406,67.0840,0.00,0.60,2,60.0000,False,True,0.1825,102,76.76,166.172,in_progress,0.00

SIM_TRACE_LOG:8,3,-0.6903,4.6583,67.4184,0.00,0.60,2,60.0000,False,True,0.2070,103,76.76,166.236,in_progress,0.00

SIM_TRACE_LOG:8,4,-0.6834,4.6793,67.8363,30.00,0.60,4,60.0000,False,True,0.2357,103,76.76,166.342,in_progress,0.00

SIM_TRACE_LOG:8,5,-0.6846,4.7286,72.4827,0.00,0.60,2,60.0000,False,True,0.2941,103,76.76,166.375,in_progress,0.00

SIM_TRACE_LOG:8,6,-0.6872,4.7424,74.2422,0.00,0.60,2,60.0000,False,True,0.3095,103,76.76,166.479,in_progress,0.00

SIM_TRACE_LOG:8,7,-0.6794,4.8163,76.9671,30.00,0.60,4,40.0000,False,True,0.4248,103,76.76,166.51,in_progress,0.00

SIM_TRACE_LOG:8,8,-0.6791,4.8176,76.9357,15.00,0.60,3,40.0000,False,True,0.4266,103,76.76,166.551,in_progress,0.00

SIM_TRACE_LOG:8,9,-0.6821,4.9142,82.3215,0.00,0.60,2,40.0000,False,True,0.5521,103,76.76,166.652,in_progress,0.00

SIM_TRACE_LOG:8,10,-0.6847,4.9328,83.5677,15.00,0.60,3,40.0000,False,True,0.5762,104,76.76,166.722,in_progress,0.00

SIM_TRACE_LOG:8,11,-0.6986,5.0188,88.6195,15.00,0.60,3,40.0000,False,True,0.6875,104,76.76,166.802,in_progress,0.00

SIM_TRACE_LOG:8,12,-0.7106,5.0606,91.6971,-15.00,0.60,1,40.0000,False,True,0.7412,104,76.76,166.86,in_progress,0.00

SIM_TRACE_LOG:8,13,-0.7132,5.0670,92.3657,-15.00,0.60,1,40.0000,False,True,0.7494,104,76.76,166.967,in_progress,0.00

SIM_TRACE_LOG:8,14,-0.7142,5.1366,91.8627,15.00,0.60,3,40.0000,False,True,0.8737,104,76.76,166.999,in_progress,0.00

SIM_TRACE_LOG:8,15,-0.7117,5.1593,91.0853,0.00,0.60,2,40.0000,False,True,0.9013,104,76.76,167.052,in_progress,0.00

SIM_TRACE_LOG:8,16,-0.7170,5.2355,91.9540,-15.00,0.60,1,40.0000,False,True,0.9986,105,76.76,167.13,in_progress,0.00

SIM_TRACE_LOG:8,17,-0.7176,5.2461,92.0673,-30.00,0.60,0,40.0000,False,True,1.0121,105,76.76,167.177,in_progress,0.00

SIM_TRACE_LOG:8,18,-0.7060,5.3330,88.7605,-15.00,0.60,1,40.0000,False,True,1.1169,105,76.76,167.28,in_progress,0.00

SIM_TRACE_LOG:8,19,-0.6969,5.3648,86.7869,0.00,0.60,2,60.0000,False,True,1.1535,105,76.76,167.329,in_progress,0.00

SIM_TRACE_LOG:8,20,-0.6904,5.4095,85.8269,30.00,0.60,4,60.0000,False,True,1.1988,105,76.76,167.401,in_progress,0.00

SIM_TRACE_LOG:8,21,-0.6907,5.4442,86.4434,0.00,0.60,2,60.0000,False,True,1.2390,105,76.76,167.452,in_progress,0.00

SIM_TRACE_LOG:8,22,-0.6920,5.4754,87.3519,-15.00,0.60,1,60.0000,False,True,1.2756,105,76.76,167.499,in_progress,0.00

SIM_TRACE_LOG:8,23,-0.6917,5.4830,87.4343,30.00,0.60,4,60.0000,False,True,1.2842,105,76.76,167.588,in_progress,0.00

SIM_TRACE_LOG:8,24,-0.6927,5.5498,88.4101,0.00,0.60,2,60.0000,False,True,1.3617,106,76.76,167.645,in_progress,0.00

SIM_TRACE_LOG:8,25,-0.6999,5.6090,90.4572,15.00,0.60,3,60.0000,False,True,1.4342,106,76.76,167.696,in_progress,0.00

SIM_TRACE_LOG:8,26,-0.7028,5.6389,91.1690,30.00,0.60,4,60.0000,False,True,1.4703,106,76.76,167.811,in_progress,0.00

SIM_TRACE_LOG:8,27,-0.7316,5.7323,97.0179,15.00,0.60,3,60.0000,False,True,1.5663,106,76.76,167.907,in_progress,0.00

SIM_TRACE_LOG:8,28,-0.7445,5.7576,99.5416,30.00,0.60,4,60.0000,False,True,1.6028,106,76.76,167.922,in_progress,0.00

SIM_TRACE_LOG:8,29,-0.7513,5.7709,100.7149,-30.00,0.60,0,60.0000,False,True,1.6220,106,76.76,168.011,in_progress,0.00

SIM_TRACE_LOG:8,30,-0.7721,5.8292,102.8133,-30.00,0.60,0,60.0000,False,True,1.6991,106,76.76,168.032,in_progress,0.00

SIM_TRACE_LOG:8,31,-0.7793,5.8828,101.7631,-30.00,0.60,0,60.0000,False,True,1.7609,107,76.76,168.11,in_progress,0.00

SIM_TRACE_LOG:8,32,-0.7820,5.9140,100.8474,0.00,0.60,2,60.0000,False,True,1.7957,107,76.76,168.19,in_progress,0.00

SIM_TRACE_LOG:8,33,-0.7854,5.9475,100.1022,-30.00,0.60,0,60.0000,False,True,1.8334,107,76.76,168.259,in_progress,0.00

SIM_TRACE_LOG:8,34,-0.7867,6.0249,97.4097,30.00,0.60,4,60.0000,False,True,1.9154,107,76.76,168.316,in_progress,0.00

SIM_TRACE_LOG:8,35,-0.7831,6.0484,95.6534,15.00,0.60,3,60.0000,False,True,1.9373,107,76.76,168.396,in_progress,0.00

SIM_TRACE_LOG:8,36,-0.7948,6.1048,97.1096,30.00,0.60,4,60.0000,False,True,1.9466,107,76.76,168.433,in_progress,0.00

SIM_TRACE_LOG:8,37,-0.8000,6.1198,97.9102,-15.00,0.60,1,60.0000,False,True,1.9466,107,76.76,168.504,in_progress,0.00

SIM_TRACE_LOG:8,38,-0.8139,6.1623,99.8538,-30.00,0.60,0,60.0000,False,True,1.9841,107,76.76,168.587,in_progress,0.00

SIM_TRACE_LOG:8,39,-0.8116,6.2329,96.5844,15.00,0.60,3,60.0000,False,True,2.0426,107,76.76,168.636,in_progress,0.00

SIM_TRACE_LOG:8,40,-0.8051,6.2831,93.6649,30.00,0.60,4,60.0000,False,True,2.0795,107,76.76,168.756,in_progress,0.00

SIM_TRACE_LOG:8,41,-0.8225,6.3552,96.5122,-15.00,0.60,1,60.0000,False,True,2.1586,108,76.76,168.817,in_progress,0.00

SIM_TRACE_LOG:8,42,-0.8408,6.4526,97.8537,-15.00,0.60,1,40.0000,False,False,2.2604,108,76.76,168.94,in_progress,0.00

SIM_TRACE_LOG:8,43,-0.8369,6.4817,95.9483,0.00,0.60,2,40.0000,False,False,2.2817,108,76.76,168.984,in_progress,0.00

SIM_TRACE_LOG:8,44,-0.8344,6.5031,94.7954,-30.00,0.60,0,40.0000,False,False,2.2977,108,76.76,169.016,in_progress,0.00

SIM_TRACE_LOG:8,45,-0.8316,6.5309,93.6012,0.00,0.60,2,40.0000,False,False,2.3189,108,76.76,169.055,in_progress,0.00

SIM_TRACE_LOG:8,46,-0.8278,6.5543,92.2414,-15.00,0.60,1,40.0000,False,False,2.3354,108,76.76,169.153,in_progress,0.00

SIM_TRACE_LOG:8,47,-0.8211,6.6045,90.2711,-30.00,0.60,0,40.0000,False,False,2.3384,108,76.76,169.169,in_progress,0.00

SIM_TRACE_LOG:8,48,-0.8184,6.6232,89.5606,-15.00,0.60,1,40.0000,False,False,2.3384,108,76.76,169.243,in_progress,0.00

SIM_TRACE_LOG:8,49,-0.8062,6.6755,87.0772,30.00,0.60,4,40.0000,False,False,2.3384,108,76.76,169.308,in_progress,0.00

SIM_TRACE_LOG:8,50,-0.7995,6.7220,86.1552,-30.00,0.60,0,40.0000,True,False,2.3384,108,76.76,169.354,off_track,0.00

[s3] Successfully uploaded metrics to                  s3 bucket base-bucket-1f3pfk38sjoqu with s3 key first-model/metrics/TrainingMetrics_2.json.
Training> Name=main_level/agent, Worker=0, Episode=9, Total reward=2520.0, Steps=492, Training iteration=0
Reset agent
Reset agent finished
