Starting as worker 0, using world 2022_march_pro and configuration training_params.yaml.
21/08/2023 00:11:36 passing arg to libvncserver: -rfbport
21/08/2023 00:11:36 passing arg to libvncserver: 5900
21/08/2023 00:11:36 x11vnc version: 0.9.13 lastmod: 2011-08-10  pid: 75
21/08/2023 00:11:36 
21/08/2023 00:11:36 wait_for_client: WAIT:0
21/08/2023 00:11:36 
21/08/2023 00:11:36 initialize_screen: fb_depth/fb_bpp/fb_Bpl 24/32/2560
21/08/2023 00:11:36 
21/08/2023 00:11:36 Listening for VNC connections on TCP port 5900
PORT=5900
21/08/2023 00:11:36 Listening for VNC connections on TCP6 port 5900
21/08/2023 00:11:36 listen6: bind: Address already in use
21/08/2023 00:11:36 Not listening on IPv6 interface.
21/08/2023 00:11:36 

The VNC desktop is:      409803b6592b:0
JWM: warning: /etc/jwm/system.jwmrc[6]: invalid include: /etc/jwm/debian-menu
IP: 10.0.0.11 172.18.0.7 10.0.1.14  (409803b6592b)
12:11:38 INFO:[DeepRacerNodeMonitor]: NodeMonitor started running
12:11:38 ERROR:[NodeMonitor]: Rosnode threw exception. Master node could be dead
[s3] Successfully downloaded yaml file from s3 key first-model/training_params.yaml to local ./custom_files/training_params.yaml.
World name passed in YAML: 2022_march_pro
{'ALTERNATE_DRIVING_DIRECTION': 'False', 'AWS_REGION': 'us-east-1', 'BEST_MODEL_METRIC': 'progress', 'BODY_SHELL_TYPE': ['deepracer'], 'CAMERA_MAIN_ENABLE': 'True', 'CAMERA_SUB_ENABLE': 'False', 'CAR_COLOR': ['Black'], 'CAR_NAME': 'FastCar', 'CHANGE_START_POSITION': 'True', 'DISPLAY_NAME': 'FastCar', 'ENABLE_DOMAIN_RANDOMIZATION': 'False', 'JOB_TYPE': 'TRAINING', 'KINESIS_VIDEO_STREAM_NAME': '', 'METRICS_S3_BUCKET': ['base-bucket-1f3pfk38sjoqu'], 'METRICS_S3_OBJECT_KEY': ['first-model/metrics/TrainingMetrics.json'], 'MIN_EVAL_TRIALS': '5', 'MODEL_METADATA_FILE_S3_KEY': ['gpi_model_w00/custom_files/model_metadata.json'], 'NUM_WORKERS': '6', 'RACER_NAME': 'FastCar', 'RACE_TYPE': 'TIME_TRIAL', 'REVERSE_DIR': 'False', 'REWARD_FILE_S3_KEY': 'gpi_model_w00/custom_files/reward_function.py', 'ROBOMAKER_SIMULATION_JOB_ACCOUNT_ID': 'Dummy', 'ROUND_ROBIN_ADVANCE_DIST': '0.05', 'SAGEMAKER_SHARED_S3_BUCKET': ['base-bucket-1f3pfk38sjoqu'], 'SAGEMAKER_SHARED_S3_PREFIX': ['first-model'], 'SIMTRACE_S3_BUCKET': 'base-bucket-1f3pfk38sjoqu', 'SIMTRACE_S3_PREFIX': 'first-model', 'START_POSITION_OFFSET': '0.0', 'TRAINING_JOB_ARN': 'arn:Dummy', 'WORLD_NAME': '2022_march_pro'}
[s3] Successfully downloaded model metadata                  from s3 key gpi_model_w00/custom_files/model_metadata.json to local ./custom_files/racecar/model_metadata.json.
Sensor list ['FRONT_FACING_CAMERA'], network DEEP_CONVOLUTIONAL_NETWORK_SHALLOW, simapp_version 5.0, training_algorithm clipped_ppo, action_space_type discrete lidar_config {'num_sectors': 8, 'num_values_per_sector': 8, 'clipping_dist': 2.0}
12:11:41 INFO:[DeepRacerNodeMonitor]: Running nodes are {'/download_params_and_roslaunch_agent_node'}
xacro: in-order processing became default in ROS Melodic. You can drop the option.
... logging to /root/.ros/log/d26d01fc-3fd8-11ee-a0d3-02420a00000b/roslaunch-409803b6592b-170.log
Checking log directory for disk usage. This may take a while.
Press Ctrl-C to interrupt
Done checking log file disk usage. Usage is <1GB.
]2;/opt/install/deepracer_simulation_environment/share/deepracer_simulation_environment/launch/rollout_rl_agent.launch
[1mstarted roslaunch server http://localhost:43191/[0m

SUMMARY
========

PARAMETERS
 * /ALTERNATE_DRIVING_DIRECTION: False
 * /AWS_REGION: us-east-1
 * /BEST_MODEL_METRIC: progress
 * /BODY_SHELL_TYPE: deepracer
 * /CAMERA_MAIN_ENABLE: True
 * /CAMERA_SUB_ENABLE: False
 * /CAR_COLOR: Black
 * /CAR_NAME: FastCar
 * /CHANGE_START_POSITION: True
 * /DISPLAY_NAME: FastCar
 * /ENABLE_DOMAIN_RANDOMIZATION: False
 * /JOB_TYPE: TRAINING
 * /KINESIS_VIDEO_STREAM_NAME: 
 * /METRICS_S3_BUCKET: base-bucket-1f3pf...
 * /METRICS_S3_OBJECT_KEY: first-model/metri...
 * /MIN_EVAL_TRIALS: 5
 * /MODEL_METADATA_FILE_S3_KEY: gpi_model_w00/cus...
 * /NUM_WORKERS: 6
 * /RACER_NAME: FastCar
 * /RACE_TYPE: TIME_TRIAL
 * /REVERSE_DIR: False
 * /REWARD_FILE_S3_KEY: gpi_model_w00/cus...
 * /ROBOMAKER_SIMULATION_JOB_ACCOUNT_ID: Dummy
 * /ROUND_ROBIN_ADVANCE_DIST: 0.05
 * /SAGEMAKER_SHARED_S3_BUCKET: base-bucket-1f3pf...
 * /SAGEMAKER_SHARED_S3_PREFIX: first-model
 * /SIMTRACE_S3_BUCKET: base-bucket-1f3pf...
 * /SIMTRACE_S3_PREFIX: first-model
 * /START_POSITION_OFFSET: 0.0
 * /TRAINING_JOB_ARN: arn:Dummy
 * /WORLD_NAME: 2022_march_pro
 * /racecar/gazebo_ros_control/pid_gains/left_front_wheel_joint/d: 0.0
 * /racecar/gazebo_ros_control/pid_gains/left_front_wheel_joint/i: 0.0
 * /racecar/gazebo_ros_control/pid_gains/left_front_wheel_joint/i_clamp: 0.0
 * /racecar/gazebo_ros_control/pid_gains/left_front_wheel_joint/p: 0.5
 * /racecar/gazebo_ros_control/pid_gains/left_rear_wheel_joint/d: 0.0
 * /racecar/gazebo_ros_control/pid_gains/left_rear_wheel_joint/i: 0.0
 * /racecar/gazebo_ros_control/pid_gains/left_rear_wheel_joint/i_clamp: 0.0
 * /racecar/gazebo_ros_control/pid_gains/left_rear_wheel_joint/p: 1.0
 * /racecar/gazebo_ros_control/pid_gains/left_steering_hinge_joint/d: 0.5
 * /racecar/gazebo_ros_control/pid_gains/left_steering_hinge_joint/i: 0.0
 * /racecar/gazebo_ros_control/pid_gains/left_steering_hinge_joint/p: 1.0
 * /racecar/gazebo_ros_control/pid_gains/right_front_wheel_joint/d: 0.0
 * /racecar/gazebo_ros_control/pid_gains/right_front_wheel_joint/i: 0.0
 * /racecar/gazebo_ros_control/pid_gains/right_front_wheel_joint/i_clamp: 0.0
 * /racecar/gazebo_ros_control/pid_gains/right_front_wheel_joint/p: 0.5
 * /racecar/gazebo_ros_control/pid_gains/right_rear_wheel_joint/d: 0.0
 * /racecar/gazebo_ros_control/pid_gains/right_rear_wheel_joint/i: 0.0
 * /racecar/gazebo_ros_control/pid_gains/right_rear_wheel_joint/i_clamp: 0.0
 * /racecar/gazebo_ros_control/pid_gains/right_rear_wheel_joint/p: 1.0
 * /racecar/gazebo_ros_control/pid_gains/right_steering_hinge_joint/d: 0.5
 * /racecar/gazebo_ros_control/pid_gains/right_steering_hinge_joint/i: 0.0
 * /racecar/gazebo_ros_control/pid_gains/right_steering_hinge_joint/p: 1.0
 * /racecar/joint_state_controller/publish_rate: 60
 * /racecar/joint_state_controller/type: joint_state_contr...
 * /racecar/left_front_wheel_velocity_controller/joint: left_front_wheel_...
 * /racecar/left_front_wheel_velocity_controller/pid/d: 0.0
 * /racecar/left_front_wheel_velocity_controller/pid/i: 0.0
 * /racecar/left_front_wheel_velocity_controller/pid/i_clamp: 0.0
 * /racecar/left_front_wheel_velocity_controller/pid/p: 0.5
 * /racecar/left_front_wheel_velocity_controller/type: velocity_controll...
 * /racecar/left_rear_wheel_velocity_controller/joint: left_rear_wheel_j...
 * /racecar/left_rear_wheel_velocity_controller/pid/d: 0.0
 * /racecar/left_rear_wheel_velocity_controller/pid/i: 0.0
 * /racecar/left_rear_wheel_velocity_controller/pid/i_clamp: 0.0
 * /racecar/left_rear_wheel_velocity_controller/pid/p: 1.0
 * /racecar/left_rear_wheel_velocity_controller/type: velocity_controll...
 * /racecar/left_steering_hinge_position_controller/joint: left_steering_hin...
12:11:46 INFO:[DeepRacerNodeMonitor]: Running nodes are {'/racecar/robot_state_publisher', '/racecar/controller_manager', '/download_params_and_roslaunch_agent_node'}
12:11:50 INFO:[DeepRacerNodeMonitor]: Running nodes are {'/car_reset_node', '/racecar/robot_state_publisher', '/racecar/controller_manager', '/download_params_and_roslaunch_agent_node'}
+ export PYTHONUNBUFFERED=1
+ PYTHONUNBUFFERED=1
+ ROLLOUT_IDX=0
+ python3 -m markov.rollout_worker --rollout_idx 0
12:11:52 INFO:[DeepRacerNodeMonitor]: Running nodes are {'/racecar/controller_manager', '/download_params_and_roslaunch_agent_node', '/gazebo', '/car_reset_node', '/racecar/robot_state_publisher'}
Publishing to KVS stream is enabled: True
12:11:53 INFO:[DeepRacerNodeMonitor]: Running nodes are {'/agents_video_editor', '/racecar/controller_manager', '/download_params_and_roslaunch_agent_node', '/gazebo', '/car_reset_node', '/racecar/robot_state_publisher'}
[31m[ERROR] [1692591113.913508410, 0.084000000]: GetModelStates: model [racecar] does not exist[0m
 * /racecar/left_st[INFO] [1692591107.570111, 0.000000]: Loading model XML from ros parameter /racecar/robot_description
[INFO] [1692591107.600569, 0.000000]: Waiting for service /gazebo/spawn_urdf_model
[INFO] [1692591113.677881, 0.000000]: Calling service /gazebo/spawn_urdf_model
[INFO] [1692591114.113597, 0.085000]: Spawn status: SpawnModel: Successfully spawned entity
[CameraManager]: Added <markov.cameras.handlers.follow_car_camera.FollowCarCamera object at 0x7f547b8ffc50> to camera_namespaces racecar
[CameraManager]: Added <markov.cameras.handlers.top_camera.TopCamera object at 0x7f547b8ff780> to camera_namespaces racecar
[CameraManager]: Removed <markov.cameras.handlers.follow_car_camera.FollowCarCamera object at 0x7f547b8ffc50> from camera_namespaces racecar
[CameraManager]: Removed <markov.cameras.handlers.top_camera.TopCamera object at 0x7f547b8ff780> from camera_namespaces racecar
Pausing physics after initializing the cars
Topic [2022_march_pro//racecar/main_camera/camera_link/camera_sensor/image] is not valid.
[0m[ INFO] [1692591111.211189154]: DeepRacerGazeboSystemPlugin: Load[0m
[0m[ INFO] [1692591111.222606066]: DeepRacerGazeboSystemPlugin: Finished loading.[0m
[0m[ INFO] [1692591111.376589200]: Finished loading Gazebo ROS API Plugin.[0m
[0m[ INFO] [1692591111.387282470]: waitForService: Service [/gazebo/set_physics_properties] has not been advertised, waiting...[0m
[0m[ INFO] [1692591113.475543463]: DeepRacerGazeboSystemPlugin: Init Complete[0m
[0m[ INFO] [1692591113.640070021]: waitForService: Service [/gazebo/set_physics_properties] is now available.[0m
[0m[ INFO] [1692591113.755329600, 0.008000000]: Physics dynamic reconfigure ready.[0m
[0m[ INFO] [1692591117.212758003, 0.085000000]: Camera Plugin: Using the 'robotNamespace' param: '/racecar/'[0m
[0m[ INFO] [1692591117.216022908, 0.085000000]: Camera Plugin (ns = /racecar/)  <tf_prefix_>, set to "/racecar"[0m
[0m[ INFO] [1692591117.439510778, 0.085000000]: Loading gazebo_ros_control plugin[0m
[0m[ INFO] [1692591117.439627187, 0.085000000]: Starting gazebo_ros_control plugin in namespace: /racecar[0m
[0m[ INFO] [1692591117.440230971, 0.085000000]: gazebo_ros_control plugin is waiting for model URDF in parameter [/racecar/robot_description] on the ROS param server.[0m
[0m[ INFO] [1692591117.762173638, 0.085000000]: Loaded gazebo_ros_control.[0m
/usr/local/lib/python3.6/dist-packages/tensorflow/python/framework/dtypes.py:523: FutureWarning: Passing (type, 1) or '1type' as a synonym of type is deprecated; in a future version of numpy, it will be understood as (type, (1,)) / '(1,)type'.
  _np_qint8 = np.dtype([("qint8", np.int8, 1)])
/usr/local/lib/python3.6/dist-packages/tensorflow/python/framework/dtypes.py:524: FutureWarning: Passing (type, 1) or '1type' as a synonym of type is deprecated; in a future version of numpy, it will be understood as (type, (1,)) / '(1,)type'.
  _np_quint8 = np.dtype([("quint8", np.uint8, 1)])
/usr/local/lib/python3.6/dist-packages/tensorflow/python/framework/dtypes.py:525: FutureWarning: Passing (type, 1) or '1type' as a synonym of type is deprecated; in a future version of numpy, it will be understood as (type, (1,)) / '(1,)type'.
  _np_qint16 = np.dtype([("qint16", np.int16, 1)])
/usr/local/lib/python3.6/dist-packages/tensorflow/python/framework/dtypes.py:526: FutureWarning: Passing (type, 1) or '1type' as a synonym of type is deprecated; in a future version of numpy, it will be understood as (type, (1,)) / '(1,)type'.
  _np_quint16 = np.dtype([("quint16", np.uint16, 1)])
/usr/local/lib/python3.6/dist-packages/tensorflow/python/framework/dtypes.py:527: FutureWarning: Passing (type, 1) or '1type' as a synonym of type is deprecated; in a future version of numpy, it will be understood as (type, (1,)) / '(1,)type'.
  _np_qint32 = np.dtype([("qint32", np.int32, 1)])
/usr/local/lib/python3.6/dist-packages/tensorflow/python/framework/dtypes.py:532: FutureWarning: Passing (type, 1) or '1type' as a synonym of type is deprecated; in a future version of numpy, it will be understood as (type, (1,)) / '(1,)type'.
  np_resource = np.dtype([("resource", np.ubyte, 1)])
S3 bucket: base-bucket-1f3pfk38sjoqu
S3 prefix: first-model
S3 endpoint URL: None
[s3] Successfully downloaded reward function from s3 key gpi_model_w00/custom_files/reward_function.py to local                  ./custom_files/agent/customer_reward_function.py.
Succeed to import user's reward function
[CameraManager]: Added <markov.cameras.handlers.follow_car_camera.FollowCarCamera object at 0x7f6ca851acc0> to camera_namespaces racecar
[CameraManager]: Added <markov.cameras.handlers.top_camera.TopCamera object at 0x7f6ccf3dfac8> to camera_namespaces racecar
[s3] Successfully downloaded model metadata                  from s3 key gpi_model_w00/custom_files/model_metadata.json to local ./custom_files/agent/model_metadata.json.
Sensor list ['FRONT_FACING_CAMERA'], network DEEP_CONVOLUTIONAL_NETWORK_SHALLOW, simapp_version 5.0, training_algorithm clipped_ppo, action_space_type discrete lidar_config {'num_sectors': 8, 'num_values_per_sector': 8, 'clipping_dist': 2.0}
Action space from file: [{'steering_angle': -30, 'speed': 0.6}, {'steering_angle': -15, 'speed': 0.6}, {'steering_angle': 0, 'speed': 0.6}, {'steering_angle': 15, 'speed': 0.6}, {'steering_angle': 30, 'speed': 0.6}]
Waiting for SageMaker Redis server IP: Time elapsed: 5 seconds
Waiting for SageMaker Redis server IP: Time elapsed: 10 seconds
Waiting for SageMaker Redis server IP: Time elapsed: 15 seconds
Waiting for SageMaker Redis server IP: Time elapsed: 20 seconds
Waiting for SageMaker Redis server IP: Time elapsed: 25 seconds
[s3] Successfully downloaded ip config from                  s3 key first-model/ip/ip.json to local ./custom_files/ip.json.
[s3] Successfully downloaded hyperparameters from                      s3 key first-model/ip/hyperparameters.json to local ./custom_files/agent/hyperparameters.json.
Using the following hyper-parameters
{
  "batch_size": 64,
  "beta_entropy": 0.01,
  "discount_factor": 0.95,
  "e_greedy_value": 0.05,
  "epsilon_steps": 10000,
  "exploration_type": "categorical",
  "loss_type": "huber",
  "lr": 0.0003,
  "num_episodes_between_training": 20,
  "num_epochs": 10,
  "stack_size": 1,
  "term_cond_avg_score": 35000.0,
  "term_cond_max_episodes": 100000
}
Exception when checking for DEEPRACER_JOB_TYPE_ENV 'LOCAL' is not a valid DeepRacerJobType
s3 failed, retry after 1.6610039260868474 seconds. Re-try count: 1/5: An error occurred (404) when calling the HeadObject operation: Not Found
s3 failed, retry after 4.819959299925315 seconds. Re-try count: 2/5: An error occurred (404) when calling the HeadObject operation: Not Found
s3 failed, retry after 9.192929784389369 seconds. Re-try count: 3/5: An error occurred (404) when calling the HeadObject operation: Not Found
s3 failed, retry after 16.71101982073228 seconds. Re-try count: 4/5: An error occurred (404) when calling the HeadObject operation: Not Found
s3 failed, retry after 25.49969464202702 seconds. Re-try count: 5/5: An error occurred (404) when calling the HeadObject operation: Not Found
s3 failed, retry after 1.7758396731463764 seconds. Re-try count: 1/5: An error occurred (404) when calling the HeadObject operation: Not Found
s3 failed, retry after 4.514784132734487 seconds. Re-try count: 2/5: An error occurred (404) when calling the HeadObject operation: Not Found
s3 failed, retry after 9.105877470701788 seconds. Re-try count: 3/5: An error occurred (404) when calling the HeadObject operation: Not Found
s3 failed, retry after 16.53882295954318 seconds. Re-try count: 4/5: An error occurred (404) when calling the HeadObject operation: Not Found
s3 failed, retry after 25.399908455943542 seconds. Re-try count: 5/5: An error occurred (404) when calling the HeadObject operation: Not Found
s3 failed, retry after 1.4947855349686272 seconds. Re-try count: 1/5: An error occurred (404) when calling the HeadObject operation: Not Found
s3 failed, retry after 4.812976182069528 seconds. Re-try count: 2/5: An error occurred (404) when calling the HeadObject operation: Not Found
s3 failed, retry after 9.875837961884997 seconds. Re-try count: 3/5: An error occurred (404) when calling the HeadObject operation: Not Found
s3 failed, retry after 16.4893366631074 seconds. Re-try count: 4/5: An error occurred (404) when calling the HeadObject operation: Not Found
s3 failed, retry after 25.40370201174178 seconds. Re-try count: 5/5: An error occurred (404) when calling the HeadObject operation: Not Found
[s3] Successfully downloaded 0_Step-0.ckpt.data-00000-of-00001 from                  s3 key first-model/model/0_Step-0.ckpt.data-00000-of-00001 to local checkpoint_robomaker/agent/0_Step-0.ckpt.data-00000-of-00001.
[s3] Successfully downloaded 0_Step-0.ckpt.index from                  s3 key first-model/model/0_Step-0.ckpt.index to local checkpoint_robomaker/agent/0_Step-0.ckpt.index.
[s3] Successfully downloaded 0_Step-0.ckpt.meta from                  s3 key first-model/model/0_Step-0.ckpt.meta to local checkpoint_robomaker/agent/0_Step-0.ckpt.meta.
[s3] Successfully downloaded .ready from                  s3 key first-model/model/.ready to local checkpoint_robomaker/agent/.ready.
[s3] Successfully downloaded .ready from                  s3 key first-model/model/.ready to local checkpoint_robomaker/agent/.ready.
## Creating graph - name: MultiAgentGraphManager
## Start physics before creating graph
## Create graph
## Creating agent - name: agent
[RL] Created agent loggers
[RL] Dynamic import of memory:  "DeepRacerMemoryParameters" {
    "load_memory_from_file_path": null,
    "max_size": [
        "<MemoryGranularity.Transitions: 0>",
        1000000
    ],
    "n_step": -1,
    "shared_memory": false,
    "train_to_eval_ratio": 1
}

[RL] Dynamically imported of memory <markov.memories.deepracer_memory.DeepRacerMemory object at 0x7f6ca851a2b0>
[RL] Setting devices
[RL] Setting filters
[RL] Setting filter devices: numpy
[RL] Setting Phase
[RL] After setting Phase
[RL] Setting signals
[RL] Agent init successful
[RL] ActorCriticAgent init
[RL] ActorCriticAgent  init successful
## Created agent: agent
## Stop physics after creating graph
## Creating session
Creating regular session
2023-08-21 00:18:38.497964: I tensorflow/core/platform/cpu_feature_guard.cc:141] Your CPU supports instructions that this TensorFlow binary was not compiled to use: AVX512F
Checkpoint> Restoring from path=./checkpoint_robomaker/agent/0_Step-0.ckpt
[BestModelSelection] Number of evaluations: 0 Evaluation episode progress: []
[BestModelSelection] Evaluation episode progress mean: None
[BestModelSelection] current progress mean: None >= best progress mean: None
[BestModelSelection] Updating the best checkpoint to "0_Step-0.ckpt" from "None".
[s3] Successfully uploaded deepracer checkpoint to                  s3 bucket base-bucket-1f3pfk38sjoqu with s3 key first-model/model/deepracer_checkpoints.json.
Reset agent
TrackerManager: missed an _update_sim_time call
Reset agent finished
[31m[ERROR] [1692591539.595026412, 30.680000000]: Updating ModelState: model [/sub_camera] does not exist[0m
SIM_TRACE_LOG:0,1,0.7788,-0.3986,-3.9998,30.00,0.60,4,0.0000,False,True,0.1826,0,76.76,30.735,prepare,0.00

SIM_TRACE_LOG:0,2,0.7785,-0.3985,-3.9977,-30.00,0.60,0,40.0000,False,True,0.1822,0,76.76,30.78,in_progress,0.00

SIM_TRACE_LOG:0,3,0.7844,-0.4008,-4.3741,30.00,0.60,4,60.0000,False,True,0.1900,0,76.76,30.835,in_progress,0.00

SIM_TRACE_LOG:0,4,0.7869,-0.4033,-5.0764,0.00,0.60,2,60.0000,False,True,0.1935,0,76.76,30.896,in_progress,0.00

SIM_TRACE_LOG:0,5,0.8052,-0.4073,-5.6227,15.00,0.60,3,60.0000,False,True,0.2177,1,76.76,30.977,in_progress,0.00

SIM_TRACE_LOG:0,6,0.8341,-0.4064,-4.7270,30.00,0.60,4,60.0000,False,True,0.2552,1,76.76,31.047,in_progress,0.00

SIM_TRACE_LOG:0,7,0.8801,-0.3915,-0.3351,-15.00,0.60,1,40.0000,False,True,0.3135,1,76.76,31.09,in_progress,0.00

SIM_TRACE_LOG:0,8,0.9201,-0.3781,2.9671,30.00,0.60,4,40.0000,False,True,0.3643,1,76.76,31.178,in_progress,0.00

SIM_TRACE_LOG:0,9,0.9704,-0.3599,6.5890,30.00,0.60,4,40.0000,False,True,0.4275,1,76.76,31.249,in_progress,0.00

SIM_TRACE_LOG:0,10,0.9975,-0.3436,9.7762,-30.00,0.60,0,40.0000,False,True,0.4610,1,76.76,31.316,in_progress,0.00

SIM_TRACE_LOG:0,11,1.0571,-0.3124,14.6692,-30.00,0.60,0,40.0000,False,True,0.5353,1,76.76,31.373,in_progress,0.00

SIM_TRACE_LOG:0,12,1.1042,-0.3078,12.9625,-15.00,0.60,1,40.0000,False,True,0.5960,2,76.76,31.42,in_progress,0.00

SIM_TRACE_LOG:0,13,1.1848,-0.3054,9.8783,-30.00,0.60,0,40.0000,False,True,0.7005,2,76.76,31.505,in_progress,0.00

SIM_TRACE_LOG:0,14,1.1955,-0.3073,9.0166,0.00,0.60,2,40.0000,False,True,0.7146,2,76.76,31.559,in_progress,0.00

SIM_TRACE_LOG:0,15,1.2310,-0.3126,6.3535,15.00,0.60,3,40.0000,False,True,0.7612,2,76.76,31.612,in_progress,0.00

SIM_TRACE_LOG:0,16,1.3112,-0.2980,7.5662,-30.00,0.60,0,40.0000,False,True,0.8630,2,76.76,31.735,in_progress,0.00

SIM_TRACE_LOG:0,17,1.4432,-0.2884,5.9853,0.00,0.60,2,40.0000,False,True,1.0333,3,76.76,31.923000000000002,in_progress,0.00

SIM_TRACE_LOG:0,18,1.4737,-0.2935,4.0277,-15.00,0.60,1,40.0000,False,True,1.0735,3,76.76,31.975,in_progress,0.00

SIM_TRACE_LOG:0,19,1.4953,-0.2942,3.4540,15.00,0.60,3,40.0000,False,True,1.1016,3,76.76,32.024,in_progress,0.00

SIM_TRACE_LOG:0,20,1.5284,-0.2922,3.4635,0.00,0.60,2,40.0000,False,True,1.1443,3,76.76,32.116,in_progress,0.00

SIM_TRACE_LOG:0,21,1.6117,-0.2671,7.7269,-15.00,0.60,1,40.0000,False,True,1.2490,3,76.76,32.186,in_progress,0.00

SIM_TRACE_LOG:0,22,1.6267,-0.2622,8.4317,0.00,0.60,2,40.0000,False,True,1.2679,3,76.76,32.208,in_progress,0.00

SIM_TRACE_LOG:0,23,1.6650,-0.2509,9.7499,30.00,0.60,4,40.0000,False,True,1.3163,3,76.76,32.302,in_progress,0.00

SIM_TRACE_LOG:0,24,1.7118,-0.2270,13.1808,0.00,0.60,2,40.0000,False,True,1.3744,4,76.76,32.356,in_progress,0.00

SIM_TRACE_LOG:0,25,1.7471,-0.2032,16.8222,-15.00,0.60,1,40.0000,False,True,1.4176,4,76.76,32.401,in_progress,0.00

SIM_TRACE_LOG:0,26,1.8073,-0.1837,17.0685,15.00,0.60,3,40.0000,False,True,1.4936,4,76.76,32.495,in_progress,0.00

SIM_TRACE_LOG:0,27,1.8247,-0.1802,16.6301,15.00,0.60,3,40.0000,False,True,1.5158,4,76.76,32.523,in_progress,0.00

SIM_TRACE_LOG:0,28,1.8580,-0.1703,16.6110,-30.00,0.60,0,40.0000,False,True,1.5578,4,76.76,32.591,in_progress,0.00

SIM_TRACE_LOG:0,29,1.9157,-0.1531,16.5878,-30.00,0.60,0,40.0000,False,True,1.6297,4,76.76,32.695,in_progress,0.00

SIM_TRACE_LOG:0,30,1.9520,-0.1510,14.6437,-15.00,0.60,1,40.0000,False,True,1.6766,4,76.76,32.723,in_progress,0.00

SIM_TRACE_LOG:0,31,2.0014,-0.1499,12.0629,-30.00,0.60,0,40.0000,False,True,1.7406,4,76.76,32.857,in_progress,0.00

SIM_TRACE_LOG:0,32,2.0592,-0.1549,8.1947,0.00,0.60,2,40.0000,False,True,1.8161,5,76.76,32.957,in_progress,0.00

SIM_TRACE_LOG:0,33,2.1427,-0.1496,6.9166,-30.00,0.60,0,40.0000,False,True,1.9239,5,76.76,33.01,in_progress,0.00

SIM_TRACE_LOG:0,34,2.1741,-0.1453,7.0892,-15.00,0.60,1,40.0000,False,True,1.9626,5,76.76,33.058,in_progress,0.00

SIM_TRACE_LOG:0,35,2.1924,-0.1444,6.7312,-30.00,0.60,0,40.0000,False,True,1.9858,5,76.76,33.085,in_progress,0.00

SIM_TRACE_LOG:0,36,2.2278,-0.1450,5.6165,-15.00,0.60,1,40.0000,False,True,2.0317,5,76.76,33.14,in_progress,0.00

SIM_TRACE_LOG:0,37,2.2780,-0.1546,2.3230,-30.00,0.60,0,40.0000,False,True,2.0980,5,76.76,33.242,in_progress,0.00

SIM_TRACE_LOG:0,38,2.3320,-0.1668,-1.0398,30.00,0.60,4,40.0000,False,True,2.1695,6,76.76,33.296,in_progress,0.00

SIM_TRACE_LOG:0,39,2.3395,-0.1697,-1.8353,30.00,0.60,4,40.0000,False,True,2.1796,6,76.76,33.398,in_progress,0.00

SIM_TRACE_LOG:0,40,2.4182,-0.1583,1.4015,0.00,0.60,2,40.0000,False,True,2.2803,6,76.76,33.425,in_progress,0.00

SIM_TRACE_LOG:0,41,2.4644,-0.1432,4.8005,-30.00,0.60,0,40.0000,False,True,2.3384,6,76.76,33.491,in_progress,0.00

SIM_TRACE_LOG:0,42,2.4954,-0.1413,4.8328,-30.00,0.60,0,40.0000,False,True,2.3754,6,76.76,33.556,in_progress,0.00

SIM_TRACE_LOG:0,43,2.5449,-0.1451,2.9808,30.00,0.60,4,40.0000,False,True,2.4400,6,76.76,33.634,in_progress,0.00

SIM_TRACE_LOG:0,44,2.6056,-0.1430,2.7549,-15.00,0.60,1,40.0000,False,True,2.5185,6,76.76,33.685,in_progress,0.00

SIM_TRACE_LOG:0,45,2.6192,-0.1402,3.3789,-30.00,0.60,0,40.0000,False,True,2.5357,6,76.76,33.761,in_progress,0.00

SIM_TRACE_LOG:0,46,2.6636,-0.1443,1.8266,30.00,0.60,4,40.0000,False,True,2.5938,7,76.76,33.819,in_progress,0.00

SIM_TRACE_LOG:0,47,2.7485,-0.1447,1.2239,-15.00,0.60,1,40.0000,False,True,2.7039,7,76.76,33.908,in_progress,0.00

SIM_TRACE_LOG:0,48,2.7687,-0.1394,2.4214,15.00,0.60,3,40.0000,False,True,2.7295,7,76.76,33.957,in_progress,0.00

SIM_TRACE_LOG:0,49,2.8065,-0.1329,3.6124,15.00,0.60,3,40.0000,False,True,2.7747,7,76.76,33.992,in_progress,0.00

SIM_TRACE_LOG:0,50,2.8710,-0.1113,7.2717,0.00,0.60,2,40.0000,False,True,2.8555,7,76.76,34.026,in_progress,0.00

SIM_TRACE_LOG:0,51,2.8865,-0.1048,8.3376,30.00,0.60,4,20.0000,False,False,2.8746,7,76.76,34.116,in_progress,0.00

SIM_TRACE_LOG:0,52,2.9437,-0.0763,12.8265,-30.00,0.60,0,20.0000,False,False,2.9449,8,76.76,34.214,in_progress,0.00

SIM_TRACE_LOG:0,53,2.9787,-0.0559,15.7976,-15.00,0.60,1,20.0000,False,False,2.9875,8,76.76,34.268,in_progress,0.00

SIM_TRACE_LOG:0,54,3.0125,-0.0496,15.0560,30.00,0.60,4,20.0000,False,False,3.0305,8,76.76,34.368,in_progress,0.00

SIM_TRACE_LOG:0,55,3.0891,-0.0328,14.2970,15.00,0.60,3,20.0000,False,False,3.1275,8,76.76,34.417,in_progress,0.00

SIM_TRACE_LOG:0,56,3.1390,-0.0001,18.5627,15.00,0.60,3,20.0000,False,False,3.1841,8,76.76,34.516,in_progress,0.00

SIM_TRACE_LOG:0,57,3.1845,0.0417,24.2919,30.00,0.60,4,20.0000,False,False,3.2372,8,76.76,34.599,in_progress,0.00

SIM_TRACE_LOG:0,58,3.1920,0.0496,25.3070,0.00,0.60,2,20.0000,False,False,3.2458,8,76.76,34.675,in_progress,0.00

SIM_TRACE_LOG:0,59,3.2771,0.1075,28.5860,15.00,0.60,3,20.0000,True,False,3.3478,9,76.76,34.784,off_track,0.00

[s3] Successfully uploaded metrics to                  s3 bucket base-bucket-1f3pfk38sjoqu with s3 key first-model/metrics/TrainingMetrics.json.
Training> Name=main_level/agent, Worker=0, Episode=1, Total reward=2220.0, Steps=59, Training iteration=0
Reset agent
Reset agent finished
SIM_TRACE_LOG:1,1,4.5999,-0.7586,-4.1829,30.00,0.60,4,0.0000,False,True,0.1831,13,76.76,34.887,prepare,0.00

SIM_TRACE_LOG:1,2,4.5997,-0.7586,-4.1829,0.00,0.60,2,60.0000,False,True,0.1828,13,76.76,34.943,in_progress,0.00

SIM_TRACE_LOG:1,3,4.6070,-0.7596,-4.3270,0.00,0.60,2,60.0000,False,True,0.1924,13,76.76,35.022,in_progress,0.00

SIM_TRACE_LOG:1,4,4.6260,-0.7614,-4.4187,30.00,0.60,4,60.0000,False,True,0.2171,13,76.76,35.119,in_progress,0.00

SIM_TRACE_LOG:1,5,4.6818,-0.7396,1.5081,-30.00,0.60,0,40.0000,False,True,0.2886,13,76.76,35.131,in_progress,0.00

SIM_TRACE_LOG:1,6,4.7109,-0.7297,3.7852,-15.00,0.60,1,40.0000,False,True,0.3260,14,76.76,35.256,in_progress,0.00

SIM_TRACE_LOG:1,7,4.7456,-0.7310,2.9319,15.00,0.60,3,40.0000,False,True,0.3712,14,76.76,35.31,in_progress,0.00

SIM_TRACE_LOG:1,8,4.7734,-0.7340,1.8011,15.00,0.60,3,40.0000,False,True,0.4076,14,76.76,35.352,in_progress,0.00

SIM_TRACE_LOG:1,9,4.8209,-0.7312,2.0964,-30.00,0.60,0,40.0000,False,True,0.4692,14,76.76,35.425,in_progress,0.00

SIM_TRACE_LOG:1,10,4.8474,-0.7280,2.6964,15.00,0.60,3,40.0000,False,True,0.5053,14,76.76,35.474,in_progress,0.00

SIM_TRACE_LOG:1,11,4.9491,-0.7111,5.4513,-30.00,0.60,0,40.0000,False,True,0.6376,14,76.76,35.624,in_progress,0.00

SIM_TRACE_LOG:1,12,4.9790,-0.7049,6.3061,-30.00,0.60,0,40.0000,False,True,0.6765,14,76.76,35.721000000000004,in_progress,0.00

SIM_TRACE_LOG:1,13,5.0301,-0.7051,4.9924,-30.00,0.60,0,40.0000,False,True,0.7430,15,76.76,35.746,in_progress,0.00

SIM_TRACE_LOG:1,14,5.0808,-0.7150,1.6769,15.00,0.60,3,40.0000,False,True,0.8092,15,76.76,35.82,in_progress,0.00

SIM_TRACE_LOG:1,15,5.1716,-0.7266,-1.1776,-30.00,0.60,0,40.0000,False,True,0.9296,15,76.76,35.949,in_progress,0.00

SIM_TRACE_LOG:1,16,5.1798,-0.7255,-0.7705,0.00,0.60,2,40.0000,False,True,0.9404,15,76.76,35.961,in_progress,0.00

SIM_TRACE_LOG:1,17,5.2095,-0.7242,-0.4408,-15.00,0.60,1,40.0000,False,True,0.9791,15,76.76,36.062,in_progress,0.00

SIM_TRACE_LOG:1,18,5.2674,-0.7251,-0.5725,0.00,0.60,2,40.0000,False,True,1.0544,15,76.76,36.073,in_progress,0.00

SIM_TRACE_LOG:1,19,5.3052,-0.7249,-0.4722,0.00,0.60,2,40.0000,False,True,1.1037,16,76.76,36.149,in_progress,0.00

SIM_TRACE_LOG:1,20,5.3539,-0.7221,0.2397,0.00,0.60,2,40.0000,False,True,1.1672,16,76.76,36.223,in_progress,0.00

SIM_TRACE_LOG:1,21,5.3597,-0.7216,0.3621,-30.00,0.60,0,40.0000,False,True,1.1748,16,76.76,36.293,in_progress,0.00

SIM_TRACE_LOG:1,22,5.4408,-0.7209,0.4363,15.00,0.60,3,40.0000,False,True,1.2846,16,76.76,36.349,in_progress,0.00

SIM_TRACE_LOG:1,23,5.4968,-0.7179,1.1280,-15.00,0.60,1,40.0000,False,True,1.3575,16,76.76,36.434,in_progress,0.00

SIM_TRACE_LOG:1,24,5.5314,-0.7106,2.6883,-30.00,0.60,0,40.0000,False,True,1.4034,16,76.76,36.521,in_progress,0.00

SIM_TRACE_LOG:1,25,5.6068,-0.7222,-0.4348,-15.00,0.60,1,40.0000,False,True,1.4992,17,76.76,36.594,in_progress,0.00

SIM_TRACE_LOG:1,26,5.6260,-0.7276,-1.7416,-15.00,0.60,1,40.0000,False,True,1.5232,17,76.76,36.631,in_progress,0.00

SIM_TRACE_LOG:1,27,5.6343,-0.7297,-2.2204,15.00,0.60,3,40.0000,False,True,1.5337,17,76.76,36.7,in_progress,0.00

SIM_TRACE_LOG:1,28,5.7346,-0.7220,0.2004,-30.00,0.60,0,40.0000,False,True,1.6647,17,76.76,36.795,in_progress,0.00

SIM_TRACE_LOG:1,29,5.7555,-0.7162,1.6428,30.00,0.60,4,40.0000,False,True,1.6938,17,76.76,36.895,in_progress,0.00

SIM_TRACE_LOG:1,30,5.8229,-0.6927,6.5339,0.00,0.60,2,40.0000,False,True,1.7866,17,76.76,36.931,in_progress,0.00

SIM_TRACE_LOG:1,31,5.8401,-0.6847,8.0287,-15.00,0.60,1,40.0000,False,True,1.8110,17,76.76,36.96,in_progress,0.00

SIM_TRACE_LOG:1,32,5.9086,-0.6677,9.5466,-15.00,0.60,1,40.0000,False,True,1.9028,18,76.76,36.994,in_progress,0.00

SIM_TRACE_LOG:1,33,5.9401,-0.6682,8.3373,-30.00,0.60,0,40.0000,False,True,1.9423,18,76.76,37.063,in_progress,0.00

SIM_TRACE_LOG:1,34,5.9818,-0.6739,5.6606,0.00,0.60,2,60.0000,False,True,1.9926,18,76.76,37.171,in_progress,0.00

SIM_TRACE_LOG:1,35,6.0325,-0.6740,4.5862,-15.00,0.60,1,60.0000,False,True,2.0563,18,76.76,37.254,in_progress,0.00

SIM_TRACE_LOG:1,36,6.0575,-0.6702,5.0574,-30.00,0.60,0,60.0000,False,True,2.0817,18,76.76,37.293,in_progress,0.00

SIM_TRACE_LOG:1,37,6.0917,-0.6701,4.3753,15.00,0.60,3,60.0000,False,True,2.1221,18,76.76,37.357,in_progress,0.00

SIM_TRACE_LOG:1,38,6.1750,-0.6584,5.6271,15.00,0.60,3,60.0000,False,True,2.2266,18,76.76,37.476,in_progress,0.00

SIM_TRACE_LOG:1,39,6.2062,-0.6428,8.6013,30.00,0.60,4,60.0000,False,True,2.2720,19,76.76,37.526,in_progress,0.00

SIM_TRACE_LOG:1,40,6.2397,-0.6223,12.2229,-15.00,0.60,1,60.0000,False,True,2.3230,19,76.76,37.582,in_progress,0.00

SIM_TRACE_LOG:1,41,6.2666,-0.6082,14.1842,15.00,0.60,3,60.0000,False,True,2.3624,19,76.76,37.626,in_progress,0.00

SIM_TRACE_LOG:1,42,6.3069,-0.5927,15.3214,-15.00,0.60,1,60.0000,False,True,2.4186,19,76.76,37.627,in_progress,0.00

SIM_TRACE_LOG:1,43,6.3364,-0.5787,16.7419,-15.00,0.60,1,60.0000,False,True,2.4565,19,76.76,37.764,in_progress,0.00

SIM_TRACE_LOG:1,44,6.3993,-0.5644,15.6754,30.00,0.60,4,60.0000,False,True,2.5257,19,76.76,37.841,in_progress,0.00

SIM_TRACE_LOG:1,45,6.4382,-0.5554,15.2635,-15.00,0.60,1,60.0000,False,True,2.5743,19,76.76,37.9,in_progress,0.00

SIM_TRACE_LOG:1,46,6.4612,-0.5472,15.8032,15.00,0.60,3,60.0000,False,True,2.6052,19,76.76,37.979,in_progress,0.00

SIM_TRACE_LOG:1,47,6.5067,-0.5293,16.8824,0.00,0.60,2,60.0000,False,True,2.6674,20,76.76,38.01,in_progress,0.00

SIM_TRACE_LOG:1,48,6.5431,-0.5101,18.7324,30.00,0.60,4,60.0000,False,True,2.7207,20,76.76,38.112,in_progress,0.00

SIM_TRACE_LOG:1,49,6.5961,-0.4768,22.0346,30.00,0.60,4,60.0000,False,True,2.8021,20,76.76,38.162,in_progress,0.00

SIM_TRACE_LOG:1,50,6.5961,-0.4768,22.0346,-15.00,0.60,1,60.0000,False,True,2.8021,20,76.76,38.25,in_progress,0.00

SIM_TRACE_LOG:1,51,6.6708,-0.4253,26.0440,15.00,0.60,3,60.0000,False,True,2.9002,20,76.76,38.276,in_progress,0.00

SIM_TRACE_LOG:1,52,6.6971,-0.4096,26.5473,0.00,0.60,2,60.0000,False,True,2.9395,20,76.76,38.348,in_progress,0.00

SIM_TRACE_LOG:1,53,6.7438,-0.3695,29.9875,15.00,0.60,3,60.0000,False,True,3.0197,20,76.76,38.431,in_progress,0.00

SIM_TRACE_LOG:1,54,6.7685,-0.3457,31.9528,15.00,0.60,3,60.0000,False,True,3.0643,21,76.76,38.479,in_progress,0.00

SIM_TRACE_LOG:1,55,6.7936,-0.3157,34.7706,30.00,0.60,4,60.0000,False,True,3.1147,21,76.76,38.552,in_progress,0.00

SIM_TRACE_LOG:1,56,6.8140,-0.2833,38.2435,0.00,0.60,2,60.0000,False,True,3.1623,21,76.76,38.596000000000004,in_progress,0.00

SIM_TRACE_LOG:1,57,6.8409,-0.2377,42.7079,-15.00,0.60,1,60.0000,False,True,3.2276,21,76.76,38.722,in_progress,0.00

SIM_TRACE_LOG:1,58,6.8847,-0.1981,42.5455,-30.00,0.60,0,60.0000,False,True,3.2908,21,76.76,38.771,in_progress,0.00

SIM_TRACE_LOG:1,59,6.9326,-0.1722,39.5501,-30.00,0.60,0,60.0000,False,True,3.3583,21,76.76,38.793,in_progress,0.00

SIM_TRACE_LOG:1,60,6.9420,-0.1666,39.1188,30.00,0.60,4,60.0000,False,True,3.3719,21,76.76,38.891,in_progress,0.00

SIM_TRACE_LOG:1,61,6.9683,-0.1464,38.8622,-15.00,0.60,1,60.0000,False,True,3.4147,21,76.76,38.945,in_progress,0.00

SIM_TRACE_LOG:1,62,7.0137,-0.0958,41.1503,15.00,0.60,3,60.0000,False,True,3.5032,22,76.76,39.005,in_progress,0.00

SIM_TRACE_LOG:1,63,7.0466,-0.0551,43.2596,30.00,0.60,4,60.0000,False,True,3.5711,22,76.76,39.088,in_progress,0.00

SIM_TRACE_LOG:1,64,7.0733,0.0062,49.1790,-30.00,0.60,0,60.0000,False,True,3.6384,22,76.76,39.174,in_progress,0.00

SIM_TRACE_LOG:1,65,7.0898,0.0446,52.2094,-15.00,0.60,1,60.0000,False,True,3.6913,22,76.76,39.228,in_progress,0.00

SIM_TRACE_LOG:1,66,7.1022,0.0659,53.0271,15.00,0.60,3,60.0000,False,True,3.7231,22,76.76,39.279,in_progress,0.00

SIM_TRACE_LOG:1,67,7.1280,0.1171,55.4032,-15.00,0.60,1,60.0000,False,True,3.7965,22,76.76,39.346,in_progress,0.00

SIM_TRACE_LOG:1,68,7.1459,0.1542,56.8952,-30.00,0.60,0,60.0000,False,True,3.8491,23,76.76,39.406,in_progress,0.00

SIM_TRACE_LOG:1,69,7.1706,0.1825,55.7200,0.00,0.60,2,60.0000,False,True,3.8980,23,76.76,39.484,in_progress,0.00

SIM_TRACE_LOG:1,70,7.2085,0.2324,55.0564,30.00,0.60,4,60.0000,False,True,3.9796,23,76.76,39.561,in_progress,0.00

SIM_TRACE_LOG:1,71,7.2267,0.2694,56.4942,-30.00,0.60,0,60.0000,False,True,4.0258,23,76.76,39.614,in_progress,0.00

SIM_TRACE_LOG:1,72,7.2328,0.2852,57.4552,-30.00,0.60,0,60.0000,False,True,4.0450,23,76.76,39.649,in_progress,0.00

SIM_TRACE_LOG:1,73,7.2864,0.3486,54.9559,30.00,0.60,4,60.0000,False,True,4.1518,23,76.76,39.777,in_progress,0.00

SIM_TRACE_LOG:1,74,7.3159,0.3746,52.7580,-15.00,0.60,1,60.0000,False,True,4.2007,23,76.76,39.778,in_progress,0.00

SIM_TRACE_LOG:1,75,7.3434,0.4076,52.3768,15.00,0.60,3,60.0000,False,True,4.2562,24,76.76,39.886,in_progress,0.00

SIM_TRACE_LOG:1,76,7.3727,0.4409,51.6532,-15.00,0.60,1,60.0000,False,True,4.3130,24,76.76,39.998,in_progress,0.00

SIM_TRACE_LOG:1,77,7.3976,0.4679,51.0159,15.00,0.60,3,60.0000,False,True,4.3599,24,76.76,40.009,in_progress,0.00

SIM_TRACE_LOG:1,78,7.4300,0.5076,51.0587,15.00,0.60,3,60.0000,False,True,4.4182,24,76.76,40.082,in_progress,0.00

SIM_TRACE_LOG:1,79,7.4537,0.5592,54.2659,-15.00,0.60,1,60.0000,False,True,4.4893,24,76.76,40.083,in_progress,0.00

SIM_TRACE_LOG:1,80,7.4634,0.5872,56.3582,-15.00,0.60,1,60.0000,False,True,4.5275,24,76.76,40.242,in_progress,0.00

SIM_TRACE_LOG:1,81,7.5153,0.6735,57.1888,30.00,0.60,4,60.0000,False,True,4.6584,25,76.76,40.355,in_progress,0.00

SIM_TRACE_LOG:1,82,7.5311,0.6937,56.6166,-15.00,0.60,1,60.0000,False,True,4.6911,25,76.76,40.409,in_progress,0.00

SIM_TRACE_LOG:1,83,7.5480,0.7316,58.2617,0.00,0.60,2,60.0000,False,True,4.7452,25,76.76,40.46,in_progress,0.00

SIM_TRACE_LOG:1,84,7.5859,0.7904,57.9372,30.00,0.60,4,60.0000,False,True,4.8149,25,76.76,40.565,in_progress,0.00

SIM_TRACE_LOG:1,85,7.6078,0.8265,58.0435,15.00,0.60,3,60.0000,False,True,4.8689,25,76.76,40.628,in_progress,0.00

SIM_TRACE_LOG:1,86,7.6078,0.8265,58.0435,30.00,0.60,4,60.0000,False,True,4.8689,25,76.76,40.671,in_progress,0.00

SIM_TRACE_LOG:1,87,7.6360,0.9152,63.0867,30.00,0.60,4,60.0000,False,True,4.9901,25,76.76,40.767,in_progress,0.00

SIM_TRACE_LOG:1,88,7.6367,0.9500,66.7365,-15.00,0.60,1,60.0000,False,True,5.0330,26,76.76,40.868,in_progress,0.00

SIM_TRACE_LOG:1,89,7.6403,1.0108,71.4287,0.00,0.60,2,60.0000,False,True,5.1091,26,76.76,40.896,in_progress,0.00

SIM_TRACE_LOG:1,90,7.6501,1.0352,71.0255,15.00,0.60,3,60.0000,False,True,5.1434,26,76.76,40.955,in_progress,0.00

SIM_TRACE_LOG:1,91,7.6557,1.0476,70.7134,-30.00,0.60,0,60.0000,False,True,5.1610,26,76.76,41.012,in_progress,0.00

SIM_TRACE_LOG:1,92,7.6755,1.1179,71.7940,-30.00,0.60,0,60.0000,False,True,5.2324,26,76.76,41.12,in_progress,0.00

SIM_TRACE_LOG:1,93,7.6986,1.1611,69.8817,15.00,0.60,3,60.0000,False,True,5.2929,26,76.76,41.168,in_progress,0.00

SIM_TRACE_LOG:1,94,7.7403,1.2462,68.1281,-30.00,0.60,0,60.0000,False,True,5.4114,27,76.76,41.219,in_progress,0.00

SIM_TRACE_LOG:1,95,7.7409,1.2516,68.5891,0.00,0.60,2,60.0000,False,True,5.4185,27,76.76,41.289,in_progress,0.00

SIM_TRACE_LOG:1,96,7.7514,1.2771,68.4563,-15.00,0.60,1,60.0000,False,True,5.4536,27,76.76,41.326,in_progress,0.00

SIM_TRACE_LOG:1,97,7.7917,1.3467,65.8516,15.00,0.60,3,60.0000,False,True,5.5518,27,76.76,41.448,in_progress,0.00

SIM_TRACE_LOG:1,98,7.8081,1.3791,65.3867,15.00,0.60,3,60.0000,False,True,5.5947,27,76.76,41.449,in_progress,0.00

SIM_TRACE_LOG:1,99,7.8189,1.4199,67.0781,-30.00,0.60,0,60.0000,False,True,5.6032,27,76.76,41.571,in_progress,0.00

SIM_TRACE_LOG:1,100,7.8303,1.4558,67.9793,-15.00,0.60,1,60.0000,False,True,5.6496,27,76.76,41.627,in_progress,0.00

SIM_TRACE_LOG:1,101,7.8621,1.4977,65.0236,-15.00,0.60,1,60.0000,False,True,5.7034,27,76.76,41.706,in_progress,0.00

SIM_TRACE_LOG:1,102,7.8772,1.5146,63.4349,-15.00,0.60,1,60.0000,False,True,5.7251,27,76.76,41.804,in_progress,0.00

SIM_TRACE_LOG:1,103,7.9086,1.5482,60.4124,30.00,0.60,4,60.0000,False,True,5.7681,27,76.76,41.835,in_progress,0.00

SIM_TRACE_LOG:1,104,7.9332,1.5753,58.5275,-15.00,0.60,1,60.0000,False,True,5.8026,28,76.76,41.911,in_progress,0.00

SIM_TRACE_LOG:1,105,7.9611,1.6183,58.2999,-15.00,0.60,1,60.0000,False,True,5.8580,28,76.76,41.961,in_progress,0.00

SIM_TRACE_LOG:1,106,8.0046,1.6594,54.8380,30.00,0.60,4,60.0000,False,True,5.9105,28,76.76,41.995,in_progress,0.00

SIM_TRACE_LOG:1,107,8.0168,1.6692,53.7347,0.00,0.60,2,60.0000,False,True,5.9230,28,76.76,42.065,in_progress,0.00

SIM_TRACE_LOG:1,108,8.0515,1.7042,52.0543,0.00,0.60,2,60.0000,False,True,5.9677,28,76.76,42.142,in_progress,0.00

SIM_TRACE_LOG:1,109,8.1012,1.7566,50.5588,30.00,0.60,4,60.0000,False,True,5.9867,28,76.76,42.255,in_progress,0.00

SIM_TRACE_LOG:1,110,8.1102,1.7656,50.1636,0.00,0.60,2,60.0000,False,True,5.9867,28,76.76,42.276,in_progress,0.00

SIM_TRACE_LOG:1,111,8.1293,1.7862,49.8846,0.00,0.60,2,40.0000,False,False,5.9867,28,76.76,42.32,in_progress,0.00

SIM_TRACE_LOG:1,112,8.1514,1.8087,49.3127,-30.00,0.60,0,40.0000,False,False,5.9867,28,76.76,42.427,in_progress,0.00

SIM_TRACE_LOG:1,113,8.1965,1.8558,48.6088,30.00,0.60,4,40.0000,False,False,6.0267,28,76.76,42.471,in_progress,0.00

SIM_TRACE_LOG:1,114,8.2183,1.8811,48.5711,15.00,0.60,3,40.0000,False,False,6.0536,28,76.76,42.522,in_progress,0.00

SIM_TRACE_LOG:1,115,8.2398,1.9236,51.3466,30.00,0.60,4,40.0000,False,False,6.1025,28,76.76,42.631,in_progress,0.00

SIM_TRACE_LOG:1,116,8.2567,1.9694,54.9820,0.00,0.60,2,40.0000,False,False,6.1570,28,76.76,42.66,in_progress,0.00

SIM_TRACE_LOG:1,117,8.2907,2.0275,56.1497,-30.00,0.60,0,40.0000,False,False,6.2227,29,76.76,42.715,in_progress,0.00

SIM_TRACE_LOG:1,118,8.3113,2.0512,55.2496,0.00,0.60,2,40.0000,True,False,6.2478,29,76.76,42.848,off_track,0.00

[s3] Successfully uploaded metrics to                  s3 bucket base-bucket-1f3pfk38sjoqu with s3 key first-model/metrics/TrainingMetrics.json.
Training> Name=main_level/agent, Worker=0, Episode=2, Total reward=6280.0, Steps=177, Training iteration=0
Reset agent
Reset agent finished
SIM_TRACE_LOG:2,1,7.5636,1.0987,70.1060,30.00,0.60,4,0.0000,False,True,0.1829,26,76.76,42.973,prepare,0.00

SIM_TRACE_LOG:2,2,7.5636,1.0989,70.1136,-30.00,0.60,0,60.0000,False,True,0.1830,26,76.76,43.021,in_progress,0.00

SIM_TRACE_LOG:2,3,7.5747,1.1100,68.6371,-15.00,0.60,1,60.0000,False,True,0.2015,26,76.76,43.113,in_progress,0.00

SIM_TRACE_LOG:2,4,7.5774,1.1121,68.2175,-15.00,0.60,1,60.0000,False,True,0.2034,26,76.76,43.159,in_progress,0.00

SIM_TRACE_LOG:2,5,7.5873,1.1219,66.8398,-30.00,0.60,0,60.0000,False,True,0.2181,26,76.76,43.232,in_progress,0.00

SIM_TRACE_LOG:2,6,7.6262,1.1500,61.0207,-30.00,0.60,0,60.0000,False,True,0.2627,26,76.76,43.297,in_progress,0.00

SIM_TRACE_LOG:2,7,7.6709,1.1770,55.0093,-30.00,0.60,0,60.0000,False,True,0.3073,26,76.76,43.374,in_progress,0.00

SIM_TRACE_LOG:2,8,7.7083,1.1939,50.0437,-15.00,0.60,1,60.0000,False,True,0.3372,26,76.76,43.43,in_progress,0.00

SIM_TRACE_LOG:2,9,7.7555,1.2169,45.0697,0.00,0.60,2,60.0000,False,True,0.3772,26,76.76,43.487,in_progress,0.00

SIM_TRACE_LOG:2,10,7.7879,1.2368,42.9680,15.00,0.60,3,60.0000,False,True,0.4098,27,76.76,43.601,in_progress,0.00

SIM_TRACE_LOG:2,11,7.8294,1.2757,43.0076,0.00,0.60,2,60.0000,False,True,0.4689,27,76.76,43.664,in_progress,0.00

SIM_TRACE_LOG:2,12,7.8536,1.3026,43.7747,-15.00,0.60,1,60.0000,False,True,0.5087,27,76.76,43.689,in_progress,0.00

SIM_TRACE_LOG:2,13,7.8639,1.3125,43.8358,-30.00,0.60,0,60.0000,False,True,0.5236,27,76.76,43.794,in_progress,0.00

SIM_TRACE_LOG:2,14,7.9429,1.3534,38.3204,0.00,0.60,2,60.0000,False,True,0.5936,27,76.76,43.862,in_progress,0.00

SIM_TRACE_LOG:2,15,7.9744,1.3722,37.1364,30.00,0.60,4,60.0000,False,True,0.5947,27,76.76,43.933,in_progress,0.00

SIM_TRACE_LOG:2,16,8.0097,1.4125,39.6344,-15.00,0.60,1,60.0000,False,True,0.5947,27,76.76,43.971000000000004,in_progress,0.00

SIM_TRACE_LOG:2,17,8.0344,1.4401,40.8957,15.00,0.60,3,60.0000,False,True,0.6241,27,76.76,44.022,in_progress,0.00

SIM_TRACE_LOG:2,18,8.0624,1.4721,42.3188,15.00,0.60,3,60.0000,False,True,0.6650,27,76.76,44.086,in_progress,0.00

SIM_TRACE_LOG:2,19,8.0746,1.4955,44.4742,-15.00,0.60,1,60.0000,False,True,0.6953,27,76.76,44.163,in_progress,0.00

SIM_TRACE_LOG:2,20,8.1069,1.5500,48.0126,30.00,0.60,4,60.0000,False,True,0.7655,27,76.76,44.258,in_progress,0.00

SIM_TRACE_LOG:2,21,8.1435,1.6046,50.1801,-30.00,0.60,0,40.0000,False,False,0.8357,28,76.76,44.331,in_progress,0.00

SIM_TRACE_LOG:2,22,8.2048,1.6796,50.1039,0.00,0.60,2,40.0000,False,False,0.9318,28,76.76,44.475,in_progress,0.00

SIM_TRACE_LOG:2,23,8.2093,1.6826,49.7519,0.00,0.60,2,40.0000,False,False,0.9357,28,76.76,44.499,in_progress,0.00

SIM_TRACE_LOG:2,24,8.2389,1.7032,47.5009,0.00,0.60,2,40.0000,False,False,0.9618,28,76.76,44.544,in_progress,0.00

SIM_TRACE_LOG:2,25,8.2695,1.7341,47.1069,30.00,0.60,4,40.0000,False,False,0.9867,28,76.76,44.608,in_progress,0.00

SIM_TRACE_LOG:2,26,8.2959,1.7722,48.5888,15.00,0.60,3,40.0000,False,False,0.9867,28,76.76,44.665,in_progress,0.00

SIM_TRACE_LOG:2,27,8.3194,1.8194,51.7424,-15.00,0.60,1,40.0000,False,False,0.9867,28,76.76,44.716,in_progress,0.00

SIM_TRACE_LOG:2,28,8.3468,1.8578,52.2202,30.00,0.60,4,40.0000,False,False,0.9917,28,76.76,44.745,in_progress,0.00

SIM_TRACE_LOG:2,29,8.3794,1.9005,52.3393,-30.00,0.60,0,40.0000,True,False,1.0381,28,76.76,44.895,off_track,0.00

[s3] Successfully uploaded metrics to                  s3 bucket base-bucket-1f3pfk38sjoqu with s3 key first-model/metrics/TrainingMetrics.json.
Training> Name=main_level/agent, Worker=0, Episode=3, Total reward=1500.0, Steps=206, Training iteration=0
Reset agent
Reset agent finished
SIM_TRACE_LOG:3,1,7.0589,4.8251,108.9441,-30.00,0.60,0,0.0000,False,True,0.1826,39,76.76,45.061,prepare,0.00

SIM_TRACE_LOG:3,2,7.0590,4.8245,108.9824,30.00,0.60,4,60.0000,False,True,0.1819,39,76.76,45.108,in_progress,0.00

SIM_TRACE_LOG:3,3,7.0497,4.8305,110.7782,-30.00,0.60,0,40.0000,False,True,0.1931,39,76.76,45.173,in_progress,0.00

SIM_TRACE_LOG:3,4,7.0473,4.8535,109.3618,-15.00,0.60,1,40.0000,False,True,0.2225,39,76.76,45.266,in_progress,0.00

SIM_TRACE_LOG:3,5,7.0499,4.8873,106.1130,30.00,0.60,4,60.0000,False,True,0.2631,39,76.76,45.277,in_progress,0.00

SIM_TRACE_LOG:3,6,7.0508,4.9071,104.4749,30.00,0.60,4,60.0000,False,True,0.2870,39,76.76,45.333,in_progress,0.00

SIM_TRACE_LOG:3,7,7.0432,4.9415,103.9998,30.00,0.60,4,50.0000,False,True,0.3305,39,76.76,45.429,in_progress,0.00

SIM_TRACE_LOG:3,8,7.0217,4.9794,106.6807,30.00,0.60,4,50.0000,False,True,0.3870,39,76.76,45.545,in_progress,0.00

SIM_TRACE_LOG:3,9,6.9896,5.0243,110.8166,15.00,0.60,3,50.0000,False,True,0.4570,39,76.76,45.626,in_progress,0.00

SIM_TRACE_LOG:3,10,6.9168,5.1064,118.8707,-15.00,0.60,1,50.0000,False,True,0.5924,40,76.76,45.684,in_progress,0.00

SIM_TRACE_LOG:3,11,6.9168,5.1064,118.8707,-15.00,0.60,1,50.0000,False,True,0.5924,40,76.76,45.74,in_progress,0.00

SIM_TRACE_LOG:3,12,6.8969,5.1309,120.2601,-30.00,0.60,0,50.0000,False,True,0.6318,40,76.76,45.792,in_progress,0.00

SIM_TRACE_LOG:3,13,6.8804,5.1772,118.1431,-30.00,0.60,0,50.0000,False,True,0.7001,40,76.76,45.857,in_progress,0.00

SIM_TRACE_LOG:3,14,6.8716,5.2019,117.1638,-15.00,0.60,1,50.0000,False,True,0.7338,40,76.76,45.901,in_progress,0.00

SIM_TRACE_LOG:3,15,6.8696,5.2077,116.9407,-15.00,0.60,1,50.0000,False,True,0.7417,40,76.76,45.998,in_progress,0.00

SIM_TRACE_LOG:3,16,6.8500,5.3024,111.4878,-30.00,0.60,0,50.0000,False,True,0.8624,40,76.76,46.032,in_progress,0.00

SIM_TRACE_LOG:3,17,6.8483,5.3142,110.7636,-30.00,0.60,0,50.0000,False,True,0.8769,40,76.76,46.116,in_progress,0.00

SIM_TRACE_LOG:3,18,6.8452,5.3846,105.8617,15.00,0.60,3,50.0000,False,True,0.9594,41,76.76,46.175,in_progress,0.00

SIM_TRACE_LOG:3,19,6.8466,5.3980,104.5488,0.00,0.60,2,50.0000,False,True,0.9739,41,76.76,46.216,in_progress,0.00

SIM_TRACE_LOG:3,20,6.8372,5.4525,103.5208,30.00,0.60,4,50.0000,False,True,1.0421,41,76.76,46.344,in_progress,0.00

SIM_TRACE_LOG:3,21,6.7786,5.5398,111.3555,-15.00,0.60,1,50.0000,False,True,1.1649,41,76.76,46.426,in_progress,0.00

SIM_TRACE_LOG:3,22,6.7461,5.5743,115.4980,-30.00,0.60,0,50.0000,False,True,1.2264,41,76.76,46.523,in_progress,0.00

SIM_TRACE_LOG:3,23,6.7294,5.6090,115.6210,15.00,0.60,3,50.0000,False,True,1.2752,41,76.76,46.547,in_progress,0.00

SIM_TRACE_LOG:3,24,6.7159,5.6389,115.3450,-15.00,0.60,1,50.0000,False,True,1.3165,42,76.76,46.599,in_progress,0.00

SIM_TRACE_LOG:3,25,6.7159,5.6389,115.3450,-30.00,0.60,0,50.0000,False,True,1.3165,42,76.76,46.6,in_progress,0.00

SIM_TRACE_LOG:3,26,6.6901,5.6925,115.4696,30.00,0.60,4,50.0000,False,True,1.3919,42,76.76,46.689,in_progress,0.00

SIM_TRACE_LOG:3,27,6.6594,5.7413,117.0112,-30.00,0.60,0,50.0000,False,True,1.4665,42,76.76,46.773,in_progress,0.00

SIM_TRACE_LOG:3,28,6.6228,5.7893,119.4139,15.00,0.60,3,50.0000,False,True,1.5182,42,76.76,46.858,in_progress,0.00

SIM_TRACE_LOG:3,29,6.6064,5.8183,119.3875,0.00,0.60,2,50.0000,False,True,1.5588,42,76.76,46.86,in_progress,0.00

SIM_TRACE_LOG:3,30,6.5866,5.8422,120.7277,-30.00,0.60,0,50.0000,False,True,1.5986,42,76.76,46.908,in_progress,0.00

SIM_TRACE_LOG:3,31,6.5678,5.8651,121.8532,-15.00,0.60,1,50.0000,False,True,1.6364,42,76.76,47.003,in_progress,0.00

SIM_TRACE_LOG:3,32,6.5469,5.9029,121.3393,0.00,0.60,2,50.0000,False,True,1.6887,43,76.76,47.072,in_progress,0.00

SIM_TRACE_LOG:3,33,6.5271,5.9529,119.3043,15.00,0.60,3,50.0000,False,True,1.7501,43,76.76,47.154,in_progress,0.00

SIM_TRACE_LOG:3,34,6.4875,6.0163,120.1443,15.00,0.60,3,50.0000,False,True,1.8425,43,76.76,47.207,in_progress,0.00

SIM_TRACE_LOG:3,35,6.4730,6.0334,121.1146,30.00,0.60,4,50.0000,False,True,1.8684,43,76.76,47.269,in_progress,0.00

SIM_TRACE_LOG:3,36,6.4267,6.0803,124.5935,15.00,0.60,3,50.0000,False,True,1.9052,43,76.76,47.374,in_progress,0.00

SIM_TRACE_LOG:3,37,6.4082,6.0967,126.0362,-15.00,0.60,1,50.0000,False,True,1.9367,43,76.76,47.443,in_progress,0.00

SIM_TRACE_LOG:3,38,6.4082,6.0967,126.0362,-30.00,0.60,0,50.0000,False,True,1.9367,43,76.76,47.47,in_progress,0.00

SIM_TRACE_LOG:3,39,6.3603,6.1716,124.8046,-30.00,0.60,0,50.0000,False,True,2.0385,43,76.76,47.579,in_progress,0.00

SIM_TRACE_LOG:3,40,6.3500,6.2052,122.2865,-15.00,0.60,1,50.0000,False,True,2.0714,44,76.76,47.63,in_progress,0.00

SIM_TRACE_LOG:3,41,6.3338,6.2743,117.1736,0.00,0.60,2,50.0000,False,True,2.1334,44,76.76,47.71,in_progress,0.00

SIM_TRACE_LOG:3,42,6.3251,6.3091,115.2664,-30.00,0.60,0,50.0000,False,True,2.1653,44,76.76,47.776,in_progress,0.00

SIM_TRACE_LOG:3,43,6.3204,6.3546,111.7134,30.00,0.60,4,50.0000,False,True,2.1993,44,76.76,47.856,in_progress,0.00

SIM_TRACE_LOG:3,44,6.3214,6.3644,110.4284,30.00,0.60,4,50.0000,False,True,2.2043,44,76.76,47.899,in_progress,0.00

SIM_TRACE_LOG:3,45,6.3143,6.4176,107.7656,0.00,0.60,2,50.0000,False,True,2.2459,44,76.76,47.944,in_progress,0.00

SIM_TRACE_LOG:3,46,6.3018,6.4746,106.5097,-30.00,0.60,0,60.0000,False,True,2.2604,44,76.76,48.033,in_progress,0.00

SIM_TRACE_LOG:3,47,6.2943,6.5276,104.7054,-15.00,0.60,1,40.0000,False,False,2.2604,44,76.76,48.109,in_progress,0.00

SIM_TRACE_LOG:3,48,6.2931,6.5528,103.4736,15.00,0.60,3,40.0000,False,False,2.2604,44,76.76,48.145,in_progress,0.00

SIM_TRACE_LOG:3,49,6.2619,6.6560,105.0273,15.00,0.60,3,40.0000,False,False,2.3339,44,76.76,48.309,in_progress,0.00

SIM_TRACE_LOG:3,50,6.2531,6.6755,105.8734,30.00,0.60,4,40.0000,False,False,2.3536,44,76.76,48.374,in_progress,0.00

SIM_TRACE_LOG:3,51,6.2246,6.7271,108.9327,0.00,0.60,2,40.0000,False,False,2.4121,44,76.76,48.432,in_progress,0.00

SIM_TRACE_LOG:3,52,6.1994,6.7793,110.5015,15.00,0.60,3,40.0000,False,False,2.4668,45,76.76,48.514,in_progress,0.00

SIM_TRACE_LOG:3,53,6.1941,6.7986,110.0402,0.00,0.60,2,40.0000,True,False,2.4821,45,76.76,48.573,off_track,0.00

[s3] Successfully uploaded metrics to                  s3 bucket base-bucket-1f3pfk38sjoqu with s3 key first-model/metrics/TrainingMetrics.json.
Training> Name=main_level/agent, Worker=0, Episode=4, Total reward=2550.0, Steps=259, Training iteration=0
Reset agent
Reset agent finished
## agent: Starting evaluation phase
Reset agent
Reset agent finished
[s3] Successfully uploaded metrics to                  s3 bucket base-bucket-1f3pfk38sjoqu with s3 key first-model/metrics/TrainingMetrics.json.
Testing> Name=main_level/agent, Worker=0, Episode=4, Total reward=5080.0, Steps=259, Training iteration=0
## agent: Finished evaluation phase. Success rate = 0.0, Avg Total Reward = 5080.0
## agent: Starting evaluation phase
Reset agent
Reset agent finished
[s3] Successfully uploaded metrics to                  s3 bucket base-bucket-1f3pfk38sjoqu with s3 key first-model/metrics/TrainingMetrics.json.
Testing> Name=main_level/agent, Worker=0, Episode=4, Total reward=5720.0, Steps=259, Training iteration=0
## agent: Finished evaluation phase. Success rate = 0.0, Avg Total Reward = 5720.0
## agent: Starting evaluation phase
Reset agent
Reset agent finished
[s3] Successfully uploaded metrics to                  s3 bucket base-bucket-1f3pfk38sjoqu with s3 key first-model/metrics/TrainingMetrics.json.
Testing> Name=main_level/agent, Worker=0, Episode=4, Total reward=6060.0, Steps=259, Training iteration=0
## agent: Finished evaluation phase. Success rate = 0.0, Avg Total Reward = 6060.0
## agent: Starting evaluation phase
Reset agent
Reset agent finished
[s3] Successfully uploaded metrics to                  s3 bucket base-bucket-1f3pfk38sjoqu with s3 key first-model/metrics/TrainingMetrics.json.
Testing> Name=main_level/agent, Worker=0, Episode=4, Total reward=6200.0, Steps=259, Training iteration=0
## agent: Finished evaluation phase. Success rate = 0.0, Avg Total Reward = 6200.0
## agent: Starting evaluation phase
Reset agent
Reset agent finished
[s3] Successfully uploaded metrics to                  s3 bucket base-bucket-1f3pfk38sjoqu with s3 key first-model/metrics/TrainingMetrics.json.
Testing> Name=main_level/agent, Worker=0, Episode=4, Total reward=6580.0, Steps=259, Training iteration=0
## agent: Finished evaluation phase. Success rate = 0.0, Avg Total Reward = 6580.0
Additional evaluation. New Checkpoint: -1, Last Checkpoint: 0
## agent: Starting evaluation phase
Reset agent
Reset agent finished
[s3] Successfully uploaded metrics to                  s3 bucket base-bucket-1f3pfk38sjoqu with s3 key first-model/metrics/TrainingMetrics.json.
Testing> Name=main_level/agent, Worker=0, Episode=4, Total reward=5980.0, Steps=259, Training iteration=0
## agent: Finished evaluation phase. Success rate = 0.0, Avg Total Reward = 5980.0
Additional evaluation. New Checkpoint: 0, Last Checkpoint: 0
## agent: Starting evaluation phase
Reset agent
Reset agent finished
[s3] Successfully uploaded metrics to                  s3 bucket base-bucket-1f3pfk38sjoqu with s3 key first-model/metrics/TrainingMetrics.json.
Testing> Name=main_level/agent, Worker=0, Episode=4, Total reward=6440.0, Steps=259, Training iteration=0
## agent: Finished evaluation phase. Success rate = 0.0, Avg Total Reward = 6440.0
[s3] Successfully uploaded simtrace_training to              s3 bucket base-bucket-1f3pfk38sjoqu with s3 key first-model/0/training-simtrace/0-iteration.csv.
[s3] Successfully downloaded 1_Step-1368.ckpt.data-00000-of-00001 from                  s3 key first-model/model/1_Step-1368.ckpt.data-00000-of-00001 to local checkpoint_robomaker/agent/1_Step-1368.ckpt.data-00000-of-00001.
[s3] Successfully downloaded 1_Step-1368.ckpt.index from                  s3 key first-model/model/1_Step-1368.ckpt.index to local checkpoint_robomaker/agent/1_Step-1368.ckpt.index.
[s3] Successfully downloaded 1_Step-1368.ckpt.meta from                  s3 key first-model/model/1_Step-1368.ckpt.meta to local checkpoint_robomaker/agent/1_Step-1368.ckpt.meta.
[s3] Successfully downloaded .ready from                  s3 key first-model/model/.ready to local checkpoint_robomaker/agent/.ready.
Checkpoint> Restoring from path=./checkpoint_robomaker/agent/1_Step-1368.ckpt
[BestModelSelection] Number of evaluations: 7 Evaluation episode progress: [7.451203777078708, 7.252389009569199, 7.232092742292961, 7.451203777078708, 7.388193730312298, 7.1907082037403205, 7.353220427234125]
[BestModelSelection] Evaluation episode progress mean: 7.33128738104376
[BestModelSelection] current progress mean: 7.33128738104376 >= best progress mean: None
[BestModelSelection] Updating the best checkpoint to "0_Step-0.ckpt" from "0_Step-0.ckpt".
[s3] Successfully uploaded deepracer checkpoint to                  s3 bucket base-bucket-1f3pfk38sjoqu with s3 key first-model/model/deepracer_checkpoints.json.
Reset agent
Reset agent finished
SIM_TRACE_LOG:4,1,3.8905,6.4618,174.9106,-15.00,0.60,1,0.0000,False,True,0.1825,51,76.76,111.187,prepare,0.00

SIM_TRACE_LOG:4,2,3.8909,6.4618,174.8719,-30.00,0.60,0,60.0000,False,True,0.1820,51,76.76,111.247,in_progress,0.00

SIM_TRACE_LOG:4,3,3.8880,6.4631,174.6652,0.00,0.60,2,60.0000,False,True,0.1858,51,76.76,111.248,in_progress,0.00

SIM_TRACE_LOG:4,4,3.8657,6.4654,174.5586,-30.00,0.60,0,60.0000,False,True,0.2150,52,76.76,111.395,in_progress,0.00

SIM_TRACE_LOG:4,5,3.8535,6.4674,174.3957,-15.00,0.60,1,60.0000,False,True,0.2309,52,76.76,111.467,in_progress,0.00

SIM_TRACE_LOG:4,6,3.8270,6.4818,171.4777,0.00,0.60,2,60.0000,False,True,0.2659,52,76.76,111.542,in_progress,0.00

SIM_TRACE_LOG:4,7,3.7804,6.4978,169.4053,-15.00,0.60,1,60.0000,False,True,0.3271,52,76.76,111.571,in_progress,0.00

SIM_TRACE_LOG:4,8,3.7503,6.5078,168.4145,15.00,0.60,3,60.0000,False,True,0.3666,52,76.76,111.647,in_progress,0.00

SIM_TRACE_LOG:4,9,3.7096,6.5187,167.7840,0.00,0.60,2,60.0000,False,True,0.4202,52,76.76,111.727,in_progress,0.00

SIM_TRACE_LOG:4,10,3.6633,6.5210,169.5145,0.00,0.60,2,60.0000,False,True,0.4805,52,76.76,111.806,in_progress,0.00

SIM_TRACE_LOG:4,11,3.5959,6.5237,171.8135,15.00,0.60,3,60.0000,False,True,0.5684,52,76.76,111.868,in_progress,0.00

SIM_TRACE_LOG:4,12,3.5694,6.5230,172.8625,0.00,0.60,2,60.0000,False,True,0.6029,53,76.76,111.909,in_progress,0.00

SIM_TRACE_LOG:4,13,3.5346,6.5222,174.0545,-15.00,0.60,1,60.0000,False,True,0.6482,53,76.76,111.962,in_progress,0.00

SIM_TRACE_LOG:4,14,3.4666,6.5298,174.1223,-15.00,0.60,1,60.0000,False,True,0.7370,53,76.76,112.062,in_progress,0.00

SIM_TRACE_LOG:4,15,3.4487,6.5332,173.7346,0.00,0.60,2,60.0000,False,True,0.7604,53,76.76,112.091,in_progress,0.00

SIM_TRACE_LOG:4,16,3.3646,6.5381,174.7582,-15.00,0.60,1,60.0000,False,True,0.8703,53,76.76,112.216,in_progress,0.00

SIM_TRACE_LOG:4,17,3.3287,6.5403,175.0836,0.00,0.60,2,60.0000,False,True,0.9171,53,76.76,112.271,in_progress,0.00

SIM_TRACE_LOG:4,18,3.2906,6.5428,175.2622,0.00,0.60,2,60.0000,False,True,0.9668,53,76.76,112.329,in_progress,0.00

SIM_TRACE_LOG:4,19,3.2456,6.5454,175.5214,-15.00,0.60,1,60.0000,False,True,1.0255,54,76.76,112.399,in_progress,0.00

SIM_TRACE_LOG:4,20,3.1988,6.5514,174.9641,30.00,0.60,4,60.0000,False,True,1.0867,54,76.76,112.471,in_progress,0.00

SIM_TRACE_LOG:4,21,3.1717,6.5556,174.4642,15.00,0.60,3,60.0000,False,True,1.1221,54,76.76,112.512,in_progress,0.00

SIM_TRACE_LOG:4,22,3.1717,6.5556,174.4642,-15.00,0.60,1,60.0000,False,True,1.1221,54,76.76,112.548,in_progress,0.00

SIM_TRACE_LOG:4,23,3.0562,6.5481,178.1479,-30.00,0.60,0,60.0000,False,True,1.2715,54,76.76,112.696,in_progress,0.00

SIM_TRACE_LOG:4,24,3.0294,6.5528,177.2285,15.00,0.60,3,60.0000,False,True,1.3065,54,76.76,112.712,in_progress,0.00

SIM_TRACE_LOG:4,25,2.9944,6.5591,176.1513,0.00,0.60,2,60.0000,False,True,1.3522,54,76.76,112.767,in_progress,0.00

SIM_TRACE_LOG:4,26,2.9765,6.5587,176.5871,-30.00,0.60,0,60.0000,False,True,1.3755,54,76.76,112.794,in_progress,0.00

SIM_TRACE_LOG:4,27,2.8923,6.5767,173.6212,-30.00,0.60,0,60.0000,False,True,1.4857,55,76.76,112.907,in_progress,0.00

SIM_TRACE_LOG:4,28,2.8496,6.5940,170.7355,15.00,0.60,3,60.0000,False,True,1.5417,55,76.76,112.996,in_progress,0.00

SIM_TRACE_LOG:4,29,2.8311,6.6000,169.9348,0.00,0.60,2,60.0000,False,True,1.5659,55,76.76,113.026,in_progress,0.00

SIM_TRACE_LOG:4,30,2.7790,6.6047,170.9123,30.00,0.60,4,60.0000,False,True,1.6114,55,76.76,113.141,in_progress,0.00

SIM_TRACE_LOG:4,31,2.7395,6.6027,172.8640,15.00,0.60,3,60.0000,False,True,1.6629,55,76.76,113.166,in_progress,0.00

SIM_TRACE_LOG:4,32,2.6623,6.5810,179.7783,30.00,0.60,4,60.0000,False,True,1.7660,55,76.76,113.275,in_progress,0.00

SIM_TRACE_LOG:4,33,2.6410,6.5725,-178.0974,-30.00,0.60,0,60.0000,False,True,1.7949,56,76.76,113.305,in_progress,0.00

SIM_TRACE_LOG:4,34,2.6005,6.5581,-175.0144,15.00,0.60,3,60.0000,False,True,1.8494,56,76.76,113.382,in_progress,0.00

SIM_TRACE_LOG:4,35,2.5554,6.5398,-171.6765,0.00,0.60,2,60.0000,False,True,1.9106,56,76.76,113.422,in_progress,0.00

SIM_TRACE_LOG:4,36,2.5026,6.5191,-168.7151,30.00,0.60,4,60.0000,False,True,1.9676,56,76.76,113.538,in_progress,0.00

SIM_TRACE_LOG:4,37,2.4771,6.5086,-167.4332,15.00,0.60,3,60.0000,False,True,1.9850,56,76.76,113.585,in_progress,0.00

SIM_TRACE_LOG:4,38,2.4349,6.4820,-163.4616,30.00,0.60,4,60.0000,False,True,2.0496,56,76.76,113.646,in_progress,0.00

SIM_TRACE_LOG:4,39,2.3844,6.4329,-156.0401,-30.00,0.60,0,60.0000,False,True,2.1365,56,76.76,113.743,in_progress,0.00

SIM_TRACE_LOG:4,40,2.3299,6.3859,-151.4591,15.00,0.60,3,60.0000,False,True,2.2269,57,76.76,113.8,in_progress,0.00

SIM_TRACE_LOG:4,41,2.3103,6.3725,-150.8020,15.00,0.60,3,60.0000,False,True,2.2575,57,76.76,113.832,in_progress,0.00

SIM_TRACE_LOG:4,42,2.2795,6.3377,-147.1399,30.00,0.60,4,60.0000,False,True,2.3132,57,76.76,113.938,in_progress,0.00

SIM_TRACE_LOG:4,43,2.2498,6.2885,-141.2914,-30.00,0.60,0,40.0000,False,True,2.3829,57,76.76,113.974,in_progress,0.00

SIM_TRACE_LOG:4,44,2.2369,6.2625,-138.0391,0.00,0.60,2,40.0000,False,True,2.4177,57,76.76,114.046,in_progress,0.00

SIM_TRACE_LOG:4,45,2.2005,6.2172,-135.4710,-30.00,0.60,0,40.0000,False,True,2.4920,57,76.76,114.094,in_progress,0.00

SIM_TRACE_LOG:4,46,2.1490,6.1665,-135.4444,30.00,0.60,4,40.0000,False,True,2.5859,58,76.76,114.206,in_progress,0.00

SIM_TRACE_LOG:4,47,2.1022,6.1216,-135.7309,0.00,0.60,2,40.0000,False,True,2.6703,58,76.76,114.237,in_progress,0.00

SIM_TRACE_LOG:4,48,2.0966,6.1144,-135.4366,30.00,0.60,4,40.0000,False,True,2.6818,58,76.76,114.303,in_progress,0.00

SIM_TRACE_LOG:4,49,2.0749,6.0854,-134.1976,0.00,0.60,2,40.0000,False,True,2.7279,58,76.76,114.378,in_progress,0.00

SIM_TRACE_LOG:4,50,2.0445,6.0426,-132.2568,0.00,0.60,2,40.0000,False,True,2.8186,58,76.76,114.439,in_progress,0.00

SIM_TRACE_LOG:4,51,1.9743,5.9645,-132.1432,-15.00,0.60,1,40.0000,False,True,2.9541,59,76.76,114.58,in_progress,0.00

SIM_TRACE_LOG:4,52,1.9461,5.9336,-132.1855,-15.00,0.60,1,40.0000,False,True,3.0081,59,76.76,114.708,in_progress,0.00

SIM_TRACE_LOG:4,53,1.8980,5.8962,-134.5723,30.00,0.60,4,40.0000,False,True,3.0836,59,76.76,114.735,in_progress,0.00

SIM_TRACE_LOG:4,54,1.8782,5.8798,-135.2059,-30.00,0.60,0,40.0000,False,True,3.1158,59,76.76,114.786,in_progress,0.00

SIM_TRACE_LOG:4,55,1.8445,5.8456,-135.0810,0.00,0.60,2,60.0000,False,True,3.1787,59,76.76,114.894,in_progress,0.00

SIM_TRACE_LOG:4,56,1.8108,5.8126,-135.2181,-30.00,0.60,0,60.0000,False,True,3.2333,59,76.76,114.908,in_progress,0.00

SIM_TRACE_LOG:4,57,1.8016,5.8017,-134.8386,-15.00,0.60,1,60.0000,False,True,3.2506,59,76.76,115.042,in_progress,0.00

SIM_TRACE_LOG:4,58,1.7033,5.7423,-140.8450,-15.00,0.60,1,60.0000,False,True,3.3643,60,76.76,115.123,in_progress,0.00

SIM_TRACE_LOG:4,59,1.6773,5.7298,-142.4979,15.00,0.60,3,60.0000,False,True,3.3905,60,76.76,115.139,in_progress,0.00

SIM_TRACE_LOG:4,60,1.6544,5.7159,-143.2835,0.00,0.60,2,60.0000,False,True,3.4170,60,76.76,115.209,in_progress,0.00

SIM_TRACE_LOG:4,61,1.6295,5.6942,-142.6837,0.00,0.60,2,60.0000,False,True,3.4541,60,76.76,115.259,in_progress,0.00

SIM_TRACE_LOG:4,62,1.5924,5.6604,-141.6422,15.00,0.60,3,60.0000,False,True,3.5111,60,76.76,115.334,in_progress,0.00

SIM_TRACE_LOG:4,63,1.5924,5.6604,-141.6422,15.00,0.60,3,60.0000,False,True,3.5111,60,76.76,115.389,in_progress,0.00

SIM_TRACE_LOG:4,64,1.5332,5.5790,-135.8118,30.00,0.60,4,60.0000,False,True,3.5650,60,76.76,115.477,in_progress,0.00

SIM_TRACE_LOG:4,65,1.5211,5.5556,-133.7756,30.00,0.60,4,60.0000,False,True,3.5965,60,76.76,115.514,in_progress,0.00

SIM_TRACE_LOG:4,66,1.5076,5.5256,-131.1553,15.00,0.60,3,60.0000,False,True,3.6367,60,76.76,115.561,in_progress,0.00

SIM_TRACE_LOG:4,67,1.4820,5.4631,-126.2750,15.00,0.60,3,60.0000,False,True,3.7203,60,76.76,115.66,in_progress,0.00

SIM_TRACE_LOG:4,68,1.4714,5.4299,-123.6150,-15.00,0.60,1,60.0000,False,True,3.7644,61,76.76,115.778,in_progress,0.00

SIM_TRACE_LOG:4,69,1.4414,5.3643,-121.1463,15.00,0.60,3,60.0000,False,True,3.8525,61,76.76,115.812,in_progress,0.00

SIM_TRACE_LOG:4,70,1.4221,5.3315,-121.0048,-30.00,0.60,0,60.0000,False,True,3.8969,61,76.76,115.877,in_progress,0.00

SIM_TRACE_LOG:4,71,1.4107,5.3041,-119.9482,0.00,0.60,2,60.0000,False,True,3.9251,61,76.76,115.951,in_progress,0.00

SIM_TRACE_LOG:4,72,1.3850,5.2521,-119.0186,15.00,0.60,3,60.0000,False,True,3.9251,61,76.76,116.026,in_progress,0.00

SIM_TRACE_LOG:4,73,1.3633,5.2045,-118.0444,0.00,0.60,2,60.0000,False,True,3.9737,61,76.76,116.08,in_progress,0.00

SIM_TRACE_LOG:4,74,1.3563,5.1848,-117.3081,15.00,0.60,3,60.0000,False,True,3.9981,61,76.76,116.112,in_progress,0.00

SIM_TRACE_LOG:4,75,1.3465,5.1500,-115.5334,-15.00,0.60,1,60.0000,False,True,4.0415,61,76.76,116.205,in_progress,0.00

SIM_TRACE_LOG:4,76,1.3280,5.0953,-113.9180,-15.00,0.60,1,60.0000,False,True,4.1094,61,76.76,116.288,in_progress,0.00

SIM_TRACE_LOG:4,77,1.3096,5.0552,-114.0787,-30.00,0.60,0,60.0000,False,True,4.1583,62,76.76,116.326,in_progress,0.00

SIM_TRACE_LOG:4,78,1.2936,5.0309,-115.1710,15.00,0.60,3,60.0000,False,True,4.1874,62,76.76,116.395,in_progress,0.00

SIM_TRACE_LOG:4,79,1.2682,4.9808,-115.5473,30.00,0.60,4,40.0000,False,False,4.2482,62,76.76,116.472,in_progress,0.00

SIM_TRACE_LOG:4,80,1.2565,4.9031,-110.3729,15.00,0.60,3,40.0000,False,False,4.3172,62,76.76,116.542,in_progress,0.00

SIM_TRACE_LOG:4,81,1.2569,4.8843,-108.5967,-15.00,0.60,1,40.0000,False,False,4.3172,62,76.76,116.595,in_progress,0.00

SIM_TRACE_LOG:4,82,1.2464,4.7933,-104.6949,-15.00,0.60,1,40.0000,False,False,4.3540,62,76.76,116.704,in_progress,0.00

SIM_TRACE_LOG:4,83,1.2417,4.7795,-104.9390,30.00,0.60,4,40.0000,False,False,4.3694,62,76.76,116.734,in_progress,0.00

SIM_TRACE_LOG:4,84,1.2385,4.7721,-105.3290,30.00,0.60,4,40.0000,False,False,4.3774,62,76.76,116.8,in_progress,0.00

SIM_TRACE_LOG:4,85,1.2286,4.7019,-103.2890,-15.00,0.60,1,40.0000,False,False,4.4607,62,76.76,116.873,in_progress,0.00

SIM_TRACE_LOG:4,86,1.2176,4.6358,-102.3402,0.00,0.60,2,40.0000,False,False,4.5386,63,76.76,116.937,in_progress,0.00

SIM_TRACE_LOG:4,87,1.2143,4.6231,-102.4836,0.00,0.60,2,40.0000,False,False,4.5530,63,76.76,116.996,in_progress,0.00

SIM_TRACE_LOG:4,88,1.1890,4.5420,-104.0837,15.00,0.60,3,40.0000,False,False,4.6440,63,76.76,117.103,in_progress,0.00

SIM_TRACE_LOG:4,89,1.1831,4.5234,-104.3928,-30.00,0.60,0,40.0000,False,False,4.6648,63,76.76,117.132,in_progress,0.00

SIM_TRACE_LOG:4,90,1.1790,4.5023,-103.9746,-15.00,0.60,1,40.0000,False,False,4.6894,63,76.76,117.217,in_progress,0.00

SIM_TRACE_LOG:4,91,1.1287,4.4254,-110.6191,0.00,0.60,2,40.0000,True,False,4.7090,63,76.76,117.255,off_track,0.00

[s3] Successfully uploaded metrics to                  s3 bucket base-bucket-1f3pfk38sjoqu with s3 key first-model/metrics/TrainingMetrics.json.
Training> Name=main_level/agent, Worker=0, Episode=5, Total reward=4900.0, Steps=350, Training iteration=0
Reset agent
Reset agent finished
SIM_TRACE_LOG:5,1,2.0577,4.3940,-57.7393,-30.00,0.60,0,0.0000,False,True,0.1780,64,76.76,117.425,prepare,0.00

SIM_TRACE_LOG:5,2,2.0576,4.3944,-57.7268,-15.00,0.60,1,60.0000,False,True,0.1776,64,76.76,117.513,in_progress,0.00

SIM_TRACE_LOG:5,3,2.0584,4.3896,-58.1896,-30.00,0.60,0,60.0000,False,True,0.1823,64,76.76,117.603,in_progress,0.00

SIM_TRACE_LOG:5,4,2.0600,4.3685,-60.5434,-30.00,0.60,0,60.0000,False,True,0.2008,64,76.76,117.643,in_progress,0.00

SIM_TRACE_LOG:5,5,2.0593,4.3353,-64.4670,0.00,0.60,2,60.0000,False,True,0.2269,64,76.76,117.734,in_progress,0.00

SIM_TRACE_LOG:5,6,2.0655,4.2917,-67.5968,-15.00,0.60,1,60.0000,False,True,0.2683,64,76.76,117.793,in_progress,0.00

SIM_TRACE_LOG:5,7,2.0708,4.2783,-67.6606,30.00,0.60,4,60.0000,False,True,0.2844,64,76.76,117.865,in_progress,0.00

SIM_TRACE_LOG:5,8,2.1028,4.2294,-65.2931,-30.00,0.60,0,60.0000,False,True,0.3565,65,76.76,117.917,in_progress,0.00

SIM_TRACE_LOG:5,9,2.1457,4.1428,-65.0028,30.00,0.60,4,60.0000,False,True,0.4701,65,76.76,118.016,in_progress,0.00

SIM_TRACE_LOG:5,10,2.1488,4.1246,-66.3155,-15.00,0.60,1,60.0000,False,True,0.4879,65,76.76,118.073,in_progress,0.00

SIM_TRACE_LOG:5,11,2.1623,4.0743,-68.1258,15.00,0.60,3,60.0000,False,True,0.4903,65,76.76,118.153,in_progress,0.00

SIM_TRACE_LOG:5,12,2.1713,4.0446,-68.8799,-30.00,0.60,0,60.0000,False,True,0.5010,65,76.76,118.22,in_progress,0.00

SIM_TRACE_LOG:5,13,2.1846,4.0122,-68.6609,-15.00,0.60,1,60.0000,False,True,0.5341,65,76.76,118.252,in_progress,0.00

SIM_TRACE_LOG:5,14,2.1938,3.9623,-70.8670,-30.00,0.60,0,60.0000,False,True,0.5715,65,76.76,118.33,in_progress,0.00

SIM_TRACE_LOG:5,15,2.1963,3.9440,-71.7733,30.00,0.60,4,60.0000,False,True,0.5841,65,76.76,118.408,in_progress,0.00

SIM_TRACE_LOG:5,16,2.2124,3.8866,-72.2853,30.00,0.60,4,60.0000,False,True,0.6337,65,76.76,118.452,in_progress,0.00

SIM_TRACE_LOG:5,17,2.2410,3.8333,-69.7656,-30.00,0.60,0,60.0000,False,True,0.6960,66,76.76,118.525,in_progress,0.00

SIM_TRACE_LOG:5,18,2.2632,3.7886,-68.5781,-30.00,0.60,0,60.0000,False,True,0.7462,66,76.76,118.596,in_progress,0.00

SIM_TRACE_LOG:5,19,2.2704,3.7644,-69.0494,0.00,0.60,2,60.0000,False,True,0.7675,66,76.76,118.632,in_progress,0.00

SIM_TRACE_LOG:5,20,2.2863,3.7192,-69.3019,0.00,0.60,2,60.0000,False,True,0.8104,66,76.76,118.725,in_progress,0.00

SIM_TRACE_LOG:5,21,2.3030,3.6844,-68.5328,0.00,0.60,2,60.0000,False,True,0.8487,66,76.76,118.766,in_progress,0.00

SIM_TRACE_LOG:5,22,2.3296,3.6323,-67.1903,15.00,0.60,3,40.0000,False,False,0.8826,66,76.76,118.875,in_progress,0.00

SIM_TRACE_LOG:5,23,2.3784,3.5614,-63.3948,15.00,0.60,3,40.0000,False,False,0.9622,66,76.76,118.979,in_progress,0.00

SIM_TRACE_LOG:5,24,2.4016,3.5358,-61.1555,-15.00,0.60,1,40.0000,False,False,1.0024,66,76.76,119.032,in_progress,0.00

SIM_TRACE_LOG:5,25,2.4374,3.4975,-58.1407,0.00,0.60,2,40.0000,False,False,1.0637,66,76.76,119.112,in_progress,0.00

SIM_TRACE_LOG:5,26,2.4535,3.4661,-58.8340,0.00,0.60,2,40.0000,False,False,1.0979,67,76.76,119.178,in_progress,0.00

SIM_TRACE_LOG:5,27,2.4910,3.3947,-59.8772,-30.00,0.60,0,40.0000,False,False,1.1769,67,76.76,119.292,in_progress,0.00

SIM_TRACE_LOG:5,28,2.5036,3.3565,-61.8114,30.00,0.60,4,40.0000,True,False,1.2100,67,76.76,119.352,off_track,0.00

[s3] Successfully uploaded metrics to                  s3 bucket base-bucket-1f3pfk38sjoqu with s3 key first-model/metrics/TrainingMetrics.json.
Training> Name=main_level/agent, Worker=0, Episode=6, Total reward=1480.0, Steps=378, Training iteration=0
Reset agent
Reset agent finished
SIM_TRACE_LOG:6,1,3.3260,1.8485,-139.9899,-30.00,0.60,0,0.0000,False,True,0.1822,77,76.76,119.554,prepare,0.00

SIM_TRACE_LOG:6,2,3.3259,1.8485,-140.0561,30.00,0.60,4,60.0000,False,True,0.1824,77,76.76,119.595,in_progress,0.00

SIM_TRACE_LOG:6,3,3.3255,1.8486,-140.1963,-30.00,0.60,0,60.0000,False,True,0.1827,77,76.76,119.624,in_progress,0.00

SIM_TRACE_LOG:6,4,3.3177,1.8452,-140.6456,0.00,0.60,2,40.0000,False,True,0.1939,77,76.76,119.666,in_progress,0.00

SIM_TRACE_LOG:6,5,3.2985,1.8245,-139.6504,-15.00,0.60,1,60.0000,False,True,0.2291,77,76.76,119.75,in_progress,0.00

SIM_TRACE_LOG:6,6,3.2752,1.7962,-138.1384,30.00,0.60,4,60.0000,False,True,0.2738,77,76.76,119.827,in_progress,0.00

SIM_TRACE_LOG:6,7,3.2546,1.7654,-136.0482,30.00,0.60,4,60.0000,False,True,0.3172,77,76.76,119.888,in_progress,0.00

SIM_TRACE_LOG:6,8,3.2462,1.7378,-132.6406,30.00,0.60,4,60.0000,False,True,0.3447,77,76.76,119.959,in_progress,0.00

SIM_TRACE_LOG:6,9,3.2358,1.6639,-123.0207,30.00,0.60,4,60.0000,False,True,0.4048,78,76.76,120.002,in_progress,0.00

SIM_TRACE_LOG:6,10,3.2357,1.6441,-120.3490,-15.00,0.60,1,60.0000,False,True,0.4178,78,76.76,120.094,in_progress,0.00

SIM_TRACE_LOG:6,11,3.2275,1.5731,-113.9117,15.00,0.60,3,60.0000,False,True,0.4736,78,76.76,120.184,in_progress,0.00

SIM_TRACE_LOG:6,12,3.2236,1.5043,-108.4068,30.00,0.60,4,60.0000,False,True,0.5230,78,76.76,120.242,in_progress,0.00

SIM_TRACE_LOG:6,13,3.2318,1.4519,-102.7184,30.00,0.60,4,60.0000,False,True,0.5481,78,76.76,120.31,in_progress,0.00

SIM_TRACE_LOG:6,14,3.2393,1.4248,-99.4531,30.00,0.60,4,60.0000,False,True,0.5572,78,76.76,120.372,in_progress,0.00

SIM_TRACE_LOG:6,15,3.2604,1.3736,-92.6275,-30.00,0.60,0,60.0000,False,True,0.5669,78,76.76,120.415,in_progress,0.00

SIM_TRACE_LOG:6,16,3.2787,1.3095,-87.8884,15.00,0.60,3,60.0000,False,True,0.5835,78,76.76,120.501,in_progress,0.00

SIM_TRACE_LOG:6,17,3.2968,1.2496,-84.1996,0.00,0.60,2,60.0000,False,True,0.5835,78,76.76,120.58,in_progress,0.00

SIM_TRACE_LOG:6,18,3.3131,1.1967,-81.6654,15.00,0.60,3,60.0000,False,True,0.5835,78,76.76,120.664,in_progress,0.00

SIM_TRACE_LOG:6,19,3.3320,1.1508,-78.8494,15.00,0.60,3,40.0000,False,False,0.5835,78,76.76,120.735,in_progress,0.00

SIM_TRACE_LOG:6,20,3.3471,1.1247,-76.4721,0.00,0.60,2,40.0000,False,False,0.5835,78,76.76,120.775,in_progress,0.00

SIM_TRACE_LOG:6,21,3.3658,1.0876,-74.1882,0.00,0.60,2,40.0000,False,False,0.5835,78,76.76,120.809,in_progress,0.00

SIM_TRACE_LOG:6,22,3.3755,1.0667,-73.2905,15.00,0.60,3,40.0000,False,False,0.5835,78,76.76,120.884,in_progress,0.00

SIM_TRACE_LOG:6,23,3.3933,1.0308,-71.6796,0.00,0.60,2,40.0000,False,False,0.5835,78,76.76,120.924,in_progress,0.00

SIM_TRACE_LOG:6,24,3.4108,0.9978,-70.2034,0.00,0.60,2,40.0000,True,False,0.5835,78,76.76,120.985,off_track,0.00

[s3] Successfully uploaded metrics to                  s3 bucket base-bucket-1f3pfk38sjoqu with s3 key first-model/metrics/TrainingMetrics.json.
Training> Name=main_level/agent, Worker=0, Episode=7, Total reward=1240.0, Steps=402, Training iteration=0
Reset agent
Reset agent finished
SIM_TRACE_LOG:7,1,-0.4078,1.8782,165.1833,-30.00,0.60,0,0.0000,False,True,0.1828,90,76.76,121.148,prepare,0.00

SIM_TRACE_LOG:7,2,-0.4079,1.8782,165.2095,-30.00,0.60,0,60.0000,False,True,0.1829,90,76.76,121.215,in_progress,0.00

SIM_TRACE_LOG:7,3,-0.4123,1.8816,164.6694,30.00,0.60,4,40.0000,False,True,0.1895,90,76.76,121.292,in_progress,0.00

SIM_TRACE_LOG:7,4,-0.4235,1.8879,163.7281,0.00,0.60,2,40.0000,False,True,0.2057,90,76.76,121.357,in_progress,0.00

SIM_TRACE_LOG:7,5,-0.4481,1.8922,164.4250,30.00,0.60,4,40.0000,False,True,0.2383,90,76.76,121.423,in_progress,0.00

SIM_TRACE_LOG:7,6,-0.5040,1.8911,168.1912,-30.00,0.60,0,60.0000,False,True,0.3082,90,76.76,121.513,in_progress,0.00

SIM_TRACE_LOG:7,7,-0.5318,1.8865,170.7283,0.00,0.60,2,60.0000,False,True,0.3416,90,76.76,121.601,in_progress,0.00

SIM_TRACE_LOG:7,8,-0.5960,1.8910,172.0708,30.00,0.60,4,60.0000,False,True,0.4240,90,76.76,121.649,in_progress,0.00

SIM_TRACE_LOG:7,9,-0.6305,1.8905,173.2684,-15.00,0.60,1,60.0000,False,True,0.4673,90,76.76,121.713,in_progress,0.00

SIM_TRACE_LOG:7,10,-0.6579,1.8890,174.4538,0.00,0.60,2,60.0000,False,True,0.5013,91,76.76,121.755,in_progress,0.00

SIM_TRACE_LOG:7,11,-0.6986,1.8921,174.7087,-15.00,0.60,1,60.0000,False,True,0.5535,91,76.76,121.825,in_progress,0.00

SIM_TRACE_LOG:7,12,-0.7279,1.8954,174.6157,15.00,0.60,3,60.0000,False,True,0.5915,91,76.76,121.887,in_progress,0.00

SIM_TRACE_LOG:7,13,-0.7750,1.9011,174.2174,30.00,0.60,4,60.0000,False,True,0.6528,91,76.76,121.93,in_progress,0.00

SIM_TRACE_LOG:7,14,-0.8403,1.8883,178.6310,-15.00,0.60,1,60.0000,False,True,0.7289,91,76.76,121.991,in_progress,0.00

SIM_TRACE_LOG:7,15,-0.8515,1.8845,179.7382,0.00,0.60,2,60.0000,False,True,0.7416,91,76.76,122.093,in_progress,0.00

SIM_TRACE_LOG:7,16,-0.8947,1.8773,-178.5463,-30.00,0.60,0,60.0000,False,True,0.7933,91,76.76,122.114,in_progress,0.00

SIM_TRACE_LOG:7,17,-0.9539,1.8809,-179.7149,0.00,0.60,2,60.0000,False,True,0.8688,91,76.76,122.219,in_progress,0.00

SIM_TRACE_LOG:7,18,-1.0424,1.8893,178.4833,-30.00,0.60,0,60.0000,False,True,0.9828,92,76.76,122.248,in_progress,0.00

SIM_TRACE_LOG:7,19,-1.0600,1.8904,178.4016,-30.00,0.60,0,60.0000,False,True,1.0053,92,76.76,122.33,in_progress,0.00

SIM_TRACE_LOG:7,20,-1.0810,1.8936,177.7852,15.00,0.60,3,60.0000,False,True,1.0327,92,76.76,122.425,in_progress,0.00

SIM_TRACE_LOG:7,21,-1.1368,1.8976,177.3724,30.00,0.60,4,60.0000,False,True,1.0775,92,76.76,122.485,in_progress,0.00

SIM_TRACE_LOG:7,22,-1.1736,1.8925,178.9444,0.00,0.60,2,60.0000,False,True,1.1193,92,76.76,122.531,in_progress,0.00

SIM_TRACE_LOG:7,23,-1.2444,1.8840,-179.0020,0.00,0.60,2,60.0000,False,True,1.2004,92,76.76,122.649,in_progress,0.00

SIM_TRACE_LOG:7,24,-1.2709,1.8870,-179.7987,30.00,0.60,4,60.0000,False,True,1.2338,92,76.76,122.674,in_progress,0.00

SIM_TRACE_LOG:7,25,-1.3131,1.8892,179.6014,30.00,0.60,4,60.0000,False,True,1.2857,93,76.76,122.738,in_progress,0.00

SIM_TRACE_LOG:7,26,-1.3734,1.8763,-177.3213,-30.00,0.60,0,60.0000,False,True,1.3519,93,76.76,122.834,in_progress,0.00

SIM_TRACE_LOG:7,27,-1.4153,1.8708,-176.4918,-15.00,0.60,1,60.0000,False,True,1.3997,93,76.76,122.868,in_progress,0.00

SIM_TRACE_LOG:7,28,-1.4409,1.8733,-177.4568,30.00,0.60,4,60.0000,False,True,1.4317,93,76.76,122.939,in_progress,0.00

SIM_TRACE_LOG:7,29,-1.4868,1.8750,-178.3496,15.00,0.60,3,60.0000,False,True,1.4692,93,76.76,123.063,in_progress,0.00

SIM_TRACE_LOG:7,30,-1.5586,1.8536,-173.9786,30.00,0.60,4,60.0000,False,True,1.4692,93,76.76,123.114,in_progress,0.00

SIM_TRACE_LOG:7,31,-1.5802,1.8440,-172.2007,0.00,0.60,2,60.0000,False,True,1.4692,93,76.76,123.185,in_progress,0.00

SIM_TRACE_LOG:7,32,-1.6252,1.8240,-168.9777,15.00,0.60,3,60.0000,False,True,1.4692,93,76.76,123.28,in_progress,0.00

SIM_TRACE_LOG:7,33,-1.7016,1.8002,-166.9786,-15.00,0.60,1,60.0000,False,True,1.4692,93,76.76,123.334,in_progress,0.00

SIM_TRACE_LOG:7,34,-1.7195,1.7935,-166.3038,-15.00,0.60,1,40.0000,False,False,1.4692,93,76.76,123.358,in_progress,0.00

SIM_TRACE_LOG:7,35,-1.7519,1.7891,-167.0870,0.00,0.60,2,40.0000,False,False,1.4692,93,76.76,123.422,in_progress,0.00

SIM_TRACE_LOG:7,36,-1.8352,1.7909,-171.4819,0.00,0.60,2,40.0000,False,False,1.5251,93,76.76,123.531,in_progress,0.00

SIM_TRACE_LOG:7,37,-1.8697,1.7924,-173.0632,15.00,0.60,3,40.0000,False,False,1.5567,93,76.76,123.586,in_progress,0.00

SIM_TRACE_LOG:7,38,-1.8780,1.7929,-173.4611,-30.00,0.60,0,40.0000,False,False,1.5645,93,76.76,123.62,in_progress,0.00

SIM_TRACE_LOG:7,39,-1.9253,1.7943,-174.9934,0.00,0.60,2,40.0000,False,False,1.6070,93,76.76,123.689,in_progress,0.00

SIM_TRACE_LOG:7,40,-1.9595,1.8003,-177.2278,-30.00,0.60,0,40.0000,False,False,1.6427,93,76.76,123.74,in_progress,0.00

SIM_TRACE_LOG:7,41,-2.0032,1.8087,-179.5746,30.00,0.60,4,40.0000,False,False,1.6891,94,76.76,123.784,in_progress,0.00

SIM_TRACE_LOG:7,42,-2.0881,1.8186,178.2777,0.00,0.60,2,40.0000,True,False,1.7728,94,76.76,123.912,off_track,0.00

[s3] Successfully uploaded metrics to                  s3 bucket base-bucket-1f3pfk38sjoqu with s3 key first-model/metrics/TrainingMetrics.json.
Training> Name=main_level/agent, Worker=0, Episode=8, Total reward=2220.0, Steps=444, Training iteration=0
Reset agent
Reset agent finished
## agent: Starting evaluation phase
Reset agent
Reset agent finished
[s3] Successfully uploaded metrics to                  s3 bucket base-bucket-1f3pfk38sjoqu with s3 key first-model/metrics/TrainingMetrics.json.
Testing> Name=main_level/agent, Worker=0, Episode=8, Total reward=4040.0, Steps=444, Training iteration=0
## agent: Finished evaluation phase. Success rate = 0.0, Avg Total Reward = 4040.0
## agent: Starting evaluation phase
Reset agent
Reset agent finished
[s3] Successfully uploaded metrics to                  s3 bucket base-bucket-1f3pfk38sjoqu with s3 key first-model/metrics/TrainingMetrics.json.
Testing> Name=main_level/agent, Worker=0, Episode=8, Total reward=3520.0, Steps=444, Training iteration=0
## agent: Finished evaluation phase. Success rate = 0.0, Avg Total Reward = 3520.0
## agent: Starting evaluation phase
Reset agent
Reset agent finished
[s3] Successfully uploaded metrics to                  s3 bucket base-bucket-1f3pfk38sjoqu with s3 key first-model/metrics/TrainingMetrics.json.
Testing> Name=main_level/agent, Worker=0, Episode=8, Total reward=4240.0, Steps=444, Training iteration=0
## agent: Finished evaluation phase. Success rate = 0.0, Avg Total Reward = 4240.0
## agent: Starting evaluation phase
Reset agent
Reset agent finished
