Starting as worker 1, using world 2022_march_pro and configuration training_params.yaml.
21/08/2023 00:11:34 passing arg to libvncserver: -rfbport
21/08/2023 00:11:34 passing arg to libvncserver: 5900
21/08/2023 00:11:34 x11vnc version: 0.9.13 lastmod: 2011-08-10  pid: 77
21/08/2023 00:11:34 
21/08/2023 00:11:34 wait_for_client: WAIT:0
21/08/2023 00:11:34 
21/08/2023 00:11:34 initialize_screen: fb_depth/fb_bpp/fb_Bpl 24/32/2560
21/08/2023 00:11:34 
21/08/2023 00:11:34 Listening for VNC connections on TCP port 5900
21/08/2023 00:11:34 Listening for VNC connections on TCP6 port 5900
21/08/2023 00:11:34 listen6: bind: Address already in use
21/08/2023 00:11:34 Not listening on IPv6 interface.
21/08/2023 00:11:34 

The VNC desktop is:      5cd42dbb4c50:0
PORT=5900
JWM: warning: /etc/jwm/system.jwmrc[6]: invalid include: /etc/jwm/debian-menu
IP: 10.0.0.12 172.18.0.3 10.0.1.15  (5cd42dbb4c50)
12:11:36 INFO:[DeepRacerNodeMonitor]: NodeMonitor started running
[s3] Successfully downloaded yaml file from s3 key first-model/training_params.yaml to local ./custom_files/training_params.yaml.
World name passed in YAML: 2022_march_pro
{'ALTERNATE_DRIVING_DIRECTION': 'False', 'AWS_REGION': 'us-east-1', 'BEST_MODEL_METRIC': 'progress', 'BODY_SHELL_TYPE': ['deepracer'], 'CAMERA_MAIN_ENABLE': 'True', 'CAMERA_SUB_ENABLE': 'False', 'CAR_COLOR': ['Black'], 'CAR_NAME': 'FastCar', 'CHANGE_START_POSITION': 'True', 'DISPLAY_NAME': 'FastCar', 'ENABLE_DOMAIN_RANDOMIZATION': 'False', 'JOB_TYPE': 'TRAINING', 'KINESIS_VIDEO_STREAM_NAME': '', 'METRICS_S3_BUCKET': ['base-bucket-1f3pfk38sjoqu'], 'METRICS_S3_OBJECT_KEY': ['first-model/metrics/TrainingMetrics.json'], 'MIN_EVAL_TRIALS': '5', 'MODEL_METADATA_FILE_S3_KEY': ['gpi_model_w00/custom_files/model_metadata.json'], 'NUM_WORKERS': '6', 'RACER_NAME': 'FastCar', 'RACE_TYPE': 'TIME_TRIAL', 'REVERSE_DIR': 'False', 'REWARD_FILE_S3_KEY': 'gpi_model_w00/custom_files/reward_function.py', 'ROBOMAKER_SIMULATION_JOB_ACCOUNT_ID': 'Dummy', 'ROUND_ROBIN_ADVANCE_DIST': '0.05', 'SAGEMAKER_SHARED_S3_BUCKET': ['base-bucket-1f3pfk38sjoqu'], 'SAGEMAKER_SHARED_S3_PREFIX': ['first-model'], 'SIMTRACE_S3_BUCKET': 'base-bucket-1f3pfk38sjoqu', 'SIMTRACE_S3_PREFIX': 'first-model', 'START_POSITION_OFFSET': '0.0', 'TRAINING_JOB_ARN': 'arn:Dummy', 'WORLD_NAME': '2022_march_pro'}
[s3] Successfully downloaded model metadata                  from s3 key gpi_model_w00/custom_files/model_metadata.json to local ./custom_files/racecar/model_metadata.json.
Sensor list ['FRONT_FACING_CAMERA'], network DEEP_CONVOLUTIONAL_NETWORK_SHALLOW, simapp_version 5.0, training_algorithm clipped_ppo, action_space_type discrete lidar_config {'num_sectors': 8, 'num_values_per_sector': 8, 'clipping_dist': 2.0}
12:11:38 INFO:[DeepRacerNodeMonitor]: Running nodes are {'/download_params_and_roslaunch_agent_node'}
xacro: in-order processing became default in ROS Melodic. You can drop the option.
... logging to /root/.ros/log/d102572c-3fd8-11ee-b15a-02420a00000c/roslaunch-5cd42dbb4c50-172.log
Checking log directory for disk usage. This may take a while.
Press Ctrl-C to interrupt
Done checking log file disk usage. Usage is <1GB.
]2;/opt/install/deepracer_simulation_environment/share/deepracer_simulation_environment/launch/rollout_rl_agent.launch
[1mstarted roslaunch server http://localhost:42703/[0m

SUMMARY
========

PARAMETERS
 * /ALTERNATE_DRIVING_DIRECTION: False
 * /AWS_REGION: us-east-1
 * /BEST_MODEL_METRIC: progress
 * /BODY_SHELL_TYPE: deepracer
 * /CAMERA_MAIN_ENABLE: True
 * /CAMERA_SUB_ENABLE: False
 * /CAR_COLOR: Black
 * /CAR_NAME: FastCar
 * /CHANGE_START_POSITION: True
 * /DISPLAY_NAME: FastCar
 * /ENABLE_DOMAIN_RANDOMIZATION: False
 * /JOB_TYPE: TRAINING
 * /KINESIS_VIDEO_STREAM_NAME: 
 * /METRICS_S3_BUCKET: base-bucket-1f3pf...
 * /METRICS_S3_OBJECT_KEY: first-model/metri...
 * /MIN_EVAL_TRIALS: 5
 * /MODEL_METADATA_FILE_S3_KEY: gpi_model_w00/cus...
 * /NUM_WORKERS: 6
 * /RACER_NAME: FastCar
 * /RACE_TYPE: TIME_TRIAL
 * /REVERSE_DIR: False
 * /REWARD_FILE_S3_KEY: gpi_model_w00/cus...
 * /ROBOMAKER_SIMULATION_JOB_ACCOUNT_ID: Dummy
 * /ROUND_ROBIN_ADVANCE_DIST: 0.05
 * /SAGEMAKER_SHARED_S3_BUCKET: base-bucket-1f3pf...
 * /SAGEMAKER_SHARED_S3_PREFIX: first-model
 * /SIMTRACE_S3_BUCKET: base-bucket-1f3pf...
 * /SIMTRACE_S3_PREFIX: first-model
 * /START_POSITION_OFFSET: 0.0
 * /TRAINING_JOB_ARN: arn:Dummy
 * /WORLD_NAME: 2022_march_pro
 * /racecar/gazebo_ros_control/pid_gains/left_front_wheel_joint/d: 0.0
 * /racecar/gazebo_ros_control/pid_gains/left_front_wheel_joint/i: 0.0
 * /racecar/gazebo_ros_control/pid_gains/left_front_wheel_joint/i_clamp: 0.0
 * /racecar/gazebo_ros_control/pid_gains/left_front_wheel_joint/p: 0.5
 * /racecar/gazebo_ros_control/pid_gains/left_rear_wheel_joint/d: 0.0
 * /racecar/gazebo_ros_control/pid_gains/left_rear_wheel_joint/i: 0.0
 * /racecar/gazebo_ros_control/pid_gains/left_rear_wheel_joint/i_clamp: 0.0
 * /racecar/gazebo_ros_control/pid_gains/left_rear_wheel_joint/p: 1.0
 * /racecar/gazebo_ros_control/pid_gains/left_steering_hinge_joint/d: 0.5
 * /racecar/gazebo_ros_control/pid_gains/left_steering_hinge_joint/i: 0.0
 * /racecar/gazebo_ros_control/pid_gains/left_steering_hinge_joint/p: 1.0
 * /racecar/gazebo_ros_control/pid_gains/right_front_wheel_joint/d: 0.0
 * /racecar/gazebo_ros_control/pid_gains/right_front_wheel_joint/i: 0.0
 * /racecar/gazebo_ros_control/pid_gains/right_front_wheel_joint/i_clamp: 0.0
 * /racecar/gazebo_ros_control/pid_gains/right_front_wheel_joint/p: 0.5
 * /racecar/gazebo_ros_control/pid_gains/right_rear_wheel_joint/d: 0.0
 * /racecar/gazebo_ros_control/pid_gains/right_rear_wheel_joint/i: 0.0
 * /racecar/gazebo_ros_control/pid_gains/right_rear_wheel_joint/i_clamp: 0.0
 * /racecar/gazebo_ros_control/pid_gains/right_rear_wheel_joint/p: 1.0
 * /racecar/gazebo_ros_control/pid_gains/right_steering_hinge_joint/d: 0.5
 * /racecar/gazebo_ros_control/pid_gains/right_steering_hinge_joint/i: 0.0
 * /racecar/gazebo_ros_control/pid_gains/right_steering_hinge_joint/p: 1.0
 * /racecar/joint_state_controller/publish_rate: 60
 * /racecar/joint_state_controller/type: joint_state_contr...
 * /racecar/left_front_wheel_velocity_controller/joint: left_front_wheel_...
 * /racecar/left_front_wheel_velocity_controller/pid/d: 0.0
 * /racecar/left_front_wheel_velocity_controller/pid/i: 0.0
 * /racecar/left_front_wheel_velocity_controller/pid/i_clamp: 0.0
 * /racecar/left_front_wheel_velocity_controller/pid/p: 0.5
 * /racecar/left_front_wheel_velocity_controller/type: velocity_controll...
 * /racecar/left_rear_wheel_velocity_controller/joint: left_rear_wheel_j...
 * /racecar/left_rear_wheel_velocity_controller/pid/d: 0.0
 * /racecar/left_rear_wheel_velocity_controller/pid/i: 0.0
 * /racecar/left_rear_wheel_velocity_controller/pid/i_clamp: 0.0
 * /racecar/left_rear_wheel_velocity_controller/pid/p: 1.0
 * /racecar/left_rear_wheel_velocity_controller/type: velocity_controll...
 * /racecar/left_steering_hinge_position_controller/joint: left_steering_hin...
12:11:41 INFO:[DeepRacerNodeMonitor]: Running nodes are {'/download_params_and_roslaunch_agent_node', '/racecar/controller_manager'}
12:11:43 INFO:[DeepRacerNodeMonitor]: Running nodes are {'/download_params_and_roslaunch_agent_node', '/racecar/controller_manager', '/racecar/robot_state_publisher'}
+ export PYTHONUNBUFFERED=1
+ PYTHONUNBUFFERED=1
+ ROLLOUT_IDX=1
+ python3 -m markov.rollout_worker --rollout_idx 1
12:11:48 INFO:[DeepRacerNodeMonitor]: Running nodes are {'/download_params_and_roslaunch_agent_node', '/racecar/controller_manager', '/car_reset_node', '/racecar/robot_state_publisher'}
12:11:52 INFO:[DeepRacerNodeMonitor]: Running nodes are {'/download_params_and_roslaunch_agent_node', '/racecar/robot_state_publisher', '/gazebo', '/racecar/controller_manager', '/car_reset_node'}
Publishing to KVS stream is enabled: True
12:11:53 INFO:[DeepRacerNodeMonitor]: Running nodes are {'/download_params_and_roslaunch_agent_node', '/racecar/robot_state_publisher', '/agents_video_editor', '/gazebo', '/racecar/controller_manager', '/car_reset_node'}
[31m[ERROR] [1692591113.854197372, 0.024000000]: GetModelStates: model [racecar] does not exist[0m
 * /racecar/left_st[INFO] [1692591107.646684, 0.000000]: Loading model XML from ros parameter /racecar/robot_description
[INFO] [1692591107.659195, 0.000000]: Waiting for service /gazebo/spawn_urdf_model
[INFO] [1692591113.757640, 0.000000]: Calling service /gazebo/spawn_urdf_model
[INFO] [1692591114.184461, 0.156000]: Spawn status: SpawnModel: Successfully spawned entity
[CameraManager]: Added <markov.cameras.handlers.follow_car_camera.FollowCarCamera object at 0x7f9baac2d710> to camera_namespaces racecar
[CameraManager]: Added <markov.cameras.handlers.top_camera.TopCamera object at 0x7f9baac2d2e8> to camera_namespaces racecar
[CameraManager]: Removed <markov.cameras.handlers.follow_car_camera.FollowCarCamera object at 0x7f9baac2d710> from camera_namespaces racecar
[CameraManager]: Removed <markov.cameras.handlers.top_camera.TopCamera object at 0x7f9baac2d2e8> from camera_namespaces racecar
Pausing physics after initializing the cars
Topic [2022_march_pro//racecar/main_camera/camera_link/camera_sensor/image] is not valid.
[0m[ INFO] [1692591111.213755740]: DeepRacerGazeboSystemPlugin: Load[0m
[0m[ INFO] [1692591111.217285231]: DeepRacerGazeboSystemPlugin: Finished loading.[0m
[0m[ INFO] [1692591111.384916823]: Finished loading Gazebo ROS API Plugin.[0m
[0m[ INFO] [1692591111.387756337]: waitForService: Service [/gazebo/set_physics_properties] has not been advertised, waiting...[0m
[0m[ INFO] [1692591113.552384665]: DeepRacerGazeboSystemPlugin: Init Complete[0m
[0m[ INFO] [1692591113.612408937]: waitForService: Service [/gazebo/set_physics_properties] is now available.[0m
[0m[ INFO] [1692591113.771655296]: Physics dynamic reconfigure ready.[0m
[0m[ INFO] [1692591117.238754002, 0.156000000]: Camera Plugin: Using the 'robotNamespace' param: '/racecar/'[0m
[0m[ INFO] [1692591117.241850019, 0.156000000]: Camera Plugin (ns = /racecar/)  <tf_prefix_>, set to "/racecar"[0m
[0m[ INFO] [1692591117.439791420, 0.156000000]: Loading gazebo_ros_control plugin[0m
[0m[ INFO] [1692591117.439900403, 0.156000000]: Starting gazebo_ros_control plugin in namespace: /racecar[0m
[0m[ INFO] [1692591117.444739159, 0.156000000]: gazebo_ros_control plugin is waiting for model URDF in parameter [/racecar/robot_description] on the ROS param server.[0m
[0m[ INFO] [1692591117.763359362, 0.156000000]: Loaded gazebo_ros_control.[0m
/usr/local/lib/python3.6/dist-packages/tensorflow/python/framework/dtypes.py:523: FutureWarning: Passing (type, 1) or '1type' as a synonym of type is deprecated; in a future version of numpy, it will be understood as (type, (1,)) / '(1,)type'.
  _np_qint8 = np.dtype([("qint8", np.int8, 1)])
/usr/local/lib/python3.6/dist-packages/tensorflow/python/framework/dtypes.py:524: FutureWarning: Passing (type, 1) or '1type' as a synonym of type is deprecated; in a future version of numpy, it will be understood as (type, (1,)) / '(1,)type'.
  _np_quint8 = np.dtype([("quint8", np.uint8, 1)])
/usr/local/lib/python3.6/dist-packages/tensorflow/python/framework/dtypes.py:525: FutureWarning: Passing (type, 1) or '1type' as a synonym of type is deprecated; in a future version of numpy, it will be understood as (type, (1,)) / '(1,)type'.
  _np_qint16 = np.dtype([("qint16", np.int16, 1)])
/usr/local/lib/python3.6/dist-packages/tensorflow/python/framework/dtypes.py:526: FutureWarning: Passing (type, 1) or '1type' as a synonym of type is deprecated; in a future version of numpy, it will be understood as (type, (1,)) / '(1,)type'.
  _np_quint16 = np.dtype([("quint16", np.uint16, 1)])
/usr/local/lib/python3.6/dist-packages/tensorflow/python/framework/dtypes.py:527: FutureWarning: Passing (type, 1) or '1type' as a synonym of type is deprecated; in a future version of numpy, it will be understood as (type, (1,)) / '(1,)type'.
  _np_qint32 = np.dtype([("qint32", np.int32, 1)])
/usr/local/lib/python3.6/dist-packages/tensorflow/python/framework/dtypes.py:532: FutureWarning: Passing (type, 1) or '1type' as a synonym of type is deprecated; in a future version of numpy, it will be understood as (type, (1,)) / '(1,)type'.
  np_resource = np.dtype([("resource", np.ubyte, 1)])
S3 bucket: base-bucket-1f3pfk38sjoqu
S3 prefix: first-model
S3 endpoint URL: None
[s3] Successfully downloaded reward function from s3 key gpi_model_w00/custom_files/reward_function.py to local                  ./custom_files/agent/customer_reward_function.py.
Succeed to import user's reward function
[CameraManager]: Added <markov.cameras.handlers.follow_car_camera.FollowCarCamera object at 0x7f7e63721cc0> to camera_namespaces racecar
[CameraManager]: Added <markov.cameras.handlers.top_camera.TopCamera object at 0x7f7e700b9668> to camera_namespaces racecar
[s3] Successfully downloaded model metadata                  from s3 key gpi_model_w00/custom_files/model_metadata.json to local ./custom_files/agent/model_metadata.json.
Sensor list ['FRONT_FACING_CAMERA'], network DEEP_CONVOLUTIONAL_NETWORK_SHALLOW, simapp_version 5.0, training_algorithm clipped_ppo, action_space_type discrete lidar_config {'num_sectors': 8, 'num_values_per_sector': 8, 'clipping_dist': 2.0}
Action space from file: [{'steering_angle': -30, 'speed': 0.6}, {'steering_angle': -15, 'speed': 0.6}, {'steering_angle': 0, 'speed': 0.6}, {'steering_angle': 15, 'speed': 0.6}, {'steering_angle': 30, 'speed': 0.6}]
Waiting for SageMaker Redis server IP: Time elapsed: 5 seconds
Waiting for SageMaker Redis server IP: Time elapsed: 10 seconds
Waiting for SageMaker Redis server IP: Time elapsed: 15 seconds
Waiting for SageMaker Redis server IP: Time elapsed: 20 seconds
Waiting for SageMaker Redis server IP: Time elapsed: 25 seconds
[s3] Successfully downloaded ip config from                  s3 key first-model/ip/ip.json to local ./custom_files/ip.json.
[s3] Successfully downloaded hyperparameters from                      s3 key first-model/ip/hyperparameters.json to local ./custom_files/agent/hyperparameters.json.
Using the following hyper-parameters
{
  "batch_size": 64,
  "beta_entropy": 0.01,
  "discount_factor": 0.95,
  "e_greedy_value": 0.05,
  "epsilon_steps": 10000,
  "exploration_type": "categorical",
  "loss_type": "huber",
  "lr": 0.0003,
  "num_episodes_between_training": 20,
  "num_epochs": 10,
  "stack_size": 1,
  "term_cond_avg_score": 35000.0,
  "term_cond_max_episodes": 100000
}
Exception when checking for DEEPRACER_JOB_TYPE_ENV 'LOCAL' is not a valid DeepRacerJobType
s3 failed, retry after 1.4197081570878711 seconds. Re-try count: 1/5: An error occurred (404) when calling the HeadObject operation: Not Found
s3 failed, retry after 4.23174966355485 seconds. Re-try count: 2/5: An error occurred (404) when calling the HeadObject operation: Not Found
s3 failed, retry after 9.212896910953797 seconds. Re-try count: 3/5: An error occurred (404) when calling the HeadObject operation: Not Found
s3 failed, retry after 16.215992890952613 seconds. Re-try count: 4/5: An error occurred (404) when calling the HeadObject operation: Not Found
s3 failed, retry after 25.60625834424286 seconds. Re-try count: 5/5: An error occurred (404) when calling the HeadObject operation: Not Found
s3 failed, retry after 1.389956391283305 seconds. Re-try count: 1/5: An error occurred (404) when calling the HeadObject operation: Not Found
s3 failed, retry after 4.898226714248175 seconds. Re-try count: 2/5: An error occurred (404) when calling the HeadObject operation: Not Found
s3 failed, retry after 9.284218441844212 seconds. Re-try count: 3/5: An error occurred (404) when calling the HeadObject operation: Not Found
s3 failed, retry after 16.442090671997672 seconds. Re-try count: 4/5: An error occurred (404) when calling the HeadObject operation: Not Found
s3 failed, retry after 25.51193502145053 seconds. Re-try count: 5/5: An error occurred (404) when calling the HeadObject operation: Not Found
s3 failed, retry after 1.78579107726146 seconds. Re-try count: 1/5: An error occurred (404) when calling the HeadObject operation: Not Found
s3 failed, retry after 4.872393485782554 seconds. Re-try count: 2/5: An error occurred (404) when calling the HeadObject operation: Not Found
s3 failed, retry after 9.219883083459436 seconds. Re-try count: 3/5: An error occurred (404) when calling the HeadObject operation: Not Found
s3 failed, retry after 16.001856376281637 seconds. Re-try count: 4/5: An error occurred (404) when calling the HeadObject operation: Not Found
s3 failed, retry after 25.578817623872542 seconds. Re-try count: 5/5: An error occurred (404) when calling the HeadObject operation: Not Found
[s3] Successfully downloaded 0_Step-0.ckpt.data-00000-of-00001 from                  s3 key first-model/model/0_Step-0.ckpt.data-00000-of-00001 to local checkpoint_robomaker/agent/0_Step-0.ckpt.data-00000-of-00001.
[s3] Successfully downloaded 0_Step-0.ckpt.index from                  s3 key first-model/model/0_Step-0.ckpt.index to local checkpoint_robomaker/agent/0_Step-0.ckpt.index.
[s3] Successfully downloaded 0_Step-0.ckpt.meta from                  s3 key first-model/model/0_Step-0.ckpt.meta to local checkpoint_robomaker/agent/0_Step-0.ckpt.meta.
[s3] Successfully downloaded .ready from                  s3 key first-model/model/.ready to local checkpoint_robomaker/agent/.ready.
[s3] Successfully downloaded .ready from                  s3 key first-model/model/.ready to local checkpoint_robomaker/agent/.ready.
## Creating graph - name: MultiAgentGraphManager
## Start physics before creating graph
## Create graph
## Creating agent - name: agent
[RL] Created agent loggers
[RL] Dynamic import of memory:  "DeepRacerMemoryParameters" {
    "load_memory_from_file_path": null,
    "max_size": [
        "<MemoryGranularity.Transitions: 0>",
        1000000
    ],
    "n_step": -1,
    "shared_memory": false,
    "train_to_eval_ratio": 1
}

[RL] Dynamically imported of memory <markov.memories.deepracer_memory.DeepRacerMemory object at 0x7f7e61c78a58>
[RL] Setting devices
[RL] Setting filters
[RL] Setting filter devices: numpy
[RL] Setting Phase
[RL] After setting Phase
[RL] Setting signals
[RL] Agent init successful
[RL] ActorCriticAgent init
[RL] ActorCriticAgent  init successful
## Created agent: agent
## Stop physics after creating graph
## Creating session
Creating regular session
2023-08-21 00:18:41.442111: I tensorflow/core/platform/cpu_feature_guard.cc:141] Your CPU supports instructions that this TensorFlow binary was not compiled to use: AVX512F
Checkpoint> Restoring from path=./checkpoint_robomaker/agent/0_Step-0.ckpt
Reset agent
TrackerManager: missed an _update_sim_time call
TrackerManager: missed an _update_sim_time call
Reset agent finished
[31m[ERROR] [1692591539.707481459, 35.408000000]: Updating ModelState: model [/sub_camera] does not exist[0m
SIM_TRACE_LOG:0,1,0.7787,-0.3986,-3.9996,-30.00,0.60,0,0.0000,False,True,0.1825,0,76.76,35.408,prepare,0.00

SIM_TRACE_LOG:0,2,0.7787,-0.3986,-4.0000,-30.00,0.60,0,40.0000,False,True,0.1824,0,76.76,35.493,in_progress,0.00

SIM_TRACE_LOG:0,3,0.8237,-0.4291,-10.2507,30.00,0.60,4,60.0000,False,True,0.2437,1,76.76,35.568,in_progress,0.00

SIM_TRACE_LOG:0,4,0.8402,-0.4377,-11.6857,30.00,0.60,4,60.0000,False,True,0.2659,1,76.76,35.659,in_progress,0.00

SIM_TRACE_LOG:0,5,0.8737,-0.4359,-9.6297,0.00,0.60,2,60.0000,False,True,0.3093,1,76.76,35.717,in_progress,0.00

SIM_TRACE_LOG:0,6,0.8867,-0.4343,-8.6648,0.00,0.60,2,60.0000,False,True,0.3260,1,76.76,35.738,in_progress,0.00

SIM_TRACE_LOG:0,7,0.9260,-0.4367,-7.8195,15.00,0.60,3,60.0000,False,True,0.3773,1,76.76,35.859,in_progress,0.00

SIM_TRACE_LOG:0,8,0.9980,-0.4346,-5.1197,-15.00,0.60,1,60.0000,False,True,0.4709,1,76.76,35.973,in_progress,0.00

SIM_TRACE_LOG:0,9,1.0607,-0.4391,-4.8715,-15.00,0.60,1,60.0000,False,True,0.5527,1,76.76,36.029,in_progress,0.00

SIM_TRACE_LOG:0,10,1.0959,-0.4523,-7.2492,15.00,0.60,3,60.0000,False,True,0.5999,2,76.76,36.057,in_progress,0.00

SIM_TRACE_LOG:0,11,1.1206,-0.4611,-8.6687,0.00,0.60,2,60.0000,False,True,0.6328,2,76.76,36.1,in_progress,0.00

SIM_TRACE_LOG:0,12,1.1529,-0.4675,-9.0436,-15.00,0.60,1,60.0000,False,True,0.6754,2,76.76,36.183,in_progress,0.00

SIM_TRACE_LOG:0,13,1.2040,-0.4805,-10.1576,15.00,0.60,3,60.0000,False,True,0.7431,2,76.76,36.217,in_progress,0.00

SIM_TRACE_LOG:0,14,1.2235,-0.4859,-10.6703,-30.00,0.60,0,60.0000,False,True,0.7690,2,76.76,36.282,in_progress,0.00

SIM_TRACE_LOG:0,15,1.2622,-0.4949,-10.9994,-30.00,0.60,0,60.0000,False,True,0.8205,2,76.76,36.345,in_progress,0.00

SIM_TRACE_LOG:0,16,1.3037,-0.5148,-13.2102,-15.00,0.60,1,60.0000,False,True,0.8766,2,76.76,36.409,in_progress,0.00

SIM_TRACE_LOG:0,17,1.3458,-0.5374,-16.0606,15.00,0.60,3,60.0000,False,True,0.9336,2,76.76,36.506,in_progress,0.00

SIM_TRACE_LOG:0,18,1.3838,-0.5513,-16.7826,-30.00,0.60,0,60.0000,False,True,0.9845,3,76.76,36.567,in_progress,0.00

SIM_TRACE_LOG:0,19,1.4527,-0.5747,-17.4990,30.00,0.60,4,60.0000,False,True,1.0764,3,76.76,36.644,in_progress,0.00

SIM_TRACE_LOG:0,20,1.4956,-0.5947,-18.9073,-15.00,0.60,1,60.0000,False,True,1.1343,3,76.76,36.684,in_progress,0.00

SIM_TRACE_LOG:0,21,1.5331,-0.6088,-18.8750,30.00,0.60,4,60.0000,False,True,1.1851,3,76.76,36.695,in_progress,0.00

SIM_TRACE_LOG:0,22,1.5478,-0.6154,-19.1885,-30.00,0.60,0,60.0000,False,True,1.2050,3,76.76,36.814,in_progress,0.00

SIM_TRACE_LOG:0,23,1.6221,-0.6426,-19.5748,-15.00,0.60,1,60.0000,False,True,1.3045,3,76.76,36.898,in_progress,0.00

SIM_TRACE_LOG:0,24,1.6352,-0.6513,-20.5222,30.00,0.60,4,60.0000,False,True,1.3224,3,76.76,36.943,in_progress,0.00

SIM_TRACE_LOG:0,25,1.6719,-0.6727,-22.3586,15.00,0.60,3,60.0000,False,True,1.3725,3,76.76,36.984,in_progress,0.00

SIM_TRACE_LOG:0,26,1.7583,-0.6869,-17.8863,30.00,0.60,4,60.0000,False,True,1.4861,4,76.76,37.11,in_progress,0.00

SIM_TRACE_LOG:0,27,1.7741,-0.6863,-16.5527,15.00,0.60,3,60.0000,False,True,1.5066,4,76.76,37.134,in_progress,0.00

SIM_TRACE_LOG:0,28,1.8286,-0.6818,-11.9556,30.00,0.60,4,60.0000,False,True,1.5774,4,76.76,37.23,in_progress,0.00

SIM_TRACE_LOG:0,29,1.8560,-0.6788,-9.8792,-30.00,0.60,0,60.0000,False,True,1.6127,4,76.76,37.253,in_progress,0.00

SIM_TRACE_LOG:0,30,1.9065,-0.6819,-8.6214,0.00,0.60,2,60.0000,False,True,1.6786,4,76.76,37.326,in_progress,0.00

SIM_TRACE_LOG:0,31,1.9510,-0.6937,-9.8626,0.00,0.60,2,60.0000,False,True,1.7377,4,76.76,37.411,in_progress,0.00

SIM_TRACE_LOG:0,32,2.0313,-0.7072,-9.7293,0.00,0.60,2,60.0000,False,True,1.8435,5,76.76,37.515,in_progress,0.00

SIM_TRACE_LOG:0,33,2.0504,-0.7100,-9.6284,0.00,0.60,2,60.0000,False,True,1.8686,5,76.76,37.545,in_progress,0.00

SIM_TRACE_LOG:0,34,2.0543,-0.7105,-9.6131,15.00,0.60,3,60.0000,False,True,1.8736,5,76.76,37.587,in_progress,0.00

SIM_TRACE_LOG:0,35,2.1386,-0.7090,-6.1900,-15.00,0.60,1,60.0000,False,True,1.9840,5,76.76,37.677,in_progress,0.00

SIM_TRACE_LOG:0,36,2.1546,-0.7072,-5.2671,0.00,0.60,2,60.0000,False,True,2.0045,5,76.76,37.746,in_progress,0.00

SIM_TRACE_LOG:0,37,2.2407,-0.7157,-5.4776,30.00,0.60,4,60.0000,False,True,2.1172,5,76.76,37.781,in_progress,0.00

SIM_TRACE_LOG:0,38,2.2634,-0.7189,-5.7172,0.00,0.60,2,60.0000,False,True,2.1471,5,76.76,37.906,in_progress,0.00

SIM_TRACE_LOG:0,39,2.3335,-0.7254,-5.4246,-15.00,0.60,1,60.0000,False,True,2.2387,6,76.76,37.97,in_progress,0.00

SIM_TRACE_LOG:0,40,2.3367,-0.7259,-5.4484,30.00,0.60,4,60.0000,False,True,2.2429,6,76.76,38.004,in_progress,0.00

SIM_TRACE_LOG:0,41,2.3737,-0.7364,-7.1160,0.00,0.60,2,60.0000,False,True,2.2923,6,76.76,38.086,in_progress,0.00

SIM_TRACE_LOG:0,42,2.4369,-0.7467,-7.5361,30.00,0.60,4,60.0000,False,True,2.3770,6,76.76,38.123,in_progress,0.00

SIM_TRACE_LOG:0,43,2.5115,-0.7463,-5.2167,30.00,0.60,4,60.0000,False,True,2.4737,6,76.76,38.264,in_progress,0.00

SIM_TRACE_LOG:0,44,2.5720,-0.7400,-2.5852,-15.00,0.60,1,60.0000,False,True,2.5513,6,76.76,38.268,in_progress,0.00

SIM_TRACE_LOG:0,45,2.6041,-0.7388,-1.9326,-30.00,0.60,0,60.0000,False,True,2.5928,7,76.76,38.326,in_progress,0.00

SIM_TRACE_LOG:0,46,2.6156,-0.7408,-2.3035,15.00,0.60,3,60.0000,False,True,2.6079,7,76.76,38.395,in_progress,0.00

SIM_TRACE_LOG:0,47,2.6753,-0.7474,-3.2095,30.00,0.60,4,60.0000,False,True,2.6861,7,76.76,38.481,in_progress,0.00

SIM_TRACE_LOG:0,48,2.7156,-0.7392,-0.9864,15.00,0.60,3,60.0000,False,True,2.7373,7,76.76,38.541,in_progress,0.00

SIM_TRACE_LOG:0,49,2.7449,-0.7285,1.5251,-30.00,0.60,0,60.0000,False,True,2.7750,7,76.76,38.629,in_progress,0.00

SIM_TRACE_LOG:0,50,2.8081,-0.7106,5.0678,30.00,0.60,4,60.0000,False,True,2.8545,7,76.76,38.682,in_progress,0.00

SIM_TRACE_LOG:0,51,2.8403,-0.7034,5.9755,30.00,0.60,4,60.0000,False,True,2.8953,7,76.76,38.753,in_progress,0.00

SIM_TRACE_LOG:0,52,2.8862,-0.6774,10.7227,-15.00,0.60,1,60.0000,False,True,2.9513,8,76.76,38.805,in_progress,0.00

SIM_TRACE_LOG:0,53,2.9119,-0.6588,14.0316,15.00,0.60,3,60.0000,False,True,2.9821,8,76.76,38.847,in_progress,0.00

SIM_TRACE_LOG:0,54,2.9349,-0.6441,16.1302,30.00,0.60,4,60.0000,False,True,3.0099,8,76.76,39.014,in_progress,0.00

SIM_TRACE_LOG:0,55,3.0239,-0.5687,25.8551,-30.00,0.60,0,40.0000,False,True,3.1151,8,76.76,39.051,in_progress,0.00

SIM_TRACE_LOG:0,56,3.0561,-0.5471,27.1729,-15.00,0.60,1,40.0000,False,True,3.1536,8,76.76,39.107,in_progress,0.00

SIM_TRACE_LOG:0,57,3.0809,-0.5398,26.0544,0.00,0.60,2,40.0000,False,True,3.1847,8,76.76,39.146,in_progress,0.00

SIM_TRACE_LOG:0,58,3.1209,-0.5294,24.1244,-15.00,0.60,1,40.0000,False,True,3.2351,8,76.76,39.202,in_progress,0.00

SIM_TRACE_LOG:0,59,3.1546,-0.5200,22.8957,-15.00,0.60,1,40.0000,False,True,3.2774,8,76.76,39.258,in_progress,0.00

SIM_TRACE_LOG:0,60,3.2388,-0.5103,17.8340,-30.00,0.60,0,40.0000,False,True,3.3851,9,76.76,39.39,in_progress,0.00

SIM_TRACE_LOG:0,61,3.2494,-0.5095,17.2338,0.00,0.60,2,40.0000,False,True,3.3987,9,76.76,39.406,in_progress,0.00

SIM_TRACE_LOG:0,62,3.2561,-0.5093,16.7583,-15.00,0.60,1,40.0000,False,True,3.4073,9,76.76,39.406,in_progress,0.00

SIM_TRACE_LOG:0,63,3.2841,-0.5017,16.6224,-30.00,0.60,0,40.0000,False,True,3.4425,9,76.76,39.507,in_progress,0.00

SIM_TRACE_LOG:0,64,3.3450,-0.4938,14.4293,15.00,0.60,3,40.0000,False,True,3.5203,9,76.76,39.555,in_progress,0.00

SIM_TRACE_LOG:0,65,3.3726,-0.4907,13.4289,30.00,0.60,4,40.0000,False,True,3.5547,9,76.76,39.595,in_progress,0.00

SIM_TRACE_LOG:0,66,3.4246,-0.4671,15.9482,-15.00,0.60,1,40.0000,False,True,3.6186,9,76.76,39.743,in_progress,0.00

SIM_TRACE_LOG:0,67,3.4802,-0.4398,18.4369,30.00,0.60,4,40.0000,False,True,3.6865,9,76.76,39.763,in_progress,0.00

SIM_TRACE_LOG:0,68,3.4917,-0.4360,18.4413,-15.00,0.60,1,40.0000,False,True,3.7009,9,76.76,39.84,in_progress,0.00

SIM_TRACE_LOG:0,69,3.5375,-0.4234,17.8375,-15.00,0.60,1,40.0000,False,True,3.7583,10,76.76,39.895,in_progress,0.00

SIM_TRACE_LOG:0,70,3.5855,-0.4165,15.9379,15.00,0.60,3,40.0000,False,True,3.8195,10,76.76,39.959,in_progress,0.00

SIM_TRACE_LOG:0,71,3.6302,-0.4034,15.9761,30.00,0.60,4,40.0000,False,True,3.8753,10,76.76,40.006,in_progress,0.00

SIM_TRACE_LOG:0,72,3.6818,-0.3733,19.3385,-30.00,0.60,0,40.0000,False,True,3.9354,10,76.76,40.095,in_progress,0.00

SIM_TRACE_LOG:0,73,3.7054,-0.3599,20.6866,-30.00,0.60,0,40.0000,False,True,3.9638,10,76.76,40.135,in_progress,0.00

SIM_TRACE_LOG:0,74,3.7453,-0.3494,19.7428,30.00,0.60,4,40.0000,False,True,4.0138,10,76.76,40.233,in_progress,0.00

SIM_TRACE_LOG:0,75,3.8085,-0.3298,19.1718,-15.00,0.60,1,40.0000,False,True,4.0927,10,76.76,40.26,in_progress,0.00

SIM_TRACE_LOG:0,76,3.8783,-0.3131,17.6294,15.00,0.60,3,40.0000,False,True,4.1804,11,76.76,40.339,in_progress,0.00

SIM_TRACE_LOG:0,77,3.9104,-0.3076,16.5181,-15.00,0.60,1,40.0000,False,True,4.2209,11,76.76,40.449,in_progress,0.00

SIM_TRACE_LOG:0,78,3.9232,-0.3041,16.4269,15.00,0.60,3,40.0000,False,True,4.2370,11,76.76,40.492,in_progress,0.00

SIM_TRACE_LOG:0,79,3.9836,-0.2764,18.5564,-30.00,0.60,0,40.0000,False,True,4.3109,11,76.76,40.571,in_progress,0.00

SIM_TRACE_LOG:0,80,4.0171,-0.2589,19.9564,30.00,0.60,4,40.0000,False,True,4.3606,11,76.76,40.628,in_progress,0.00

SIM_TRACE_LOG:0,81,4.0496,-0.2455,20.2794,0.00,0.60,2,40.0000,False,True,4.4009,11,76.76,40.678,in_progress,0.00

SIM_TRACE_LOG:0,82,4.0996,-0.2233,21.2423,0.00,0.60,2,20.0000,False,False,4.4627,11,76.76,40.807,in_progress,0.00

SIM_TRACE_LOG:0,83,4.1750,-0.1909,21.8553,15.00,0.60,3,20.0000,False,False,4.5561,12,76.76,40.864,in_progress,0.00

SIM_TRACE_LOG:0,84,4.1898,-0.1840,21.9961,-30.00,0.60,0,20.0000,False,False,4.5743,12,76.76,40.925,in_progress,0.00

SIM_TRACE_LOG:0,85,4.2464,-0.1616,21.7942,15.00,0.60,3,20.0000,False,False,4.6447,12,76.76,41.005,in_progress,0.00

SIM_TRACE_LOG:0,86,4.2776,-0.1515,21.2587,-30.00,0.60,0,20.0000,False,False,4.6838,12,76.76,41.052,in_progress,0.00

SIM_TRACE_LOG:0,87,4.2835,-0.1476,21.7233,0.00,0.60,2,20.0000,False,False,4.6908,12,76.76,41.081,in_progress,0.00

SIM_TRACE_LOG:0,88,4.3271,-0.1286,22.0040,0.00,0.60,2,20.0000,False,False,4.7688,12,76.76,41.168,in_progress,0.00

SIM_TRACE_LOG:0,89,4.3620,-0.1126,22.4306,15.00,0.60,3,20.0000,False,False,4.8126,12,76.76,41.222,in_progress,0.00

SIM_TRACE_LOG:0,90,4.4066,-0.0828,24.8587,30.00,0.60,4,20.0000,False,False,4.8678,12,76.76,41.287,in_progress,0.00

SIM_TRACE_LOG:0,91,4.4458,-0.0412,29.6470,-30.00,0.60,0,20.0000,False,False,4.9146,13,76.76,41.354,in_progress,0.00

SIM_TRACE_LOG:0,92,4.4784,-0.0032,33.5608,30.00,0.60,4,20.0000,True,False,4.9535,13,76.76,41.471,off_track,0.00

[s3] Successfully uploaded metrics to                  s3 bucket base-bucket-1f3pfk38sjoqu with s3 key first-model/metrics/TrainingMetrics_1.json.
Training> Name=main_level/agent, Worker=0, Episode=1, Total reward=4460.0, Steps=92, Training iteration=0
Reset agent
Reset agent finished
SIM_TRACE_LOG:1,1,4.5998,-0.7581,-3.9826,30.00,0.60,4,0.0000,False,True,0.1829,13,76.76,41.567,prepare,0.00

SIM_TRACE_LOG:1,2,4.5994,-0.7586,-4.1841,30.00,0.60,4,60.0000,False,True,0.1823,13,76.76,41.597,in_progress,0.00

SIM_TRACE_LOG:1,3,4.6071,-0.7581,-3.9611,30.00,0.60,4,60.0000,False,True,0.1924,13,76.76,41.695,in_progress,0.00

SIM_TRACE_LOG:1,4,4.6178,-0.7539,-2.7328,30.00,0.60,4,40.0000,False,True,0.2061,13,76.76,41.736,in_progress,0.00

SIM_TRACE_LOG:1,5,4.6539,-0.7360,1.5742,0.00,0.60,2,40.0000,False,True,0.2522,13,76.76,41.831,in_progress,0.00

SIM_TRACE_LOG:1,6,4.6858,-0.7197,5.3376,0.00,0.60,2,40.0000,False,True,0.2928,13,76.76,41.921,in_progress,0.00

SIM_TRACE_LOG:1,7,4.7536,-0.7131,5.3879,-15.00,0.60,1,40.0000,False,True,0.3807,14,76.76,41.967,in_progress,0.00

SIM_TRACE_LOG:1,8,4.7720,-0.7129,4.9951,0.00,0.60,2,40.0000,False,True,0.4046,14,76.76,41.998,in_progress,0.00

SIM_TRACE_LOG:1,9,4.8362,-0.7127,3.7974,0.00,0.60,2,40.0000,False,True,0.4883,14,76.76,42.097,in_progress,0.00

SIM_TRACE_LOG:1,10,4.8610,-0.7131,3.3163,15.00,0.60,3,40.0000,False,True,0.5228,14,76.76,42.19,in_progress,0.00

SIM_TRACE_LOG:1,11,4.9075,-0.7117,2.9587,30.00,0.60,4,40.0000,False,True,0.5834,14,76.76,42.227,in_progress,0.00

SIM_TRACE_LOG:1,12,4.9402,-0.7047,4.2221,0.00,0.60,2,40.0000,False,True,0.6259,14,76.76,42.292,in_progress,0.00

SIM_TRACE_LOG:1,13,5.0428,-0.6949,4.5579,30.00,0.60,4,40.0000,False,True,0.7595,15,76.76,42.418,in_progress,0.00

SIM_TRACE_LOG:1,14,5.0722,-0.6937,4.2342,-15.00,0.60,1,40.0000,False,True,0.7978,15,76.76,42.457,in_progress,0.00

SIM_TRACE_LOG:1,15,5.1002,-0.6900,4.5861,30.00,0.60,4,40.0000,False,True,0.8342,15,76.76,42.503,in_progress,0.00

SIM_TRACE_LOG:1,16,5.1380,-0.6883,4.2691,0.00,0.60,2,40.0000,False,True,0.8835,15,76.76,42.56,in_progress,0.00

SIM_TRACE_LOG:1,17,5.1626,-0.6869,4.2583,15.00,0.60,3,40.0000,False,True,0.9196,15,76.76,42.644,in_progress,0.00

SIM_TRACE_LOG:1,18,5.2410,-0.6757,5.4832,-30.00,0.60,0,40.0000,False,True,1.0221,15,76.76,42.719,in_progress,0.00

SIM_TRACE_LOG:1,19,5.2805,-0.6692,6.2821,0.00,0.60,2,40.0000,False,True,1.0738,15,76.76,42.776,in_progress,0.00

SIM_TRACE_LOG:1,20,5.3110,-0.6691,5.5193,0.00,0.60,2,40.0000,False,True,1.1135,16,76.76,42.822,in_progress,0.00

SIM_TRACE_LOG:1,21,5.3471,-0.6688,4.7819,-30.00,0.60,0,40.0000,False,True,1.1606,16,76.76,42.879,in_progress,0.00

SIM_TRACE_LOG:1,22,5.3949,-0.6695,3.7450,-15.00,0.60,1,40.0000,False,True,1.2227,16,76.76,42.996,in_progress,0.00

SIM_TRACE_LOG:1,23,5.4583,-0.6896,-1.6924,-15.00,0.60,1,40.0000,False,True,1.3118,16,76.76,43.049,in_progress,0.00

SIM_TRACE_LOG:1,24,5.4596,-0.6900,-1.7973,0.00,0.60,2,40.0000,False,True,1.3133,16,76.76,43.076,in_progress,0.00

SIM_TRACE_LOG:1,25,5.5212,-0.7100,-5.7022,-30.00,0.60,0,40.0000,False,True,1.3902,16,76.76,43.237,in_progress,0.00

SIM_TRACE_LOG:1,26,5.5931,-0.7624,-15.5022,0.00,0.60,2,60.0000,False,True,1.4755,16,76.76,43.27,in_progress,0.00

SIM_TRACE_LOG:1,27,5.6256,-0.7896,-19.6882,0.00,0.60,2,60.0000,False,True,1.5136,17,76.76,43.325,in_progress,0.00

SIM_TRACE_LOG:1,28,5.6256,-0.7896,-19.6882,-15.00,0.60,1,60.0000,False,True,1.5136,17,76.76,43.35,in_progress,0.00

SIM_TRACE_LOG:1,29,5.6816,-0.8174,-21.3284,-15.00,0.60,1,60.0000,False,True,1.5820,17,76.76,43.422,in_progress,0.00

SIM_TRACE_LOG:1,30,5.7016,-0.8270,-21.7431,30.00,0.60,4,60.0000,False,True,1.6065,17,76.76,43.493,in_progress,0.00

SIM_TRACE_LOG:1,31,5.7777,-0.8471,-19.8263,30.00,0.60,4,60.0000,False,True,1.6764,17,76.76,43.585,in_progress,0.00

SIM_TRACE_LOG:1,32,5.8240,-0.8428,-15.3406,15.00,0.60,3,60.0000,False,True,1.7361,17,76.76,43.634,in_progress,0.00

SIM_TRACE_LOG:1,33,5.8563,-0.8390,-12.4037,30.00,0.60,4,60.0000,False,True,1.7780,17,76.76,43.69,in_progress,0.00

SIM_TRACE_LOG:1,34,5.8748,-0.8372,-10.9982,30.00,0.60,4,60.0000,False,True,1.8018,17,76.76,43.74,in_progress,0.00

SIM_TRACE_LOG:1,35,5.9885,-0.8066,-0.5311,0.00,0.60,2,60.0000,False,True,1.9552,18,76.76,43.878,in_progress,0.00

SIM_TRACE_LOG:1,36,6.0211,-0.8011,0.9014,-30.00,0.60,0,60.0000,False,True,1.9980,18,76.76,43.931,in_progress,0.00

SIM_TRACE_LOG:1,37,6.0732,-0.8081,-0.6865,-15.00,0.60,1,60.0000,False,True,2.0611,18,76.76,44.012,in_progress,0.00

SIM_TRACE_LOG:1,38,6.0971,-0.8156,-2.4446,15.00,0.60,3,60.0000,False,True,2.0644,18,76.76,44.044,in_progress,0.00

SIM_TRACE_LOG:1,39,6.1277,-0.8236,-4.0864,15.00,0.60,3,60.0000,False,True,2.0790,18,76.76,44.093,in_progress,0.00

SIM_TRACE_LOG:1,40,6.1692,-0.8231,-3.3082,15.00,0.60,3,60.0000,False,True,2.1281,18,76.76,44.158,in_progress,0.00

SIM_TRACE_LOG:1,41,6.2301,-0.8138,-0.3930,0.00,0.60,2,60.0000,False,True,2.2051,18,76.76,44.253,in_progress,0.00

SIM_TRACE_LOG:1,42,6.2481,-0.8115,0.2008,15.00,0.60,3,60.0000,False,True,2.2275,18,76.76,44.296,in_progress,0.00

SIM_TRACE_LOG:1,43,6.2865,-0.8064,1.3817,15.00,0.60,3,60.0000,False,True,2.2755,19,76.76,44.385,in_progress,0.00

SIM_TRACE_LOG:1,44,6.3723,-0.7833,5.9587,30.00,0.60,4,60.0000,False,True,2.3895,19,76.76,44.469,in_progress,0.00

SIM_TRACE_LOG:1,45,6.3723,-0.7833,5.9587,-15.00,0.60,1,60.0000,False,True,2.3895,19,76.76,44.47,in_progress,0.00

SIM_TRACE_LOG:1,46,6.4280,-0.7594,10.1958,15.00,0.60,3,60.0000,False,True,2.4565,19,76.76,44.554,in_progress,0.00

SIM_TRACE_LOG:1,47,6.5453,-0.7003,17.6791,-30.00,0.60,0,60.0000,False,True,2.5848,19,76.76,44.745,in_progress,0.00

SIM_TRACE_LOG:1,48,6.5523,-0.6955,18.4031,-15.00,0.60,1,60.0000,False,True,2.5959,19,76.76,44.77,in_progress,0.00

SIM_TRACE_LOG:1,49,6.5948,-0.6833,17.9858,0.00,0.60,2,60.0000,False,True,2.6506,19,76.76,44.923,in_progress,0.00

SIM_TRACE_LOG:1,50,6.6713,-0.6702,15.5984,-30.00,0.60,0,60.0000,False,True,2.7429,20,76.76,44.973,in_progress,0.00

SIM_TRACE_LOG:1,51,6.7625,-0.6737,9.4045,-30.00,0.60,0,60.0000,False,True,2.8389,20,76.76,45.076,in_progress,0.00

SIM_TRACE_LOG:1,52,6.7948,-0.6822,6.1069,30.00,0.60,4,60.0000,False,True,2.8487,20,76.76,45.12,in_progress,0.00

SIM_TRACE_LOG:1,53,6.8328,-0.6897,3.1498,0.00,0.60,2,60.0000,False,True,2.8487,20,76.76,45.174,in_progress,0.00

SIM_TRACE_LOG:1,54,6.8457,-0.6889,3.1210,-15.00,0.60,1,60.0000,False,True,2.8497,20,76.76,45.296,in_progress,0.00

SIM_TRACE_LOG:1,55,6.9752,-0.7017,-0.5371,30.00,0.60,4,40.0000,False,False,2.9669,20,76.76,45.384,in_progress,0.00

SIM_TRACE_LOG:1,56,7.0212,-0.7079,-1.9354,15.00,0.60,3,40.0000,False,False,3.0071,20,76.76,45.453,in_progress,0.00

SIM_TRACE_LOG:1,57,7.0659,-0.7006,0.1466,15.00,0.60,3,40.0000,False,False,3.0575,21,76.76,45.454,in_progress,0.00

SIM_TRACE_LOG:1,58,7.0939,-0.6917,2.0071,30.00,0.60,4,40.0000,False,False,3.0928,21,76.76,45.564,in_progress,0.00

SIM_TRACE_LOG:1,59,7.1771,-0.6558,9.0866,0.00,0.60,2,40.0000,False,False,3.2055,21,76.76,45.699,in_progress,0.00

SIM_TRACE_LOG:1,60,7.2071,-0.6463,10.3566,15.00,0.60,3,40.0000,False,False,3.2411,21,76.76,45.749,in_progress,0.00

SIM_TRACE_LOG:1,61,7.2368,-0.6398,10.5929,0.00,0.60,2,40.0000,False,False,3.2411,21,76.76,45.797,in_progress,0.00

SIM_TRACE_LOG:1,62,7.2684,-0.6313,11.1974,0.00,0.60,2,40.0000,False,False,3.2411,21,76.76,45.846000000000004,in_progress,0.00

SIM_TRACE_LOG:1,63,7.2922,-0.6269,11.1111,15.00,0.60,3,40.0000,False,False,3.2524,21,76.76,45.96,in_progress,0.00

SIM_TRACE_LOG:1,64,7.3504,-0.6069,12.9030,-15.00,0.60,1,40.0000,True,False,3.3236,21,76.76,46.031,off_track,0.00

[s3] Successfully uploaded metrics to                  s3 bucket base-bucket-1f3pfk38sjoqu with s3 key first-model/metrics/TrainingMetrics_1.json.
Training> Name=main_level/agent, Worker=0, Episode=2, Total reward=3140.0, Steps=156, Training iteration=0
Reset agent
Reset agent finished
SIM_TRACE_LOG:2,1,7.5634,1.0987,70.1338,15.00,0.60,3,0.0000,False,True,0.1827,26,76.76,46.211,prepare,0.00

SIM_TRACE_LOG:2,2,7.5638,1.0992,70.0880,-30.00,0.60,0,60.0000,False,True,0.1835,26,76.76,46.273,in_progress,0.00

SIM_TRACE_LOG:2,3,7.5688,1.1053,69.5281,15.00,0.60,3,60.0000,False,True,0.1932,26,76.76,46.347,in_progress,0.00

SIM_TRACE_LOG:2,4,7.5733,1.1095,68.8652,0.00,0.60,2,60.0000,False,True,0.2004,26,76.76,46.416,in_progress,0.00

SIM_TRACE_LOG:2,5,7.5925,1.1534,68.2804,0.00,0.60,2,60.0000,False,True,0.2597,26,76.76,46.486,in_progress,0.00

SIM_TRACE_LOG:2,6,7.6102,1.1960,68.1027,0.00,0.60,2,60.0000,False,True,0.3182,26,76.76,46.599,in_progress,0.00

SIM_TRACE_LOG:2,7,7.6610,1.3158,67.6611,0.00,0.60,2,60.0000,False,True,0.4833,27,76.76,46.78,in_progress,0.00

SIM_TRACE_LOG:2,8,7.6693,1.3377,67.8317,30.00,0.60,4,60.0000,False,True,0.5133,27,76.76,46.803,in_progress,0.00

SIM_TRACE_LOG:2,9,7.6812,1.3711,68.1901,-30.00,0.60,0,60.0000,False,True,0.5588,27,76.76,46.876,in_progress,0.00

SIM_TRACE_LOG:2,10,7.7011,1.4164,67.7617,-15.00,0.60,1,60.0000,False,True,0.6014,27,76.76,46.93,in_progress,0.00

SIM_TRACE_LOG:2,11,7.7629,1.4862,61.0673,0.00,0.60,2,60.0000,False,True,0.6908,27,76.76,47.058,in_progress,0.00

SIM_TRACE_LOG:2,12,7.7951,1.5269,59.0995,30.00,0.60,4,60.0000,False,True,0.7430,27,76.76,47.135,in_progress,0.00

SIM_TRACE_LOG:2,13,7.8167,1.5596,58.6551,15.00,0.60,3,60.0000,False,True,0.7851,27,76.76,47.192,in_progress,0.00

SIM_TRACE_LOG:2,14,7.8314,1.5894,59.3538,-30.00,0.60,0,60.0000,False,True,0.8236,28,76.76,47.242,in_progress,0.00

SIM_TRACE_LOG:2,15,7.8398,1.6172,61.0416,-15.00,0.60,1,60.0000,False,True,0.8596,28,76.76,47.287,in_progress,0.00

SIM_TRACE_LOG:2,16,7.8686,1.6641,60.4349,15.00,0.60,3,60.0000,False,True,0.9200,28,76.76,47.369,in_progress,0.00

SIM_TRACE_LOG:2,17,7.8921,1.7173,61.7245,15.00,0.60,3,60.0000,False,True,0.9867,28,76.76,47.456,in_progress,0.00

SIM_TRACE_LOG:2,18,7.8980,1.7473,63.8929,30.00,0.60,4,60.0000,False,True,0.9867,28,76.76,47.503,in_progress,0.00

SIM_TRACE_LOG:2,19,7.9004,1.7638,65.1338,30.00,0.60,4,60.0000,False,True,0.9867,28,76.76,47.594,in_progress,0.00

SIM_TRACE_LOG:2,20,7.9074,1.8433,70.6248,-15.00,0.60,1,60.0000,False,True,1.0830,28,76.76,47.615,in_progress,0.00

SIM_TRACE_LOG:2,21,7.9119,1.8807,72.4847,0.00,0.60,2,60.0000,False,True,1.1297,28,76.76,47.693,in_progress,0.00

SIM_TRACE_LOG:2,22,7.9207,1.9099,72.5787,-30.00,0.60,0,60.0000,False,True,1.1648,28,76.76,47.756,in_progress,0.00

SIM_TRACE_LOG:2,23,7.9452,1.9574,70.8267,-15.00,0.60,1,60.0000,False,True,1.2195,29,76.76,47.83,in_progress,0.00

SIM_TRACE_LOG:2,24,7.9694,1.9868,67.8301,-30.00,0.60,0,60.0000,False,True,1.2510,29,76.76,47.945,in_progress,0.00

SIM_TRACE_LOG:2,25,7.9965,2.0219,65.0293,15.00,0.60,3,60.0000,False,True,1.2891,29,76.76,47.994,in_progress,0.00

SIM_TRACE_LOG:2,26,8.0238,2.0806,64.9907,-30.00,0.60,0,60.0000,False,True,1.3573,29,76.76,48.023,in_progress,0.00

SIM_TRACE_LOG:2,27,8.0242,2.0825,65.1364,15.00,0.60,3,60.0000,False,True,1.3597,29,76.76,48.105,in_progress,0.00

SIM_TRACE_LOG:2,28,8.0432,2.1273,65.5287,0.00,0.60,2,60.0000,False,True,1.3788,29,76.76,48.106,in_progress,0.00

SIM_TRACE_LOG:2,29,8.0664,2.1837,66.0350,30.00,0.60,4,40.0000,False,False,1.4048,29,76.76,48.247,in_progress,0.00

SIM_TRACE_LOG:2,30,8.0911,2.2472,66.7415,15.00,0.60,3,40.0000,False,False,1.4744,29,76.76,48.331,in_progress,0.00

SIM_TRACE_LOG:2,31,8.0957,2.2771,68.5564,0.00,0.60,2,40.0000,False,False,1.5099,29,76.76,48.372,in_progress,0.00

SIM_TRACE_LOG:2,32,8.0995,2.3040,70.0922,0.00,0.60,2,40.0000,False,False,1.5419,29,76.76,48.439,in_progress,0.00

SIM_TRACE_LOG:2,33,8.1052,2.3399,71.7427,0.00,0.60,2,40.0000,False,False,1.5844,30,76.76,48.488,in_progress,0.00

SIM_TRACE_LOG:2,34,8.1128,2.3945,74.0111,0.00,0.60,2,40.0000,False,False,1.6495,30,76.76,48.598,in_progress,0.00

SIM_TRACE_LOG:2,35,8.1173,2.4376,75.8050,30.00,0.60,4,40.0000,False,False,1.7015,30,76.76,48.67,in_progress,0.00

SIM_TRACE_LOG:2,36,8.1196,2.5105,79.3077,-15.00,0.60,1,40.0000,False,False,1.7713,30,76.76,48.696,in_progress,0.00

SIM_TRACE_LOG:2,37,8.1182,2.5195,80.1145,-30.00,0.60,0,40.0000,False,False,1.7713,30,76.76,48.773,in_progress,0.00

SIM_TRACE_LOG:2,38,8.1235,2.5639,80.7619,15.00,0.60,3,40.0000,True,False,1.8160,30,76.76,48.854,off_track,0.00

[s3] Successfully uploaded metrics to                  s3 bucket base-bucket-1f3pfk38sjoqu with s3 key first-model/metrics/TrainingMetrics_1.json.
Training> Name=main_level/agent, Worker=0, Episode=3, Total reward=2020.0, Steps=194, Training iteration=0
Reset agent
Reset agent finished
SIM_TRACE_LOG:3,1,7.0585,4.8249,109.1103,-15.00,0.60,1,0.0000,False,True,0.1825,39,76.76,48.97,prepare,0.00

SIM_TRACE_LOG:3,2,7.0585,4.8251,109.0885,15.00,0.60,3,40.0000,False,True,0.1828,39,76.76,49.133,in_progress,0.00

SIM_TRACE_LOG:3,3,7.0291,4.8597,112.8944,30.00,0.60,4,40.0000,False,True,0.2378,39,76.76,49.227,in_progress,0.00

SIM_TRACE_LOG:3,4,7.0118,4.8767,115.1547,30.00,0.60,4,40.0000,False,True,0.2662,39,76.76,49.335,in_progress,0.00

SIM_TRACE_LOG:3,5,6.9270,4.9330,126.4059,30.00,0.60,4,50.0000,False,True,0.3790,39,76.76,49.433,in_progress,0.00

SIM_TRACE_LOG:3,6,6.9236,4.9350,126.8156,30.00,0.60,4,50.0000,False,True,0.3831,39,76.76,49.5,in_progress,0.00

SIM_TRACE_LOG:3,7,6.8652,4.9611,133.8973,-15.00,0.60,1,50.0000,False,True,0.4440,39,76.76,49.59,in_progress,0.00

SIM_TRACE_LOG:3,8,6.8210,4.9905,136.5301,30.00,0.60,4,50.0000,False,True,0.5016,40,76.76,49.627,in_progress,0.00

SIM_TRACE_LOG:3,9,6.7845,5.0189,137.4524,-15.00,0.60,1,50.0000,False,True,0.5541,40,76.76,49.698,in_progress,0.00

SIM_TRACE_LOG:3,10,6.7530,5.0431,138.3394,-30.00,0.60,0,50.0000,False,True,0.5990,40,76.76,49.755,in_progress,0.00

SIM_TRACE_LOG:3,11,6.7248,5.0729,137.5126,0.00,0.60,2,50.0000,False,True,0.6492,40,76.76,49.833,in_progress,0.00

SIM_TRACE_LOG:3,12,6.6807,5.1119,137.6659,30.00,0.60,4,50.0000,False,True,0.7497,40,76.76,49.905,in_progress,0.00

SIM_TRACE_LOG:3,13,6.6757,5.1162,137.6888,-30.00,0.60,0,50.0000,False,True,0.7577,40,76.76,49.941,in_progress,0.00

SIM_TRACE_LOG:3,14,6.6246,5.1605,138.0510,-15.00,0.60,1,50.0000,False,True,0.8403,40,76.76,50.012,in_progress,0.00

SIM_TRACE_LOG:3,15,6.6064,5.1848,136.6829,15.00,0.60,3,50.0000,False,True,0.8794,40,76.76,50.069,in_progress,0.00

SIM_TRACE_LOG:3,16,6.5608,5.2329,135.9851,-30.00,0.60,0,50.0000,False,True,0.9628,41,76.76,50.154,in_progress,0.00

SIM_TRACE_LOG:3,17,6.5491,5.2417,136.4625,-15.00,0.60,1,50.0000,False,True,0.9801,41,76.76,50.236,in_progress,0.00

SIM_TRACE_LOG:3,18,6.5078,5.2868,135.6723,-30.00,0.60,0,50.0000,False,True,1.1315,41,76.76,50.282,in_progress,0.00

SIM_TRACE_LOG:3,19,6.4925,5.3164,133.3889,30.00,0.60,4,50.0000,False,True,1.1741,41,76.76,50.322,in_progress,0.00

SIM_TRACE_LOG:3,20,6.4679,5.3660,129.6191,30.00,0.60,4,50.0000,False,True,1.2444,41,76.76,50.424,in_progress,0.00

SIM_TRACE_LOG:3,21,6.4362,5.3977,130.4337,-15.00,0.60,1,50.0000,False,True,1.3024,42,76.76,50.493,in_progress,0.00

SIM_TRACE_LOG:3,22,6.3980,5.4337,131.6184,-15.00,0.60,1,50.0000,False,True,1.3702,42,76.76,50.539,in_progress,0.00

SIM_TRACE_LOG:3,23,6.3783,5.4547,131.8027,30.00,0.60,4,50.0000,False,True,1.4077,42,76.76,50.623,in_progress,0.00

SIM_TRACE_LOG:3,24,6.3435,5.4860,132.8222,30.00,0.60,4,50.0000,False,True,1.5472,42,76.76,50.65,in_progress,0.00

SIM_TRACE_LOG:3,25,6.2836,5.5126,138.5742,0.00,0.60,2,50.0000,False,True,1.6294,42,76.76,50.759,in_progress,0.00

SIM_TRACE_LOG:3,26,6.2360,5.5374,141.5316,0.00,0.60,2,50.0000,False,True,1.6977,43,76.76,50.812,in_progress,0.00

SIM_TRACE_LOG:3,27,6.2277,5.5437,141.5845,-30.00,0.60,0,50.0000,False,True,1.7114,43,76.76,50.899,in_progress,0.00

SIM_TRACE_LOG:3,28,6.1680,5.6057,139.1216,-30.00,0.60,0,50.0000,False,True,1.8227,43,76.76,50.952,in_progress,0.00

SIM_TRACE_LOG:3,29,6.1377,5.6538,135.4926,15.00,0.60,3,50.0000,False,True,1.9661,43,76.76,51.046,in_progress,0.00

SIM_TRACE_LOG:3,30,6.1275,5.6749,133.4872,15.00,0.60,3,50.0000,False,True,1.9911,43,76.76,51.101,in_progress,0.00

SIM_TRACE_LOG:3,31,6.0950,5.7142,132.7210,15.00,0.60,3,50.0000,False,True,2.0529,43,76.76,51.158,in_progress,0.00

SIM_TRACE_LOG:3,32,6.0644,5.7351,134.7115,0.00,0.60,2,50.0000,False,True,2.1010,44,76.76,51.213,in_progress,0.00

SIM_TRACE_LOG:3,33,6.0358,5.7540,136.5622,15.00,0.60,3,50.0000,False,True,2.1454,44,76.76,51.298,in_progress,0.00

SIM_TRACE_LOG:3,34,5.9931,5.7793,139.0989,15.00,0.60,3,50.0000,False,True,2.2102,44,76.76,51.338,in_progress,0.00

SIM_TRACE_LOG:3,35,5.9558,5.7982,141.4723,-15.00,0.60,1,40.0000,False,True,2.3129,44,76.76,51.399,in_progress,0.00

SIM_TRACE_LOG:3,36,5.9063,5.8275,143.2900,0.00,0.60,2,40.0000,False,True,2.3867,44,76.76,51.508,in_progress,0.00

SIM_TRACE_LOG:3,37,5.8780,5.8563,141.8839,15.00,0.60,3,40.0000,False,True,2.4344,44,76.76,51.545,in_progress,0.00

SIM_TRACE_LOG:3,38,5.8562,5.8740,141.7493,-30.00,0.60,0,40.0000,False,True,2.4691,45,76.76,51.641,in_progress,0.00

SIM_TRACE_LOG:3,39,5.8041,5.9195,140.9979,30.00,0.60,4,40.0000,False,True,2.5535,45,76.76,51.698,in_progress,0.00

SIM_TRACE_LOG:3,40,5.7815,5.9476,139.1827,-15.00,0.60,1,40.0000,False,True,2.5940,45,76.76,51.769,in_progress,0.00

SIM_TRACE_LOG:3,41,5.7483,5.9819,138.2180,0.00,0.60,2,40.0000,False,True,2.6757,45,76.76,51.803,in_progress,0.00

SIM_TRACE_LOG:3,42,5.7192,6.0193,136.1725,30.00,0.60,4,40.0000,False,True,2.7239,45,76.76,51.873,in_progress,0.00

SIM_TRACE_LOG:3,43,5.7049,6.0355,135.7010,-30.00,0.60,0,40.0000,False,True,2.7469,45,76.76,51.95,in_progress,0.00

SIM_TRACE_LOG:3,44,5.6674,6.0679,136.3612,30.00,0.60,4,40.0000,False,True,2.8043,45,76.76,51.989,in_progress,0.00

SIM_TRACE_LOG:3,45,5.6218,6.1076,136.8159,-15.00,0.60,1,40.0000,False,True,2.8741,46,76.76,52.088,in_progress,0.00

SIM_TRACE_LOG:3,46,5.5803,6.1501,136.1775,-15.00,0.60,1,40.0000,False,True,2.9396,46,76.76,52.153,in_progress,0.00

SIM_TRACE_LOG:3,47,5.5657,6.1694,135.2150,-15.00,0.60,1,40.0000,False,True,2.9640,46,76.76,52.19,in_progress,0.00

SIM_TRACE_LOG:3,48,5.5423,6.2108,132.4264,15.00,0.60,3,60.0000,False,True,3.0062,46,76.76,52.257,in_progress,0.00

SIM_TRACE_LOG:3,49,5.4939,6.2683,131.8760,-15.00,0.60,1,60.0000,False,True,3.0801,46,76.76,52.355,in_progress,0.00

SIM_TRACE_LOG:3,50,5.4662,6.2973,132.2909,0.00,0.60,2,60.0000,False,True,3.1223,46,76.76,52.43,in_progress,0.00

SIM_TRACE_LOG:3,51,5.4500,6.3209,131.4648,15.00,0.60,3,60.0000,False,True,3.1484,46,76.76,52.475,in_progress,0.00

SIM_TRACE_LOG:3,52,5.4150,6.3575,131.9474,15.00,0.60,3,60.0000,False,True,3.2018,46,76.76,52.555,in_progress,0.00

SIM_TRACE_LOG:3,53,5.3856,6.3834,133.0078,30.00,0.60,4,60.0000,False,True,3.2453,47,76.76,52.611,in_progress,0.00

SIM_TRACE_LOG:3,54,5.3689,6.3963,133.7050,0.00,0.60,2,60.0000,False,True,3.2698,47,76.76,52.643,in_progress,0.00

SIM_TRACE_LOG:3,55,5.3087,6.4531,134.5735,30.00,0.60,4,60.0000,False,True,3.3599,47,76.76,52.77,in_progress,0.00

SIM_TRACE_LOG:3,56,5.2406,6.5004,137.8000,-15.00,0.60,1,60.0000,False,True,3.4613,47,76.76,52.895,in_progress,0.00

SIM_TRACE_LOG:3,57,5.2151,6.5120,139.9096,-15.00,0.60,1,60.0000,False,True,3.4966,47,76.76,52.964,in_progress,0.00

SIM_TRACE_LOG:3,58,5.1609,6.5777,136.6832,-30.00,0.60,0,60.0000,False,True,3.5819,47,76.76,53.082,in_progress,0.00

SIM_TRACE_LOG:3,59,5.1432,6.6071,134.4399,30.00,0.60,4,60.0000,False,True,3.6117,47,76.76,53.122,in_progress,0.00

SIM_TRACE_LOG:3,60,5.1362,6.6193,133.4945,30.00,0.60,4,60.0000,False,True,3.6236,47,76.76,53.149,in_progress,0.00

SIM_TRACE_LOG:3,61,5.1055,6.6458,134.4341,0.00,0.60,2,60.0000,False,True,3.6693,48,76.76,53.23,in_progress,0.00

SIM_TRACE_LOG:3,62,5.0330,6.7079,136.1085,-30.00,0.60,0,60.0000,False,True,3.7772,48,76.76,53.348,in_progress,0.00

SIM_TRACE_LOG:3,63,5.0131,6.7342,134.9271,-30.00,0.60,0,60.0000,False,True,3.8090,48,76.76,53.397,in_progress,0.00

SIM_TRACE_LOG:3,64,5.0011,6.7532,133.8037,30.00,0.60,4,60.0000,False,True,3.8334,48,76.76,53.433,in_progress,0.00

SIM_TRACE_LOG:3,65,4.9865,6.7762,132.4380,30.00,0.60,4,60.0000,False,True,3.8579,48,76.76,53.527,in_progress,0.00

SIM_TRACE_LOG:3,66,4.9550,6.8062,133.1224,-30.00,0.60,0,60.0000,False,True,3.9056,48,76.76,53.545,in_progress,0.00

SIM_TRACE_LOG:3,67,4.9043,6.8499,134.6849,-30.00,0.60,0,40.0000,False,False,3.9814,48,76.76,53.577,in_progress,0.00

SIM_TRACE_LOG:3,68,4.8921,6.8652,134.2089,30.00,0.60,4,40.0000,False,False,4.0009,48,76.76,53.698,in_progress,0.00

SIM_TRACE_LOG:3,69,4.8593,6.9018,133.7422,15.00,0.60,3,40.0000,False,False,4.0520,49,76.76,53.761,in_progress,0.00

SIM_TRACE_LOG:3,70,4.8082,6.9385,136.4168,-15.00,0.60,1,40.0000,False,False,4.1265,49,76.76,53.827,in_progress,0.00

SIM_TRACE_LOG:3,71,4.7707,6.9688,137.3606,30.00,0.60,4,40.0000,False,False,4.1821,49,76.76,53.888,in_progress,0.00

SIM_TRACE_LOG:3,72,4.7570,6.9832,136.9959,15.00,0.60,3,40.0000,False,False,4.2033,49,76.76,53.993,in_progress,0.00

SIM_TRACE_LOG:3,73,4.6547,7.0281,144.8188,-30.00,0.60,0,40.0000,False,False,4.3409,49,76.76,54.076,in_progress,0.00

SIM_TRACE_LOG:3,74,4.6376,7.0339,146.1388,-15.00,0.60,1,40.0000,False,False,4.3642,49,76.76,54.11,in_progress,0.00

SIM_TRACE_LOG:3,75,4.5985,7.0544,147.3466,0.00,0.60,2,40.0000,False,False,4.4192,50,76.76,54.171,in_progress,0.00

SIM_TRACE_LOG:3,76,4.5698,7.0698,147.9937,30.00,0.60,4,40.0000,False,False,4.4598,50,76.76,54.216,in_progress,0.00

SIM_TRACE_LOG:3,77,4.5230,7.0914,149.4756,-30.00,0.60,0,40.0000,True,False,4.5249,50,76.76,54.292,off_track,0.00

[s3] Successfully uploaded metrics to                  s3 bucket base-bucket-1f3pfk38sjoqu with s3 key first-model/metrics/TrainingMetrics_1.json.
Training> Name=main_level/agent, Worker=0, Episode=4, Total reward=3720.0, Steps=271, Training iteration=0
Reset agent
Reset agent finished
[s3] Successfully uploaded simtrace_training to              s3 bucket base-bucket-1f3pfk38sjoqu with s3 key first-model/1/training-simtrace/0-iteration.csv.
[s3] Successfully downloaded 1_Step-1368.ckpt.data-00000-of-00001 from                  s3 key first-model/model/1_Step-1368.ckpt.data-00000-of-00001 to local checkpoint_robomaker/agent/1_Step-1368.ckpt.data-00000-of-00001.
[s3] Successfully downloaded 1_Step-1368.ckpt.index from                  s3 key first-model/model/1_Step-1368.ckpt.index to local checkpoint_robomaker/agent/1_Step-1368.ckpt.index.
[s3] Successfully downloaded 1_Step-1368.ckpt.meta from                  s3 key first-model/model/1_Step-1368.ckpt.meta to local checkpoint_robomaker/agent/1_Step-1368.ckpt.meta.
[s3] Successfully downloaded .ready from                  s3 key first-model/model/.ready to local checkpoint_robomaker/agent/.ready.
Checkpoint> Restoring from path=./checkpoint_robomaker/agent/1_Step-1368.ckpt
Reset agent
Reset agent finished
SIM_TRACE_LOG:4,1,3.8908,6.4618,174.8570,15.00,0.60,3,0.0000,False,True,0.1821,51,76.76,123.331,prepare,0.00

SIM_TRACE_LOG:4,2,3.8909,6.4618,174.8719,-15.00,0.60,1,60.0000,False,True,0.1820,51,76.76,123.394,in_progress,0.00

SIM_TRACE_LOG:4,3,3.8893,6.4617,174.9441,15.00,0.60,3,60.0000,False,True,0.1842,51,76.76,123.46,in_progress,0.00

SIM_TRACE_LOG:4,4,3.8674,6.4550,177.1705,0.00,0.60,2,60.0000,False,True,0.2125,52,76.76,123.512,in_progress,0.00

SIM_TRACE_LOG:4,5,3.8484,6.4474,179.2634,0.00,0.60,2,40.0000,False,True,0.2370,52,76.76,123.557,in_progress,0.00

SIM_TRACE_LOG:4,6,3.8021,6.4386,-178.5537,-15.00,0.60,1,40.0000,False,True,0.2970,52,76.76,123.646,in_progress,0.00

SIM_TRACE_LOG:4,7,3.7570,6.4336,-177.6482,-30.00,0.60,0,40.0000,False,True,0.3555,52,76.76,123.716,in_progress,0.00

SIM_TRACE_LOG:4,8,3.7087,6.4322,-177.6470,30.00,0.60,4,40.0000,False,True,0.4184,52,76.76,123.782,in_progress,0.00

SIM_TRACE_LOG:4,9,3.7008,6.4335,-178.1508,0.00,0.60,2,40.0000,False,True,0.4287,52,76.76,123.86,in_progress,0.00

SIM_TRACE_LOG:4,10,3.6279,6.4185,-175.2452,0.00,0.60,2,40.0000,False,True,0.5231,52,76.76,123.909,in_progress,0.00

SIM_TRACE_LOG:4,11,3.5931,6.4054,-172.8273,-30.00,0.60,0,40.0000,False,True,0.5680,52,76.76,123.965,in_progress,0.00

SIM_TRACE_LOG:4,12,3.5539,6.3983,-172.2401,15.00,0.60,3,40.0000,False,True,0.6188,53,76.76,124.024,in_progress,0.00

SIM_TRACE_LOG:4,13,3.4990,6.3917,-172.4283,-30.00,0.60,0,40.0000,False,True,0.6900,53,76.76,124.138,in_progress,0.00

SIM_TRACE_LOG:4,14,3.4394,6.3818,-171.7873,-15.00,0.60,1,40.0000,False,True,0.7674,53,76.76,124.192,in_progress,0.00

SIM_TRACE_LOG:4,15,3.4259,6.3824,-172.3225,-15.00,0.60,1,40.0000,False,True,0.7849,53,76.76,124.316,in_progress,0.00

SIM_TRACE_LOG:4,16,3.3529,6.3887,-175.8485,15.00,0.60,3,40.0000,False,True,0.8801,53,76.76,124.323,in_progress,0.00

SIM_TRACE_LOG:4,17,3.3301,6.3918,-177.0308,30.00,0.60,4,40.0000,False,True,0.9098,53,76.76,124.371,in_progress,0.00

SIM_TRACE_LOG:4,18,3.2853,6.3839,-175.7946,15.00,0.60,3,40.0000,False,True,0.9679,53,76.76,124.43,in_progress,0.00

SIM_TRACE_LOG:4,19,3.2426,6.3673,-172.6270,30.00,0.60,4,40.0000,False,True,1.0229,54,76.76,124.499,in_progress,0.00

SIM_TRACE_LOG:4,20,3.1897,6.3316,-166.1765,-15.00,0.60,1,40.0000,False,True,1.0905,54,76.76,124.615,in_progress,0.00

SIM_TRACE_LOG:4,21,3.1586,6.3044,-161.6575,-15.00,0.60,1,40.0000,False,True,1.1301,54,76.76,124.664,in_progress,0.00

SIM_TRACE_LOG:4,22,3.1346,6.2903,-160.2427,-30.00,0.60,0,40.0000,False,True,1.1607,54,76.76,124.714,in_progress,0.00

SIM_TRACE_LOG:4,23,3.0948,6.2806,-161.1466,-15.00,0.60,1,40.0000,False,True,1.2143,54,76.76,124.804,in_progress,0.00

SIM_TRACE_LOG:4,24,3.0075,6.2771,-166.4993,-15.00,0.60,1,40.0000,False,True,1.3280,54,76.76,124.88,in_progress,0.00

SIM_TRACE_LOG:4,25,2.9817,6.2776,-168.0656,15.00,0.60,3,40.0000,False,True,1.3616,54,76.76,124.973,in_progress,0.00

SIM_TRACE_LOG:4,26,2.9388,6.2730,-169.1976,30.00,0.60,4,40.0000,False,True,1.4173,55,76.76,124.987,in_progress,0.00

SIM_TRACE_LOG:4,27,2.9221,6.2693,-169.1053,-30.00,0.60,0,40.0000,False,True,1.4390,55,76.76,125.058,in_progress,0.00

SIM_TRACE_LOG:4,28,2.8747,6.2627,-169.7053,-30.00,0.60,0,40.0000,False,True,1.5006,55,76.76,125.133,in_progress,0.00

SIM_TRACE_LOG:4,29,2.8319,6.2677,-172.6473,15.00,0.60,3,40.0000,False,True,1.5565,55,76.76,125.168,in_progress,0.00

SIM_TRACE_LOG:4,30,2.7948,6.2797,-176.6377,15.00,0.60,3,40.0000,False,True,1.6401,55,76.76,125.249,in_progress,0.00

SIM_TRACE_LOG:4,31,2.7159,6.2882,-179.2311,15.00,0.60,3,40.0000,False,True,1.7409,55,76.76,125.311,in_progress,0.00

SIM_TRACE_LOG:4,32,2.6744,6.2786,-177.1166,15.00,0.60,3,40.0000,False,True,1.7961,56,76.76,125.376,in_progress,0.00

SIM_TRACE_LOG:4,33,2.6265,6.2634,-174.1549,0.00,0.60,2,40.0000,False,True,1.8603,56,76.76,125.482,in_progress,0.00

SIM_TRACE_LOG:4,34,2.5890,6.2513,-172.2055,15.00,0.60,3,40.0000,False,True,1.9108,56,76.76,125.55,in_progress,0.00

SIM_TRACE_LOG:4,35,2.5358,6.2307,-169.1027,-15.00,0.60,1,40.0000,False,True,2.0719,56,76.76,125.622,in_progress,0.00

SIM_TRACE_LOG:4,36,2.5070,6.2204,-167.9334,-30.00,0.60,0,40.0000,False,True,2.1115,56,76.76,125.702,in_progress,0.00

SIM_TRACE_LOG:4,37,2.4446,6.2127,-169.2003,15.00,0.60,3,40.0000,False,True,2.1893,57,76.76,125.752,in_progress,0.00

SIM_TRACE_LOG:4,38,2.4184,6.2091,-169.5610,-30.00,0.60,0,40.0000,False,True,2.2220,57,76.76,125.774,in_progress,0.00

SIM_TRACE_LOG:4,39,2.3590,6.2007,-170.2045,-30.00,0.60,0,40.0000,False,True,2.2966,57,76.76,125.85,in_progress,0.00

SIM_TRACE_LOG:4,40,2.2654,6.2237,-178.4649,-15.00,0.60,1,40.0000,False,True,2.4220,57,76.76,125.981,in_progress,0.00

SIM_TRACE_LOG:4,41,2.2446,6.2313,179.5128,0.00,0.60,2,40.0000,False,True,2.4362,57,76.76,126.016,in_progress,0.00

SIM_TRACE_LOG:4,42,2.2094,6.2391,177.7257,15.00,0.60,3,40.0000,False,True,2.4647,57,76.76,126.073,in_progress,0.00

SIM_TRACE_LOG:4,43,2.1625,6.2401,177.9957,-30.00,0.60,0,60.0000,False,True,2.5106,57,76.76,126.144,in_progress,0.00

SIM_TRACE_LOG:4,44,2.1343,6.2424,177.8031,0.00,0.60,2,60.0000,False,True,2.5366,57,76.76,126.145,in_progress,0.00

SIM_TRACE_LOG:4,45,2.1343,6.2424,177.8031,0.00,0.60,2,60.0000,False,True,2.5366,57,76.76,126.268,in_progress,0.00

SIM_TRACE_LOG:4,46,2.0233,6.2639,174.3626,15.00,0.60,3,60.0000,False,True,2.6290,58,76.76,126.397,in_progress,0.00

SIM_TRACE_LOG:4,47,1.9744,6.2713,173.7489,0.00,0.60,2,60.0000,False,True,2.6714,58,76.76,126.434,in_progress,0.00

SIM_TRACE_LOG:4,48,1.9412,6.2760,173.5364,-30.00,0.60,0,60.0000,False,True,2.7005,58,76.76,126.483,in_progress,0.00

SIM_TRACE_LOG:4,49,1.9067,6.2836,172.7942,-30.00,0.60,0,60.0000,False,True,2.7284,58,76.76,126.537,in_progress,0.00

SIM_TRACE_LOG:4,50,1.8706,6.3001,170.0044,30.00,0.60,4,60.0000,False,True,2.7503,58,76.76,126.582,in_progress,0.00

SIM_TRACE_LOG:4,51,1.8185,6.3215,167.3006,-15.00,0.60,1,60.0000,False,True,2.7505,58,76.76,126.591,in_progress,0.00

SIM_TRACE_LOG:4,52,1.7879,6.3265,167.7900,-15.00,0.60,1,60.0000,False,True,2.7505,58,76.76,126.713,in_progress,0.00

SIM_TRACE_LOG:4,53,1.7425,6.3395,167.1474,0.00,0.60,2,60.0000,False,True,2.7505,58,76.76,126.777,in_progress,0.00

SIM_TRACE_LOG:4,54,1.6991,6.3552,165.8211,15.00,0.60,3,60.0000,False,True,2.7505,58,76.76,126.856,in_progress,0.00

SIM_TRACE_LOG:4,55,1.6697,6.3628,165.7767,-15.00,0.60,1,60.0000,False,True,2.7505,58,76.76,126.924,in_progress,0.00

SIM_TRACE_LOG:4,56,1.6347,6.3699,166.2761,-30.00,0.60,0,60.0000,False,True,2.7653,58,76.76,127.0,in_progress,0.00

SIM_TRACE_LOG:4,57,1.5952,6.3919,163.5198,30.00,0.60,4,60.0000,False,True,2.7704,58,76.76,127.087,in_progress,0.00

SIM_TRACE_LOG:4,58,1.5101,6.4334,160.2576,0.00,0.60,2,40.0000,False,False,2.7879,58,76.76,127.155,in_progress,0.00

SIM_TRACE_LOG:4,59,1.4972,6.4368,160.4942,0.00,0.60,2,40.0000,False,False,2.7936,58,76.76,127.176,in_progress,0.00

SIM_TRACE_LOG:4,60,1.4333,6.4662,159.0941,30.00,0.60,4,40.0000,False,False,2.8087,58,76.76,127.281,in_progress,0.00

SIM_TRACE_LOG:4,61,1.3933,6.4822,158.9005,-15.00,0.60,1,40.0000,False,False,2.8206,58,76.76,127.342,in_progress,0.00

SIM_TRACE_LOG:4,62,1.3668,6.4912,159.2289,15.00,0.60,3,40.0000,False,False,2.8303,58,76.76,127.4,in_progress,0.00

SIM_TRACE_LOG:4,63,1.3432,6.5006,159.1195,-15.00,0.60,1,40.0000,True,False,2.8374,58,76.76,127.439,off_track,0.00

[s3] Successfully uploaded metrics to                  s3 bucket base-bucket-1f3pfk38sjoqu with s3 key first-model/metrics/TrainingMetrics_1.json.
Training> Name=main_level/agent, Worker=0, Episode=5, Total reward=2840.0, Steps=334, Training iteration=0
Reset agent
Reset agent finished
SIM_TRACE_LOG:5,1,2.0575,4.3938,-57.7773,-30.00,0.60,0,0.0000,False,True,0.1780,64,76.76,127.593,prepare,0.00

SIM_TRACE_LOG:5,2,2.0576,4.3943,-57.7352,0.00,0.60,2,60.0000,False,True,0.1776,64,76.76,127.679,in_progress,0.00

SIM_TRACE_LOG:5,3,2.0596,4.3881,-58.1546,-30.00,0.60,0,60.0000,False,True,0.1847,64,76.76,127.71,in_progress,0.00

SIM_TRACE_LOG:5,4,2.0573,4.3286,-65.6545,-30.00,0.60,0,60.0000,False,True,0.2302,64,76.76,127.845,in_progress,0.00

SIM_TRACE_LOG:5,5,2.0478,4.2881,-71.6948,0.00,0.60,2,60.0000,False,True,0.2530,64,76.76,127.873,in_progress,0.00

SIM_TRACE_LOG:5,6,2.0434,4.2602,-74.9377,30.00,0.60,4,60.0000,False,True,0.2709,64,76.76,127.957,in_progress,0.00

SIM_TRACE_LOG:5,7,2.0445,4.2432,-75.7886,30.00,0.60,4,60.0000,False,True,0.2857,64,76.76,127.991,in_progress,0.00

SIM_TRACE_LOG:5,8,2.0579,4.2111,-74.6373,-15.00,0.60,1,60.0000,False,True,0.3253,65,76.76,128.047,in_progress,0.00

SIM_TRACE_LOG:5,9,2.0788,4.1508,-73.7516,-30.00,0.60,0,60.0000,False,True,0.3951,65,76.76,128.087,in_progress,0.00

SIM_TRACE_LOG:5,10,2.0815,4.1232,-75.0054,-15.00,0.60,1,60.0000,False,True,0.4201,65,76.76,128.184,in_progress,0.00

SIM_TRACE_LOG:5,11,2.0801,4.0849,-77.5010,15.00,0.60,3,60.0000,False,True,0.4495,65,76.76,128.241,in_progress,0.00

SIM_TRACE_LOG:5,12,2.0793,4.0599,-79.0998,30.00,0.60,4,60.0000,False,True,0.4688,65,76.76,128.336,in_progress,0.00

SIM_TRACE_LOG:5,13,2.0907,4.0048,-78.8913,-15.00,0.60,1,60.0000,False,True,0.4903,65,76.76,128.365,in_progress,0.00

SIM_TRACE_LOG:5,14,2.1015,3.9497,-78.8640,-15.00,0.60,1,60.0000,False,True,0.4903,65,76.76,128.518,in_progress,0.00

SIM_TRACE_LOG:5,15,2.1017,3.8813,-81.8634,15.00,0.60,3,60.0000,False,True,0.5048,65,76.76,128.576,in_progress,0.00

SIM_TRACE_LOG:5,16,2.0979,3.8491,-83.9077,-15.00,0.60,1,60.0000,False,True,0.5173,65,76.76,128.603,in_progress,0.00

SIM_TRACE_LOG:5,17,2.0957,3.7933,-85.8158,0.00,0.60,2,60.0000,False,True,0.5444,65,76.76,128.688,in_progress,0.00

SIM_TRACE_LOG:5,18,2.0946,3.7653,-86.5968,0.00,0.60,2,60.0000,False,True,0.5578,65,76.76,128.73,in_progress,0.00

SIM_TRACE_LOG:5,19,2.0943,3.7529,-86.8643,-30.00,0.60,0,60.0000,False,True,0.5641,65,76.76,128.786,in_progress,0.00

SIM_TRACE_LOG:5,20,2.0868,3.6975,-89.2003,-15.00,0.60,1,40.0000,False,False,0.5846,65,76.76,128.889,in_progress,0.00

SIM_TRACE_LOG:5,21,2.0727,3.6561,-92.6782,-15.00,0.60,1,40.0000,False,False,0.5897,65,76.76,128.924,in_progress,0.00

SIM_TRACE_LOG:5,22,2.0480,3.6096,-97.8974,15.00,0.60,3,40.0000,False,False,0.5849,65,76.76,129.013,in_progress,0.00

SIM_TRACE_LOG:5,23,2.0241,3.5640,-101.9607,30.00,0.60,4,40.0000,False,False,0.5807,65,76.76,129.049,in_progress,0.00

SIM_TRACE_LOG:5,24,2.0160,3.5348,-102.4290,-30.00,0.60,0,40.0000,False,False,0.5865,65,76.76,129.13,in_progress,0.00

SIM_TRACE_LOG:5,25,2.0036,3.4926,-103.1221,-30.00,0.60,0,40.0000,True,False,0.5941,65,76.76,129.196,off_track,0.00

[s3] Successfully uploaded metrics to                  s3 bucket base-bucket-1f3pfk38sjoqu with s3 key first-model/metrics/TrainingMetrics_1.json.
Training> Name=main_level/agent, Worker=0, Episode=6, Total reward=1320.0, Steps=359, Training iteration=0
Reset agent
Reset agent finished
SIM_TRACE_LOG:6,1,3.3257,1.8482,-140.0230,0.00,0.60,2,0.0000,False,True,0.1827,77,76.76,129.45,prepare,0.00

SIM_TRACE_LOG:6,2,3.3261,1.8483,-139.9741,-15.00,0.60,1,60.0000,False,True,0.1823,77,76.76,129.451,in_progress,0.00

SIM_TRACE_LOG:6,3,3.3256,1.8476,-139.9170,15.00,0.60,3,60.0000,False,True,0.1834,77,76.76,129.516,in_progress,0.00

SIM_TRACE_LOG:6,4,3.3093,1.8229,-137.9715,15.00,0.60,3,60.0000,False,True,0.2180,77,76.76,129.622,in_progress,0.00

SIM_TRACE_LOG:6,5,3.2991,1.8050,-136.3509,-30.00,0.60,0,60.0000,False,True,0.2411,77,76.76,129.676,in_progress,0.00

SIM_TRACE_LOG:6,6,3.2887,1.7883,-135.0056,-30.00,0.60,0,60.0000,False,True,0.2638,77,76.76,129.707,in_progress,0.00

SIM_TRACE_LOG:6,7,3.2778,1.7790,-135.2504,30.00,0.60,4,60.0000,False,True,0.2822,77,76.76,129.74,in_progress,0.00

SIM_TRACE_LOG:6,8,3.2459,1.7453,-134.8677,0.00,0.60,2,60.0000,False,True,0.3401,77,76.76,129.873,in_progress,0.00

SIM_TRACE_LOG:6,9,3.1829,1.6747,-133.8432,30.00,0.60,4,60.0000,False,True,0.4574,78,76.76,129.919,in_progress,0.00

SIM_TRACE_LOG:6,10,3.1661,1.6541,-133.3788,0.00,0.60,2,60.0000,False,True,0.4897,78,76.76,130.008,in_progress,0.00

SIM_TRACE_LOG:6,11,3.1565,1.6377,-132.2553,15.00,0.60,3,60.0000,False,True,0.5113,78,76.76,130.105,in_progress,0.00

SIM_TRACE_LOG:6,12,3.1206,1.5785,-129.2754,15.00,0.60,3,60.0000,False,True,0.5835,78,76.76,130.125,in_progress,0.00

SIM_TRACE_LOG:6,13,3.1131,1.5646,-128.5139,-30.00,0.60,0,60.0000,False,True,0.5835,78,76.76,130.179,in_progress,0.00

SIM_TRACE_LOG:6,14,3.0775,1.5123,-127.4879,-15.00,0.60,1,60.0000,False,True,0.6480,78,76.76,130.238,in_progress,0.00

SIM_TRACE_LOG:6,15,3.0543,1.4851,-127.8880,0.00,0.60,2,60.0000,False,True,0.6891,78,76.76,130.288,in_progress,0.00

SIM_TRACE_LOG:6,16,3.0051,1.4455,-131.1250,-15.00,0.60,1,60.0000,False,True,0.7675,78,76.76,130.438,in_progress,0.00

SIM_TRACE_LOG:6,17,2.9375,1.3963,-135.1241,-15.00,0.60,1,60.0000,False,True,0.8728,79,76.76,130.467,in_progress,0.00

SIM_TRACE_LOG:6,18,2.8955,1.3757,-138.6702,0.00,0.60,2,60.0000,False,True,0.9335,79,76.76,130.51,in_progress,0.00

SIM_TRACE_LOG:6,19,2.8757,1.3642,-139.7659,-30.00,0.60,0,60.0000,False,True,0.9631,79,76.76,130.62,in_progress,0.00

SIM_TRACE_LOG:6,20,2.8702,1.3605,-139.9564,0.00,0.60,2,60.0000,False,True,0.9714,79,76.76,130.679,in_progress,0.00

SIM_TRACE_LOG:6,21,2.8262,1.3422,-143.1348,30.00,0.60,4,60.0000,False,True,0.9790,79,76.76,130.701,in_progress,0.00

SIM_TRACE_LOG:6,22,2.7748,1.3154,-145.3480,15.00,0.60,3,60.0000,False,True,1.0516,79,76.76,130.786,in_progress,0.00

SIM_TRACE_LOG:6,23,2.7465,1.2858,-143.3475,-15.00,0.60,1,60.0000,False,True,1.0953,79,76.76,130.856,in_progress,0.00

SIM_TRACE_LOG:6,24,2.7291,1.2665,-142.0017,0.00,0.60,2,60.0000,False,True,1.1225,79,76.76,130.909,in_progress,0.00

SIM_TRACE_LOG:6,25,2.6850,1.2310,-141.8213,30.00,0.60,4,60.0000,False,True,1.1880,80,76.76,131.016,in_progress,0.00

SIM_TRACE_LOG:6,26,2.6345,1.1816,-140.0330,30.00,0.60,4,60.0000,False,True,1.2653,80,76.76,131.075,in_progress,0.00

SIM_TRACE_LOG:6,27,2.6302,1.1745,-139.3698,-15.00,0.60,1,60.0000,False,True,1.2726,80,76.76,131.13,in_progress,0.00

SIM_TRACE_LOG:6,28,2.6003,1.1314,-136.3084,-30.00,0.60,0,60.0000,False,True,1.3220,80,76.76,131.191,in_progress,0.00

SIM_TRACE_LOG:6,29,2.5408,1.0934,-139.3604,30.00,0.60,4,60.0000,False,True,1.3677,80,76.76,131.268,in_progress,0.00

SIM_TRACE_LOG:6,30,2.5171,1.0808,-140.8900,0.00,0.60,2,60.0000,False,True,1.3677,80,76.76,131.322,in_progress,0.00

SIM_TRACE_LOG:6,31,2.4653,1.0425,-141.4836,15.00,0.60,3,60.0000,False,True,1.4270,80,76.76,131.391,in_progress,0.00

SIM_TRACE_LOG:6,32,2.4446,1.0241,-141.1179,15.00,0.60,3,60.0000,False,True,1.4551,80,76.76,131.452,in_progress,0.00

SIM_TRACE_LOG:6,33,2.4186,0.9952,-139.6791,15.00,0.60,3,40.0000,False,False,1.4910,80,76.76,131.524,in_progress,0.00

SIM_TRACE_LOG:6,34,2.3865,0.9544,-137.3258,-15.00,0.60,1,40.0000,False,False,1.5357,80,76.76,131.587,in_progress,0.00

SIM_TRACE_LOG:6,35,2.3722,0.9365,-136.4532,-15.00,0.60,1,40.0000,False,False,1.5555,80,76.76,131.653,in_progress,0.00

SIM_TRACE_LOG:6,36,2.3375,0.8967,-135.3020,-15.00,0.60,1,40.0000,False,False,1.6034,81,76.76,131.724,in_progress,0.00

SIM_TRACE_LOG:6,37,2.3028,0.8718,-136.8620,-30.00,0.60,0,40.0000,False,False,1.6503,81,76.76,131.833,in_progress,0.00

SIM_TRACE_LOG:6,38,2.2179,0.8394,-144.3518,0.00,0.60,2,40.0000,False,False,1.7601,81,76.76,131.889,in_progress,0.00

SIM_TRACE_LOG:6,39,2.1813,0.8241,-146.5144,0.00,0.60,2,40.0000,False,False,1.7601,81,76.76,131.905,in_progress,0.00

SIM_TRACE_LOG:6,40,2.1611,0.8087,-146.1333,0.00,0.60,2,40.0000,False,False,1.7657,81,76.76,131.947,in_progress,0.00

SIM_TRACE_LOG:6,41,2.1362,0.7883,-145.3849,-15.00,0.60,1,40.0000,False,False,1.7974,81,76.76,132.08,in_progress,0.00

SIM_TRACE_LOG:6,42,2.1057,0.7667,-145.2417,30.00,0.60,4,40.0000,True,False,1.8363,81,76.76,132.125,off_track,0.00

[s3] Successfully uploaded metrics to                  s3 bucket base-bucket-1f3pfk38sjoqu with s3 key first-model/metrics/TrainingMetrics_1.json.
Training> Name=main_level/agent, Worker=0, Episode=7, Total reward=2260.0, Steps=401, Training iteration=0
Reset agent
Reset agent finished
SIM_TRACE_LOG:7,1,-0.4075,1.8779,165.2602,0.00,0.60,2,0.0000,False,True,0.1824,90,76.76,132.252,prepare,0.00

SIM_TRACE_LOG:7,2,-0.4073,1.8779,165.2934,15.00,0.60,3,60.0000,False,True,0.1820,90,76.76,132.32,in_progress,0.00

SIM_TRACE_LOG:7,3,-0.4149,1.8798,165.1918,30.00,0.60,4,60.0000,False,True,0.1923,90,76.76,132.406,in_progress,0.00

SIM_TRACE_LOG:7,4,-0.4263,1.8778,166.3728,30.00,0.60,4,60.0000,False,True,0.2060,90,76.76,132.438,in_progress,0.00

SIM_TRACE_LOG:7,5,-0.4661,1.8646,171.7026,-15.00,0.60,1,60.0000,False,True,0.2516,90,76.76,132.457,in_progress,0.00

SIM_TRACE_LOG:7,6,-0.5347,1.8576,175.2756,30.00,0.60,4,60.0000,False,True,0.3356,90,76.76,132.605,in_progress,0.00

SIM_TRACE_LOG:7,7,-0.5630,1.8621,174.7314,-30.00,0.60,0,60.0000,False,True,0.3728,90,76.76,132.662,in_progress,0.00

SIM_TRACE_LOG:7,8,-0.5955,1.8649,175.0028,-15.00,0.60,1,60.0000,False,True,0.4147,90,76.76,132.744,in_progress,0.00

SIM_TRACE_LOG:7,9,-0.6290,1.8766,173.0265,-30.00,0.60,0,60.0000,False,True,0.4607,90,76.76,132.762,in_progress,0.00

SIM_TRACE_LOG:7,10,-0.6889,1.9024,168.9387,-15.00,0.60,1,60.0000,False,True,0.5448,91,76.76,132.858,in_progress,0.00

SIM_TRACE_LOG:7,11,-0.7038,1.9092,168.0895,30.00,0.60,4,60.0000,False,True,0.5657,91,76.76,132.94,in_progress,0.00

SIM_TRACE_LOG:7,12,-0.7554,1.9195,168.2611,-15.00,0.60,1,60.0000,False,True,0.6342,91,76.76,133.008,in_progress,0.00

SIM_TRACE_LOG:7,13,-0.8484,1.9327,169.4015,30.00,0.60,4,60.0000,False,True,0.7547,91,76.76,133.091,in_progress,0.00

SIM_TRACE_LOG:7,14,-0.8626,1.9383,168.6291,-30.00,0.60,0,60.0000,False,True,0.7745,91,76.76,133.126,in_progress,0.00

SIM_TRACE_LOG:7,15,-0.9085,1.9517,167.6928,-15.00,0.60,1,60.0000,False,True,0.8367,91,76.76,133.198,in_progress,0.00

SIM_TRACE_LOG:7,16,-0.9289,1.9593,166.9125,0.00,0.60,2,60.0000,False,True,0.8651,91,76.76,133.319,in_progress,0.00

SIM_TRACE_LOG:7,17,-1.0218,2.0070,161.6827,-30.00,0.60,0,60.0000,False,True,0.9984,92,76.76,133.338,in_progress,0.00

SIM_TRACE_LOG:7,18,-1.0394,2.0171,160.6612,15.00,0.60,3,60.0000,False,True,1.0240,92,76.76,133.415,in_progress,0.00

SIM_TRACE_LOG:7,19,-1.1191,2.0483,160.2406,0.00,0.60,2,60.0000,False,True,1.1309,92,76.76,133.576,in_progress,0.00

SIM_TRACE_LOG:7,20,-1.1724,2.0651,160.7073,-15.00,0.60,1,60.0000,False,True,1.2035,92,76.76,133.643,in_progress,0.00

SIM_TRACE_LOG:7,21,-1.2125,2.0829,159.8801,15.00,0.60,3,60.0000,False,True,1.2606,92,76.76,133.695,in_progress,0.00

SIM_TRACE_LOG:7,22,-1.2442,2.0983,158.9579,0.00,0.60,2,60.0000,False,True,1.3065,93,76.76,133.746,in_progress,0.00

SIM_TRACE_LOG:7,23,-1.2670,2.1042,159.6266,-30.00,0.60,0,60.0000,False,True,1.3369,93,76.76,133.758,in_progress,0.00

SIM_TRACE_LOG:7,24,-1.2795,2.1073,160.0530,0.00,0.60,2,60.0000,False,True,1.3535,93,76.76,133.846,in_progress,0.00

SIM_TRACE_LOG:7,25,-1.3280,2.1187,161.3980,-15.00,0.60,1,60.0000,False,True,1.4176,93,76.76,133.914,in_progress,0.00

SIM_TRACE_LOG:7,26,-1.4177,2.1524,160.5635,-15.00,0.60,1,60.0000,False,True,1.5096,93,76.76,134.033,in_progress,0.00

SIM_TRACE_LOG:7,27,-1.4274,2.1568,160.3235,-15.00,0.60,1,60.0000,False,True,1.5224,93,76.76,134.055,in_progress,0.00

SIM_TRACE_LOG:7,28,-1.4661,2.1758,159.1831,-30.00,0.60,0,60.0000,False,True,1.5746,93,76.76,134.114,in_progress,0.00

SIM_TRACE_LOG:7,29,-1.5142,2.2103,155.7353,-15.00,0.60,1,60.0000,False,True,1.6500,93,76.76,134.202,in_progress,0.00

SIM_TRACE_LOG:7,30,-1.5305,2.2238,154.3207,30.00,0.60,4,60.0000,False,True,1.6772,94,76.76,134.292,in_progress,0.00

SIM_TRACE_LOG:7,31,-1.6052,2.2613,154.1039,15.00,0.60,3,60.0000,False,True,1.7787,94,76.76,134.356,in_progress,0.00

SIM_TRACE_LOG:7,32,-1.6286,2.2650,155.7291,0.00,0.60,2,60.0000,False,True,1.8028,94,76.76,134.391,in_progress,0.00

SIM_TRACE_LOG:7,33,-1.6355,2.2655,156.3509,30.00,0.60,4,60.0000,False,True,1.8093,94,76.76,134.48,in_progress,0.00

SIM_TRACE_LOG:7,34,-1.7388,2.2568,167.0068,-15.00,0.60,1,60.0000,False,True,1.8561,94,76.76,134.537,in_progress,0.00

SIM_TRACE_LOG:7,35,-1.7454,2.2543,168.0830,0.00,0.60,2,60.0000,False,True,1.8561,94,76.76,134.566,in_progress,0.00

SIM_TRACE_LOG:7,36,-1.7880,2.2508,170.9298,-15.00,0.60,1,60.0000,False,True,1.8561,94,76.76,134.667,in_progress,0.00

SIM_TRACE_LOG:7,37,-1.8513,2.2521,172.9087,-30.00,0.60,0,60.0000,False,True,1.8561,94,76.76,134.732,in_progress,0.00

SIM_TRACE_LOG:7,38,-1.9047,2.2710,170.0699,15.00,0.60,3,60.0000,False,True,1.8561,94,76.76,134.78,in_progress,0.00

SIM_TRACE_LOG:7,39,-1.9242,2.2800,168.7060,-30.00,0.60,0,60.0000,False,True,1.8561,94,76.76,134.838,in_progress,0.00

SIM_TRACE_LOG:7,40,-1.9798,2.2955,167.8382,30.00,0.60,4,60.0000,False,True,1.8800,94,76.76,134.89,in_progress,0.00

SIM_TRACE_LOG:7,41,-2.0128,2.3034,167.5720,30.00,0.60,4,60.0000,False,True,1.9012,94,76.76,134.941,in_progress,0.00

SIM_TRACE_LOG:7,42,-2.0823,2.3049,170.5409,0.00,0.60,2,60.0000,False,True,1.9267,94,76.76,135.062,in_progress,0.00

SIM_TRACE_LOG:7,43,-2.1185,2.3067,171.6658,-15.00,0.60,1,40.0000,False,False,1.9412,94,76.76,135.098,in_progress,0.00

SIM_TRACE_LOG:7,44,-2.1789,2.3186,170.9927,0.00,0.60,2,40.0000,False,False,1.9768,94,76.76,135.13,in_progress,0.00

SIM_TRACE_LOG:7,45,-2.2031,2.3233,170.7799,-15.00,0.60,1,40.0000,False,False,1.9909,94,76.76,135.279,in_progress,0.00

SIM_TRACE_LOG:7,46,-2.2640,2.3396,169.3632,15.00,0.60,3,40.0000,False,False,2.0321,94,76.76,135.327,in_progress,0.00

SIM_TRACE_LOG:7,47,-2.2887,2.3465,168.7532,-30.00,0.60,0,40.0000,False,False,2.0493,94,76.76,135.384,in_progress,0.00

SIM_TRACE_LOG:7,48,-2.3267,2.3564,168.2004,-15.00,0.60,1,40.0000,True,False,2.0746,95,76.76,135.426,off_track,0.00

[s3] Successfully uploaded metrics to                  s3 bucket base-bucket-1f3pfk38sjoqu with s3 key first-model/metrics/TrainingMetrics_1.json.
Training> Name=main_level/agent, Worker=0, Episode=8, Total reward=2700.0, Steps=449, Training iteration=0
Reset agent
Reset agent finished
[s3] Successfully uploaded simtrace_training to              s3 bucket base-bucket-1f3pfk38sjoqu with s3 key first-model/1/training-simtrace/1-iteration.csv.
[s3] Successfully downloaded 2_Step-2411.ckpt.data-00000-of-00001 from                  s3 key first-model/model/2_Step-2411.ckpt.data-00000-of-00001 to local checkpoint_robomaker/agent/2_Step-2411.ckpt.data-00000-of-00001.
[s3] Successfully downloaded 2_Step-2411.ckpt.index from                  s3 key first-model/model/2_Step-2411.ckpt.index to local checkpoint_robomaker/agent/2_Step-2411.ckpt.index.
[s3] Successfully downloaded 2_Step-2411.ckpt.meta from                  s3 key first-model/model/2_Step-2411.ckpt.meta to local checkpoint_robomaker/agent/2_Step-2411.ckpt.meta.
[s3] Successfully downloaded .ready from                  s3 key first-model/model/.ready to local checkpoint_robomaker/agent/.ready.
Checkpoint> Restoring from path=./checkpoint_robomaker/agent/2_Step-2411.ckpt
Reset agent
Reset agent finished
SIM_TRACE_LOG:8,1,-0.6965,4.6409,67.1279,0.00,0.60,2,0.0000,False,True,0.1829,102,76.76,153.208,prepare,0.00

SIM_TRACE_LOG:8,2,-0.6965,4.6405,67.0450,-30.00,0.60,0,60.0000,False,True,0.1824,102,76.76,153.271,in_progress,0.00

SIM_TRACE_LOG:8,3,-0.6966,4.6413,67.2060,30.00,0.60,4,60.0000,False,True,0.1833,102,76.76,153.293,in_progress,0.00

SIM_TRACE_LOG:8,4,-0.6958,4.6494,67.8257,30.00,0.60,4,60.0000,False,True,0.1935,103,76.76,153.405,in_progress,0.00

SIM_TRACE_LOG:8,5,-0.7015,4.6763,71.6104,30.00,0.60,4,60.0000,False,True,0.2229,103,76.76,153.426,in_progress,0.00

SIM_TRACE_LOG:8,6,-0.7062,4.7011,74.5877,15.00,0.60,3,60.0000,False,True,0.2502,103,76.76,153.514,in_progress,0.00

SIM_TRACE_LOG:8,7,-0.7114,4.7462,78.5025,-15.00,0.60,1,60.0000,False,True,0.3016,103,76.76,153.56,in_progress,0.00

SIM_TRACE_LOG:8,8,-0.7142,4.7957,81.4652,30.00,0.60,4,60.0000,False,True,0.3597,103,76.76,153.638,in_progress,0.00

SIM_TRACE_LOG:8,9,-0.7129,4.8241,82.1115,15.00,0.60,3,40.0000,False,True,0.4332,103,76.76,153.68,in_progress,0.00

SIM_TRACE_LOG:8,10,-0.7162,4.8473,83.6731,15.00,0.60,3,40.0000,False,True,0.4632,103,76.76,153.745,in_progress,0.00

SIM_TRACE_LOG:8,11,-0.7327,4.9003,88.8385,15.00,0.60,3,40.0000,False,True,0.5314,103,76.76,153.79,in_progress,0.00

SIM_TRACE_LOG:8,12,-0.7476,4.9391,92.5797,30.00,0.60,4,40.0000,False,True,0.5811,104,76.76,153.846,in_progress,0.00

SIM_TRACE_LOG:8,13,-0.7763,4.9890,98.6379,0.00,0.60,2,40.0000,False,True,0.6445,104,76.76,153.955,in_progress,0.00

SIM_TRACE_LOG:8,14,-0.8026,5.0316,103.2083,30.00,0.60,4,40.0000,False,True,0.6985,104,76.76,153.992,in_progress,0.00

SIM_TRACE_LOG:8,15,-0.8337,5.0783,107.6938,30.00,0.60,4,40.0000,False,True,0.8433,104,76.76,154.087,in_progress,0.00

SIM_TRACE_LOG:8,16,-0.8731,5.1128,113.9983,-30.00,0.60,0,40.0000,False,True,0.9006,104,76.76,154.137,in_progress,0.00

SIM_TRACE_LOG:8,17,-0.9060,5.1374,118.9392,15.00,0.60,3,40.0000,False,True,0.9431,104,76.76,154.223,in_progress,0.00

SIM_TRACE_LOG:8,18,-0.9368,5.1663,122.1727,-30.00,0.60,0,40.0000,False,True,0.9902,105,76.76,154.244,in_progress,0.00

SIM_TRACE_LOG:8,19,-0.9854,5.2317,123.4670,-15.00,0.60,1,40.0000,False,True,1.0896,105,76.76,154.358,in_progress,0.00

SIM_TRACE_LOG:8,20,-1.0042,5.2606,123.4541,15.00,0.60,3,40.0000,False,True,1.2197,105,76.76,154.406,in_progress,0.00

SIM_TRACE_LOG:8,21,-1.0290,5.2940,123.9613,15.00,0.60,3,40.0000,False,True,1.2732,105,76.76,154.496,in_progress,0.00

SIM_TRACE_LOG:8,22,-1.0803,5.3359,128.2965,-30.00,0.60,0,40.0000,False,True,1.3528,105,76.76,154.564,in_progress,0.00

SIM_TRACE_LOG:8,23,-1.1058,5.3588,129.7883,30.00,0.60,4,40.0000,False,True,1.3947,106,76.76,154.612,in_progress,0.00

SIM_TRACE_LOG:8,24,-1.1278,5.3835,129.9450,15.00,0.60,3,40.0000,False,True,1.4366,106,76.76,154.66,in_progress,0.00

SIM_TRACE_LOG:8,25,-1.1531,5.4065,131.0608,0.00,0.60,2,40.0000,False,True,1.4786,106,76.76,154.709,in_progress,0.00

SIM_TRACE_LOG:8,26,-1.2006,5.4442,133.5793,15.00,0.60,3,40.0000,False,True,1.6279,106,76.76,154.845,in_progress,0.00

SIM_TRACE_LOG:8,27,-1.2366,5.4650,136.3146,15.00,0.60,3,40.0000,False,True,1.6777,106,76.76,154.899,in_progress,0.00

SIM_TRACE_LOG:8,28,-1.2793,5.4836,140.0561,-15.00,0.60,1,40.0000,False,True,1.7302,106,76.76,154.953,in_progress,0.00

SIM_TRACE_LOG:8,29,-1.3435,5.5177,143.3783,-30.00,0.60,0,40.0000,False,True,1.8156,107,76.76,154.988,in_progress,0.00

SIM_TRACE_LOG:8,30,-1.3694,5.5416,142.4597,-15.00,0.60,1,20.0000,False,False,1.8607,107,76.76,155.084,in_progress,0.00

SIM_TRACE_LOG:8,31,-1.3930,5.5660,141.3340,-30.00,0.60,0,20.0000,False,False,2.0365,107,76.76,155.159,in_progress,0.00

SIM_TRACE_LOG:8,32,-1.4138,5.5943,139.2659,-15.00,0.60,1,20.0000,False,False,2.0811,107,76.76,155.253,in_progress,0.00

SIM_TRACE_LOG:8,33,-1.4528,5.6568,134.4377,-30.00,0.60,0,40.0000,False,True,2.1730,108,76.76,155.295,in_progress,0.00

SIM_TRACE_LOG:8,34,-1.4740,5.6969,131.5149,-15.00,0.60,1,40.0000,False,True,2.2283,108,76.76,155.296,in_progress,0.00

SIM_TRACE_LOG:8,35,-1.4785,5.7062,130.7650,0.00,0.60,2,40.0000,False,True,2.2407,108,76.76,155.413,in_progress,0.00

SIM_TRACE_LOG:8,36,-1.5179,5.7765,127.2488,0.00,0.60,2,40.0000,False,True,2.4552,108,76.76,155.493,in_progress,0.00

SIM_TRACE_LOG:8,37,-1.5290,5.7945,126.7550,15.00,0.60,3,40.0000,False,True,2.4791,108,76.76,155.544,in_progress,0.00

SIM_TRACE_LOG:8,38,-1.5523,5.8237,127.0468,-15.00,0.60,1,40.0000,False,True,2.5240,108,76.76,155.627,in_progress,0.00

SIM_TRACE_LOG:8,39,-1.5832,5.8661,126.8574,-15.00,0.60,1,40.0000,False,True,2.5858,109,76.76,155.744,in_progress,0.00

SIM_TRACE_LOG:8,40,-1.6169,5.9471,122.2482,-30.00,0.60,0,40.0000,False,True,2.6748,109,76.76,155.794,in_progress,0.00

SIM_TRACE_LOG:8,41,-1.6235,5.9665,121.0849,15.00,0.60,3,40.0000,False,True,2.7753,109,76.76,155.825,in_progress,0.00

SIM_TRACE_LOG:8,42,-1.6363,5.9971,119.8944,15.00,0.60,3,40.0000,False,True,2.8021,109,76.76,155.936,in_progress,0.00

SIM_TRACE_LOG:8,43,-1.6928,6.0560,124.2421,-30.00,0.60,0,40.0000,False,True,2.8935,109,76.76,155.968,in_progress,0.00

SIM_TRACE_LOG:8,44,-1.7261,6.0977,125.2220,-15.00,0.60,1,40.0000,False,True,2.9500,110,76.76,156.073,in_progress,0.00

SIM_TRACE_LOG:8,45,-1.7461,6.1358,123.9055,0.00,0.60,2,40.0000,False,True,2.9883,110,76.76,156.135,in_progress,0.00

SIM_TRACE_LOG:8,46,-1.7648,6.1707,123.0462,-15.00,0.60,1,40.0000,False,True,3.0240,110,76.76,156.204,in_progress,0.00

SIM_TRACE_LOG:8,47,-1.7782,6.2070,121.0856,0.00,0.60,2,40.0000,False,True,3.0536,110,76.76,156.243,in_progress,0.00

SIM_TRACE_LOG:8,48,-1.7817,6.2193,120.2437,0.00,0.60,2,40.0000,False,True,3.0623,110,76.76,156.268,in_progress,0.00

SIM_TRACE_LOG:8,49,-1.7851,6.2288,119.7620,-30.00,0.60,0,40.0000,False,True,3.0698,110,76.76,156.314,in_progress,0.00

SIM_TRACE_LOG:8,50,-1.8117,6.3104,116.0254,15.00,0.60,3,60.0000,False,True,3.1292,110,76.76,156.408,in_progress,0.00

SIM_TRACE_LOG:8,51,-1.8271,6.3506,115.0763,-15.00,0.60,1,60.0000,False,True,3.1525,110,76.76,156.522,in_progress,0.00

SIM_TRACE_LOG:8,52,-1.8568,6.4065,115.7916,30.00,0.60,4,60.0000,False,True,3.1958,110,76.76,156.566,in_progress,0.00

SIM_TRACE_LOG:8,53,-1.8781,6.4414,116.6142,0.00,0.60,2,60.0000,False,True,3.2263,110,76.76,156.627,in_progress,0.00

SIM_TRACE_LOG:8,54,-1.8992,6.4697,118.1211,-15.00,0.60,1,60.0000,False,True,3.2562,110,76.76,156.681,in_progress,0.00

SIM_TRACE_LOG:8,55,-1.9331,6.5360,117.8407,-15.00,0.60,1,60.0000,False,True,3.3056,110,76.76,156.749,in_progress,0.00

SIM_TRACE_LOG:8,56,-1.9350,6.5421,117.5674,-15.00,0.60,1,60.0000,False,True,3.3086,110,76.76,156.807,in_progress,0.00

SIM_TRACE_LOG:8,57,-1.9600,6.6389,112.7937,-15.00,0.60,1,60.0000,False,True,3.3491,111,76.76,156.842,in_progress,0.00

SIM_TRACE_LOG:8,58,-1.9640,6.6748,110.3762,-30.00,0.60,0,60.0000,False,True,3.3573,111,76.76,157.011,in_progress,0.00

SIM_TRACE_LOG:8,59,-1.9632,6.7131,107.0115,0.00,0.60,2,60.0000,False,True,3.3594,111,76.76,157.098,in_progress,0.00

SIM_TRACE_LOG:8,60,-1.9600,6.7656,102.7554,-15.00,0.60,1,60.0000,False,True,3.3594,111,76.76,157.135,in_progress,0.00

SIM_TRACE_LOG:8,61,-1.9662,6.8243,101.1814,-30.00,0.60,0,60.0000,False,True,3.3723,111,76.76,157.225,in_progress,0.00

SIM_TRACE_LOG:8,62,-1.9675,6.8608,99.7915,30.00,0.60,4,60.0000,False,True,3.3771,111,76.76,157.311,in_progress,0.00

SIM_TRACE_LOG:8,63,-1.9679,6.8887,98.7190,-30.00,0.60,0,40.0000,False,False,3.3799,111,76.76,157.384,in_progress,0.00

SIM_TRACE_LOG:8,64,-1.9784,6.9374,99.4687,30.00,0.60,4,40.0000,False,False,3.3976,111,76.76,157.401,in_progress,0.00

SIM_TRACE_LOG:8,65,-1.9837,6.9857,98.7280,0.00,0.60,2,40.0000,False,False,3.4083,111,76.76,157.514,in_progress,0.00

SIM_TRACE_LOG:8,66,-1.9981,7.0385,100.2234,-30.00,0.60,0,40.0000,False,False,3.4314,111,76.76,157.58,in_progress,0.00

SIM_TRACE_LOG:8,67,-2.0094,7.1147,99.6491,0.00,0.60,2,40.0000,True,False,3.4524,111,76.76,157.658,off_track,0.00

[s3] Successfully uploaded metrics to                  s3 bucket base-bucket-1f3pfk38sjoqu with s3 key first-model/metrics/TrainingMetrics_1.json.
Training> Name=main_level/agent, Worker=0, Episode=9, Total reward=2980.0, Steps=516, Training iteration=0
Reset agent
Reset agent finished
SIM_TRACE_LOG:9,1,-3.2798,5.8527,-147.6138,-15.00,0.60,1,0.0000,False,True,0.1819,115,76.76,157.796,prepare,0.00

SIM_TRACE_LOG:9,2,-3.2797,5.8529,-147.6704,-15.00,0.60,1,60.0000,False,True,0.1816,115,76.76,157.885,in_progress,0.00

SIM_TRACE_LOG:9,3,-3.2805,5.8519,-147.4936,0.00,0.60,2,60.0000,False,True,0.1832,115,76.76,157.932,in_progress,0.00

SIM_TRACE_LOG:9,4,-3.2894,5.8475,-147.7757,-15.00,0.60,1,60.0000,False,True,0.1958,115,76.76,157.978,in_progress,0.00

SIM_TRACE_LOG:9,5,-3.3431,5.8226,-149.5662,15.00,0.60,3,60.0000,False,True,0.2704,115,76.76,158.069,in_progress,0.00

SIM_TRACE_LOG:9,6,-3.3501,5.8202,-149.9728,30.00,0.60,4,60.0000,False,True,0.2796,116,76.76,158.169,in_progress,0.00

SIM_TRACE_LOG:9,7,-3.3975,5.7843,-148.2790,15.00,0.60,3,60.0000,False,True,0.3569,116,76.76,158.237,in_progress,0.00

SIM_TRACE_LOG:9,8,-3.4226,5.7481,-144.1228,0.00,0.60,2,60.0000,False,True,0.4122,116,76.76,158.302,in_progress,0.00

SIM_TRACE_LOG:9,9,-3.4594,5.6972,-139.6539,30.00,0.60,4,60.0000,False,True,0.4910,116,76.76,158.333,in_progress,0.00

SIM_TRACE_LOG:9,10,-3.4875,5.6522,-135.9212,-30.00,0.60,0,40.0000,False,True,0.5576,116,76.76,158.437,in_progress,0.00

SIM_TRACE_LOG:9,11,-3.5111,5.6150,-133.4757,-30.00,0.60,0,40.0000,False,True,0.6129,116,76.76,158.5,in_progress,0.00

SIM_TRACE_LOG:9,12,-3.5474,5.5852,-134.8424,-15.00,0.60,1,40.0000,False,True,0.6741,117,76.76,158.6,in_progress,0.00

SIM_TRACE_LOG:9,13,-3.5934,5.5591,-138.1425,0.00,0.60,2,40.0000,False,True,0.7413,117,76.76,158.622,in_progress,0.00

SIM_TRACE_LOG:9,14,-3.6024,5.5538,-138.6692,-15.00,0.60,1,40.0000,False,True,0.7545,117,76.76,158.697,in_progress,0.00

SIM_TRACE_LOG:9,15,-3.6623,5.5169,-141.3691,-30.00,0.60,0,60.0000,False,True,0.8446,117,76.76,158.742,in_progress,0.00

SIM_TRACE_LOG:9,16,-3.6854,5.5036,-142.3137,-30.00,0.60,0,60.0000,False,True,0.8783,117,76.76,158.844,in_progress,0.00

SIM_TRACE_LOG:9,17,-3.7784,5.4663,-148.2384,30.00,0.60,4,60.0000,False,True,1.0001,117,76.76,158.858,in_progress,0.00

SIM_TRACE_LOG:9,18,-3.8012,5.4619,-150.3738,-15.00,0.60,1,60.0000,False,True,1.0257,117,76.76,159.002,in_progress,0.00

SIM_TRACE_LOG:9,19,-3.8859,5.4321,-153.7612,0.00,0.60,2,60.0000,False,True,1.1330,118,76.76,159.122,in_progress,0.00

SIM_TRACE_LOG:9,20,-3.9535,5.4051,-154.9607,-15.00,0.60,1,60.0000,False,True,1.2213,118,76.76,159.248,in_progress,0.00

SIM_TRACE_LOG:9,21,-3.9918,5.3918,-155.8832,0.00,0.60,2,60.0000,False,True,1.2683,118,76.76,159.29,in_progress,0.00

SIM_TRACE_LOG:9,22,-4.0244,5.3817,-156.9087,15.00,0.60,3,60.0000,False,True,1.3082,118,76.76,159.343,in_progress,0.00

SIM_TRACE_LOG:9,23,-4.0488,5.3694,-156.5079,30.00,0.60,4,60.0000,False,True,1.3423,118,76.76,159.383,in_progress,0.00

SIM_TRACE_LOG:9,24,-4.0619,5.3606,-155.8335,-15.00,0.60,1,60.0000,False,True,1.3626,118,76.76,159.406,in_progress,0.00

SIM_TRACE_LOG:9,25,-4.1250,5.3255,-154.4232,15.00,0.60,3,60.0000,False,True,1.4537,118,76.76,159.512,in_progress,0.00

SIM_TRACE_LOG:9,26,-4.1814,5.2889,-152.4058,15.00,0.60,3,60.0000,False,True,1.5399,119,76.76,159.578,in_progress,0.00

SIM_TRACE_LOG:9,27,-4.1967,5.2755,-151.2193,-15.00,0.60,1,60.0000,False,True,1.5664,119,76.76,159.64,in_progress,0.00

SIM_TRACE_LOG:9,28,-4.2180,5.2590,-150.1187,0.00,0.60,2,60.0000,False,True,1.6013,119,76.76,159.69,in_progress,0.00

SIM_TRACE_LOG:9,29,-4.2590,5.2404,-151.1836,30.00,0.60,4,60.0000,False,True,1.6522,119,76.76,159.749,in_progress,0.00

SIM_TRACE_LOG:9,30,-4.2984,5.2215,-151.7572,-15.00,0.60,1,60.0000,False,True,1.7010,119,76.76,159.813,in_progress,0.00

SIM_TRACE_LOG:9,31,-4.3562,5.1864,-151.0027,0.00,0.60,2,60.0000,False,True,1.7865,119,76.76,159.955,in_progress,0.00

SIM_TRACE_LOG:9,32,-4.4196,5.1628,-153.2036,15.00,0.60,3,60.0000,False,True,1.8664,120,76.76,160.03,in_progress,0.00

SIM_TRACE_LOG:9,33,-4.4719,5.1412,-154.2369,-30.00,0.60,0,60.0000,False,True,1.9343,120,76.76,160.119,in_progress,0.00

SIM_TRACE_LOG:9,34,-4.5525,5.1134,-156.4123,15.00,0.60,3,60.0000,False,True,2.0339,120,76.76,160.219,in_progress,0.00

SIM_TRACE_LOG:9,35,-4.5606,5.1112,-156.8183,15.00,0.60,3,60.0000,False,True,2.0434,120,76.76,160.223,in_progress,0.00

SIM_TRACE_LOG:9,36,-4.5795,5.1030,-156.8260,-15.00,0.60,1,60.0000,False,True,2.0447,120,76.76,160.264,in_progress,0.00

SIM_TRACE_LOG:9,37,-4.6110,5.0906,-157.0544,-15.00,0.60,1,60.0000,False,True,2.0790,120,76.76,160.316,in_progress,0.00

SIM_TRACE_LOG:9,38,-4.6417,5.0834,-158.3370,15.00,0.60,3,60.0000,False,True,2.1124,120,76.76,160.362,in_progress,0.00

SIM_TRACE_LOG:9,39,-4.6982,5.0671,-159.6126,15.00,0.60,3,60.0000,False,True,2.1767,120,76.76,160.446,in_progress,0.00

SIM_TRACE_LOG:9,40,-4.6982,5.0671,-159.6126,15.00,0.60,3,60.0000,False,True,2.1767,120,76.76,160.496,in_progress,0.00

SIM_TRACE_LOG:9,41,-4.7670,5.0222,-155.5806,30.00,0.60,4,60.0000,False,True,2.2797,121,76.76,160.578,in_progress,0.00

SIM_TRACE_LOG:9,42,-4.8158,4.9761,-150.6314,0.00,0.60,2,60.0000,False,True,2.3668,121,76.76,160.659,in_progress,0.00

SIM_TRACE_LOG:9,43,-4.8158,4.9761,-150.6314,30.00,0.60,4,60.0000,False,True,2.3668,121,76.76,160.715,in_progress,0.00

SIM_TRACE_LOG:9,44,-4.8665,4.9001,-141.5680,-30.00,0.60,0,60.0000,False,True,2.4405,121,76.76,160.782,in_progress,0.00

SIM_TRACE_LOG:9,45,-4.8712,4.8893,-140.0296,-15.00,0.60,1,60.0000,False,True,2.4555,121,76.76,160.798,in_progress,0.00

SIM_TRACE_LOG:9,46,-4.9465,4.8122,-138.1335,-30.00,0.60,0,60.0000,False,True,2.5946,121,76.76,160.952,in_progress,0.00

SIM_TRACE_LOG:9,47,-4.9628,4.7988,-138.3379,-15.00,0.60,1,60.0000,False,True,2.6213,121,76.76,160.955,in_progress,0.00

SIM_TRACE_LOG:9,48,-5.0079,4.7674,-139.7874,15.00,0.60,3,60.0000,False,True,2.6892,122,76.76,161.067,in_progress,0.00

SIM_TRACE_LOG:9,49,-5.0313,4.7510,-140.4688,-30.00,0.60,0,40.0000,False,False,2.7244,122,76.76,161.112,in_progress,0.00

SIM_TRACE_LOG:9,50,-5.0702,4.7240,-141.4140,15.00,0.60,3,40.0000,False,False,2.7828,122,76.76,161.182,in_progress,0.00

SIM_TRACE_LOG:9,51,-5.1391,4.6677,-140.9601,30.00,0.60,4,40.0000,False,False,2.8588,122,76.76,161.316,in_progress,0.00

SIM_TRACE_LOG:9,52,-5.1442,4.6610,-140.4775,15.00,0.60,3,40.0000,False,False,2.8698,122,76.76,161.337,in_progress,0.00

SIM_TRACE_LOG:9,53,-5.1608,4.6371,-138.5365,15.00,0.60,3,40.0000,False,False,2.9077,122,76.76,161.399,in_progress,0.00

SIM_TRACE_LOG:9,54,-5.1843,4.6019,-135.9504,30.00,0.60,4,40.0000,False,False,2.9629,122,76.76,161.453,in_progress,0.00

SIM_TRACE_LOG:9,55,-5.2099,4.5551,-132.3254,15.00,0.60,3,40.0000,False,False,3.0321,123,76.76,161.477,in_progress,0.00

SIM_TRACE_LOG:9,56,-5.2300,4.5119,-128.9768,30.00,0.60,4,40.0000,False,False,3.0935,123,76.76,161.581,in_progress,0.00

SIM_TRACE_LOG:9,57,-5.2341,4.5024,-128.2870,-15.00,0.60,1,40.0000,False,False,3.1068,123,76.76,161.616,in_progress,0.00

SIM_TRACE_LOG:9,58,-5.2783,4.4281,-125.8729,15.00,0.60,3,20.0000,False,False,3.2448,123,76.76,161.72,in_progress,0.00

SIM_TRACE_LOG:9,59,-5.2892,4.4133,-125.9802,-30.00,0.60,0,20.0000,False,False,3.2688,123,76.76,161.78,in_progress,0.00

SIM_TRACE_LOG:9,60,-5.3377,4.3541,-127.0006,-15.00,0.60,1,20.0000,False,False,3.3682,123,76.76,161.858,in_progress,0.00

SIM_TRACE_LOG:9,61,-5.3525,4.3436,-128.3818,-30.00,0.60,0,20.0000,False,False,3.3906,123,76.76,161.923,in_progress,0.00

SIM_TRACE_LOG:9,62,-5.3880,4.3217,-131.7884,0.00,0.60,2,20.0000,False,False,3.4408,124,76.76,162.024,in_progress,0.00

SIM_TRACE_LOG:9,63,-5.4538,4.2619,-133.5199,30.00,0.60,4,20.0000,False,False,3.5540,124,76.76,162.073,in_progress,0.00

SIM_TRACE_LOG:9,64,-5.4846,4.2202,-132.0964,15.00,0.60,3,20.0000,False,False,3.6464,124,76.76,162.148,in_progress,0.00

SIM_TRACE_LOG:9,65,-5.4980,4.1909,-129.7138,-15.00,0.60,1,20.0000,False,False,3.6873,124,76.76,162.187,in_progress,0.00

SIM_TRACE_LOG:9,66,-5.5082,4.1638,-127.3671,-30.00,0.60,0,20.0000,False,False,3.7233,124,76.76,162.235,in_progress,0.00

SIM_TRACE_LOG:9,67,-5.5643,4.1003,-128.8445,0.00,0.60,2,20.0000,False,False,3.8334,125,76.76,162.366,in_progress,0.00

SIM_TRACE_LOG:9,68,-5.5811,4.0835,-129.5335,-15.00,0.60,1,20.0000,False,False,3.8642,125,76.76,162.382,in_progress,0.00

SIM_TRACE_LOG:9,69,-5.5877,4.0755,-129.4976,0.00,0.60,2,20.0000,False,False,3.8777,125,76.76,162.437,in_progress,0.00

SIM_TRACE_LOG:9,70,-5.6178,4.0318,-128.4894,-15.00,0.60,1,20.0000,False,False,3.9467,125,76.76,162.497,in_progress,0.00

SIM_TRACE_LOG:9,71,-5.6490,3.9868,-127.6796,-30.00,0.60,0,20.0000,False,False,4.0285,125,76.76,162.587,in_progress,0.00

SIM_TRACE_LOG:9,72,-5.6691,3.9643,-128.1596,-30.00,0.60,0,20.0000,False,False,4.0677,125,76.76,162.683,in_progress,0.00

SIM_TRACE_LOG:9,73,-5.7397,3.9166,-133.7884,0.00,0.60,2,20.0000,False,False,4.1736,125,76.76,162.754,in_progress,0.00

SIM_TRACE_LOG:9,74,-5.7481,3.9114,-134.4127,-15.00,0.60,1,20.0000,False,False,4.1857,125,76.76,162.772,in_progress,0.00

SIM_TRACE_LOG:9,75,-5.7766,3.8845,-134.7501,-15.00,0.60,1,20.0000,False,False,4.2362,126,76.76,162.867,in_progress,0.00

SIM_TRACE_LOG:9,76,-5.8335,3.8295,-135.0651,-30.00,0.60,0,20.0000,False,False,4.3385,126,76.76,162.952,in_progress,0.00

