21:C 21 Aug 2023 04:11:51.527 # oO0OoO0OoO0Oo Redis is starting oO0OoO0OoO0Oo
21:C 21 Aug 2023 04:11:51.527 # Redis version=6.2.7, bits=64, commit=00000000, modified=0, pid=21, just started
21:C 21 Aug 2023 04:11:51.527 # Configuration loaded
21:M 21 Aug 2023 04:11:51.528 * monotonic clock: POSIX clock_gettime
21:M 21 Aug 2023 04:11:51.529 # A key '__redis__compare_helper' was added to Lua globals which is not on the globals allow list nor listed on the deny list.
                _._                                                  
           _.-``__ ''-._                                             
      _.-``    `.  `_.  ''-._           Redis 6.2.7 (00000000/0) 64 bit
  .-`` .-```.  ```\/    _.,_ ''-._                                  
 (    '      ,       .-`  | `,    )     Running in standalone mode
 |`-._`-...-` __...-.``-._|'` _.-'|     Port: 6379
 |    `-._   `._    /     _.-'    |     PID: 21
  `-._    `-._  `-./  _.-'    _.-'                                   
 |`-._`-._    `-.__.-'    _.-'_.-'|                                  
 |    `-._`-._        _.-'_.-'    |           https://redis.io       
  `-._    `-._`-.__.-'_.-'    _.-'                                   
 |`-._`-._    `-.__.-'    _.-'_.-'|                                  
 |    `-._`-._        _.-'_.-'    |                                  
  `-._    `-._`-.__.-'_.-'    _.-'                                   
      `-._    `-.__.-'    _.-'                                       
          `-._        _.-'                                           
              `-.__.-'                                               

21:M 21 Aug 2023 04:11:51.529 # Server initialized
21:M 21 Aug 2023 04:11:51.529 # WARNING overcommit_memory is set to 0! Background save may fail under low memory condition. To fix this issue add 'vm.overcommit_memory = 1' to /etc/sysctl.conf and then reboot or run the command 'sysctl vm.overcommit_memory=1' for this to take effect.
21:M 21 Aug 2023 04:11:51.529 * Ready to accept connections
/usr/local/lib/python3.6/dist-packages/paramiko/transport.py:32: CryptographyDeprecationWarning: Python 3.6 is no longer supported by the Python core team. Therefore, support for it is deprecated in cryptography. The next release of cryptography will remove support for Python 3.6.
  from cryptography.hazmat.backends import default_backend
/usr/local/lib/python3.6/dist-packages/boto3/compat.py:88: PythonDeprecationWarning: Boto3 will no longer support Python 3.6 starting May 30, 2022. To continue receiving service updates, bug fixes, and security updates please upgrade to Python 3.7 or later. More information can be found here: https://aws.amazon.com/blogs/developer/python-support-policy-updates-for-aws-sdks-and-tools/
  warnings.warn(warning, PythonDeprecationWarning)
2023-08-21 04:12:08.887048: I tensorflow/stream_executor/platform/default/dso_loader.cc:49] Successfully opened dynamic library libcudart.so.11.0
WARNING:tensorflow:Deprecation warnings have been disabled. Set TF_ENABLE_DEPRECATION_WARNINGS=1 to re-enable them.
2023-08-21 04:12:40,142 sagemaker-containers INFO     Imported framework sagemaker_tensorflow_container.training
/usr/local/lib/python3.6/dist-packages/boto3/compat.py:88: PythonDeprecationWarning: Boto3 will no longer support Python 3.6 starting May 30, 2022. To continue receiving service updates, bug fixes, and security updates please upgrade to Python 3.7 or later. More information can be found here: https://aws.amazon.com/blogs/developer/python-support-policy-updates-for-aws-sdks-and-tools/
  warnings.warn(warning, PythonDeprecationWarning)
2023-08-21 04:12:43,794 sagemaker-containers INFO     Invoking user script

Training Env:

{
    "additional_framework_parameters": {
        "sagemaker_estimator": "RLEstimator"
    },
    "channel_input_dirs": {},
    "current_host": "algo-1-u56sf",
    "framework_module": "sagemaker_tensorflow_container.training:main",
    "hosts": [
        "algo-1-u56sf"
    ],
    "hyperparameters": {
        "s3_bucket": "base-bucket-1f3pfk38sjoqu",
        "s3_prefix": "first-model",
        "aws_region": "us-east-1",
        "model_metadata_s3_key": "s3://base-bucket-1f3pfk38sjoqu/gpi_model_w00/custom_files/model_metadata.json",
        "RLCOACH_PRESET": "deepracer",
        "batch_size": 64,
        "beta_entropy": 0.01,
        "discount_factor": 0.95,
        "e_greedy_value": 0.05,
        "epsilon_steps": 10000,
        "exploration_type": "categorical",
        "loss_type": "huber",
        "lr": 0.0003,
        "num_episodes_between_training": 20,
        "num_epochs": 10,
        "stack_size": 1,
        "term_cond_avg_score": 35000.0,
        "term_cond_max_episodes": 100000
    },
    "input_config_dir": "/opt/ml/input/config",
    "input_data_config": {},
    "input_dir": "/opt/ml/input",
    "is_master": true,
    "job_name": "first-model",
    "log_level": 20,
    "master_hostname": "algo-1-u56sf",
    "model_dir": "/opt/ml/model",
    "module_dir": "s3://base-bucket-1f3pfk38sjoqu/first-model/source/sourcedir.tar.gz",
    "module_name": "training_worker",
    "network_interface_name": "eth0",
    "num_cpus": 8,
    "num_gpus": 1,
    "output_data_dir": "/opt/ml/output/data",
    "output_dir": "/opt/ml/output",
    "output_intermediate_dir": "/opt/ml/output/intermediate",
    "resource_config": {
        "current_host": "algo-1-u56sf",
        "hosts": [
            "algo-1-u56sf"
        ]
    },
    "user_entry_point": "training_worker.py"
}

Environment variables:

SM_HOSTS=["algo-1-u56sf"]
SM_NETWORK_INTERFACE_NAME=eth0
SM_HPS={"RLCOACH_PRESET":"deepracer","aws_region":"us-east-1","batch_size":64,"beta_entropy":0.01,"discount_factor":0.95,"e_greedy_value":0.05,"epsilon_steps":10000,"exploration_type":"categorical","loss_type":"huber","lr":0.0003,"model_metadata_s3_key":"s3://base-bucket-1f3pfk38sjoqu/gpi_model_w00/custom_files/model_metadata.json","num_episodes_between_training":20,"num_epochs":10,"s3_bucket":"base-bucket-1f3pfk38sjoqu","s3_prefix":"first-model","stack_size":1,"term_cond_avg_score":35000.0,"term_cond_max_episodes":100000}
SM_USER_ENTRY_POINT=training_worker.py
SM_FRAMEWORK_PARAMS={"sagemaker_estimator":"RLEstimator"}
SM_RESOURCE_CONFIG={"current_host":"algo-1-u56sf","hosts":["algo-1-u56sf"]}
SM_INPUT_DATA_CONFIG={}
SM_OUTPUT_DATA_DIR=/opt/ml/output/data
SM_CHANNELS=[]
SM_CURRENT_HOST=algo-1-u56sf
SM_MODULE_NAME=training_worker
SM_LOG_LEVEL=20
SM_FRAMEWORK_MODULE=sagemaker_tensorflow_container.training:main
SM_INPUT_DIR=/opt/ml/input
SM_INPUT_CONFIG_DIR=/opt/ml/input/config
SM_OUTPUT_DIR=/opt/ml/output
SM_NUM_CPUS=8
SM_NUM_GPUS=1
SM_MODEL_DIR=/opt/ml/model
SM_MODULE_DIR=s3://base-bucket-1f3pfk38sjoqu/first-model/source/sourcedir.tar.gz
SM_TRAINING_ENV={"additional_framework_parameters":{"sagemaker_estimator":"RLEstimator"},"channel_input_dirs":{},"current_host":"algo-1-u56sf","framework_module":"sagemaker_tensorflow_container.training:main","hosts":["algo-1-u56sf"],"hyperparameters":{"RLCOACH_PRESET":"deepracer","aws_region":"us-east-1","batch_size":64,"beta_entropy":0.01,"discount_factor":0.95,"e_greedy_value":0.05,"epsilon_steps":10000,"exploration_type":"categorical","loss_type":"huber","lr":0.0003,"model_metadata_s3_key":"s3://base-bucket-1f3pfk38sjoqu/gpi_model_w00/custom_files/model_metadata.json","num_episodes_between_training":20,"num_epochs":10,"s3_bucket":"base-bucket-1f3pfk38sjoqu","s3_prefix":"first-model","stack_size":1,"term_cond_avg_score":35000.0,"term_cond_max_episodes":100000},"input_config_dir":"/opt/ml/input/config","input_data_config":{},"input_dir":"/opt/ml/input","is_master":true,"job_name":"first-model","log_level":20,"master_hostname":"algo-1-u56sf","model_dir":"/opt/ml/model","module_dir":"s3://base-bucket-1f3pfk38sjoqu/first-model/source/sourcedir.tar.gz","module_name":"training_worker","network_interface_name":"eth0","num_cpus":8,"num_gpus":1,"output_data_dir":"/opt/ml/output/data","output_dir":"/opt/ml/output","output_intermediate_dir":"/opt/ml/output/intermediate","resource_config":{"current_host":"algo-1-u56sf","hosts":["algo-1-u56sf"]},"user_entry_point":"training_worker.py"}
SM_USER_ARGS=["--RLCOACH_PRESET","deepracer","--aws_region","us-east-1","--batch_size","64","--beta_entropy","0.01","--discount_factor","0.95","--e_greedy_value","0.05","--epsilon_steps","10000","--exploration_type","categorical","--loss_type","huber","--lr","0.0003","--model_metadata_s3_key","s3://base-bucket-1f3pfk38sjoqu/gpi_model_w00/custom_files/model_metadata.json","--num_episodes_between_training","20","--num_epochs","10","--s3_bucket","base-bucket-1f3pfk38sjoqu","--s3_prefix","first-model","--stack_size","1","--term_cond_avg_score","35000.0","--term_cond_max_episodes","100000"]
SM_OUTPUT_INTERMEDIATE_DIR=/opt/ml/output/intermediate
SM_HP_S3_BUCKET=base-bucket-1f3pfk38sjoqu
SM_HP_S3_PREFIX=first-model
SM_HP_AWS_REGION=us-east-1
SM_HP_MODEL_METADATA_S3_KEY=s3://base-bucket-1f3pfk38sjoqu/gpi_model_w00/custom_files/model_metadata.json
SM_HP_RLCOACH_PRESET=deepracer
SM_HP_BATCH_SIZE=64
SM_HP_BETA_ENTROPY=0.01
SM_HP_DISCOUNT_FACTOR=0.95
SM_HP_E_GREEDY_VALUE=0.05
SM_HP_EPSILON_STEPS=10000
SM_HP_EXPLORATION_TYPE=categorical
SM_HP_LOSS_TYPE=huber
SM_HP_LR=0.0003
SM_HP_NUM_EPISODES_BETWEEN_TRAINING=20
SM_HP_NUM_EPOCHS=10
SM_HP_STACK_SIZE=1
SM_HP_TERM_COND_AVG_SCORE=35000.0
SM_HP_TERM_COND_MAX_EPISODES=100000
PYTHONPATH=/usr/local/bin:/opt/amazon:/opt/ml/code:/usr/lib/python36.zip:/usr/lib/python3.6:/usr/lib/python3.6/lib-dynload:/usr/local/lib/python3.6/dist-packages:/usr/lib/python3/dist-packages

Invoking script with the following command:

/usr/bin/python3 training_worker.py --RLCOACH_PRESET deepracer --aws_region us-east-1 --batch_size 64 --beta_entropy 0.01 --discount_factor 0.95 --e_greedy_value 0.05 --epsilon_steps 10000 --exploration_type categorical --loss_type huber --lr 0.0003 --model_metadata_s3_key s3://base-bucket-1f3pfk38sjoqu/gpi_model_w00/custom_files/model_metadata.json --num_episodes_between_training 20 --num_epochs 10 --s3_bucket base-bucket-1f3pfk38sjoqu --s3_prefix first-model --stack_size 1 --term_cond_avg_score 35000.0 --term_cond_max_episodes 100000


/usr/local/lib/python3.6/dist-packages/redis/utils.py:13: CryptographyDeprecationWarning: Python 3.6 is no longer supported by the Python core team. Therefore, support for it is deprecated in cryptography. The next release of cryptography will remove support for Python 3.6.
  import cryptography  # noqa
WARNING:tensorflow:Deprecation warnings have been disabled. Set TF_ENABLE_DEPRECATION_WARNINGS=1 to re-enable them.
WARNING:tensorflow:From training_worker.py:47: The name tf.logging.set_verbosity is deprecated. Please use tf.compat.v1.logging.set_verbosity instead.

WARNING:tensorflow:From training_worker.py:47: The name tf.logging.ERROR is deprecated. Please use tf.compat.v1.logging.ERROR instead.

Training Worker Args: Namespace(aws_region='us-east-1', checkpoint_dir='./checkpoint_sagemaker', cuda_visible_devices=None, environment_s3_key=None, framework='tensorflow', model_metadata_s3_key='s3://base-bucket-1f3pfk38sjoqu/gpi_model_w00/custom_files/model_metadata.json', preset_s3_key=None, pretrained_checkpoint='best', pretrained_checkpoint_dir='./pretrained_checkpoint_sagemaker', pretrained_s3_bucket=None, pretrained_s3_prefix='sagemaker', s3_bucket='base-bucket-1f3pfk38sjoqu', s3_endpoint_url=None, s3_prefix='first-model')
S3 bucket: base-bucket-1f3pfk38sjoqu 
 S3 prefix: first-model 
 S3 endpoint URL: None
[s3] Successfully downloaded model metadata                  from s3 key gpi_model_w00/custom_files/model_metadata.json to local ./custom_files/agent/model_metadata.json.
Sensor list ['FRONT_FACING_CAMERA'], network DEEP_CONVOLUTIONAL_NETWORK_SHALLOW, simapp_version 5.0, training_algorithm clipped_ppo, action_space_type discrete lidar_config {'num_sectors': 8, 'num_values_per_sector': 8, 'clipping_dist': 2.0}
Action space from file: [{'steering_angle': -30, 'speed': 0.6}, {'steering_angle': -15, 'speed': 0.6}, {'steering_angle': 0, 'speed': 0.6}, {'steering_angle': 15, 'speed': 0.6}, {'steering_angle': 30, 'speed': 0.6}]
Using the following hyper-parameters
{
  "batch_size": 64,
  "beta_entropy": 0.01,
  "discount_factor": 0.95,
  "e_greedy_value": 0.05,
  "epsilon_steps": 10000,
  "exploration_type": "categorical",
  "loss_type": "huber",
  "lr": 0.0003,
  "num_episodes_between_training": 20,
  "num_epochs": 10,
  "stack_size": 1,
  "term_cond_avg_score": 35000.0,
  "term_cond_max_episodes": 100000
}
[s3] Successfully uploaded hyperparameters to                  s3 bucket base-bucket-1f3pfk38sjoqu with s3 key first-model/ip/hyperparameters.json.
Hostname: algo-1-u56sf
[s3] Successfully uploaded ip address to                  s3 bucket base-bucket-1f3pfk38sjoqu with s3 key first-model/ip/ip.json.
[s3] Successfully uploaded ip done to                  s3 bucket base-bucket-1f3pfk38sjoqu with s3 key first-model/ip/done.
## Creating graph - name: MultiAgentGraphManager
## Start physics before creating graph
## Create graph
## Creating agent - name: agent
[RL] Created agent loggers
[RL] Dynamic import of memory:  "DeepRacerMemoryParameters" {
    "load_memory_from_file_path": null,
    "max_size": [
        "<MemoryGranularity.Transitions: 0>",
        1000000
    ],
    "n_step": -1,
    "shared_memory": false,
    "train_to_eval_ratio": 1
}

[RL] Dynamically imported of memory <markov.memories.deepracer_memory.DeepRacerMemory object at 0x7f1c15931780>
[RL] Setting devices
[RL] Setting filters
[RL] Setting filter devices: numpy
[RL] Setting Phase
[RL] After setting Phase
[RL] Setting signals
[RL] Agent init successful
[RL] ActorCriticAgent init
[RL] ActorCriticAgent  init successful
## Created agent: agent
## Stop physics after creating graph
## Creating session
Creating regular session
2023-08-21 04:15:30.890034: W tensorflow/core/common_runtime/colocation_graph.cc:983] Failed to place the graph without changing the devices of some resources. Some of the operations (that had to be colocated with resource generating operations) are not supported on the resources' devices. Current candidate devices are [
  /job:localhost/replica:0/task:0/device:CPU:0].
See below for details of this colocation group:
Colocation Debug Info:
Colocation group had the following types and supported devices: 
Root Member(assigned_device_name_index_=-1 requested_device_name_='/device:GPU:0' assigned_device_name_='' resource_device_name_='/device:GPU:0' supported_device_types_=[CPU] possible_devices_=[]
Identity: GPU CPU XLA_CPU XLA_GPU 
VariableV2: CPU 
Assign: GPU CPU 

Colocation members, user-requested devices, and framework assigned devices, if any:
  main_level/agent/main/online/Variable (VariableV2) /device:GPU:0
  main_level/agent/main/online/Variable/Assign (Assign) /device:GPU:0
  main_level/agent/main/online/Variable/read (Identity) /device:GPU:0
  main_level/agent/main/online/Assign (Assign) /device:GPU:0

2023-08-21 04:15:30.891146: W tensorflow/core/common_runtime/colocation_graph.cc:983] Failed to place the graph without changing the devices of some resources. Some of the operations (that had to be colocated with resource generating operations) are not supported on the resources' devices. Current candidate devices are [
  /job:localhost/replica:0/task:0/device:CPU:0].
See below for details of this colocation group:
Colocation Debug Info:
Colocation group had the following types and supported devices: 
Root Member(assigned_device_name_index_=-1 requested_device_name_='/device:GPU:0' assigned_device_name_='' resource_device_name_='/device:GPU:0' supported_device_types_=[CPU] possible_devices_=[]
Identity: GPU CPU XLA_CPU XLA_GPU 
VariableV2: CPU 
Assign: GPU CPU 

Colocation members, user-requested devices, and framework assigned devices, if any:
  main_level/agent/main/target/Variable (VariableV2) /device:GPU:0
  main_level/agent/main/target/Variable/Assign (Assign) /device:GPU:0
  main_level/agent/main/target/Variable/read (Identity) /device:GPU:0
  main_level/agent/main/target/Assign (Assign) /device:GPU:0

Checkpoint> Saving in path=['./checkpoint_sagemaker/agent/0_Step-0.ckpt']
[s3] Successfully uploaded .lock to                      s3 bucket base-bucket-1f3pfk38sjoqu with s3 key first-model/model/.lock.
Uploaded 3 files for checkpoint 0
[s3] Successfully uploaded coach checkpoint to                   s3 bucket base-bucket-1f3pfk38sjoqu with s3 key first-model/model/.coach_checkpoint.
Unable to find deepracer checkpoint json
Unable to find the best deepracer checkpoint number. Getting the last checkpoint number
Unable to find deepracer checkpoint json
Unable to find the last deepracer checkpoint number.
Unable to find deepracer checkpoint json
Unable to find the last deepracer checkpoint number.
saved intermediate frozen graph: first-model/model/model_0.pb
Best checkpoint number: -1, Last checkpoint number: -1
Copying the frozen checkpoint from ./frozen_models/agent/model_0.pb to /opt/ml/model/agent/model.pb.
Unable to find deepracer checkpoint json
[s3] Successfully uploaded .lock to                      s3 bucket base-bucket-1f3pfk38sjoqu with s3 key first-model/model/.lock.
[s3] Successfully uploaded .ready to                      s3 bucket base-bucket-1f3pfk38sjoqu with s3 key first-model/model/.ready.
DoorMan: installing SIGINT, SIGTERM
Training> Name=main_level/agent, Worker=0, Episode=1, Total reward=2220.0, Steps=59, Training iteration=0
Training> Name=main_level/agent, Worker=0, Episode=2, Total reward=4460.0, Steps=151, Training iteration=0
Training> Name=main_level/agent, Worker=0, Episode=3, Total reward=1960.0, Steps=188, Training iteration=0
Training> Name=main_level/agent, Worker=0, Episode=4, Total reward=2060.0, Steps=235, Training iteration=0
Training> Name=main_level/agent, Worker=0, Episode=5, Total reward=3660.0, Steps=302, Training iteration=0
Training> Name=main_level/agent, Worker=0, Episode=6, Total reward=2980.0, Steps=364, Training iteration=0
Training> Name=main_level/agent, Worker=0, Episode=7, Total reward=6280.0, Steps=482, Training iteration=0
Training> Name=main_level/agent, Worker=0, Episode=8, Total reward=3140.0, Steps=546, Training iteration=0
Training> Name=main_level/agent, Worker=0, Episode=9, Total reward=2840.0, Steps=618, Training iteration=0
Training> Name=main_level/agent, Worker=0, Episode=10, Total reward=2120.0, Steps=697, Training iteration=0
Training> Name=main_level/agent, Worker=0, Episode=11, Total reward=4640.0, Steps=806, Training iteration=0
Training> Name=main_level/agent, Worker=0, Episode=12, Total reward=4440.0, Steps=886, Training iteration=0
Training> Name=main_level/agent, Worker=0, Episode=13, Total reward=1500.0, Steps=915, Training iteration=0
Training> Name=main_level/agent, Worker=0, Episode=14, Total reward=2020.0, Steps=953, Training iteration=0
Training> Name=main_level/agent, Worker=0, Episode=15, Total reward=3820.0, Steps=1024, Training iteration=0
Training> Name=main_level/agent, Worker=0, Episode=16, Total reward=1740.0, Steps=1057, Training iteration=0
Training> Name=main_level/agent, Worker=0, Episode=17, Total reward=6290.0, Steps=1200, Training iteration=0
Training> Name=main_level/agent, Worker=0, Episode=18, Total reward=2040.0, Steps=1238, Training iteration=0
Training> Name=main_level/agent, Worker=0, Episode=19, Total reward=2550.0, Steps=1291, Training iteration=0
Training> Name=main_level/agent, Worker=0, Episode=20, Total reward=3720.0, Steps=1368, Training iteration=0
2023-08-21 04:24:26.074955: W tensorflow/stream_executor/cuda/redzone_allocator.cc:312] Not found: ./bin/ptxas not found
Relying on driver to perform ptx compilation. This message will be only logged once.
Policy training> Surrogate loss=-0.00251540495082736, KL divergence=0.005844702944159508, Entropy=1.603306531906128, training epoch=0, learning_rate=0.0003
Policy training> Surrogate loss=-0.004478055983781815, KL divergence=0.007304387632757425, Entropy=1.602419137954712, training epoch=1, learning_rate=0.0003
Policy training> Surrogate loss=-0.010910563170909882, KL divergence=0.012172652408480644, Entropy=1.5974801778793335, training epoch=2, learning_rate=0.0003
Policy training> Surrogate loss=-0.014319371432065964, KL divergence=0.005278864875435829, Entropy=1.6040066480636597, training epoch=3, learning_rate=0.0003
Policy training> Surrogate loss=-0.014991311356425285, KL divergence=0.006116515025496483, Entropy=1.6034756898880005, training epoch=4, learning_rate=0.0003
Policy training> Surrogate loss=-0.018520619720220566, KL divergence=0.011078564450144768, Entropy=1.5980193614959717, training epoch=5, learning_rate=0.0003
Policy training> Surrogate loss=-0.019304785877466202, KL divergence=0.00867761392146349, Entropy=1.6005560159683228, training epoch=6, learning_rate=0.0003
Policy training> Surrogate loss=-0.03186333552002907, KL divergence=0.013786530122160912, Entropy=1.5954798460006714, training epoch=7, learning_rate=0.0003
Policy training> Surrogate loss=-0.02504066564142704, KL divergence=0.013490294106304646, Entropy=1.5958528518676758, training epoch=8, learning_rate=0.0003
Policy training> Surrogate loss=-0.033519476652145386, KL divergence=0.013922058045864105, Entropy=1.5954335927963257, training epoch=9, learning_rate=0.0003
Checkpoint> Saving in path=['./checkpoint_sagemaker/agent/1_Step-1368.ckpt']
[s3] Successfully uploaded .lock to                      s3 bucket base-bucket-1f3pfk38sjoqu with s3 key first-model/model/.lock.
Uploaded 3 files for checkpoint 1
[s3] Successfully uploaded coach checkpoint to                   s3 bucket base-bucket-1f3pfk38sjoqu with s3 key first-model/model/.coach_checkpoint.
[s3] Successfully downloaded deepracer checkpoint json from                  s3 key first-model/model/deepracer_checkpoints.json to local checkpoint_sagemaker/agent/deepracer_checkpoints.json.
[s3] Successfully downloaded deepracer checkpoint json from                  s3 key first-model/model/deepracer_checkpoints.json to local checkpoint_sagemaker/agent/deepracer_checkpoints.json.
saved intermediate frozen graph: first-model/model/model_1.pb
Best checkpoint number: 0, Last checkpoint number: 0
Copying the frozen checkpoint from ./frozen_models/agent/model_0.pb to /opt/ml/model/agent/model.pb.
[s3] Successfully downloaded deepracer checkpoint json from                  s3 key first-model/model/deepracer_checkpoints.json to local checkpoint_sagemaker/agent/deepracer_checkpoints.json.
Training> Name=main_level/agent, Worker=0, Episode=21, Total reward=4900.0, Steps=1459, Training iteration=1
Training> Name=main_level/agent, Worker=0, Episode=22, Total reward=2840.0, Steps=1522, Training iteration=1
Training> Name=main_level/agent, Worker=0, Episode=23, Total reward=4850.0, Steps=1620, Training iteration=1
Training> Name=main_level/agent, Worker=0, Episode=24, Total reward=1630.0, Steps=1656, Training iteration=1
Training> Name=main_level/agent, Worker=0, Episode=25, Total reward=4210.0, Steps=1739, Training iteration=1
Training> Name=main_level/agent, Worker=0, Episode=26, Total reward=1690.0, Steps=1778, Training iteration=1
Training> Name=main_level/agent, Worker=0, Episode=27, Total reward=1480.0, Steps=1806, Training iteration=1
Training> Name=main_level/agent, Worker=0, Episode=28, Total reward=1320.0, Steps=1831, Training iteration=1
Training> Name=main_level/agent, Worker=0, Episode=29, Total reward=3400.0, Steps=1904, Training iteration=1
Training> Name=main_level/agent, Worker=0, Episode=30, Total reward=1360.0, Steps=1942, Training iteration=1
Training> Name=main_level/agent, Worker=0, Episode=31, Total reward=3820.0, Steps=2021, Training iteration=1
Training> Name=main_level/agent, Worker=0, Episode=32, Total reward=2980.0, Steps=2095, Training iteration=1
Training> Name=main_level/agent, Worker=0, Episode=33, Total reward=1240.0, Steps=2119, Training iteration=1
Training> Name=main_level/agent, Worker=0, Episode=34, Total reward=2260.0, Steps=2161, Training iteration=1
Training> Name=main_level/agent, Worker=0, Episode=35, Total reward=1340.0, Steps=2187, Training iteration=1
Training> Name=main_level/agent, Worker=0, Episode=36, Total reward=1540.0, Steps=2216, Training iteration=1
Training> Name=main_level/agent, Worker=0, Episode=37, Total reward=1400.0, Steps=2243, Training iteration=1
Training> Name=main_level/agent, Worker=0, Episode=38, Total reward=3440.0, Steps=2321, Training iteration=1
Training> Name=main_level/agent, Worker=0, Episode=39, Total reward=2220.0, Steps=2363, Training iteration=1
Training> Name=main_level/agent, Worker=0, Episode=40, Total reward=2700.0, Steps=2411, Training iteration=1
Policy training> Surrogate loss=-0.0013431687839329243, KL divergence=0.0069409748539328575, Entropy=1.5896680355072021, training epoch=0, learning_rate=0.0003
Policy training> Surrogate loss=-0.00470452755689621, KL divergence=0.007248681038618088, Entropy=1.5989038944244385, training epoch=1, learning_rate=0.0003
Policy training> Surrogate loss=-0.022643979638814926, KL divergence=0.009755211882293224, Entropy=1.5879371166229248, training epoch=2, learning_rate=0.0003
Policy training> Surrogate loss=-0.028159715235233307, KL divergence=0.00907387025654316, Entropy=1.5862360000610352, training epoch=3, learning_rate=0.0003
Policy training> Surrogate loss=-0.042651742696762085, KL divergence=0.016609476879239082, Entropy=1.5787558555603027, training epoch=4, learning_rate=0.0003
Policy training> Surrogate loss=-0.0572512149810791, KL divergence=0.01738925650715828, Entropy=1.5793392658233643, training epoch=5, learning_rate=0.0003
Policy training> Surrogate loss=-0.061559803783893585, KL divergence=0.024935202673077583, Entropy=1.5705766677856445, training epoch=6, learning_rate=0.0003
Policy training> Surrogate loss=-0.06769075989723206, KL divergence=0.023207752034068108, Entropy=1.5727174282073975, training epoch=7, learning_rate=0.0003
Policy training> Surrogate loss=-0.07614739239215851, KL divergence=0.026789763942360878, Entropy=1.5705435276031494, training epoch=8, learning_rate=0.0003
Policy training> Surrogate loss=-0.07383044809103012, KL divergence=0.04038029909133911, Entropy=1.55226469039917, training epoch=9, learning_rate=0.0003
Checkpoint> Saving in path=['./checkpoint_sagemaker/agent/2_Step-2411.ckpt']
[s3] Successfully uploaded .lock to                      s3 bucket base-bucket-1f3pfk38sjoqu with s3 key first-model/model/.lock.
Uploaded 3 files for checkpoint 2
[s3] Successfully uploaded coach checkpoint to                   s3 bucket base-bucket-1f3pfk38sjoqu with s3 key first-model/model/.coach_checkpoint.
[s3] Successfully downloaded deepracer checkpoint json from                  s3 key first-model/model/deepracer_checkpoints.json to local checkpoint_sagemaker/agent/deepracer_checkpoints.json.
[s3] Successfully downloaded deepracer checkpoint json from                  s3 key first-model/model/deepracer_checkpoints.json to local checkpoint_sagemaker/agent/deepracer_checkpoints.json.
saved intermediate frozen graph: first-model/model/model_2.pb
Best checkpoint number: 0, Last checkpoint number: 0
Copying the frozen checkpoint from ./frozen_models/agent/model_0.pb to /opt/ml/model/agent/model.pb.
[s3] Successfully downloaded deepracer checkpoint json from                  s3 key first-model/model/deepracer_checkpoints.json to local checkpoint_sagemaker/agent/deepracer_checkpoints.json.
