[I 2023-09-28 05:20:47.269 ServerApp] jupyter_server_fileid | extension was successfully linked.
[I 2023-09-28 05:20:47.272 ServerApp] jupyter_server_ydoc | extension was successfully linked.
[I 2023-09-28 05:20:47.277 ServerApp] jupyterlab | extension was successfully linked.
[I 2023-09-28 05:20:47.277 ServerApp] jupytext | extension was successfully linked.
[I 2023-09-28 05:20:47.281 ServerApp] nbclassic | extension was successfully linked.
[I 2023-09-28 05:20:47.282 ServerApp] Writing Jupyter server cookie secret to /root/.local/share/jupyter/runtime/jupyter_cookie_secret
[I 2023-09-28 05:20:47.764 ServerApp] notebook_shim | extension was successfully linked.
[I 2023-09-28 05:20:47.784 ServerApp] notebook_shim | extension was successfully loaded.
[I 2023-09-28 05:20:47.784 FileIdExtension] Configured File ID manager: ArbitraryFileIdManager
[I 2023-09-28 05:20:47.784 FileIdExtension] ArbitraryFileIdManager : Configured root dir: /workspace
[I 2023-09-28 05:20:47.784 FileIdExtension] ArbitraryFileIdManager : Configured database path: /root/.local/share/jupyter/file_id_manager.db
[I 2023-09-28 05:20:47.785 FileIdExtension] ArbitraryFileIdManager : Successfully connected to database file.
[I 2023-09-28 05:20:47.785 FileIdExtension] ArbitraryFileIdManager : Creating File ID tables and indices with journal_mode = DELETE
[I 2023-09-28 05:20:47.905 ServerApp] jupyter_server_fileid | extension was successfully loaded.
[I 2023-09-28 05:20:47.905 ServerApp] jupyter_server_ydoc | extension was successfully loaded.
[I 2023-09-28 05:20:47.907 LabApp] JupyterLab extension loaded from /usr/local/lib/python3.7/site-packages/jupyterlab
[I 2023-09-28 05:20:47.907 LabApp] JupyterLab application directory is /usr/local/share/jupyter/lab
[I 2023-09-28 05:20:47.910 ServerApp] jupyterlab | extension was successfully loaded.
[I 2023-09-28 05:20:47.910 ServerApp] [Jupytext Server Extension] Deriving a JupytextContentsManager from LargeFileManager
[I 2023-09-28 05:20:47.912 ServerApp] jupytext | extension was successfully loaded.
[I 2023-09-28 05:20:47.915 ServerApp] nbclassic | extension was successfully loaded.
[I 2023-09-28 05:20:47.916 ServerApp] Serving notebooks from local directory: /workspace
[I 2023-09-28 05:20:47.916 ServerApp] Jupyter Server 1.24.0 is running at:
[I 2023-09-28 05:20:47.916 ServerApp] http://17e81e588868:8888/lab?token=1bc388080f84bee2866d3bea8bd0bd5112756317c79a8255
[I 2023-09-28 05:20:47.916 ServerApp]  or http://127.0.0.1:8888/lab?token=1bc388080f84bee2866d3bea8bd0bd5112756317c79a8255
[I 2023-09-28 05:20:47.916 ServerApp] Use Control-C to stop this server and shut down all kernels (twice to skip confirmation).
[C 2023-09-28 05:20:47.920 ServerApp] 
    
    To access the server, open this file in a browser:
        file:///root/.local/share/jupyter/runtime/jpserver-6-open.html
    Or copy and paste one of these URLs:
        http://17e81e588868:8888/lab?token=1bc388080f84bee2866d3bea8bd0bd5112756317c79a8255
     or http://127.0.0.1:8888/lab?token=1bc388080f84bee2866d3bea8bd0bd5112756317c79a8255
